ARM GAS  /tmp/ccgsJH8L.s 			page 1


   1              		.cpu cortex-m7
   2              		.eabi_attribute 28, 1
   3              		.eabi_attribute 20, 1
   4              		.eabi_attribute 21, 1
   5              		.eabi_attribute 23, 3
   6              		.eabi_attribute 24, 1
   7              		.eabi_attribute 25, 1
   8              		.eabi_attribute 26, 1
   9              		.eabi_attribute 30, 2
  10              		.eabi_attribute 34, 1
  11              		.eabi_attribute 18, 4
  12              		.file	"board.c"
  13              		.file 1 "board/board.c"
  14              		.section	.gnu.debuglto_.debug_info,"e",%progbits
  15              	.Ldebug_info0:
  16              		.hidden	board.c.e10a47c5
  17              		.weak	board.c.e10a47c5
  18              	board.c.e10a47c5:
  19 0000 7D000000 		.4byte	0x7d
  20 0004 0400     		.2byte	0x4
  21 0006 00000000 		.4byte	.Ldebug_abbrev0
  22 000a 04       		.byte	0x4
  23 000b 01       		.uleb128 0x1
  24 000c 57000000 		.4byte	.LASF12
  25 0010 0C       		.byte	0xc
  26 0011 4D010000 		.4byte	.LASF13
  27 0015 77010000 		.4byte	.LASF14
  28 0019 00000000 		.4byte	.Ldebug_line0
  29 001d 02       		.uleb128 0x2
  30 001e 04       		.byte	0x4
  31 001f 05       		.byte	0x5
  32 0020 696E7400 		.ascii	"int\000"
  33 0024 03       		.uleb128 0x3
  34 0025 04       		.byte	0x4
  35 0026 07       		.byte	0x7
  36 0027 21000000 		.4byte	.LASF0
  37 002b 03       		.uleb128 0x3
  38 002c 08       		.byte	0x8
  39 002d 05       		.byte	0x5
  40 002e 00000000 		.4byte	.LASF1
  41 0032 03       		.uleb128 0x3
  42 0033 08       		.byte	0x8
  43 0034 04       		.byte	0x4
  44 0035 97010000 		.4byte	.LASF2
  45 0039 03       		.uleb128 0x3
  46 003a 01       		.byte	0x1
  47 003b 06       		.byte	0x6
  48 003c 6B010000 		.4byte	.LASF3
  49 0040 03       		.uleb128 0x3
  50 0041 01       		.byte	0x1
  51 0042 08       		.byte	0x8
  52 0043 31010000 		.4byte	.LASF4
  53 0047 03       		.uleb128 0x3
  54 0048 02       		.byte	0x2
  55 0049 05       		.byte	0x5
  56 004a A3010000 		.4byte	.LASF5
  57 004e 03       		.uleb128 0x3
ARM GAS  /tmp/ccgsJH8L.s 			page 2


  58 004f 02       		.byte	0x2
  59 0050 07       		.byte	0x7
  60 0051 0E000000 		.4byte	.LASF6
  61 0055 03       		.uleb128 0x3
  62 0056 04       		.byte	0x4
  63 0057 05       		.byte	0x5
  64 0058 44010000 		.4byte	.LASF7
  65 005c 03       		.uleb128 0x3
  66 005d 04       		.byte	0x4
  67 005e 07       		.byte	0x7
  68 005f 2E000000 		.4byte	.LASF8
  69 0063 03       		.uleb128 0x3
  70 0064 08       		.byte	0x8
  71 0065 07       		.byte	0x7
  72 0066 40000000 		.4byte	.LASF9
  73 006a 03       		.uleb128 0x3
  74 006b 01       		.byte	0x1
  75 006c 08       		.byte	0x8
  76 006d 3F010000 		.4byte	.LASF10
  77 0071 03       		.uleb128 0x3
  78 0072 01       		.byte	0x1
  79 0073 02       		.byte	0x2
  80 0074 5B010000 		.4byte	.LASF11
  81 0078 04       		.uleb128 0x4
  82 0079 61010000 		.4byte	.LASF15
  83 007d 01       		.byte	0x1
  84 007e 14       		.byte	0x14
  85 007f 06       		.byte	0x6
  86 0080 00       		.byte	0
  87              		.section	.gnu.debuglto_.debug_abbrev,"e",%progbits
  88              	.Ldebug_abbrev0:
  89 0000 01       		.uleb128 0x1
  90 0001 11       		.uleb128 0x11
  91 0002 01       		.byte	0x1
  92 0003 25       		.uleb128 0x25
  93 0004 0E       		.uleb128 0xe
  94 0005 13       		.uleb128 0x13
  95 0006 0B       		.uleb128 0xb
  96 0007 03       		.uleb128 0x3
  97 0008 0E       		.uleb128 0xe
  98 0009 1B       		.uleb128 0x1b
  99 000a 0E       		.uleb128 0xe
 100 000b 10       		.uleb128 0x10
 101 000c 17       		.uleb128 0x17
 102 000d 00       		.byte	0
 103 000e 00       		.byte	0
 104 000f 02       		.uleb128 0x2
 105 0010 24       		.uleb128 0x24
 106 0011 00       		.byte	0
 107 0012 0B       		.uleb128 0xb
 108 0013 0B       		.uleb128 0xb
 109 0014 3E       		.uleb128 0x3e
 110 0015 0B       		.uleb128 0xb
 111 0016 03       		.uleb128 0x3
 112 0017 08       		.uleb128 0x8
 113 0018 00       		.byte	0
 114 0019 00       		.byte	0
ARM GAS  /tmp/ccgsJH8L.s 			page 3


 115 001a 03       		.uleb128 0x3
 116 001b 24       		.uleb128 0x24
 117 001c 00       		.byte	0
 118 001d 0B       		.uleb128 0xb
 119 001e 0B       		.uleb128 0xb
 120 001f 3E       		.uleb128 0x3e
 121 0020 0B       		.uleb128 0xb
 122 0021 03       		.uleb128 0x3
 123 0022 0E       		.uleb128 0xe
 124 0023 00       		.byte	0
 125 0024 00       		.byte	0
 126 0025 04       		.uleb128 0x4
 127 0026 2E       		.uleb128 0x2e
 128 0027 00       		.byte	0
 129 0028 3F       		.uleb128 0x3f
 130 0029 19       		.uleb128 0x19
 131 002a 03       		.uleb128 0x3
 132 002b 0E       		.uleb128 0xe
 133 002c 3A       		.uleb128 0x3a
 134 002d 0B       		.uleb128 0xb
 135 002e 3B       		.uleb128 0x3b
 136 002f 0B       		.uleb128 0xb
 137 0030 39       		.uleb128 0x39
 138 0031 0B       		.uleb128 0xb
 139 0032 27       		.uleb128 0x27
 140 0033 19       		.uleb128 0x19
 141 0034 00       		.byte	0
 142 0035 00       		.byte	0
 143 0036 00       		.byte	0
 144              		.section	.gnu.debuglto_.debug_line,"e",%progbits
 145              	.Ldebug_line0:
 146 0000 2B000000 		.4byte	.LELT0-.LSLT0
 147              	.LSLT0:
 148 0004 0400     		.2byte	0x4
 149 0006 25000000 		.4byte	.LELTP0-.LASLTP0
 150              	.LASLTP0:
 151 000a 01       		.byte	0x1
 152 000b 01       		.byte	0x1
 153 000c 01       		.byte	0x1
 154 000d F6       		.byte	0xf6
 155 000e F2       		.byte	0xf2
 156 000f 0D       		.byte	0xd
 157 0010 00       		.byte	0
 158 0011 01       		.byte	0x1
 159 0012 01       		.byte	0x1
 160 0013 01       		.byte	0x1
 161 0014 01       		.byte	0x1
 162 0015 00       		.byte	0
 163 0016 00       		.byte	0
 164 0017 00       		.byte	0
 165 0018 01       		.byte	0x1
 166 0019 00       		.byte	0
 167 001a 00       		.byte	0
 168 001b 01       		.byte	0x1
 169 001c 626F6172 		.ascii	"board"
 169      64
 170 0021 00       		.byte	0
ARM GAS  /tmp/ccgsJH8L.s 			page 4


 171 0022 00       		.byte	0
 172 0023 626F6172 		.ascii	"board.c\000"
 172      642E6300 
 173 002b 01       		.uleb128 0x1
 174 002c 00       		.uleb128 0
 175 002d 00       		.uleb128 0
 176 002e 00       		.byte	0
 177              	.LELTP0:
 178              	.LELT0:
 179              		.section	.gnu.debuglto_.debug_str,"eMS",%progbits,1
 180              	.LASF1:
 181 0000 6C6F6E67 		.ascii	"long long int\000"
 181      206C6F6E 
 181      6720696E 
 181      7400
 182              	.LASF6:
 183 000e 73686F72 		.ascii	"short unsigned int\000"
 183      7420756E 
 183      7369676E 
 183      65642069 
 183      6E7400
 184              	.LASF0:
 185 0021 756E7369 		.ascii	"unsigned int\000"
 185      676E6564 
 185      20696E74 
 185      00
 186              	.LASF8:
 187 002e 6C6F6E67 		.ascii	"long unsigned int\000"
 187      20756E73 
 187      69676E65 
 187      6420696E 
 187      7400
 188              	.LASF9:
 189 0040 6C6F6E67 		.ascii	"long long unsigned int\000"
 189      206C6F6E 
 189      6720756E 
 189      7369676E 
 189      65642069 
 190              	.LASF12:
 191 0057 474E5520 		.ascii	"GNU C17 10.2.1 20201103 (release) -mcpu=cortex-m7 -"
 191      43313720 
 191      31302E32 
 191      2E312032 
 191      30323031 
 192 008a 6D746875 		.ascii	"mthumb -mfloat-abi=hard -mfpu=fpv5-d16 -march=armv7"
 192      6D62202D 
 192      6D666C6F 
 192      61742D61 
 192      62693D68 
 193 00bd 652D6D2B 		.ascii	"e-m+fp.dp -ggdb -O2 -fomit-frame-pointer -falign-fu"
 193      66702E64 
 193      70202D67 
 193      67646220 
 193      2D4F3220 
 194 00f0 6E637469 		.ascii	"nctions=16 -ffunction-sections -fdata-sections -fno"
 194      6F6E733D 
 194      3136202D 
ARM GAS  /tmp/ccgsJH8L.s 			page 5


 194      6666756E 
 194      6374696F 
 195 0123 2D636F6D 		.ascii	"-common -flto\000"
 195      6D6F6E20 
 195      2D666C74 
 195      6F00
 196              	.LASF4:
 197 0131 756E7369 		.ascii	"unsigned char\000"
 197      676E6564 
 197      20636861 
 197      7200
 198              	.LASF10:
 199 013f 63686172 		.ascii	"char\000"
 199      00
 200              	.LASF7:
 201 0144 6C6F6E67 		.ascii	"long int\000"
 201      20696E74 
 201      00
 202              	.LASF13:
 203 014d 626F6172 		.ascii	"board/board.c\000"
 203      642F626F 
 203      6172642E 
 203      6300
 204              	.LASF11:
 205 015b 5F426F6F 		.ascii	"_Bool\000"
 205      6C00
 206              	.LASF15:
 207 0161 626F6172 		.ascii	"boardInit\000"
 207      64496E69 
 207      7400
 208              	.LASF3:
 209 016b 7369676E 		.ascii	"signed char\000"
 209      65642063 
 209      68617200 
 210              	.LASF14:
 211 0177 2F686F6D 		.ascii	"/home/ian/Documents/BPRL_flight\000"
 211      652F6961 
 211      6E2F446F 
 211      63756D65 
 211      6E74732F 
 212              	.LASF2:
 213 0197 6C6F6E67 		.ascii	"long double\000"
 213      20646F75 
 213      626C6500 
 214              	.LASF5:
 215 01a3 73686F72 		.ascii	"short int\000"
 215      7420696E 
 215      7400
 216              		.text
 217              		.section	.gnu.lto_.profile.e127c259d64dc79c,"e",%progbits
 218 0000 789C6362 		.ascii	"x\234cb\000\001\000\000\022\000\003"
 218      00010000 
 218      120003
 219              		.text
 220              		.section	.gnu.lto_.icf.e127c259d64dc79c,"e",%progbits
 221 0000 789CE360 		.ascii	"x\234\343`@\000F\206i\277\016?\346f\000\000\016\355"
 221      40004686 
ARM GAS  /tmp/ccgsJH8L.s 			page 6


 221      69BF0E3F 
 221      E6660000 
 221      0EED
 222 0012 034B     		.ascii	"\003K"
 223              		.text
 224              		.section	.gnu.lto_.ipa_sra.e127c259d64dc79c,"e",%progbits
 225 0000 789C6365 		.ascii	"x\234ce@\000F\020\002\000\000m\000\010"
 225      40004610 
 225      0200006D 
 225      0008
 226              		.text
 227              		.section	.gnu.lto_.inline.e127c259d64dc79c,"e",%progbits
 228 0000 789C5361 		.ascii	"x\234Sa@\000F\006\006\346\006 `Jad`b`h\0042\353\030"
 228      40004606 
 228      06E60620 
 228      604A6164 
 228      60626068 
 229 0018 18D82042 		.ascii	"\030\330 BL !\006\006\000\231\226\007\201"
 229      4C202106 
 229      06009996 
 229      0781
 230              		.text
 231              		.section	.gnu.lto_.jmpfuncs.e127c259d64dc79c,"e",%progbits
 232 0000 789C6365 		.ascii	"x\234ce@\000F\020\001\000\000k\000\007"
 232      40004610 
 232      0100006B 
 232      0007
 233              		.text
 234              		.section	.gnu.lto_.pureconst.e127c259d64dc79c,"e",%progbits
 235 0000 789C6361 		.ascii	"x\234ca```dh`\001\000\0010\000\212"
 235      60606064 
 235      68600100 
 235      0130008A 
 236              		.text
 237              		.section	.gnu.lto_.lto.e127c259d64dc79c,"e",%progbits
 238 0000 09000200 		.ascii	"\011\000\002\000\001\000\000\000"
 238      01000000 
 239              		.text
 240              		.section	.gnu.lto_boardInit.432.e127c259d64dc79c,"e",%progbits
 241 0000 789C2B64 		.ascii	"x\234+d``0\004be fdf`\2344\261\213\211\241\241\241\301"
 241      60603004 
 241      62652066 
 241      6466609C 
 241      34B18B89 
 242 0018 819D89B1 		.ascii	"\201\235\211\261qb\027'\343VF0\217\221\241\236\211\261"
 242      71621727 
 242      E3564630 
 242      8F91A19E 
 242      89B1
 243 002a 9E7132B3 		.ascii	"\236q2\263&\220\373\343\351\2445<\255\022K\230\031\030"
 243      2690FBE3 
 243      E9A4353C 
 243      AD124B98 
 243      1918
 244 003c E6013114 		.ascii	"\346\0011\024\260\301x\214@\274\376\022\353\201\206"
 244      B0C1788C 
 244      40BCFE12 
ARM GAS  /tmp/ccgsJH8L.s 			page 7


 244      EB8186
 245 004b 3FFFFB1B 		.ascii	"?\377\373\033\032\276>b\334\307\304\304\300\320\317"
 245      1ABE3E62 
 245      DCC7C4C4 
 245      C0D0CF
 246 005a 0C32B781 		.ascii	"\0142\267\201\205\261\341\000\003\303\004f&\010\247"
 246      85B1E100 
 246      03C30466 
 246      2608A7
 247 0069 11C879C5 		.ascii	"\021\310y\305\330\240\304\360\211\261I\001lL?3#B\035"
 247      D8A0C4F0 
 247      89B14901 
 247      6C4C3F33 
 247      23421D
 248 007c 0383827E 		.ascii	"\003\203\202~F~n\252~fb\236\276K~rinj^I\261\276S@\220"
 248      467E6EAA 
 248      7E66629E 
 248      BE4B7E72 
 248      696E6A5E 
 249 0096 4F7C5A4E 		.ascii	"O|ZNfzF\011\003_R~bQ\212>\230\324Kf\000\000\204n9M"
 249      667A4609 
 249      035F527E 
 249      62518A3E 
 249      98D44B66 
 250              		.text
 251              		.section	.gnu.lto_.symbol_nodes.e127c259d64dc79c,"e",%progbits
 252 0000 789C9367 		.ascii	"x\234\223g\000\002\246\015\314\365\014\015@\300\302"
 252      0002A60D 
 252      CCF50C0D 
 252      40C0C2
 253 000f 38E11C03 		.ascii	"8\341\034\003C=\003\303\256\206FF\006F\0060\000\000"
 253      433D03C3 
 253      AE864646 
 253      06460630 
 253      0000
 254 0021 899C06F3 		.ascii	"\211\234\006\363"
 255              		.text
 256              		.section	.gnu.lto_.refs.e127c259d64dc79c,"e",%progbits
 257 0000 789C6364 		.ascii	"x\234cd\000\002\000\000\012\000\002"
 257      00020000 
 257      0A0002
 258              		.text
 259              		.section	.gnu.lto_.decls.e127c259d64dc79c,"e",%progbits
 260 0000 789C8552 		.ascii	"x\234\205RMh\023A\024~\357M\222\335L\243\211\262%\267"
 260      4D681341 
 260      147EEF4D 
 260      92DD4CA3 
 260      89B225B7 
 261 0014 B07A71A1 		.ascii	"\260zq\24141\2536\327\020\245\"\225\022\004/^J\314\244"
 261      3431AB36 
 261      D710A522 
 261      9512042F 
 261      5E4ACCA4 
 262 0028 26609212 		.ascii	"&`\222\022\243TO#=\350A\245x*(Xz*(\342\301\377\210\207"
 262      A3544F23 
 262      3DE841A5 
 262      782A2858 
ARM GAS  /tmp/ccgsJH8L.s 			page 8


 262      7A2A28E2 
 263 0040 0A21503C 		.ascii	"\012!P<x\362\007\024D\224\005{,\"^\352\354O\222\026"
 263      78F20714 
 263      4494057B 
 263      2C225EEA 
 263      EC4F9216 
 264 0054 0FBE61BE 		.ascii	"\017\276a\276y3\363}\337\033f\246K\000\013\000PT}K\205"
 264      7933F37D 
 264      DF1B66A6 
 264      4B000B00 
 264      50547D4B 
 265 0069 9AC23B18 		.ascii	"\232\302;\030\006\252\376\012\376\215\313\350\357U\377"
 265      06AAFE0A 
 265      FE8DCBE8 
 265      EF55FF
 266 0078 C3BBC3E8 		.ascii	"\303\273\303\350\376\267\316\347\330w\004\327:$\020"
 266      FEB7CEE7 
 266      D87704D7 
 266      3A2410
 267 0087 F1C38402 		.ascii	"\361\303\204\002\016g\030\030\222$E\004#\3168\023\274"
 267      0E671818 
 267      92244504 
 267      23CE3813 
 267      BC
 268 0098 87296B93 		.ascii	"\207)k\223\345u\262\342\\_}\203\011\036\326\211\034"
 268      E575B2E2 
 268      5C5F7D83 
 268      091ED689 
 268      1C
 269 00a9 4D70EB0F 		.ascii	"Mp\353\017>\240\345\210\231\227!qc\324\321$-N\033\207"
 269      3EA0E588 
 269      99972171 
 269      63D4D124 
 269      2D4E1B87 
 270 00bd F20A1DAD 		.ascii	"\362\012\035\255\207B\251\212!=\2412G\343\233l\371f"
 270      8742A98A 
 270      213DA132 
 270      47E39B6C 
 270      F966
 271 00cf 44BCA5EB 		.ascii	"D\274\245\353\007\260\207\\\330\206\2242\257\353\251"
 271      07B0875C 
 271      D8869432 
 271      AFEBA9
 272 00de F81A5B63 		.ascii	"\370\032[c\223\000\272\376\350\341(w\264\270\262\260"
 272      9300BAFE 
 272      E8E12877 
 272      B4B8B2B0 
 273 00ee 84991066 		.ascii	"\204\231\020f\274\207a!\270a\201:\204\260\355<q\345"
 273      BC876121 
 273      B861813A 
 273      84B0ED3C 
 273      71E5
 274 0100 1CD27B68 		.ascii	"\034\322{h3\214\331\362\353\317$\017\363h\312\264\000"
 274      338CD9F2 
 274      EBCF240F 
 274      F368CAB4 
 274      00
ARM GAS  /tmp/ccgsJH8L.s 			page 9


 275 0111 044C92F2 		.ascii	"\004L\222\362e[\375@M\325\024\303)\242\305\311&6\345"
 275      655BFD40 
 275      4DD514C3 
 275      29A2C5C9 
 275      2636E5
 276 0124 68004426 		.ascii	"h\000D&\200\014\351\261\030J5Dg\246D\321\346\340h\244"
 276      800CE9B1 
 276      184A3544 
 276      67A644D1 
 276      E6E068A4 
 277 0138 B68C104A 		.ascii	"\266\214\020J\302\241\222G\000\221\020\374\346\002\006"
 277      C2A19247 
 277      009110FC 
 277      E60206
 278 0147 80EE14FD 		.ascii	"\200\356\024\375\027\352W\361\326\335\233\247\200\355"
 278      17EA57F1 
 278      D6DD9BA7 
 278      80ED
 279 0155 52FCD5C1 		.ascii	"R\374\325\301\020\344.\201\002\037\352?\230\257\011"
 279      10E42E81 
 279      021FEA3F 
 279      98AF09
 280 0164 8AB8B8CD 		.ascii	"\212\270\270\315|@\301\200\322\367\3615\001a\240\015"
 280      7C40C180 
 280      D2F7F135 
 280      0161A00D 
 281 0174 52B78647 		.ascii	"R\267\206G\246\355\032O\267\343\340CK\030\330\366\217"
 281      A6ED1A4F 
 281      B7E3E043 
 281      4B18D8F6 
 281      8F
 282 0185 04D8FF36 		.ascii	"\004\330\3776\367^\277\277\362C\335\232\\Jbb1\017\310"
 282      F75EBFBF 
 282      F243DD9A 
 282      5C4A6262 
 282      310FC8
 283 0198 F6011B83 		.ascii	"\366\001\033\203\214\364b%\005\370\314\347\026Fn3\334"
 283      8CF46225 
 283      05F8CCE7 
 283      16466E33 
 283      DC
 284 01a9 8BA4D0C0 		.ascii	"\213\244\320\300\204R^\353\334Z\347IE\332\220\322\300"
 284      84525EEB 
 284      DC5AE749 
 284      45DA90D2 
 284      C0
 285 01ba 2ABE447C 		.ascii	"*\276D|\341\026\355\250zM\317\373\323\372\227\025}\377"
 285      E116EDA8 
 285      7A4DCFFB 
 285      D3FA9715 
 285      7DFF
 286 01cc DD25F9FB 		.ascii	"\335%\371\373c\367\327\325\221\356\202\\u?\211b\340"
 286      63F7D7D5 
 286      91EE825C 
 286      753F8962 
 286      E0
 287 01dd 53C4E79E 		.ascii	"S\304\347\236\257\312\000\237 >\306\302<\260\354\004"
ARM GAS  /tmp/ccgsJH8L.s 			page 10


 287      AFCA009F 
 287      203EC6C2 
 287      3CB0EC04 
 288 01ed C44BADFA 		.ascii	"\304K\255\372\245\\e\274>6;\227\026s\300\313\315V\273"
 288      A55C65BC 
 288      3E363B97 
 288      1673C0CB 
 288      CD56BB
 289 0200 323F5ECF 		.ascii	"2?^\317A\364l\263\324\022'\032\265\366./\313x\230.\353"
 289      41F46CB3 
 289      D412271A 
 289      B5F62E2F 
 289      CB78982E 
 290 0215 C7A74F9B 		.ascii	"\307\247O\233G\2639\330\023,\244+\331\203\245\303\271"
 290      47B339D8 
 290      132CA42B 
 290      D983A5C3 
 290      B9
 291 0226 F2113033 		.ascii	"\362\02103\325f\275\222\251\225\032\231c\315\362\305"
 291      D566BD92 
 291      A9951A99 
 291      63CDF2C5 
 292 0236 7AA5D1BE 		.ascii	"z\245\321\276\220)\024O\235\234\231=_;Wm\303\356\035"
 292      9029144F 
 292      9D9C993D 
 292      5F3B576D 
 292      C3EE1D
 293 0249 4EF0177A 		.ascii	"N\360\027z\334\316\301"
 293      DCCEC1
 294              		.text
 295              		.section	.gnu.lto_.symtab.e127c259d64dc79c,"e",%progbits
 296 0000 626F6172 		.ascii	"boardInit\000"
 296      64496E69 
 296      7400
 297 000a 00       		.ascii	"\000"
 298 000b 00       		.ascii	"\000"
 299 000c 00       		.ascii	"\000"
 300 000d 00000000 		.ascii	"\000\000\000\000\000\000\000\000"
 300      00000000 
 301 0015 BC000000 		.ascii	"\274\000\000\000"
 302              		.text
 303              		.section	.gnu.lto_.ext_symtab.e127c259d64dc79c,"e",%progbits
 304 0000 01       		.ascii	"\001"
 305 0001 01       		.ascii	"\001"
 306 0002 00       		.ascii	"\000"
 307              		.text
 308              		.section	.gnu.lto_.opts,"e",%progbits
 309 0000 272D666E 		.ascii	"'-fno-openmp' '-fno-openacc' '-fno-pie' '-fcf-prote"
 309      6F2D6F70 
 309      656E6D70 
 309      2720272D 
 309      666E6F2D 
 310 0033 6374696F 		.ascii	"ction=none' '-g' '-mcpu=cortex-m7' '-mthumb' '-mflo"
 310      6E3D6E6F 
 310      6E652720 
 310      272D6727 
 310      20272D6D 
ARM GAS  /tmp/ccgsJH8L.s 			page 11


 311 0066 61742D61 		.ascii	"at-abi=hard' '-mfpu=fpv5-d16' '-march=armv7e-m+fp.d"
 311      62693D68 
 311      61726427 
 311      20272D6D 
 311      6670753D 
 312 0099 70272027 		.ascii	"p' '-O2' '-fomit-frame-pointer' '-falign-functions="
 312      2D4F3227 
 312      20272D66 
 312      6F6D6974 
 312      2D667261 
 313 00cc 31362720 		.ascii	"16' '-ffunction-sections' '-fdata-sections' '-fno-c"
 313      272D6666 
 313      756E6374 
 313      696F6E2D 
 313      73656374 
 314 00ff 6F6D6D6F 		.ascii	"ommon' '-flto' '-Xassembler' '-alms=build/lst/board"
 314      6E272027 
 314      2D666C74 
 314      6F272027 
 314      2D586173 
 315 0132 2E6C7374 		.ascii	".lst'\000"
 315      2700
 316              		.text
 317              		.comm	__gnu_lto_slim,1,1
 318              		.ident	"GCC: (GNU Arm Embedded Toolchain 10-2020-q4-major) 10.2.1 20201103 (release)"
ARM GAS  /tmp/ccgsJH8L.s 			page 12


DEFINED SYMBOLS
                            *ABS*:0000000000000000 board.c
     /tmp/ccgsJH8L.s:18     .gnu.debuglto_.debug_info:0000000000000000 board.c.e10a47c5
                            *COM*:0000000000000001 __gnu_lto_slim

NO UNDEFINED SYMBOLS
