ARM GAS  /tmp/cckM7TwK.s 			page 1


   1              	# 1 "third_party/ChibiOS/os/common/startup/ARMCMx/compilers/GCC/crt0_v7m.S"
   1              	/*
   1              	...
   0              	
   0              	
   2              	    ChibiOS - Copyright (C) 2006..2018 Giovanni Di Sirio
   3              	
   4              	    Licensed under the Apache License, Version 2.0 (the "License");
   5              	    you may not use this file except in compliance with the License.
   6              	    You may obtain a copy of the License at
   7              	
   8              	        http://www.apache.org/licenses/LICENSE-2.0
   9              	
  10              	    Unless required by applicable law or agreed to in writing, software
  11              	    distributed under the License is distributed on an "AS IS" BASIS,
  12              	    WITHOUT WARRANTIES OR CONDITIONS OF ANY KIND, either express or implied.
  13              	    See the License for the specific language governing permissions and
  14              	    limitations under the License.
  15              	*/
  16              	
  17              	/**
  18              	 * @file    crt0_v7m.S
  19              	 * @brief   Generic ARMv7-M (Cortex-M3/M4/M7) startup file for ChibiOS.
  20              	 *
  21              	 * @addtogroup ARMCMx_GCC_STARTUP_V7M
  22              	 * @{
  23              	 */
  24              	
  25              	/*===========================================================================*/
  26              	/* Module constants.                                                         */
  27              	/*===========================================================================*/
  28              	
  29              	#if !defined(FALSE) || defined(__DOXYGEN__)
  30              	#define FALSE                               0
  31              	#endif
  32              	
  33              	#if !defined(TRUE) || defined(__DOXYGEN__)
  34              	#define TRUE                                1
  35              	#endif
  36              	
  37              	#define CONTROL_MODE_PRIVILEGED             0
  38              	#define CONTROL_MODE_UNPRIVILEGED           1
  39              	#define CONTROL_USE_MSP                     0
  40              	#define CONTROL_USE_PSP                     2
  41              	#define CONTROL_FPCA                        4
  42              	
  43              	#define FPCCR_ASPEN                         (1 << 31)
  44              	#define FPCCR_LSPEN                         (1 << 30)
  45              	
  46              	#define SCB_VTOR                            0xE000ED08
  47              	#define SCB_CPACR                           0xE000ED88
  48              	#define SCB_FPCCR                           0xE000EF34
  49              	#define SCB_FPDSCR                          0xE000EF3C
  50              	
  51              	/*===========================================================================*/
  52              	/* Module pre-compile time settings.                                         */
  53              	/*===========================================================================*/
ARM GAS  /tmp/cckM7TwK.s 			page 2


  54              	
  55              	/**
  56              	 * @brief   Enforces initialization of MSP.
  57              	 * @note    This is required if the boot process is not reliable for whatever
  58              	 *          reason (bad ROMs, bad bootloaders, bad debuggers=.
  59              	 */
  60              	#if !defined(CRT0_FORCE_MSP_INIT) || defined(__DOXYGEN__)
  61              	#define CRT0_FORCE_MSP_INIT                 TRUE
  62              	#endif
  63              	
  64              	/**
  65              	 * @brief   VTOR special register initialization.
  66              	 * @details VTOR is initialized to point to the vectors table.
  67              	 */
  68              	#if !defined(CRT0_VTOR_INIT) || defined(__DOXYGEN__)
  69              	#define CRT0_VTOR_INIT                      TRUE
  70              	#endif
  71              	
  72              	/**
  73              	 * @brief   FPU initialization switch.
  74              	 */
  75              	#if !defined(CRT0_INIT_FPU) || defined(__DOXYGEN__)
  76              	#if defined(CORTEX_USE_FPU) || defined(__DOXYGEN__)
  77              	#define CRT0_INIT_FPU                       CORTEX_USE_FPU
  78              	#else
  79              	#define CRT0_INIT_FPU                       FALSE
  80              	#endif
  81              	#endif
  82              	
  83              	/**
  84              	 * @brief   Control special register initialization value.
  85              	 * @details The system is setup to run in privileged mode using the PSP
  86              	 *          stack (dual stack mode).
  87              	 */
  88              	#if !defined(CRT0_CONTROL_INIT) || defined(__DOXYGEN__)
  89              	#define CRT0_CONTROL_INIT                   (CONTROL_USE_PSP |              \
  90              	                                             CONTROL_MODE_PRIVILEGED)
  91              	#endif
  92              	
  93              	/**
  94              	 * @brief   Core initialization switch.
  95              	 */
  96              	#if !defined(CRT0_INIT_CORE) || defined(__DOXYGEN__)
  97              	#define CRT0_INIT_CORE                      TRUE
  98              	#endif
  99              	
 100              	/**
 101              	 * @brief   Stack segments initialization switch.
 102              	 */
 103              	#if !defined(CRT0_STACKS_FILL_PATTERN) || defined(__DOXYGEN__)
 104              	#define CRT0_STACKS_FILL_PATTERN            0x55555555
 105              	#endif
 106              	
 107              	/**
 108              	 * @brief   Stack segments initialization switch.
 109              	 */
 110              	#if !defined(CRT0_INIT_STACKS) || defined(__DOXYGEN__)
ARM GAS  /tmp/cckM7TwK.s 			page 3


 111              	#define CRT0_INIT_STACKS                    TRUE
 112              	#endif
 113              	
 114              	/**
 115              	 * @brief   Vectors table initialization.
 116              	 * @details Vectors are copied in RAM on startup.
 117              	 */
 118              	#if !defined(CRT0_INIT_VECTORS) || defined(__DOXYGEN__)
 119              	#define CRT0_INIT_VECTORS                   FALSE
 120              	#endif
 121              	
 122              	/**
 123              	 * @brief   DATA segment initialization switch.
 124              	 */
 125              	#if !defined(CRT0_INIT_DATA) || defined(__DOXYGEN__)
 126              	#define CRT0_INIT_DATA                      TRUE
 127              	#endif
 128              	
 129              	/**
 130              	 * @brief   BSS segment initialization switch.
 131              	 */
 132              	#if !defined(CRT0_INIT_BSS) || defined(__DOXYGEN__)
 133              	#define CRT0_INIT_BSS                       TRUE
 134              	#endif
 135              	
 136              	/**
 137              	 * @brief   RAM Functions initialization switch.
 138              	 */
 139              	#if !defined(CRT0_INIT_RAMFUNCS) || defined(__DOXYGEN__)
 140              	#define CRT0_INIT_RAMFUNCS                  TRUE
 141              	#endif
 142              	
 143              	/**
 144              	 * @brief   RAM areas initialization switch.
 145              	 */
 146              	#if !defined(CRT0_INIT_RAM_AREAS) || defined(__DOXYGEN__)
 147              	#define CRT0_INIT_RAM_AREAS                 TRUE
 148              	#endif
 149              	
 150              	/**
 151              	 * @brief   Constructors invocation switch.
 152              	 */
 153              	#if !defined(CRT0_CALL_CONSTRUCTORS) || defined(__DOXYGEN__)
 154              	#define CRT0_CALL_CONSTRUCTORS              TRUE
 155              	#endif
 156              	
 157              	/**
 158              	 * @brief   Destructors invocation switch.
 159              	 */
 160              	#if !defined(CRT0_CALL_DESTRUCTORS) || defined(__DOXYGEN__)
 161              	#define CRT0_CALL_DESTRUCTORS               TRUE
 162              	#endif
 163              	
 164              	/**
 165              	 * @brief   FPU FPCCR register initialization value.
 166              	 * @note    Only used if @p CRT0_INIT_FPU is equal to @p TRUE.
 167              	 */
ARM GAS  /tmp/cckM7TwK.s 			page 4


 168              	#if !defined(CRT0_FPCCR_INIT) || defined(__DOXYGEN__)
 169              	#define CRT0_FPCCR_INIT                     (FPCCR_ASPEN | FPCCR_LSPEN)
 170              	#endif
 171              	
 172              	/**
 173              	 * @brief   CPACR register initialization value.
 174              	 * @note    Only used if @p CRT0_INIT_FPU is equal to @p TRUE.
 175              	 */
 176              	#if !defined(CRT0_CPACR_INIT) || defined(__DOXYGEN__)
 177              	#define CRT0_CPACR_INIT                     0x00F00000
 178              	#endif
 179              	
 180              	/*===========================================================================*/
 181              	/* Code section.                                                             */
 182              	/*===========================================================================*/
 183              	
 184              	#if !defined(__DOXYGEN__)
 185              	
 186              	                .syntax unified
 187              	                .cpu    cortex-m3
 188              	#if CRT0_INIT_FPU == TRUE
 189              	                .fpu    fpv4-sp-d16
 190              	#else
 191              	                .fpu    softvfp
 192              	#endif
 193              	
 194              	                .thumb
 195              	                .text
 196              	
 197              	/*
 198              	 * CRT0 entry point.
 199              	 */
 200              	                .align  2
 201              	                .thumb_func
 202              	                .global _crt0_entry
 203              	_crt0_entry:
 204              	                /* Interrupts are globally masked initially.*/
 205 0000 72B6     	                cpsid   i
 206              	
 207              	#if CRT0_FORCE_MSP_INIT == TRUE
 208              	                /* MSP stack pointers initialization.*/
 209 0002 3748     	                ldr     r0, =__main_stack_end__
 210 0004 80F30888 	                msr     MSP, r0
 211              	#endif
 212              	
 213              	                /* PSP stack pointers initialization.*/
 214 0008 3648     	                ldr     r0, =__process_stack_end__
 215 000a 80F30988 	                msr     PSP, r0
 216              	
 217              	#if CRT0_VTOR_INIT == TRUE
 218              	                /* Initial VTOR position enforced.*/
 219 000e 3648     	                ldr     r0, =_vectors
 220 0010 3649     	                ldr     r1, =SCB_VTOR
 221 0012 0860     	                str     r0, [r1]
 222              	#endif
 223              	
 224              	#if CRT0_INIT_FPU == TRUE
ARM GAS  /tmp/cckM7TwK.s 			page 5


 225              	                /* FPU FPCCR initialization.*/
 226 0014 40F20000 	                movw    r0, #CRT0_FPCCR_INIT & 0xFFFF
 227 0018 CCF20000 	                movt    r0, #CRT0_FPCCR_INIT >> 16
 228 001c 4EF63471 	                movw    r1, #SCB_FPCCR & 0xFFFF
 229 0020 CEF20001 	                movt    r1, #SCB_FPCCR >> 16
 230 0024 0860     	                str     r0, [r1]
 231 0026 BFF34F8F 	                dsb
 232 002a BFF36F8F 	                isb
 233              	
 234              	                /* CPACR initialization.*/
 235 002e 40F20000 	                movw    r0, #CRT0_CPACR_INIT & 0xFFFF
 236 0032 C0F2F000 	                movt    r0, #CRT0_CPACR_INIT >> 16
 237 0036 4EF68851 	                movw    r1, #SCB_CPACR & 0xFFFF
 238 003a CEF20001 	                movt    r1, #SCB_CPACR >> 16
 239 003e 0860     	                str     r0, [r1]
 240 0040 BFF34F8F 	                dsb
 241 0044 BFF36F8F 	                isb
 242              	
 243              	                /* FPU FPSCR initially cleared.*/
 244 0048 4FF00000 	                mov     r0, #0
 245 004c E1EE100A 	                vmsr    FPSCR, r0
 246              	
 247              	                /* FPU FPDSCR initially cleared.*/
 248 0050 4EF63C71 	                movw    r1, #SCB_FPDSCR & 0xFFFF
 249 0054 CEF20001 	                movt    r1, #SCB_FPDSCR >> 16
 250 0058 0860     	                str     r0, [r1]
 251              	
 252              	                /* Enforcing FPCA bit in the CONTROL register.*/
 253 005a 0620     	                movs    r0, #CRT0_CONTROL_INIT | CONTROL_FPCA
 254              	
 255              	#else
 256              	                movs    r0, #CRT0_CONTROL_INIT
 257              	#endif
 258              	
 259              	                /* CONTROL register initialization as configured.*/
 260 005c 80F31488 	                msr     CONTROL, r0
 261 0060 BFF36F8F 	                isb
 262              	
 263              	#if CRT0_INIT_CORE == TRUE
 264              	                /* Core initialization.*/
 265 0064 FFF7FEFF 	                bl      __cpu_init
 266              	#endif
 267              	
 268              	                /* Early initialization.*/
 269 0068 FFF7FEFF 	                bl      __early_init
 270              	
 271              	#if CRT0_INIT_STACKS == TRUE
 272 006c 4FF05530 	                ldr     r0, =CRT0_STACKS_FILL_PATTERN
 273              	                /* Main Stack initialization. Note, it assumes that the
 274              	                   stack size is a multiple of 4 so the linker file must
 275              	                   ensure this.*/
 276 0070 1F49     	                ldr     r1, =__main_stack_base__
 277 0072 1B4A     	                ldr     r2, =__main_stack_end__
 278              	msloop:
 279 0074 9142     	                cmp     r1, r2
 280 0076 3CBF     	                itt     lo
 281 0078 41F8040B 	                strlo   r0, [r1], #4
ARM GAS  /tmp/cckM7TwK.s 			page 6


 282 007c FAE7     	                blo     msloop
 283              	
 284              	                /* Process Stack initialization. Note, it assumes that the
 285              	                   stack size is a multiple of 4 so the linker file must
 286              	                   ensure this.*/
 287 007e 1D49     	                ldr     r1, =__process_stack_base__
 288 0080 184A     	                ldr     r2, =__process_stack_end__
 289              	psloop:
 290 0082 9142     	                cmp     r1, r2
 291 0084 3CBF     	                itt     lo
 292 0086 41F8040B 	                strlo   r0, [r1], #4
 293 008a FAE7     	                blo     psloop
 294              	#endif
 295              	
 296              	#if CRT0_INIT_VECTORS == TRUE
 297              	                /* Vectors initialization. Note, it assumes that the vectors
 298              	                   size is a multiple of 4 so the linker file must ensure
 299              	                   this.*/
 300              	                ldr     r1, =__textvectors_base__
 301              	                ldr     r2, =__vectors_base__
 302              	                ldr     r3, =__vectors_end__
 303              	                mov     r4, r2
 304              	vloop:
 305              	                cmp     r2, r3
 306              	                ittt    lo
 307              	                ldrlo   r0, [r1], #4
 308              	                strlo   r0, [r2], #4
 309              	                blo     vloop
 310              	
 311              	                /* VTOR now pointing to the RAM table.*/
 312              	                ldr     r1, =SCB_VTOR
 313              	                str     r4, [r1]
 314              	#endif
 315              	
 316              	#if CRT0_INIT_DATA == TRUE
 317              	                /* Data initialization. Note, it assumes that the DATA
 318              	                   size is a multiple of 4 so the linker file must ensure
 319              	                   this.*/
 320 008c 1A49     	                ldr     r1, =__textdata_base__
 321 008e 1B4A     	                ldr     r2, =__data_base__
 322 0090 1B4B     	                ldr     r3, =__data_end__
 323              	dloop:
 324 0092 9A42     	                cmp     r2, r3
 325 0094 3EBF     	                ittt    lo
 326 0096 51F8040B 	                ldrlo   r0, [r1], #4
 327 009a 42F8040B 	                strlo   r0, [r2], #4
 328 009e F8E7     	                blo     dloop
 329              	#endif
 330              	
 331              	#if CRT0_INIT_BSS == TRUE
 332              	                /* BSS initialization. Note, it assumes that the BSS
 333              	                   size is a multiple of 4 so the linker file must ensure
 334              	                   this.*/
 335 00a0 0020     	                movs    r0, #0
 336 00a2 1849     	                ldr     r1, =__bss_base__
 337 00a4 184A     	                ldr     r2, =__bss_end__
 338              	bloop:
ARM GAS  /tmp/cckM7TwK.s 			page 7


 339 00a6 9142     	                cmp     r1, r2
 340 00a8 3CBF     	                itt     lo
 341 00aa 41F8040B 	                strlo   r0, [r1], #4
 342 00ae FAE7     	                blo     bloop
 343              	#endif
 344              	
 345              	#if CRT0_INIT_RAM_AREAS == TRUE
 346              	                /* RAM areas initialization.*/
 347 00b0 FFF7FEFF 	                bl      __init_ram_areas
 348              	#endif
 349              	
 350              	                /* Late initialization..*/
 351 00b4 FFF7FEFF 	                bl      __late_init
 352              	
 353              	#if CRT0_CALL_CONSTRUCTORS == TRUE
 354              	                /* Constructors invocation.*/
 355 00b8 144C     	                ldr     r4, =__init_array_base__
 356 00ba 154D     	                ldr     r5, =__init_array_end__
 357              	initloop:
 358 00bc AC42     	                cmp     r4, r5
 359 00be 03DA     	                bge     endinitloop
 360 00c0 54F8041B 	                ldr     r1, [r4], #4
 361 00c4 8847     	                blx     r1
 362 00c6 F9E7     	                b       initloop
 363              	endinitloop:
 364              	#endif
 365              	
 366              	                /* Main program invocation, r0 contains the returned value.*/
 367 00c8 FFF7FEFF 	                bl      main
 368              	
 369              	#if CRT0_CALL_DESTRUCTORS == TRUE
 370              	                /* Destructors invocation.*/
 371 00cc 114C     	                ldr     r4, =__fini_array_base__
 372 00ce 124D     	                ldr     r5, =__fini_array_end__
 373              	finiloop:
 374 00d0 AC42     	                cmp     r4, r5
 375 00d2 03DA     	                bge     endfiniloop
 376 00d4 54F8041B 	                ldr     r1, [r4], #4
 377 00d8 8847     	                blx     r1
 378 00da F9E7     	                b       finiloop
 379              	endfiniloop:
 380              	#endif
 381              	
 382              	                /* Branching to the defined exit handler.*/
 383 00dc FFF7FEBF 	                b       __default_exit
 383      00000000 
 383      00000000 
 383      00000000 
 383      08ED00E0 
ARM GAS  /tmp/cckM7TwK.s 			page 8


DEFINED SYMBOLS
third_party/ChibiOS/os/common/startup/ARMCMx/compilers/GCC/crt0_v7m.S:200    .text:0000000000000000 $t
third_party/ChibiOS/os/common/startup/ARMCMx/compilers/GCC/crt0_v7m.S:203    .text:0000000000000000 _crt0_entry
third_party/ChibiOS/os/common/startup/ARMCMx/compilers/GCC/crt0_v7m.S:278    .text:0000000000000074 msloop
third_party/ChibiOS/os/common/startup/ARMCMx/compilers/GCC/crt0_v7m.S:289    .text:0000000000000082 psloop
third_party/ChibiOS/os/common/startup/ARMCMx/compilers/GCC/crt0_v7m.S:323    .text:0000000000000092 dloop
third_party/ChibiOS/os/common/startup/ARMCMx/compilers/GCC/crt0_v7m.S:338    .text:00000000000000a6 bloop
third_party/ChibiOS/os/common/startup/ARMCMx/compilers/GCC/crt0_v7m.S:357    .text:00000000000000bc initloop
third_party/ChibiOS/os/common/startup/ARMCMx/compilers/GCC/crt0_v7m.S:363    .text:00000000000000c8 endinitloop
third_party/ChibiOS/os/common/startup/ARMCMx/compilers/GCC/crt0_v7m.S:373    .text:00000000000000d0 finiloop
third_party/ChibiOS/os/common/startup/ARMCMx/compilers/GCC/crt0_v7m.S:379    .text:00000000000000dc endfiniloop
third_party/ChibiOS/os/common/startup/ARMCMx/compilers/GCC/crt0_v7m.S:383    .text:00000000000000e0 $d

UNDEFINED SYMBOLS
__main_stack_end__
__process_stack_end__
_vectors
__cpu_init
__early_init
__main_stack_base__
__process_stack_base__
__textdata_base__
__data_base__
__data_end__
__bss_base__
__bss_end__
__init_ram_areas
__late_init
__init_array_base__
__init_array_end__
main
__fini_array_base__
__fini_array_end__
__default_exit
