ARM GAS  /tmp/ccIiXCBz.s 			page 1


   1              		.cpu cortex-m7
   2              		.eabi_attribute 28, 1
   3              		.eabi_attribute 20, 1
   4              		.eabi_attribute 21, 1
   5              		.eabi_attribute 23, 3
   6              		.eabi_attribute 24, 1
   7              		.eabi_attribute 25, 1
   8              		.eabi_attribute 26, 1
   9              		.eabi_attribute 30, 2
  10              		.eabi_attribute 34, 1
  11              		.eabi_attribute 18, 4
  12              		.file	"hal.c"
  13              		.file 1 "third_party/ChibiOS/os/hal/src/hal.c"
  14              		.file 2 "third_party/ChibiOS/os/hal/osal/rt-nil/osal.h"
  15              		.section	.gnu.debuglto_.debug_info,"e",%progbits
  16              	.Ldebug_info0:
  17              		.hidden	hal.c.ab0389a9
  18              		.weak	hal.c.ab0389a9
  19              	hal.c.ab0389a9:
  20 0000 86000000 		.4byte	0x86
  21 0004 0400     		.2byte	0x4
  22 0006 00000000 		.4byte	.Ldebug_abbrev0
  23 000a 04       		.byte	0x4
  24 000b 01       		.uleb128 0x1
  25 000c 44000000 		.4byte	.LASF12
  26 0010 0C       		.byte	0xc
  27 0011 9C010000 		.4byte	.LASF13
  28 0015 73010000 		.4byte	.LASF14
  29 0019 00000000 		.4byte	.Ldebug_line0
  30 001d 02       		.uleb128 0x2
  31 001e 04       		.byte	0x4
  32 001f 05       		.byte	0x5
  33 0020 696E7400 		.ascii	"int\000"
  34 0024 03       		.uleb128 0x3
  35 0025 04       		.byte	0x4
  36 0026 07       		.byte	0x7
  37 0027 0E000000 		.4byte	.LASF0
  38 002b 03       		.uleb128 0x3
  39 002c 08       		.byte	0x8
  40 002d 05       		.byte	0x5
  41 002e 00000000 		.4byte	.LASF1
  42 0032 03       		.uleb128 0x3
  43 0033 08       		.byte	0x8
  44 0034 04       		.byte	0x4
  45 0035 67010000 		.4byte	.LASF2
  46 0039 03       		.uleb128 0x3
  47 003a 01       		.byte	0x1
  48 003b 06       		.byte	0x6
  49 003c 5B010000 		.4byte	.LASF3
  50 0040 03       		.uleb128 0x3
  51 0041 01       		.byte	0x1
  52 0042 08       		.byte	0x8
  53 0043 1E010000 		.4byte	.LASF4
  54 0047 03       		.uleb128 0x3
  55 0048 02       		.byte	0x2
  56 0049 05       		.byte	0x5
  57 004a C1010000 		.4byte	.LASF5
ARM GAS  /tmp/ccIiXCBz.s 			page 2


  58 004e 03       		.uleb128 0x3
  59 004f 02       		.byte	0x2
  60 0050 07       		.byte	0x7
  61 0051 48010000 		.4byte	.LASF6
  62 0055 03       		.uleb128 0x3
  63 0056 04       		.byte	0x4
  64 0057 05       		.byte	0x5
  65 0058 31010000 		.4byte	.LASF7
  66 005c 03       		.uleb128 0x3
  67 005d 04       		.byte	0x4
  68 005e 07       		.byte	0x7
  69 005f 1B000000 		.4byte	.LASF8
  70 0063 03       		.uleb128 0x3
  71 0064 08       		.byte	0x8
  72 0065 07       		.byte	0x7
  73 0066 2D000000 		.4byte	.LASF9
  74 006a 03       		.uleb128 0x3
  75 006b 01       		.byte	0x1
  76 006c 08       		.byte	0x8
  77 006d 2C010000 		.4byte	.LASF10
  78 0071 03       		.uleb128 0x3
  79 0072 01       		.byte	0x1
  80 0073 02       		.byte	0x2
  81 0074 42010000 		.4byte	.LASF11
  82 0078 04       		.uleb128 0x4
  83 0079 3A010000 		.4byte	.LASF15
  84 007d 01       		.byte	0x1
  85 007e 38       		.byte	0x38
  86 007f 06       		.byte	0x6
  87 0080 05       		.uleb128 0x5
  88 0081 93010000 		.4byte	.LASF16
  89 0085 02       		.byte	0x2
  90 0086 1502     		.2byte	0x215
  91 0088 14       		.byte	0x14
  92 0089 00       		.byte	0
  93              		.section	.gnu.debuglto_.debug_abbrev,"e",%progbits
  94              	.Ldebug_abbrev0:
  95 0000 01       		.uleb128 0x1
  96 0001 11       		.uleb128 0x11
  97 0002 01       		.byte	0x1
  98 0003 25       		.uleb128 0x25
  99 0004 0E       		.uleb128 0xe
 100 0005 13       		.uleb128 0x13
 101 0006 0B       		.uleb128 0xb
 102 0007 03       		.uleb128 0x3
 103 0008 0E       		.uleb128 0xe
 104 0009 1B       		.uleb128 0x1b
 105 000a 0E       		.uleb128 0xe
 106 000b 10       		.uleb128 0x10
 107 000c 17       		.uleb128 0x17
 108 000d 00       		.byte	0
 109 000e 00       		.byte	0
 110 000f 02       		.uleb128 0x2
 111 0010 24       		.uleb128 0x24
 112 0011 00       		.byte	0
 113 0012 0B       		.uleb128 0xb
 114 0013 0B       		.uleb128 0xb
ARM GAS  /tmp/ccIiXCBz.s 			page 3


 115 0014 3E       		.uleb128 0x3e
 116 0015 0B       		.uleb128 0xb
 117 0016 03       		.uleb128 0x3
 118 0017 08       		.uleb128 0x8
 119 0018 00       		.byte	0
 120 0019 00       		.byte	0
 121 001a 03       		.uleb128 0x3
 122 001b 24       		.uleb128 0x24
 123 001c 00       		.byte	0
 124 001d 0B       		.uleb128 0xb
 125 001e 0B       		.uleb128 0xb
 126 001f 3E       		.uleb128 0x3e
 127 0020 0B       		.uleb128 0xb
 128 0021 03       		.uleb128 0x3
 129 0022 0E       		.uleb128 0xe
 130 0023 00       		.byte	0
 131 0024 00       		.byte	0
 132 0025 04       		.uleb128 0x4
 133 0026 2E       		.uleb128 0x2e
 134 0027 00       		.byte	0
 135 0028 3F       		.uleb128 0x3f
 136 0029 19       		.uleb128 0x19
 137 002a 03       		.uleb128 0x3
 138 002b 0E       		.uleb128 0xe
 139 002c 3A       		.uleb128 0x3a
 140 002d 0B       		.uleb128 0xb
 141 002e 3B       		.uleb128 0x3b
 142 002f 0B       		.uleb128 0xb
 143 0030 39       		.uleb128 0x39
 144 0031 0B       		.uleb128 0xb
 145 0032 27       		.uleb128 0x27
 146 0033 19       		.uleb128 0x19
 147 0034 00       		.byte	0
 148 0035 00       		.byte	0
 149 0036 05       		.uleb128 0x5
 150 0037 2E       		.uleb128 0x2e
 151 0038 00       		.byte	0
 152 0039 03       		.uleb128 0x3
 153 003a 0E       		.uleb128 0xe
 154 003b 3A       		.uleb128 0x3a
 155 003c 0B       		.uleb128 0xb
 156 003d 3B       		.uleb128 0x3b
 157 003e 05       		.uleb128 0x5
 158 003f 39       		.uleb128 0x39
 159 0040 0B       		.uleb128 0xb
 160 0041 27       		.uleb128 0x27
 161 0042 19       		.uleb128 0x19
 162 0043 00       		.byte	0
 163 0044 00       		.byte	0
 164 0045 00       		.byte	0
 165              		.section	.gnu.debuglto_.debug_line,"e",%progbits
 166              	.Ldebug_line0:
 167 0000 73000000 		.4byte	.LELT0-.LSLT0
 168              	.LSLT0:
 169 0004 0400     		.2byte	0x4
 170 0006 6D000000 		.4byte	.LELTP0-.LASLTP0
 171              	.LASLTP0:
ARM GAS  /tmp/ccIiXCBz.s 			page 4


 172 000a 01       		.byte	0x1
 173 000b 01       		.byte	0x1
 174 000c 01       		.byte	0x1
 175 000d F6       		.byte	0xf6
 176 000e F2       		.byte	0xf2
 177 000f 0D       		.byte	0xd
 178 0010 00       		.byte	0
 179 0011 01       		.byte	0x1
 180 0012 01       		.byte	0x1
 181 0013 01       		.byte	0x1
 182 0014 01       		.byte	0x1
 183 0015 00       		.byte	0
 184 0016 00       		.byte	0
 185 0017 00       		.byte	0
 186 0018 01       		.byte	0x1
 187 0019 00       		.byte	0
 188 001a 00       		.byte	0
 189 001b 01       		.byte	0x1
 190 001c 74686972 		.ascii	"third_party/ChibiOS/os/hal/osal/rt-nil"
 190      645F7061 
 190      7274792F 
 190      43686962 
 190      694F532F 
 191 0042 00       		.byte	0
 192 0043 74686972 		.ascii	"third_party/ChibiOS/os/hal/src"
 192      645F7061 
 192      7274792F 
 192      43686962 
 192      694F532F 
 193 0061 00       		.byte	0
 194 0062 00       		.byte	0
 195 0063 68616C2E 		.ascii	"hal.c\000"
 195      6300
 196 0069 02       		.uleb128 0x2
 197 006a 00       		.uleb128 0
 198 006b 00       		.uleb128 0
 199 006c 6F73616C 		.ascii	"osal.h\000"
 199      2E6800
 200 0073 01       		.uleb128 0x1
 201 0074 00       		.uleb128 0
 202 0075 00       		.uleb128 0
 203 0076 00       		.byte	0
 204              	.LELTP0:
 205              	.LELT0:
 206              		.section	.gnu.debuglto_.debug_str,"eMS",%progbits,1
 207              	.LASF1:
 208 0000 6C6F6E67 		.ascii	"long long int\000"
 208      206C6F6E 
 208      6720696E 
 208      7400
 209              	.LASF0:
 210 000e 756E7369 		.ascii	"unsigned int\000"
 210      676E6564 
 210      20696E74 
 210      00
 211              	.LASF8:
 212 001b 6C6F6E67 		.ascii	"long unsigned int\000"
ARM GAS  /tmp/ccIiXCBz.s 			page 5


 212      20756E73 
 212      69676E65 
 212      6420696E 
 212      7400
 213              	.LASF9:
 214 002d 6C6F6E67 		.ascii	"long long unsigned int\000"
 214      206C6F6E 
 214      6720756E 
 214      7369676E 
 214      65642069 
 215              	.LASF12:
 216 0044 474E5520 		.ascii	"GNU C17 10.2.1 20201103 (release) -mcpu=cortex-m7 -"
 216      43313720 
 216      31302E32 
 216      2E312032 
 216      30323031 
 217 0077 6D746875 		.ascii	"mthumb -mfloat-abi=hard -mfpu=fpv5-d16 -march=armv7"
 217      6D62202D 
 217      6D666C6F 
 217      61742D61 
 217      62693D68 
 218 00aa 652D6D2B 		.ascii	"e-m+fp.dp -ggdb -O2 -fomit-frame-pointer -falign-fu"
 218      66702E64 
 218      70202D67 
 218      67646220 
 218      2D4F3220 
 219 00dd 6E637469 		.ascii	"nctions=16 -ffunction-sections -fdata-sections -fno"
 219      6F6E733D 
 219      3136202D 
 219      6666756E 
 219      6374696F 
 220 0110 2D636F6D 		.ascii	"-common -flto\000"
 220      6D6F6E20 
 220      2D666C74 
 220      6F00
 221              	.LASF4:
 222 011e 756E7369 		.ascii	"unsigned char\000"
 222      676E6564 
 222      20636861 
 222      7200
 223              	.LASF10:
 224 012c 63686172 		.ascii	"char\000"
 224      00
 225              	.LASF7:
 226 0131 6C6F6E67 		.ascii	"long int\000"
 226      20696E74 
 226      00
 227              	.LASF15:
 228 013a 68616C49 		.ascii	"halInit\000"
 228      6E697400 
 229              	.LASF11:
 230 0142 5F426F6F 		.ascii	"_Bool\000"
 230      6C00
 231              	.LASF6:
 232 0148 73686F72 		.ascii	"short unsigned int\000"
 232      7420756E 
 232      7369676E 
ARM GAS  /tmp/ccIiXCBz.s 			page 6


 232      65642069 
 232      6E7400
 233              	.LASF3:
 234 015b 7369676E 		.ascii	"signed char\000"
 234      65642063 
 234      68617200 
 235              	.LASF2:
 236 0167 6C6F6E67 		.ascii	"long double\000"
 236      20646F75 
 236      626C6500 
 237              	.LASF14:
 238 0173 2F686F6D 		.ascii	"/home/ian/Documents/BPRL_flight\000"
 238      652F6961 
 238      6E2F446F 
 238      63756D65 
 238      6E74732F 
 239              	.LASF16:
 240 0193 6F73616C 		.ascii	"osalInit\000"
 240      496E6974 
 240      00
 241              	.LASF13:
 242 019c 74686972 		.ascii	"third_party/ChibiOS/os/hal/src/hal.c\000"
 242      645F7061 
 242      7274792F 
 242      43686962 
 242      694F532F 
 243              	.LASF5:
 244 01c1 73686F72 		.ascii	"short int\000"
 244      7420696E 
 244      7400
 245              		.text
 246              		.section	.gnu.lto_.profile.b865be3b92fef354,"e",%progbits
 247 0000 789C6362 		.ascii	"x\234cb\000\001\000\000\022\000\003"
 247      00010000 
 247      120003
 248              		.text
 249              		.section	.gnu.lto_.icf.b865be3b92fef354,"e",%progbits
 250 0000 789CE360 		.ascii	"x\234\343`@\000F\206+;?\036\347d\000\000\017|\003X"
 250      40004686 
 250      2B3B3F1E 
 250      E7640000 
 250      0F7C0358 
 251              		.text
 252              		.section	.gnu.lto_.ipa_sra.b865be3b92fef354,"e",%progbits
 253 0000 789CE365 		.ascii	"x\234\343e@\000F\020\202A\000\001\211\000\024"
 253      40004610 
 253      82410001 
 253      890014
 254              		.text
 255              		.section	.gnu.lto_.inline.b865be3b92fef354,"e",%progbits
 256 0000 789CB361 		.ascii	"x\234\263a@\000F\006\006\366\206\206\206\013L\031\214"
 256      40004606 
 256      06F68686 
 256      860B4C19 
 256      8C
 257 0011 0C4C0C0C 		.ascii	"\014L\014\014\215@v\035\003\003\033\220j`Ja\002\011"
 257      8D40761D 
ARM GAS  /tmp/ccIiXCBz.s 			page 7


 257      03031B90 
 257      6A604A61 
 257      0209
 258 0023 31307231 		.ascii	"10r1`%\031\000iU\010\035"
 258      60251900 
 258      6955081D 
 259              		.text
 260              		.section	.gnu.lto_.jmpfuncs.b865be3b92fef354,"e",%progbits
 261 0000 789CE364 		.ascii	"x\234\343d@\000F\030\003\000\000\333\000\013"
 261      40004618 
 261      030000DB 
 261      000B
 262              		.text
 263              		.section	.gnu.lto_.pureconst.b865be3b92fef354,"e",%progbits
 264 0000 789C6361 		.ascii	"x\234ca```d\230\301\002\000\001`\000\242"
 264      60606064 
 264      98C10200 
 264      016000A2 
 265              		.text
 266              		.section	.gnu.lto_.lto.b865be3b92fef354,"e",%progbits
 267 0000 09000200 		.ascii	"\011\000\002\000\001\000\000\000"
 267      01000000 
 268              		.text
 269              		.section	.gnu.lto_halInit.432.b865be3b92fef354,"e",%progbits
 270 0000 789CFBC5 		.ascii	"x\234\373\305\300\300P\016\304\312@\314\310\314\300"
 270      C0C0500E 
 270      C4CA40CC 
 270      C8CCC0
 271 000f 38696217 		.ascii	"8ib\027\023CCC\203\003;\023c\343\304.N\306\255\214`"
 271      13434343 
 271      83033B13 
 271      63E3C42E 
 271      4EC6AD8C 
 272 0024 1E23433D 		.ascii	"\036#C=\023c=\343dfM \367\307\323I?xZ%\226030\314\003"
 272      13633DE3 
 272      64664D20 
 272      F7C7D349 
 272      3F785A25 
 273 003e 62286083 		.ascii	"b(`\203\361\030\201x\375%\326\003\015\177\376\36774"
 273      F1188178 
 273      FD25D603 
 273      0D7FFEF7 
 273      3734
 274 0050 3C7DC478 		.ascii	"<}\304xZ\025(\327\317\0142\267\201\205\261\341\000\003"
 274      5A1528D7 
 274      CF0C32B7 
 274      8185B1E1 
 274      0003
 275 0062 C3046626 		.ascii	"\303\004f&\010\247\031\310y\305\330\360\350;/\210\372"
 275      08A719C8 
 275      79C5D8F0 
 275      E83B2F88 
 275      FA
 276 0073 FCB4E7D6 		.ascii	"\374\264\347\326\243\007B\020\241\373\2178@\364\247"
 276      A3074210 
 276      A1FB8F38 
 276      40F4A7
ARM GAS  /tmp/ccIiXCBz.s 			page 8


 277 0082 B58FDEB3 		.ascii	"\265\217\336\263\000\235\301\360\201\261Y\201\241\205"
 277      009DC1F0 
 277      81B15981 
 277      A185
 278 0090 91690933 		.ascii	"\221i\0113\343<f\240\035K\230\231\300\352\246\260\241"
 278      E33C66A0 
 278      1D4B9899 
 278      C0EAA6B0 
 278      A1
 279 00a1 4A3121A4 		.ascii	"J1!\244\276p\241J1#\244&q\243J\261@\244>16=\230\356"
 279      BE70A14A 
 279      3123A426 
 279      71A34AB1 
 279      40A43E31 
 280 00b9 0DF64F3F 		.ascii	"\015\366O?3#\304\215M\007@\\\005\375\214\374\334T\375"
 280      3323C48D 
 280      4D07405C 
 280      05FD8CFC 
 280      DC54FD
 281 00cc CCC43C7D 		.ascii	"\314\304<}\227\374\344\322\334\324\274\222b}\247\200"
 281      97FCE4D2 
 281      DCD4BC92 
 281      627DA780 
 282 00dc 209FF8B4 		.ascii	" \237\370\264\234\314\364\214\022\006\325\222\214\314"
 282      9CCCF48C 
 282      1206D592 
 282      8CCC
 283 00ea A294F882 		.ascii	"\242\224\370\202\304\242\222J}\347\214\314\244L\377"
 283      C4A2924A 
 283      7DE78CCC 
 283      A44CFF
 284 00f9 60FDFC62 		.ascii	"`\375\374b\375\214\304\034\375\342\242d\020\255\227"
 284      FD8CC41C 
 284      FDE2A264 
 284      10AD97
 285 0108 CCA08747 		.ascii	"\314\240\207GU~1\220(*\321\315\313\204\260\3652\030"
 285      557E3190 
 285      282AD1CD 
 285      CB84B0F5 
 285      3218
 286 011a 00C0E380 		.ascii	"\000\300\343\200\317"
 286      CF
 287              		.text
 288              		.section	.gnu.lto_.symbol_nodes.b865be3b92fef354,"e",%progbits
 289 0000 789C758E 		.ascii	"x\234u\216K\025\2000\020\003\223f_m u\213\003D \200"
 289      4B158030 
 289      10039366 
 289      5F6D2075 
 289      8B034420 
 290 0015 DF093CA0 		.ascii	"\337\011<\240\002\037\320\322^;\247\274L\016\271\220"
 290      021FD0D2 
 290      5E3BA7BC 
 290      4C0EB990 
 291 0025 098B1C29 		.ascii	"\011\213\034)c\234n\300\2013\215\004\213\003\0179\337"
 291      639C6EC0 
 291      81338D04 
 291      8B030F39 
ARM GAS  /tmp/ccIiXCBz.s 			page 9


 291      DF
 292 0036 C6F00F50 		.ascii	"\306\360\017P\306\305r\227\207\236\333\344\352\271U"
 292      C6C57297 
 292      879EDBE4 
 292      EAB955
 293 0045 6E1D2758 		.ascii	"n\035'X\2752SP\215O\216\241\265Q`k#>%\311C\223"
 293      BD325350 
 293      8D4F8EA1 
 293      B551606B 
 293      233E25C9 
 294              		.text
 295              		.section	.gnu.lto_.refs.b865be3b92fef354,"e",%progbits
 296 0000 789C6364 		.ascii	"x\234cd\000\002\000\000\012\000\002"
 296      00020000 
 296      0A0002
 297              		.text
 298              		.section	.gnu.lto_.decls.b865be3b92fef354,"e",%progbits
 299 0000 789C8D92 		.ascii	"x\234\215\222_hSW\034\307\177\277s\322\334\333\263\314"
 299      5F685357 
 299      1CC77FBF 
 299      73D2DCDB 
 299      B3CC
 300 0012 0489F4AD 		.ascii	"\004\211\364\255d\262\261\214\315\336y\013v2\037\302"
 300      64B2B18C 
 300      CDDE790B 
 300      76321FC2 
 301 0022 149DD869 		.ascii	"\024\235\330i\231\033\202/!\315\211\336@\322\224$J\334"
 301      991B822F 
 301      21CD89DE 
 301      40D29424 
 301      4ADC
 302 0034 D3C1220A 		.ascii	"\323\301\"\012\353j\351\306VX\301<\354A\330\020\031"
 302      EB6AE9C6 
 302      5658C13C 
 302      EC41D810 
 302      19
 303 0045 FBD3ADAB 		.ascii	"\373\323\255\253\326\324ip\363A_\024\3516\374\263\021"
 303      D6D46970 
 303      F3415F14 
 303      E936FCB3 
 303      11
 304 0056 B63DECC1 		.ascii	"\266=\354\301\007Q\301\375\316\311\315m\347@<\227\337"
 304      0751C1FD 
 304      CEC9CD6D 
 304      E7403C97 
 304      DF
 305 0067 EFFCCE3D 		.ascii	"\357\374\316=\237\357\367w8\367~\306\001\246\020\240"
 305      9FEFF777 
 305      38F77EC6 
 305      01A610A0 
 306 0077 06008F68 		.ascii	"\006\000\217h0\232\257\300\362\350\242\370\201\342\014"
 306      309AAFC0 
 306      F2E8A2F8 
 306      81E20C
 307 0086 C5024583 		.ascii	"\305\002E\203\342<\374\177\034\"\017\262\002\217\342"
 307      E23CFC7F 
 307      1C220FB2 
ARM GAS  /tmp/ccIiXCBz.s 			page 10


 307      028FE2
 308 0095 22C5DC63 		.ascii	"\"\305\334c\372\363\276v\301\367z||\312\331\347\267"
 308      FAF3BE76 
 308      C1F77A7C 
 308      7CCAD9E7 
 308      B7
 309 00a6 E77E89FC 		.ascii	"\347~\211\374\216\240\217\020\222\210x}\003%\001{9\304"
 309      8EA08F10 
 309      9288787D 
 309      0325017B 
 309      39C4
 310 00b8 15532C2C 		.ascii	"\025S,,9\023\\p)\232\330\233\274\313S6KF\205}r\021c"
 310      39135C70 
 310      299AD89B 
 310      BCCB5336 
 310      4B46857D 
 311 00cf A2CB66AC 		.ascii	"\242\313f\254eI\221\274\217_\260z8\221R!9\276\246e)"
 311      654991BC 
 311      8F5FB07A 
 311      38915221 
 311      39BEA665 
 312 00e4 36B933DE 		.ascii	"6\2713\336\237\242\334\262\232(I5\024\262cT\265,q\227"
 312      9FA2DCB2 
 312      9A284935 
 312      14B26354 
 312      B52C7197 
 313 00f8 D73F08CB 		.ascii	"\327?\010\313\313\354\330\213\330D!\335\270R*e\333\275"
 313      CBECD88B 
 313      D84421DD 
 313      B8522A65 
 313      DBBD
 314 010a D1066FF0 		.ascii	"\321\006o\360\255\000\266}\372\324\032\321\262\242d"
 314      AD00B67D 
 314      FAD41AD1 
 314      B2A264
 315 0119 91948998 		.ascii	"\221\224\211\230LD\233\330%\245\210'\201\016!]7\305"
 315      4C449BD8 
 315      25A58827 
 315      810E215D 
 315      37C5
 316 012b 043987EC 		.ascii	"\0049\207\354&\272\034#\256\272\371W\217\350\022\335"
 316      26BA1C23 
 316      AEBAF957 
 316      8FE812DD 
 317 013b BD892480 		.ascii	"\275\211$\200\204\255\214|\371\243\316@\213z\312\345"
 317      84AD8C7C 
 317      F9A3CE40 
 317      8B7ACAE5 
 318 014b 25625230 		.ascii	"%bR0\227\361\035-\013\200\261\004\200\012\331\221\010"
 318      97F11D2D 
 318      0B80B104 
 318      800AD991 
 318      08
 319 015c 2A9ABAD3 		.ascii	"*\232\272\323;\344\220+\240e1\332\212\207P1\\V\2120"
 319      3BE4902B 
 319      A06531DA 
 319      8A875031 
ARM GAS  /tmp/ccIiXCBz.s 			page 11


 319      5C568A30 
 320 0170 203284F6 		.ascii	" 2\204\366\243\023\372\011\365\022\333_\262\323\305"
 320      A313FA09 
 320      F512DB5F 
 320      B2D3C5
 321 017f BCA72B6D 		.ascii	"\274\247+m+\300\224\376\333`\362k\0150\337\207\371\037"
 321      2BC094FE 
 321      DB60F26B 
 321      0D30DF87 
 321      F91F
 322 0191 06DB1ABF 		.ascii	"\006\333\032\277\211\316+\314\003\004}\244\343\323\326"
 322      89CE2BCC 
 322      03047DA4 
 322      E3D3D6
 323 01a0 F840A0F5 		.ascii	"\370@\240\365K\335\303\300l\245\306\350\376s\360eK\010"
 323      4BDDC3C0 
 323      6CA5C6E8 
 323      FE73F065 
 323      4B08
 324 01b2 6C3B4702 		.ascii	"l;G\002\354\3746'\316\\{\357\017\27255\335\203\261\311"
 324      ECFC3627 
 324      CE5C7BEF 
 324      0FBA3535 
 324      DD83B1C9 
 325 01c6 14207F0E 		.ascii	"\024 \177\016\370K\340(3\032\373\001\277m\263{\236\231"
 325      F84BE028 
 325      331AFB01 
 325      BF6DB37B 
 325      9E99
 326 01d8 E2B81A19 		.ascii	"\342\270\032\031\3458\306Hytn\342'\321C\320\337J\305"
 326      E538C648 
 326      79746EE2 
 326      27D143D0 
 326      DF4AC5
 327 01eb D1C3EF11 		.ascii	"\321\303\357\021\277\323M\347\250_\311x_\233Y\272\312"
 327      BFD34DE7 
 327      A85FC978 
 327      5F9B59BA 
 327      CA
 328 01fc D74E4FAB 		.ascii	"\327NO\253{'\216\376|\270\367\302\230:\251\177\022\""
 328      7B278EFE 
 328      7CB8F7C2 
 328      983AA97F 
 328      1222
 329 020e F01BC459 		.ascii	"\360\033\304Y\343K\025\340\327\210_\341\236\032?\205"
 329      E34B15E0 
 329      D7885FE1 
 329      9E1A3F85 
 330 021e 5A76A73E 		.ascii	"Zv\247>>i\255\235V\352\336\215\367'\306\3023\252\301"
 330      3E69AD9D 
 330      56EADE8D 
 330      F727C6C2 
 330      33AAC1
 331 0231 B4643E90 		.ascii	"\264d>\220\314\233\211\3372\364\304\303\3376ixv\366"
 331      CC9B89DF 
 331      32F4C4C3 
 331      DF366978 
ARM GAS  /tmp/ccIiXCBz.s 			page 12


 331      76F6
 332 0243 F8CC9855 		.ascii	"\370\314\230UOj\364l\200\236m\243\017\014\372\321\235"
 332      4F6AF46C 
 332      809E6DA3 
 332      0F0CFAD1 
 332      9D
 333 0254 F90FB961 		.ascii	"\371\017\271a\277\234\372\363\270\317\236\013\330sm"
 333      BF9CFAF3 
 333      B8CF9E0B 
 333      D8736D
 334 0263 F612D3EC 		.ascii	"\366\022\323\354'\255\361\253\253\014\373\353\307KG"
 334      27ADF1AB 
 334      AB0CFBEB 
 334      C74B47
 335 0272 7C763160 		.ascii	"|v1`\027\315dn$dn$A\232KK\247\037\330\221\005\245\376"
 335      17CD646E 
 335      24646E24 
 335      419A4B4B 
 335      A71FD891 
 336 0289 51F54648 		.ascii	"Q\365FH\013. \376\250\357\344\242\306\371\372\015\020"
 336      0B2E20FE 
 336      A8EFE4A2 
 336      C6F9FA0D 
 336      10
 337 029a CD948B07 		.ascii	"\315\224\213\007\007r\353\212/\357\033\355\223\243 "
 337      0772EB8A 
 337      2FEF1BED 
 337      93A320
 338 02a9 B2A57235 		.ascii	"\262\245r5W[W\034\000\313\313\024\266\217\344\253\317"
 338      575B571C 
 338      00CBCB14 
 338      B68FE4AB 
 338      CF
 339 02ba 57BD7C59 		.ascii	"W\275|Y\246G3\345\352!g\263\227\037\316\357\332\355"
 339      A64733E5 
 339      EA2167B3 
 339      971FCEEF 
 339      DAED
 340 02cc 942A0E6D 		.ascii	"\224*\016m;\225rV\317}Y{\333\316w\023\233\327\017@\324"
 340      3B957256 
 340      CF7D597B 
 340      DBCE7713 
 340      9BD70F40 
 341 02e1 2CFB32C3 		.ascii	",\3732\303\257\366\277\2661\263\021\022\216W*\346\234"
 341      AFF6BFB6 
 341      31B31112 
 341      8E572AE6 
 341      9C
 342 02f2 7C66C4D9 		.ascii	"|f\304\331R\312\036(\346F\252\025\347\215\241\267\007"
 342      52CA1E28 
 342      E646AA15 
 342      E78DA1B7 
 342      07
 343 0303 D3FB0AF9 		.ascii	"\323\373\012\371\375^\025^x\032{\010W\252\372,\257<"
 343      FD5E155E 
 343      781A7B08 
 343      57AAFA2C 
ARM GAS  /tmp/ccIiXCBz.s 			page 13


 343      AF3C
 344 0315 01CE8F64 		.ascii	"\001\316\217d\013\007dN\327\351J\265\317\203\356\341"
 344      0B07644E 
 344      D7E94AB5 
 344      CF83EEE1 
 345 0325 52A62CB5 		.ascii	"R\246,\265l\225\251\034\223i\343Y2(\244\013\005\231"
 345      6C95A91C 
 345      9369E359 
 345      3228A40B 
 345      0599
 346 0337 CED366EA 		.ascii	"\316\323f\352\011\236\243t\033\025g\367;o\365\273\316"
 346      099EA374 
 346      1B1567F7 
 346      3B6FF5BB 
 346      CE
 347 0348 E0E01667 		.ascii	"\340\340\026g\333\320\366]\007]\323\302\267 \273\210"
 347      DBD0F65D 
 347      075DD3C2 
 347      B720BB88 
 348 0358 B7C2EDF5 		.ascii	"\267\302\355\365\247t3\371\315\201Z\315\361\002\243"
 348      A77433F9 
 348      CD815ACD 
 348      F102A3
 349 0367 7F01D50A 		.ascii	"\177\001\325\012x\370"
 349      78F8
 350              		.text
 351              		.section	.gnu.lto_.symtab.b865be3b92fef354,"e",%progbits
 352 0000 68616C49 		.ascii	"halInit\000"
 352      6E697400 
 353 0008 00       		.ascii	"\000"
 354 0009 00       		.ascii	"\000"
 355 000a 00       		.ascii	"\000"
 356 000b 00000000 		.ascii	"\000\000\000\000\000\000\000\000"
 356      00000000 
 357 0013 BC000000 		.ascii	"\274\000\000\000"
 358 0017 7374496E 		.ascii	"stInit\000"
 358      697400
 359 001e 00       		.ascii	"\000"
 360 001f 02       		.ascii	"\002"
 361 0020 00       		.ascii	"\000"
 362 0021 00000000 		.ascii	"\000\000\000\000\000\000\000\000"
 362      00000000 
 363 0029 BE000000 		.ascii	"\276\000\000\000"
 364 002d 626F6172 		.ascii	"boardInit\000"
 364      64496E69 
 364      7400
 365 0037 00       		.ascii	"\000"
 366 0038 02       		.ascii	"\002"
 367 0039 00       		.ascii	"\000"
 368 003a 00000000 		.ascii	"\000\000\000\000\000\000\000\000"
 368      00000000 
 369 0042 C0000000 		.ascii	"\300\000\000\000"
 370 0046 5F70616C 		.ascii	"_pal_lld_init\000"
 370      5F6C6C64 
 370      5F696E69 
 370      7400
 371 0054 00       		.ascii	"\000"
ARM GAS  /tmp/ccIiXCBz.s 			page 14


 372 0055 02       		.ascii	"\002"
 373 0056 00       		.ascii	"\000"
 374 0057 00000000 		.ascii	"\000\000\000\000\000\000\000\000"
 374      00000000 
 375 005f C2000000 		.ascii	"\302\000\000\000"
 376 0063 68616C5F 		.ascii	"hal_lld_init\000"
 376      6C6C645F 
 376      696E6974 
 376      00
 377 0070 00       		.ascii	"\000"
 378 0071 02       		.ascii	"\002"
 379 0072 00       		.ascii	"\000"
 380 0073 00000000 		.ascii	"\000\000\000\000\000\000\000\000"
 380      00000000 
 381 007b C4000000 		.ascii	"\304\000\000\000"
 382              		.text
 383              		.section	.gnu.lto_.ext_symtab.b865be3b92fef354,"e",%progbits
 384 0000 01       		.ascii	"\001"
 385 0001 01       		.ascii	"\001"
 386 0002 00       		.ascii	"\000"
 387 0003 01       		.ascii	"\001"
 388 0004 00       		.ascii	"\000"
 389 0005 01       		.ascii	"\001"
 390 0006 00       		.ascii	"\000"
 391 0007 01       		.ascii	"\001"
 392 0008 00       		.ascii	"\000"
 393 0009 01       		.ascii	"\001"
 394 000a 00       		.ascii	"\000"
 395              		.text
 396              		.section	.gnu.lto_.opts,"e",%progbits
 397 0000 272D666E 		.ascii	"'-fno-openmp' '-fno-openacc' '-fno-pie' '-fcf-prote"
 397      6F2D6F70 
 397      656E6D70 
 397      2720272D 
 397      666E6F2D 
 398 0033 6374696F 		.ascii	"ction=none' '-g' '-mcpu=cortex-m7' '-mthumb' '-mflo"
 398      6E3D6E6F 
 398      6E652720 
 398      272D6727 
 398      20272D6D 
 399 0066 61742D61 		.ascii	"at-abi=hard' '-mfpu=fpv5-d16' '-march=armv7e-m+fp.d"
 399      62693D68 
 399      61726427 
 399      20272D6D 
 399      6670753D 
 400 0099 70272027 		.ascii	"p' '-O2' '-fomit-frame-pointer' '-falign-functions="
 400      2D4F3227 
 400      20272D66 
 400      6F6D6974 
 400      2D667261 
 401 00cc 31362720 		.ascii	"16' '-ffunction-sections' '-fdata-sections' '-fno-c"
 401      272D6666 
 401      756E6374 
 401      696F6E2D 
 401      73656374 
 402 00ff 6F6D6D6F 		.ascii	"ommon' '-flto' '-Xassembler' '-alms=build/lst/hal.l"
 402      6E272027 
ARM GAS  /tmp/ccIiXCBz.s 			page 15


 402      2D666C74 
 402      6F272027 
 402      2D586173 
 403 0132 73742700 		.ascii	"st'\000"
 404              		.text
 405              		.comm	__gnu_lto_slim,1,1
 406              		.ident	"GCC: (GNU Arm Embedded Toolchain 10-2020-q4-major) 10.2.1 20201103 (release)"
ARM GAS  /tmp/ccIiXCBz.s 			page 16


DEFINED SYMBOLS
                            *ABS*:0000000000000000 hal.c
     /tmp/ccIiXCBz.s:19     .gnu.debuglto_.debug_info:0000000000000000 hal.c.ab0389a9
                            *COM*:0000000000000001 __gnu_lto_slim

NO UNDEFINED SYMBOLS
