ARM GAS  /tmp/ccEcC5gy.s 			page 1


   1              		.cpu cortex-m7
   2              		.eabi_attribute 28, 1
   3              		.eabi_attribute 20, 1
   4              		.eabi_attribute 21, 1
   5              		.eabi_attribute 23, 3
   6              		.eabi_attribute 24, 1
   7              		.eabi_attribute 25, 1
   8              		.eabi_attribute 26, 1
   9              		.eabi_attribute 30, 2
  10              		.eabi_attribute 34, 1
  11              		.eabi_attribute 18, 4
  12              		.file	"hal_st.c"
  13              		.file 1 "/opt/gcc-arm-none-eabi-10-2020-q4-major/arm-none-eabi/include/machine/_default_types.h"
  14              		.file 2 "/opt/gcc-arm-none-eabi-10-2020-q4-major/arm-none-eabi/include/sys/_stdint.h"
  15              		.file 3 "third_party/ChibiOS/os/rt/include/chtime.h"
  16              		.file 4 "third_party/ChibiOS/os/hal/ports/STM32/LLD/TIMv1/stm32_tim.h"
  17              		.file 5 "third_party/ChibiOS/os/hal/src/hal_st.c"
  18              		.file 6 "third_party/ChibiOS/os/hal/ports/STM32/LLD/SYSTICKv1/hal_st_lld.h"
  19              		.section	.gnu.debuglto_.debug_info,"e",%progbits
  20              	.Ldebug_info0:
  21              		.hidden	hal_st.c.dece7325
  22              		.weak	hal_st.c.dece7325
  23              	hal_st.c.dece7325:
  24 0000 11030000 		.4byte	0x311
  25 0004 0400     		.2byte	0x4
  26 0006 00000000 		.4byte	.Ldebug_abbrev0
  27 000a 04       		.byte	0x4
  28 000b 01       		.uleb128 0x1
  29 000c 17010000 		.4byte	.LASF38
  30 0010 0C       		.byte	0xc
  31 0011 74000000 		.4byte	.LASF39
  32 0015 66020000 		.4byte	.LASF40
  33 0019 00000000 		.4byte	.Ldebug_line0
  34 001d 02       		.uleb128 0x2
  35 001e 04       		.byte	0x4
  36 001f 05       		.byte	0x5
  37 0020 696E7400 		.ascii	"int\000"
  38 0024 03       		.uleb128 0x3
  39 0025 04       		.byte	0x4
  40 0026 07       		.byte	0x7
  41 0027 0D020000 		.4byte	.LASF0
  42 002b 03       		.uleb128 0x3
  43 002c 08       		.byte	0x8
  44 002d 05       		.byte	0x5
  45 002e 58020000 		.4byte	.LASF1
  46 0032 03       		.uleb128 0x3
  47 0033 08       		.byte	0x8
  48 0034 04       		.byte	0x4
  49 0035 45020000 		.4byte	.LASF2
  50 0039 03       		.uleb128 0x3
  51 003a 01       		.byte	0x1
  52 003b 06       		.byte	0x6
  53 003c CA020000 		.4byte	.LASF3
  54 0040 03       		.uleb128 0x3
  55 0041 01       		.byte	0x1
  56 0042 08       		.byte	0x8
  57 0043 E6000000 		.4byte	.LASF4
ARM GAS  /tmp/ccEcC5gy.s 			page 2


  58 0047 03       		.uleb128 0x3
  59 0048 02       		.byte	0x2
  60 0049 05       		.byte	0x5
  61 004a 3F000000 		.4byte	.LASF5
  62 004e 03       		.uleb128 0x3
  63 004f 02       		.byte	0x2
  64 0050 07       		.byte	0x7
  65 0051 2C000000 		.4byte	.LASF6
  66 0055 03       		.uleb128 0x3
  67 0056 04       		.byte	0x4
  68 0057 05       		.byte	0x5
  69 0058 B6020000 		.4byte	.LASF7
  70 005c 04       		.uleb128 0x4
  71 005d F1010000 		.4byte	.LASF10
  72 0061 01       		.byte	0x1
  73 0062 4F       		.byte	0x4f
  74 0063 19       		.byte	0x19
  75 0064 68000000 		.4byte	0x68
  76 0068 03       		.uleb128 0x3
  77 0069 04       		.byte	0x4
  78 006a 07       		.byte	0x7
  79 006b F4000000 		.4byte	.LASF8
  80 006f 03       		.uleb128 0x3
  81 0070 08       		.byte	0x8
  82 0071 07       		.byte	0x7
  83 0072 CF000000 		.4byte	.LASF9
  84 0076 04       		.uleb128 0x4
  85 0077 AD020000 		.4byte	.LASF11
  86 007b 02       		.byte	0x2
  87 007c 30       		.byte	0x30
  88 007d 14       		.byte	0x14
  89 007e 5C000000 		.4byte	0x5c
  90 0082 05       		.uleb128 0x5
  91 0083 76000000 		.4byte	0x76
  92 0087 03       		.uleb128 0x3
  93 0088 01       		.byte	0x1
  94 0089 08       		.byte	0x8
  95 008a BF020000 		.4byte	.LASF12
  96 008e 06       		.uleb128 0x6
  97 008f 87000000 		.4byte	0x87
  98 0093 04       		.uleb128 0x4
  99 0094 22000000 		.4byte	.LASF13
 100 0098 03       		.byte	0x3
 101 0099 6D       		.byte	0x6d
 102 009a 12       		.byte	0x12
 103 009b 76000000 		.4byte	0x76
 104 009f 07       		.uleb128 0x7
 105 00a0 82000000 		.4byte	0x82
 106 00a4 AF000000 		.4byte	0xaf
 107 00a8 08       		.uleb128 0x8
 108 00a9 24000000 		.4byte	0x24
 109 00ad 03       		.byte	0x3
 110 00ae 00       		.byte	0
 111 00af 05       		.uleb128 0x5
 112 00b0 9F000000 		.4byte	0x9f
 113 00b4 07       		.uleb128 0x7
 114 00b5 82000000 		.4byte	0x82
ARM GAS  /tmp/ccEcC5gy.s 			page 3


 115 00b9 C4000000 		.4byte	0xc4
 116 00bd 08       		.uleb128 0x8
 117 00be 24000000 		.4byte	0x24
 118 00c2 01       		.byte	0x1
 119 00c3 00       		.byte	0
 120 00c4 05       		.uleb128 0x5
 121 00c5 B4000000 		.4byte	0xb4
 122 00c9 03       		.uleb128 0x3
 123 00ca 01       		.byte	0x1
 124 00cb 02       		.byte	0x2
 125 00cc D6020000 		.4byte	.LASF14
 126 00d0 09       		.uleb128 0x9
 127 00d1 60       		.byte	0x60
 128 00d2 04       		.byte	0x4
 129 00d3 F601     		.2byte	0x1f6
 130 00d5 09       		.byte	0x9
 131 00d6 F1010000 		.4byte	0x1f1
 132 00da 0A       		.uleb128 0xa
 133 00db 43523100 		.ascii	"CR1\000"
 134 00df 04       		.byte	0x4
 135 00e0 F701     		.2byte	0x1f7
 136 00e2 19       		.byte	0x19
 137 00e3 82000000 		.4byte	0x82
 138 00e7 00       		.byte	0
 139 00e8 0A       		.uleb128 0xa
 140 00e9 43523200 		.ascii	"CR2\000"
 141 00ed 04       		.byte	0x4
 142 00ee F801     		.2byte	0x1f8
 143 00f0 19       		.byte	0x19
 144 00f1 82000000 		.4byte	0x82
 145 00f5 04       		.byte	0x4
 146 00f6 0B       		.uleb128 0xb
 147 00f7 9C020000 		.4byte	.LASF15
 148 00fb 04       		.byte	0x4
 149 00fc F901     		.2byte	0x1f9
 150 00fe 19       		.byte	0x19
 151 00ff 82000000 		.4byte	0x82
 152 0103 08       		.byte	0x8
 153 0104 0B       		.uleb128 0xb
 154 0105 AE000000 		.4byte	.LASF16
 155 0109 04       		.byte	0x4
 156 010a FA01     		.2byte	0x1fa
 157 010c 19       		.byte	0x19
 158 010d 82000000 		.4byte	0x82
 159 0111 0C       		.byte	0xc
 160 0112 0A       		.uleb128 0xa
 161 0113 535200   		.ascii	"SR\000"
 162 0116 04       		.byte	0x4
 163 0117 FB01     		.2byte	0x1fb
 164 0119 19       		.byte	0x19
 165 011a 82000000 		.4byte	0x82
 166 011e 10       		.byte	0x10
 167 011f 0A       		.uleb128 0xa
 168 0120 45475200 		.ascii	"EGR\000"
 169 0124 04       		.byte	0x4
 170 0125 FC01     		.2byte	0x1fc
 171 0127 19       		.byte	0x19
ARM GAS  /tmp/ccEcC5gy.s 			page 4


 172 0128 82000000 		.4byte	0x82
 173 012c 14       		.byte	0x14
 174 012d 0B       		.uleb128 0xb
 175 012e A1020000 		.4byte	.LASF17
 176 0132 04       		.byte	0x4
 177 0133 FD01     		.2byte	0x1fd
 178 0135 19       		.byte	0x19
 179 0136 82000000 		.4byte	0x82
 180 013a 18       		.byte	0x18
 181 013b 0B       		.uleb128 0xb
 182 013c C4020000 		.4byte	.LASF18
 183 0140 04       		.byte	0x4
 184 0141 FE01     		.2byte	0x1fe
 185 0143 19       		.byte	0x19
 186 0144 82000000 		.4byte	0x82
 187 0148 1C       		.byte	0x1c
 188 0149 0B       		.uleb128 0xb
 189 014a 97020000 		.4byte	.LASF19
 190 014e 04       		.byte	0x4
 191 014f FF01     		.2byte	0x1ff
 192 0151 19       		.byte	0x19
 193 0152 82000000 		.4byte	0x82
 194 0156 20       		.byte	0x20
 195 0157 0A       		.uleb128 0xa
 196 0158 434E5400 		.ascii	"CNT\000"
 197 015c 04       		.byte	0x4
 198 015d 0002     		.2byte	0x200
 199 015f 19       		.byte	0x19
 200 0160 82000000 		.4byte	0x82
 201 0164 24       		.byte	0x24
 202 0165 0A       		.uleb128 0xa
 203 0166 50534300 		.ascii	"PSC\000"
 204 016a 04       		.byte	0x4
 205 016b 0102     		.2byte	0x201
 206 016d 19       		.byte	0x19
 207 016e 82000000 		.4byte	0x82
 208 0172 28       		.byte	0x28
 209 0173 0A       		.uleb128 0xa
 210 0174 41525200 		.ascii	"ARR\000"
 211 0178 04       		.byte	0x4
 212 0179 0202     		.2byte	0x202
 213 017b 19       		.byte	0x19
 214 017c 82000000 		.4byte	0x82
 215 0180 2C       		.byte	0x2c
 216 0181 0A       		.uleb128 0xa
 217 0182 52435200 		.ascii	"RCR\000"
 218 0186 04       		.byte	0x4
 219 0187 0302     		.2byte	0x203
 220 0189 19       		.byte	0x19
 221 018a 82000000 		.4byte	0x82
 222 018e 30       		.byte	0x30
 223 018f 0A       		.uleb128 0xa
 224 0190 43435200 		.ascii	"CCR\000"
 225 0194 04       		.byte	0x4
 226 0195 0402     		.2byte	0x204
 227 0197 19       		.byte	0x19
 228 0198 AF000000 		.4byte	0xaf
ARM GAS  /tmp/ccEcC5gy.s 			page 5


 229 019c 34       		.byte	0x34
 230 019d 0B       		.uleb128 0xb
 231 019e 00000000 		.4byte	.LASF20
 232 01a2 04       		.byte	0x4
 233 01a3 0502     		.2byte	0x205
 234 01a5 19       		.byte	0x19
 235 01a6 82000000 		.4byte	0x82
 236 01aa 44       		.byte	0x44
 237 01ab 0A       		.uleb128 0xa
 238 01ac 44435200 		.ascii	"DCR\000"
 239 01b0 04       		.byte	0x4
 240 01b1 1302     		.2byte	0x213
 241 01b3 19       		.byte	0x19
 242 01b4 82000000 		.4byte	0x82
 243 01b8 48       		.byte	0x48
 244 01b9 0B       		.uleb128 0xb
 245 01ba FC010000 		.4byte	.LASF21
 246 01be 04       		.byte	0x4
 247 01bf 1402     		.2byte	0x214
 248 01c1 19       		.byte	0x19
 249 01c2 82000000 		.4byte	0x82
 250 01c6 4C       		.byte	0x4c
 251 01c7 0A       		.uleb128 0xa
 252 01c8 4F5200   		.ascii	"OR\000"
 253 01cb 04       		.byte	0x4
 254 01cc 1502     		.2byte	0x215
 255 01ce 19       		.byte	0x19
 256 01cf 82000000 		.4byte	0x82
 257 01d3 50       		.byte	0x50
 258 01d4 0B       		.uleb128 0xb
 259 01d5 A7020000 		.4byte	.LASF22
 260 01d9 04       		.byte	0x4
 261 01da 1602     		.2byte	0x216
 262 01dc 19       		.byte	0x19
 263 01dd 82000000 		.4byte	0x82
 264 01e1 54       		.byte	0x54
 265 01e2 0B       		.uleb128 0xb
 266 01e3 DC020000 		.4byte	.LASF23
 267 01e7 04       		.byte	0x4
 268 01e8 1702     		.2byte	0x217
 269 01ea 19       		.byte	0x19
 270 01eb C4000000 		.4byte	0xc4
 271 01ef 58       		.byte	0x58
 272 01f0 00       		.byte	0
 273 01f1 0C       		.uleb128 0xc
 274 01f2 68000000 		.4byte	.LASF24
 275 01f6 04       		.byte	0x4
 276 01f7 1902     		.2byte	0x219
 277 01f9 03       		.byte	0x3
 278 01fa D0000000 		.4byte	0xd0
 279 01fe 0D       		.uleb128 0xd
 280 01ff 05000000 		.4byte	.LASF29
 281 0203 05       		.byte	0x5
 282 0204 B3       		.byte	0xb3
 283 0205 06       		.byte	0x6
 284 0206 C9000000 		.4byte	0xc9
 285 020a 0E       		.uleb128 0xe
ARM GAS  /tmp/ccEcC5gy.s 			page 6


 286 020b E1020000 		.4byte	.LASF41
 287 020f 05       		.byte	0x5
 288 0210 A3       		.byte	0xa3
 289 0211 0B       		.byte	0xb
 290 0212 93000000 		.4byte	0x93
 291 0216 24020000 		.4byte	0x224
 292 021a 0F       		.uleb128 0xf
 293 021b B3000000 		.4byte	.LASF25
 294 021f 34020000 		.4byte	0x234
 295 0223 00       		.byte	0
 296 0224 07       		.uleb128 0x7
 297 0225 8E000000 		.4byte	0x8e
 298 0229 34020000 		.4byte	0x234
 299 022d 08       		.uleb128 0x8
 300 022e 24000000 		.4byte	0x24
 301 0232 0A       		.byte	0xa
 302 0233 00       		.byte	0
 303 0234 06       		.uleb128 0x6
 304 0235 24020000 		.4byte	0x224
 305 0239 10       		.uleb128 0x10
 306 023a 3A020000 		.4byte	.LASF26
 307 023e 05       		.byte	0x5
 308 023f 93       		.byte	0x93
 309 0240 06       		.byte	0x6
 310 0241 5B020000 		.4byte	0x25b
 311 0245 11       		.uleb128 0x11
 312 0246 49000000 		.4byte	.LASF28
 313 024a 05       		.byte	0x5
 314 024b 93       		.byte	0x93
 315 024c 1B       		.byte	0x1b
 316 024d 93000000 		.4byte	0x93
 317 0251 0F       		.uleb128 0xf
 318 0252 B3000000 		.4byte	.LASF25
 319 0256 34020000 		.4byte	0x234
 320 025a 00       		.byte	0
 321 025b 12       		.uleb128 0x12
 322 025c 01020000 		.4byte	.LASF31
 323 0260 05       		.byte	0x5
 324 0261 85       		.byte	0x85
 325 0262 06       		.byte	0x6
 326 0263 10       		.uleb128 0x10
 327 0264 2D020000 		.4byte	.LASF27
 328 0268 05       		.byte	0x5
 329 0269 77       		.byte	0x77
 330 026a 06       		.byte	0x6
 331 026b 85020000 		.4byte	0x285
 332 026f 11       		.uleb128 0x11
 333 0270 49000000 		.4byte	.LASF28
 334 0274 05       		.byte	0x5
 335 0275 77       		.byte	0x77
 336 0276 1D       		.byte	0x1d
 337 0277 93000000 		.4byte	0x93
 338 027b 0F       		.uleb128 0xf
 339 027c B3000000 		.4byte	.LASF25
 340 0280 95020000 		.4byte	0x295
 341 0284 00       		.byte	0
 342 0285 07       		.uleb128 0x7
ARM GAS  /tmp/ccEcC5gy.s 			page 7


 343 0286 8E000000 		.4byte	0x8e
 344 028a 95020000 		.4byte	0x295
 345 028e 08       		.uleb128 0x8
 346 028f 24000000 		.4byte	0x24
 347 0293 0C       		.byte	0xc
 348 0294 00       		.byte	0
 349 0295 06       		.uleb128 0x6
 350 0296 85020000 		.4byte	0x285
 351 029a 0D       		.uleb128 0xd
 352 029b 15000000 		.4byte	.LASF30
 353 029f 05       		.byte	0x5
 354 02a0 67       		.byte	0x67
 355 02a1 0B       		.byte	0xb
 356 02a2 93000000 		.4byte	0x93
 357 02a6 12       		.uleb128 0x12
 358 02a7 51020000 		.4byte	.LASF32
 359 02ab 05       		.byte	0x5
 360 02ac 45       		.byte	0x45
 361 02ad 06       		.byte	0x6
 362 02ae 13       		.uleb128 0x13
 363 02af 51000000 		.4byte	.LASF33
 364 02b3 06       		.byte	0x6
 365 02b4 6C03     		.2byte	0x36c
 366 02b6 14       		.byte	0x14
 367 02b7 C9000000 		.4byte	0xc9
 368 02bb 13       		.uleb128 0x13
 369 02bc 86020000 		.4byte	.LASF34
 370 02c0 06       		.byte	0x6
 371 02c1 5E03     		.2byte	0x35e
 372 02c3 19       		.byte	0x19
 373 02c4 93000000 		.4byte	0x93
 374 02c8 14       		.uleb128 0x14
 375 02c9 06010000 		.4byte	.LASF35
 376 02cd 06       		.byte	0x6
 377 02ce 5203     		.2byte	0x352
 378 02d0 14       		.byte	0x14
 379 02d1 E3020000 		.4byte	0x2e3
 380 02d5 15       		.uleb128 0x15
 381 02d6 49000000 		.4byte	.LASF28
 382 02da 06       		.byte	0x6
 383 02db 5203     		.2byte	0x352
 384 02dd 2F       		.byte	0x2f
 385 02de 93000000 		.4byte	0x93
 386 02e2 00       		.byte	0
 387 02e3 16       		.uleb128 0x16
 388 02e4 9C000000 		.4byte	.LASF42
 389 02e8 06       		.byte	0x6
 390 02e9 4203     		.2byte	0x342
 391 02eb 14       		.byte	0x14
 392 02ec 14       		.uleb128 0x14
 393 02ed BC000000 		.4byte	.LASF36
 394 02f1 06       		.byte	0x6
 395 02f2 3203     		.2byte	0x332
 396 02f4 14       		.byte	0x14
 397 02f5 07030000 		.4byte	0x307
 398 02f9 15       		.uleb128 0x15
 399 02fa 49000000 		.4byte	.LASF28
ARM GAS  /tmp/ccEcC5gy.s 			page 8


 400 02fe 06       		.byte	0x6
 401 02ff 3203     		.2byte	0x332
 402 0301 31       		.byte	0x31
 403 0302 93000000 		.4byte	0x93
 404 0306 00       		.byte	0
 405 0307 13       		.uleb128 0x13
 406 0308 1A020000 		.4byte	.LASF37
 407 030c 06       		.byte	0x6
 408 030d 2403     		.2byte	0x324
 409 030f 19       		.byte	0x19
 410 0310 93000000 		.4byte	0x93
 411 0314 00       		.byte	0
 412              		.section	.gnu.debuglto_.debug_abbrev,"e",%progbits
 413              	.Ldebug_abbrev0:
 414 0000 01       		.uleb128 0x1
 415 0001 11       		.uleb128 0x11
 416 0002 01       		.byte	0x1
 417 0003 25       		.uleb128 0x25
 418 0004 0E       		.uleb128 0xe
 419 0005 13       		.uleb128 0x13
 420 0006 0B       		.uleb128 0xb
 421 0007 03       		.uleb128 0x3
 422 0008 0E       		.uleb128 0xe
 423 0009 1B       		.uleb128 0x1b
 424 000a 0E       		.uleb128 0xe
 425 000b 10       		.uleb128 0x10
 426 000c 17       		.uleb128 0x17
 427 000d 00       		.byte	0
 428 000e 00       		.byte	0
 429 000f 02       		.uleb128 0x2
 430 0010 24       		.uleb128 0x24
 431 0011 00       		.byte	0
 432 0012 0B       		.uleb128 0xb
 433 0013 0B       		.uleb128 0xb
 434 0014 3E       		.uleb128 0x3e
 435 0015 0B       		.uleb128 0xb
 436 0016 03       		.uleb128 0x3
 437 0017 08       		.uleb128 0x8
 438 0018 00       		.byte	0
 439 0019 00       		.byte	0
 440 001a 03       		.uleb128 0x3
 441 001b 24       		.uleb128 0x24
 442 001c 00       		.byte	0
 443 001d 0B       		.uleb128 0xb
 444 001e 0B       		.uleb128 0xb
 445 001f 3E       		.uleb128 0x3e
 446 0020 0B       		.uleb128 0xb
 447 0021 03       		.uleb128 0x3
 448 0022 0E       		.uleb128 0xe
 449 0023 00       		.byte	0
 450 0024 00       		.byte	0
 451 0025 04       		.uleb128 0x4
 452 0026 16       		.uleb128 0x16
 453 0027 00       		.byte	0
 454 0028 03       		.uleb128 0x3
 455 0029 0E       		.uleb128 0xe
 456 002a 3A       		.uleb128 0x3a
ARM GAS  /tmp/ccEcC5gy.s 			page 9


 457 002b 0B       		.uleb128 0xb
 458 002c 3B       		.uleb128 0x3b
 459 002d 0B       		.uleb128 0xb
 460 002e 39       		.uleb128 0x39
 461 002f 0B       		.uleb128 0xb
 462 0030 49       		.uleb128 0x49
 463 0031 13       		.uleb128 0x13
 464 0032 00       		.byte	0
 465 0033 00       		.byte	0
 466 0034 05       		.uleb128 0x5
 467 0035 35       		.uleb128 0x35
 468 0036 00       		.byte	0
 469 0037 49       		.uleb128 0x49
 470 0038 13       		.uleb128 0x13
 471 0039 00       		.byte	0
 472 003a 00       		.byte	0
 473 003b 06       		.uleb128 0x6
 474 003c 26       		.uleb128 0x26
 475 003d 00       		.byte	0
 476 003e 49       		.uleb128 0x49
 477 003f 13       		.uleb128 0x13
 478 0040 00       		.byte	0
 479 0041 00       		.byte	0
 480 0042 07       		.uleb128 0x7
 481 0043 01       		.uleb128 0x1
 482 0044 01       		.byte	0x1
 483 0045 49       		.uleb128 0x49
 484 0046 13       		.uleb128 0x13
 485 0047 01       		.uleb128 0x1
 486 0048 13       		.uleb128 0x13
 487 0049 00       		.byte	0
 488 004a 00       		.byte	0
 489 004b 08       		.uleb128 0x8
 490 004c 21       		.uleb128 0x21
 491 004d 00       		.byte	0
 492 004e 49       		.uleb128 0x49
 493 004f 13       		.uleb128 0x13
 494 0050 2F       		.uleb128 0x2f
 495 0051 0B       		.uleb128 0xb
 496 0052 00       		.byte	0
 497 0053 00       		.byte	0
 498 0054 09       		.uleb128 0x9
 499 0055 13       		.uleb128 0x13
 500 0056 01       		.byte	0x1
 501 0057 0B       		.uleb128 0xb
 502 0058 0B       		.uleb128 0xb
 503 0059 3A       		.uleb128 0x3a
 504 005a 0B       		.uleb128 0xb
 505 005b 3B       		.uleb128 0x3b
 506 005c 05       		.uleb128 0x5
 507 005d 39       		.uleb128 0x39
 508 005e 0B       		.uleb128 0xb
 509 005f 01       		.uleb128 0x1
 510 0060 13       		.uleb128 0x13
 511 0061 00       		.byte	0
 512 0062 00       		.byte	0
 513 0063 0A       		.uleb128 0xa
ARM GAS  /tmp/ccEcC5gy.s 			page 10


 514 0064 0D       		.uleb128 0xd
 515 0065 00       		.byte	0
 516 0066 03       		.uleb128 0x3
 517 0067 08       		.uleb128 0x8
 518 0068 3A       		.uleb128 0x3a
 519 0069 0B       		.uleb128 0xb
 520 006a 3B       		.uleb128 0x3b
 521 006b 05       		.uleb128 0x5
 522 006c 39       		.uleb128 0x39
 523 006d 0B       		.uleb128 0xb
 524 006e 49       		.uleb128 0x49
 525 006f 13       		.uleb128 0x13
 526 0070 38       		.uleb128 0x38
 527 0071 0B       		.uleb128 0xb
 528 0072 00       		.byte	0
 529 0073 00       		.byte	0
 530 0074 0B       		.uleb128 0xb
 531 0075 0D       		.uleb128 0xd
 532 0076 00       		.byte	0
 533 0077 03       		.uleb128 0x3
 534 0078 0E       		.uleb128 0xe
 535 0079 3A       		.uleb128 0x3a
 536 007a 0B       		.uleb128 0xb
 537 007b 3B       		.uleb128 0x3b
 538 007c 05       		.uleb128 0x5
 539 007d 39       		.uleb128 0x39
 540 007e 0B       		.uleb128 0xb
 541 007f 49       		.uleb128 0x49
 542 0080 13       		.uleb128 0x13
 543 0081 38       		.uleb128 0x38
 544 0082 0B       		.uleb128 0xb
 545 0083 00       		.byte	0
 546 0084 00       		.byte	0
 547 0085 0C       		.uleb128 0xc
 548 0086 16       		.uleb128 0x16
 549 0087 00       		.byte	0
 550 0088 03       		.uleb128 0x3
 551 0089 0E       		.uleb128 0xe
 552 008a 3A       		.uleb128 0x3a
 553 008b 0B       		.uleb128 0xb
 554 008c 3B       		.uleb128 0x3b
 555 008d 05       		.uleb128 0x5
 556 008e 39       		.uleb128 0x39
 557 008f 0B       		.uleb128 0xb
 558 0090 49       		.uleb128 0x49
 559 0091 13       		.uleb128 0x13
 560 0092 00       		.byte	0
 561 0093 00       		.byte	0
 562 0094 0D       		.uleb128 0xd
 563 0095 2E       		.uleb128 0x2e
 564 0096 00       		.byte	0
 565 0097 3F       		.uleb128 0x3f
 566 0098 19       		.uleb128 0x19
 567 0099 03       		.uleb128 0x3
 568 009a 0E       		.uleb128 0xe
 569 009b 3A       		.uleb128 0x3a
 570 009c 0B       		.uleb128 0xb
ARM GAS  /tmp/ccEcC5gy.s 			page 11


 571 009d 3B       		.uleb128 0x3b
 572 009e 0B       		.uleb128 0xb
 573 009f 39       		.uleb128 0x39
 574 00a0 0B       		.uleb128 0xb
 575 00a1 27       		.uleb128 0x27
 576 00a2 19       		.uleb128 0x19
 577 00a3 49       		.uleb128 0x49
 578 00a4 13       		.uleb128 0x13
 579 00a5 00       		.byte	0
 580 00a6 00       		.byte	0
 581 00a7 0E       		.uleb128 0xe
 582 00a8 2E       		.uleb128 0x2e
 583 00a9 01       		.byte	0x1
 584 00aa 3F       		.uleb128 0x3f
 585 00ab 19       		.uleb128 0x19
 586 00ac 03       		.uleb128 0x3
 587 00ad 0E       		.uleb128 0xe
 588 00ae 3A       		.uleb128 0x3a
 589 00af 0B       		.uleb128 0xb
 590 00b0 3B       		.uleb128 0x3b
 591 00b1 0B       		.uleb128 0xb
 592 00b2 39       		.uleb128 0x39
 593 00b3 0B       		.uleb128 0xb
 594 00b4 27       		.uleb128 0x27
 595 00b5 19       		.uleb128 0x19
 596 00b6 49       		.uleb128 0x49
 597 00b7 13       		.uleb128 0x13
 598 00b8 01       		.uleb128 0x1
 599 00b9 13       		.uleb128 0x13
 600 00ba 00       		.byte	0
 601 00bb 00       		.byte	0
 602 00bc 0F       		.uleb128 0xf
 603 00bd 34       		.uleb128 0x34
 604 00be 00       		.byte	0
 605 00bf 03       		.uleb128 0x3
 606 00c0 0E       		.uleb128 0xe
 607 00c1 49       		.uleb128 0x49
 608 00c2 13       		.uleb128 0x13
 609 00c3 34       		.uleb128 0x34
 610 00c4 19       		.uleb128 0x19
 611 00c5 00       		.byte	0
 612 00c6 00       		.byte	0
 613 00c7 10       		.uleb128 0x10
 614 00c8 2E       		.uleb128 0x2e
 615 00c9 01       		.byte	0x1
 616 00ca 3F       		.uleb128 0x3f
 617 00cb 19       		.uleb128 0x19
 618 00cc 03       		.uleb128 0x3
 619 00cd 0E       		.uleb128 0xe
 620 00ce 3A       		.uleb128 0x3a
 621 00cf 0B       		.uleb128 0xb
 622 00d0 3B       		.uleb128 0x3b
 623 00d1 0B       		.uleb128 0xb
 624 00d2 39       		.uleb128 0x39
 625 00d3 0B       		.uleb128 0xb
 626 00d4 27       		.uleb128 0x27
 627 00d5 19       		.uleb128 0x19
ARM GAS  /tmp/ccEcC5gy.s 			page 12


 628 00d6 01       		.uleb128 0x1
 629 00d7 13       		.uleb128 0x13
 630 00d8 00       		.byte	0
 631 00d9 00       		.byte	0
 632 00da 11       		.uleb128 0x11
 633 00db 05       		.uleb128 0x5
 634 00dc 00       		.byte	0
 635 00dd 03       		.uleb128 0x3
 636 00de 0E       		.uleb128 0xe
 637 00df 3A       		.uleb128 0x3a
 638 00e0 0B       		.uleb128 0xb
 639 00e1 3B       		.uleb128 0x3b
 640 00e2 0B       		.uleb128 0xb
 641 00e3 39       		.uleb128 0x39
 642 00e4 0B       		.uleb128 0xb
 643 00e5 49       		.uleb128 0x49
 644 00e6 13       		.uleb128 0x13
 645 00e7 00       		.byte	0
 646 00e8 00       		.byte	0
 647 00e9 12       		.uleb128 0x12
 648 00ea 2E       		.uleb128 0x2e
 649 00eb 00       		.byte	0
 650 00ec 3F       		.uleb128 0x3f
 651 00ed 19       		.uleb128 0x19
 652 00ee 03       		.uleb128 0x3
 653 00ef 0E       		.uleb128 0xe
 654 00f0 3A       		.uleb128 0x3a
 655 00f1 0B       		.uleb128 0xb
 656 00f2 3B       		.uleb128 0x3b
 657 00f3 0B       		.uleb128 0xb
 658 00f4 39       		.uleb128 0x39
 659 00f5 0B       		.uleb128 0xb
 660 00f6 27       		.uleb128 0x27
 661 00f7 19       		.uleb128 0x19
 662 00f8 00       		.byte	0
 663 00f9 00       		.byte	0
 664 00fa 13       		.uleb128 0x13
 665 00fb 2E       		.uleb128 0x2e
 666 00fc 00       		.byte	0
 667 00fd 03       		.uleb128 0x3
 668 00fe 0E       		.uleb128 0xe
 669 00ff 3A       		.uleb128 0x3a
 670 0100 0B       		.uleb128 0xb
 671 0101 3B       		.uleb128 0x3b
 672 0102 05       		.uleb128 0x5
 673 0103 39       		.uleb128 0x39
 674 0104 0B       		.uleb128 0xb
 675 0105 27       		.uleb128 0x27
 676 0106 19       		.uleb128 0x19
 677 0107 49       		.uleb128 0x49
 678 0108 13       		.uleb128 0x13
 679 0109 00       		.byte	0
 680 010a 00       		.byte	0
 681 010b 14       		.uleb128 0x14
 682 010c 2E       		.uleb128 0x2e
 683 010d 01       		.byte	0x1
 684 010e 03       		.uleb128 0x3
ARM GAS  /tmp/ccEcC5gy.s 			page 13


 685 010f 0E       		.uleb128 0xe
 686 0110 3A       		.uleb128 0x3a
 687 0111 0B       		.uleb128 0xb
 688 0112 3B       		.uleb128 0x3b
 689 0113 05       		.uleb128 0x5
 690 0114 39       		.uleb128 0x39
 691 0115 0B       		.uleb128 0xb
 692 0116 27       		.uleb128 0x27
 693 0117 19       		.uleb128 0x19
 694 0118 01       		.uleb128 0x1
 695 0119 13       		.uleb128 0x13
 696 011a 00       		.byte	0
 697 011b 00       		.byte	0
 698 011c 15       		.uleb128 0x15
 699 011d 05       		.uleb128 0x5
 700 011e 00       		.byte	0
 701 011f 03       		.uleb128 0x3
 702 0120 0E       		.uleb128 0xe
 703 0121 3A       		.uleb128 0x3a
 704 0122 0B       		.uleb128 0xb
 705 0123 3B       		.uleb128 0x3b
 706 0124 05       		.uleb128 0x5
 707 0125 39       		.uleb128 0x39
 708 0126 0B       		.uleb128 0xb
 709 0127 49       		.uleb128 0x49
 710 0128 13       		.uleb128 0x13
 711 0129 00       		.byte	0
 712 012a 00       		.byte	0
 713 012b 16       		.uleb128 0x16
 714 012c 2E       		.uleb128 0x2e
 715 012d 00       		.byte	0
 716 012e 03       		.uleb128 0x3
 717 012f 0E       		.uleb128 0xe
 718 0130 3A       		.uleb128 0x3a
 719 0131 0B       		.uleb128 0xb
 720 0132 3B       		.uleb128 0x3b
 721 0133 05       		.uleb128 0x5
 722 0134 39       		.uleb128 0x39
 723 0135 0B       		.uleb128 0xb
 724 0136 27       		.uleb128 0x27
 725 0137 19       		.uleb128 0x19
 726 0138 00       		.byte	0
 727 0139 00       		.byte	0
 728 013a 00       		.byte	0
 729              		.section	.gnu.debuglto_.debug_line,"e",%progbits
 730              	.Ldebug_line0:
 731 0000 A1010000 		.4byte	.LELT0-.LSLT0
 732              	.LSLT0:
 733 0004 0400     		.2byte	0x4
 734 0006 9B010000 		.4byte	.LELTP0-.LASLTP0
 735              	.LASLTP0:
 736 000a 01       		.byte	0x1
 737 000b 01       		.byte	0x1
 738 000c 01       		.byte	0x1
 739 000d F6       		.byte	0xf6
 740 000e F2       		.byte	0xf2
 741 000f 0D       		.byte	0xd
ARM GAS  /tmp/ccEcC5gy.s 			page 14


 742 0010 00       		.byte	0
 743 0011 01       		.byte	0x1
 744 0012 01       		.byte	0x1
 745 0013 01       		.byte	0x1
 746 0014 01       		.byte	0x1
 747 0015 00       		.byte	0
 748 0016 00       		.byte	0
 749 0017 00       		.byte	0
 750 0018 01       		.byte	0x1
 751 0019 00       		.byte	0
 752 001a 00       		.byte	0
 753 001b 01       		.byte	0x1
 754 001c 74686972 		.ascii	"third_party/ChibiOS/os/hal/ports/STM32/LLD/SYSTICKv"
 754      645F7061 
 754      7274792F 
 754      43686962 
 754      694F532F 
 755 004f 31       		.ascii	"1"
 756 0050 00       		.byte	0
 757 0051 74686972 		.ascii	"third_party/ChibiOS/os/hal/ports/STM32/LLD/TIMv1"
 757      645F7061 
 757      7274792F 
 757      43686962 
 757      694F532F 
 758 0081 00       		.byte	0
 759 0082 74686972 		.ascii	"third_party/ChibiOS/os/hal/src"
 759      645F7061 
 759      7274792F 
 759      43686962 
 759      694F532F 
 760 00a0 00       		.byte	0
 761 00a1 74686972 		.ascii	"third_party/ChibiOS/os/rt/include"
 761      645F7061 
 761      7274792F 
 761      43686962 
 761      694F532F 
 762 00c2 00       		.byte	0
 763 00c3 2F6F7074 		.ascii	"/opt/gcc-arm-none-eabi-10-2020-q4-major/arm-none-ea"
 763      2F676363 
 763      2D61726D 
 763      2D6E6F6E 
 763      652D6561 
 764 00f6 62692F69 		.ascii	"bi/include/machine"
 764      6E636C75 
 764      64652F6D 
 764      61636869 
 764      6E65
 765 0108 00       		.byte	0
 766 0109 2F6F7074 		.ascii	"/opt/gcc-arm-none-eabi-10-2020-q4-major/arm-none-ea"
 766      2F676363 
 766      2D61726D 
 766      2D6E6F6E 
 766      652D6561 
 767 013c 62692F69 		.ascii	"bi/include/sys"
 767      6E636C75 
 767      64652F73 
 767      7973
ARM GAS  /tmp/ccEcC5gy.s 			page 15


 768 014a 00       		.byte	0
 769 014b 00       		.byte	0
 770 014c 5F646566 		.ascii	"_default_types.h\000"
 770      61756C74 
 770      5F747970 
 770      65732E68 
 770      00
 771 015d 05       		.uleb128 0x5
 772 015e 00       		.uleb128 0
 773 015f 00       		.uleb128 0
 774 0160 5F737464 		.ascii	"_stdint.h\000"
 774      696E742E 
 774      6800
 775 016a 06       		.uleb128 0x6
 776 016b 00       		.uleb128 0
 777 016c 00       		.uleb128 0
 778 016d 63687469 		.ascii	"chtime.h\000"
 778      6D652E68 
 778      00
 779 0176 04       		.uleb128 0x4
 780 0177 00       		.uleb128 0
 781 0178 00       		.uleb128 0
 782 0179 73746D33 		.ascii	"stm32_tim.h\000"
 782      325F7469 
 782      6D2E6800 
 783 0185 02       		.uleb128 0x2
 784 0186 00       		.uleb128 0
 785 0187 00       		.uleb128 0
 786 0188 68616C5F 		.ascii	"hal_st.c\000"
 786      73742E63 
 786      00
 787 0191 03       		.uleb128 0x3
 788 0192 00       		.uleb128 0
 789 0193 00       		.uleb128 0
 790 0194 68616C5F 		.ascii	"hal_st_lld.h\000"
 790      73745F6C 
 790      6C642E68 
 790      00
 791 01a1 01       		.uleb128 0x1
 792 01a2 00       		.uleb128 0
 793 01a3 00       		.uleb128 0
 794 01a4 00       		.byte	0
 795              	.LELTP0:
 796              	.LELT0:
 797              		.section	.gnu.debuglto_.debug_str,"eMS",%progbits,1
 798              	.LASF20:
 799 0000 42445452 		.ascii	"BDTR\000"
 799      00
 800              	.LASF29:
 801 0005 73744973 		.ascii	"stIsAlarmActive\000"
 801      416C6172 
 801      6D416374 
 801      69766500 
 802              	.LASF30:
 803 0015 73744765 		.ascii	"stGetCounter\000"
 803      74436F75 
 803      6E746572 
ARM GAS  /tmp/ccEcC5gy.s 			page 16


 803      00
 804              	.LASF13:
 805 0022 73797374 		.ascii	"systime_t\000"
 805      696D655F 
 805      7400
 806              	.LASF6:
 807 002c 73686F72 		.ascii	"short unsigned int\000"
 807      7420756E 
 807      7369676E 
 807      65642069 
 807      6E7400
 808              	.LASF5:
 809 003f 73686F72 		.ascii	"short int\000"
 809      7420696E 
 809      7400
 810              	.LASF28:
 811 0049 61627374 		.ascii	"abstime\000"
 811      696D6500 
 812              	.LASF33:
 813 0051 73745F6C 		.ascii	"st_lld_is_alarm_active\000"
 813      6C645F69 
 813      735F616C 
 813      61726D5F 
 813      61637469 
 814              	.LASF24:
 815 0068 73746D33 		.ascii	"stm32_tim_t\000"
 815      325F7469 
 815      6D5F7400 
 816              	.LASF39:
 817 0074 74686972 		.ascii	"third_party/ChibiOS/os/hal/src/hal_st.c\000"
 817      645F7061 
 817      7274792F 
 817      43686962 
 817      694F532F 
 818              	.LASF42:
 819 009c 73745F6C 		.ascii	"st_lld_stop_alarm\000"
 819      6C645F73 
 819      746F705F 
 819      616C6172 
 819      6D00
 820              	.LASF16:
 821 00ae 44494552 		.ascii	"DIER\000"
 821      00
 822              	.LASF25:
 823 00b3 5F5F6675 		.ascii	"__func__\000"
 823      6E635F5F 
 823      00
 824              	.LASF36:
 825 00bc 73745F6C 		.ascii	"st_lld_start_alarm\000"
 825      6C645F73 
 825      74617274 
 825      5F616C61 
 825      726D00
 826              	.LASF9:
 827 00cf 6C6F6E67 		.ascii	"long long unsigned int\000"
 827      206C6F6E 
 827      6720756E 
ARM GAS  /tmp/ccEcC5gy.s 			page 17


 827      7369676E 
 827      65642069 
 828              	.LASF4:
 829 00e6 756E7369 		.ascii	"unsigned char\000"
 829      676E6564 
 829      20636861 
 829      7200
 830              	.LASF8:
 831 00f4 6C6F6E67 		.ascii	"long unsigned int\000"
 831      20756E73 
 831      69676E65 
 831      6420696E 
 831      7400
 832              	.LASF35:
 833 0106 73745F6C 		.ascii	"st_lld_set_alarm\000"
 833      6C645F73 
 833      65745F61 
 833      6C61726D 
 833      00
 834              	.LASF38:
 835 0117 474E5520 		.ascii	"GNU C17 10.2.1 20201103 (release) -mcpu=cortex-m7 -"
 835      43313720 
 835      31302E32 
 835      2E312032 
 835      30323031 
 836 014a 6D746875 		.ascii	"mthumb -mfloat-abi=hard -mfpu=fpv5-d16 -march=armv7"
 836      6D62202D 
 836      6D666C6F 
 836      61742D61 
 836      62693D68 
 837 017d 652D6D2B 		.ascii	"e-m+fp.dp -ggdb -O2 -fomit-frame-pointer -falign-fu"
 837      66702E64 
 837      70202D67 
 837      67646220 
 837      2D4F3220 
 838 01b0 6E637469 		.ascii	"nctions=16 -ffunction-sections -fdata-sections -fno"
 838      6F6E733D 
 838      3136202D 
 838      6666756E 
 838      6374696F 
 839 01e3 2D636F6D 		.ascii	"-common -flto\000"
 839      6D6F6E20 
 839      2D666C74 
 839      6F00
 840              	.LASF10:
 841 01f1 5F5F7569 		.ascii	"__uint32_t\000"
 841      6E743332 
 841      5F7400
 842              	.LASF21:
 843 01fc 444D4152 		.ascii	"DMAR\000"
 843      00
 844              	.LASF31:
 845 0201 73745374 		.ascii	"stStopAlarm\000"
 845      6F70416C 
 845      61726D00 
 846              	.LASF0:
 847 020d 756E7369 		.ascii	"unsigned int\000"
ARM GAS  /tmp/ccEcC5gy.s 			page 18


 847      676E6564 
 847      20696E74 
 847      00
 848              	.LASF37:
 849 021a 73745F6C 		.ascii	"st_lld_get_counter\000"
 849      6C645F67 
 849      65745F63 
 849      6F756E74 
 849      657200
 850              	.LASF27:
 851 022d 73745374 		.ascii	"stStartAlarm\000"
 851      61727441 
 851      6C61726D 
 851      00
 852              	.LASF26:
 853 023a 73745365 		.ascii	"stSetAlarm\000"
 853      74416C61 
 853      726D00
 854              	.LASF2:
 855 0245 6C6F6E67 		.ascii	"long double\000"
 855      20646F75 
 855      626C6500 
 856              	.LASF32:
 857 0251 7374496E 		.ascii	"stInit\000"
 857      697400
 858              	.LASF1:
 859 0258 6C6F6E67 		.ascii	"long long int\000"
 859      206C6F6E 
 859      6720696E 
 859      7400
 860              	.LASF40:
 861 0266 2F686F6D 		.ascii	"/home/ian/Documents/BPRL_flight\000"
 861      652F6961 
 861      6E2F446F 
 861      63756D65 
 861      6E74732F 
 862              	.LASF34:
 863 0286 73745F6C 		.ascii	"st_lld_get_alarm\000"
 863      6C645F67 
 863      65745F61 
 863      6C61726D 
 863      00
 864              	.LASF19:
 865 0297 43434552 		.ascii	"CCER\000"
 865      00
 866              	.LASF15:
 867 029c 534D4352 		.ascii	"SMCR\000"
 867      00
 868              	.LASF17:
 869 02a1 43434D52 		.ascii	"CCMR1\000"
 869      3100
 870              	.LASF22:
 871 02a7 43434D52 		.ascii	"CCMR3\000"
 871      3300
 872              	.LASF11:
 873 02ad 75696E74 		.ascii	"uint32_t\000"
 873      33325F74 
ARM GAS  /tmp/ccEcC5gy.s 			page 19


 873      00
 874              	.LASF7:
 875 02b6 6C6F6E67 		.ascii	"long int\000"
 875      20696E74 
 875      00
 876              	.LASF12:
 877 02bf 63686172 		.ascii	"char\000"
 877      00
 878              	.LASF18:
 879 02c4 43434D52 		.ascii	"CCMR2\000"
 879      3200
 880              	.LASF3:
 881 02ca 7369676E 		.ascii	"signed char\000"
 881      65642063 
 881      68617200 
 882              	.LASF14:
 883 02d6 5F426F6F 		.ascii	"_Bool\000"
 883      6C00
 884              	.LASF23:
 885 02dc 43435852 		.ascii	"CCXR\000"
 885      00
 886              	.LASF41:
 887 02e1 73744765 		.ascii	"stGetAlarm\000"
 887      74416C61 
 887      726D00
 888              		.text
 889              		.section	.gnu.lto_.profile.b41fcd9fbdf3d9d5,"e",%progbits
 890 0000 789C6362 		.ascii	"x\234cb\000\001\000\000\022\000\003"
 890      00010000 
 890      120003
 891              		.text
 892              		.section	.gnu.lto_.icf.b41fcd9fbdf3d9d5,"e",%progbits
 893 0000 789CD362 		.ascii	"x\234\323b@\000v\206\353'f\177\347`\374t\370>+\323\374"
 893      40007686 
 893      EB27667F 
 893      E760FC74 
 893      F83E2BD3 
 894 0015 DDA7A7B0 		.ascii	"\335\247\247\2602/;\267\3416?Kg\317M#\326WS\026\356"
 894      322F3BB7 
 894      E1363F4B 
 894      67CF4D23 
 894      D6575316 
 895 002a 61675BF5 		.ascii	"ag[\365u\363Dn\006\000\267\014\023\325"
 895      75F3446E 
 895      0600B70C 
 895      13D5
 896              		.text
 897              		.section	.gnu.lto_.ipa_sra.b41fcd9fbdf3d9d5,"e",%progbits
 898 0000 789C5364 		.ascii	"x\234Sd@\000v\006\006F\006FF\006f&F\020\227\221\231"
 898      40007606 
 898      06460646 
 898      46066626 
 898      46109791 
 899 0015 819105C2 		.ascii	"\201\221\005\302be`fc`f\000\000\010\271\000N"
 899      62656066 
 899      63606600 
 899      0008B900 
ARM GAS  /tmp/ccEcC5gy.s 			page 20


 899      4E
 900              		.text
 901              		.section	.gnu.lto_.inline.b41fcd9fbdf3d9d5,"e",%progbits
 902 0000 789CFBC6 		.ascii	"x\234\373\306\200\000\354\014\014,\015@\300\234\306"
 902      8000EC0C 
 902      0C2C0D40 
 902      C09CC6
 903 000f C8C0C4C0 		.ascii	"\310\300\304\300\320\010d\32610\260\201\204\230R\230"
 903      D00864D6 
 903      3130B081 
 903      84985298 
 904 001f 40420C8C 		.ascii	"@B\014\214\\ \205\214Pu)@uL`\351d4uL`\356\001\246T\240"
 904      5C20858C 
 904      50752940 
 904      754C60E9 
 904      6434754C 
 905 0039 0A36885A 		.ascii	"\0126\210Z4\025\314\004\315`!\250\202\225\240\0126\202"
 905      3415CC04 
 905      CD6021A8 
 905      8295A00A 
 905      3682
 906 004b EE600000 		.ascii	"\356`\000\000\325j4\253"
 906      D56A34AB 
 907              		.text
 908              		.section	.gnu.lto_.jmpfuncs.b41fcd9fbdf3d9d5,"e",%progbits
 909 0000 789C5362 		.ascii	"x\234Sb@\000v\020\301\310\300\300\304\310\310X\277\204"
 909      40007610 
 909      C1C8C0C0 
 909      C4C8C858 
 909      BF84
 910 0012 99819981 		.ascii	"\231\201\231\201\201\005\312de``\003J\002\000-7\002"
 910      8105CA64 
 910      65606003 
 910      4A02002D 
 910      3702
 911 0024 91       		.ascii	"\221"
 912              		.text
 913              		.section	.gnu.lto_.pureconst.b41fcd9fbdf3d9d5,"e",%progbits
 914 0000 789C05C1 		.ascii	"x\234\005\301\001\021\000 \014\304\260\037\024\346\000"
 914      01110020 
 914      0CC4B01F 
 914      14E600
 915 000f EDBBAA25 		.ascii	"\355\273\252%yI:C\311\222-\310\221+\0372\332\004\203"
 915      79493A43 
 915      C9922DC8 
 915      912B1F32 
 915      DA0483
 916              		.text
 917              		.section	.gnu.lto_.lto.b41fcd9fbdf3d9d5,"e",%progbits
 918 0000 09000200 		.ascii	"\011\000\002\000\001\000\000\000"
 918      01000000 
 919              		.text
 920              		.section	.gnu.lto_stInit.432.b41fcd9fbdf3d9d5,"e",%progbits
 921 0000 789CEB65 		.ascii	"x\234\353e``\360\006be fdf`\2344\261\213\211\241\241"
 921      6060F006 
 921      62652066 
 921      6466609C 
ARM GAS  /tmp/ccEcC5gy.s 			page 21


 921      34B18B89 
 922 0016 A1C1819D 		.ascii	"\241\301\201\235\211\261qb\027'\343VF0\217\221\241\236"
 922      89B17162 
 922      1727E356 
 922      46308F91 
 922      A19E
 923 0028 89B19E71 		.ascii	"\211\261\236q2\263&\220\373\343\351\244\336\303\214"
 923      32B32690 
 923      FBE3E9A4 
 923      DEC38C
 924 0037 0D2B0E30 		.ascii	"\015+\0160.af`\230\007\304P\300\006\3431\002\361\372"
 924      2E616660 
 924      9807C450 
 924      C006E331 
 924      02F1FA
 925 004a 4BAC071A 		.ascii	"K\254\007\032\376\374\357oh\270\373\210q\2362P\274\237"
 925      FEFCEF6F 
 925      68B8FB88 
 925      719E3250 
 925      BC9F
 926 005c 19647403 		.ascii	"\031dt\003\013c\303\001\006\206\011\314L\020N#\220\363"
 926      0B63C301 
 926      068609CC 
 926      4C104E23 
 926      90F3
 927 006e 8AB1E1D1 		.ascii	"\212\261\341\321\356c\214\014\037\030\233\025\030Z\030"
 927      EE638C0C 
 927      1F189B15 
 927      185A18
 928 007d 99963033 		.ascii	"\231\22603\316c\006\032\262\204\231\211\341\023c\323"
 928      CE63061A 
 928      B2849989 
 928      E11363D3 
 929 008d 83BD6E60 		.ascii	"\203\275n`\363\373\231\031\021\00600(\350g\344\347\246"
 929      F3FB9919 
 929      11063030 
 929      28E867E4 
 929      E7A6
 930 009f EA6726E6 		.ascii	"\352g&\346\351\273\344'\227\346\246\346\225\024\353"
 930      E9BBE427 
 930      97E6A6E6 
 930      9514EB
 931 00ae 3B0504F9 		.ascii	";\005\004\371\304\247\345d\246g\2240h\224dd\026\245"
 931      C4A7E564 
 931      A6679430 
 931      68946464 
 931      16A5
 932 00c0 C4172416 		.ascii	"\304\027$\026\225T\352;gd&e\372\007\353\347\027\353"
 932      9554EA3B 
 932      67642665 
 932      FA07EBE7 
 932      17EB
 933 00d2 6724E6E8 		.ascii	"g$\346\350\027\027%\203\350\370\342\022\275d\006\000"
 933      17172583 
 933      E8F8E212 
 933      BD640600 
 934 00e2 CEE54D30 		.ascii	"\316\345M0"
ARM GAS  /tmp/ccEcC5gy.s 			page 22


 935              		.text
 936              		.section	.gnu.lto_stGetCounter.433.b41fcd9fbdf3d9d5,"e",%progbits
 937 0000 789C7D4F 		.ascii	"x\234}O=K\003A\024|s{\3064V\266\026)D\264\311\372\361"
 937      3D4B0341 
 937      147C737B 
 937      C63456B6 
 937      162944B4 
 938 0017 07C4D888 		.ascii	"\007\304\330\210\021\305\330X\205\030?\356 \032IN\301"
 938      11C5D858 
 938      85183FEE 
 938      201A494E 
 938      C1
 939 0028 CA553B11 		.ascii	"\312U;\021\243\261\2610BB\020-\304F\361[\016+;\301\332"
 939      A3B1B130 
 939      4242102D 
 939      C446F15B 
 939      0E2B3BC1 
 940 003d 4A114444 		.ascii	"J\021DD\324\200\244\020\342\333Kj\027v\367\315\333\231"
 940      D480A410 
 940      E2DB4B6A 
 940      1776F7CD 
 940      DB99
 941 004f 79B32D20 		.ascii	"y\263- Z'\242\026\336\020\204\354\346\252AJ\251\356"
 941      5A27A216 
 941      DE1084EC 
 941      E6AA414A 
 941      A9EE
 942 0061 7A034B9B 		.ascii	"z\003K\233\253\367\271c\023\247\360\032\240E\003\213"
 942      ABF7B963 
 942      13A7F01A 
 942      A045038B 
 943 0071 D8123B02 		.ascii	"\330\022;\002YQd\262Y\253\200@\233\253T\371%{\377\354"
 943      595164B2 
 943      59AB8040 
 943      9BAB54F9 
 943      257BFFEC 
 944 0085 DBD977CD 		.ascii	"\333\331w\315\2420h\227\011'\3001\017\320\313G\272\303"
 944      A2306897 
 944      0927C031 
 944      0FD0CB47 
 944      BAC3
 945 0097 4358E3D5 		.ascii	"CX\343\325\300\031H\0036/\277\347\231}\012\356j\"\316"
 945      C0194803 
 945      362FBFE7 
 945      997D0AEE 
 945      6A22CE
 946 00aa BD47AD3C 		.ascii	"\275G\255<z\250s\325o%\243T\245\351\346\361\307\317"
 946      7AA873D5 
 946      6F25A354 
 946      A5E9E6F1 
 946      C7CF
 947 00bc C645C13E 		.ascii	"\306E\301>\031\241S*\023\312%\332\020F\025\2540x\203"
 947      19A1532A 
 947      13CA25DA 
 947      104615AC 
 947      307883
 948 00cf 2AD4EBB3 		.ascii	"*\324\353\263\364\265\266]\272kd3\215\236r\245m\340"
ARM GAS  /tmp/ccEcC5gy.s 			page 23


 948      F4B5B65D 
 948      BA6B6433 
 948      8D9E72A5 
 948      6DE0
 949 00e1 02F481DB 		.ascii	"\002\364\201\333\253\203\206\2020j\341M/E\265\362\\"
 949      AB838682 
 949      306AE14D 
 949      2F45B5F2 
 949      5C
 950 00f2 18ED81A7 		.ascii	"\030\355\201\247\324\341\012\270\004\265\347\225zm."
 950      D4E10AB8 
 950      04B5E795 
 950      7A6D2E
 951 0101 0A1FAE91 		.ascii	"\012\037\256\221\023^:\372\306\362\347a\366\362\325"
 951      135E3AFA 
 951      C6F2E761 
 951      F6F2D5
 952 0110 CFA1D94A 		.ascii	"\317\241\331J\1770#\252r,\273\032\006\244\225\234\236"
 952      7F3023AA 
 952      722CBB1A 
 952      06A4959C 
 952      9E
 953 0121 90766C46 		.ascii	"\220vlF\366&\343s\323\0233NZ\366\014\015\207\243\223"
 953      F626E373 
 953      D313334E 
 953      5AF60C0D 
 953      87A393
 954 0134 097BCA72 		.ascii	"\011{\312r\250\325\261\354\324xt6\226r\026d\310\262"
 954      A8D5B1EC 
 954      D4787436 
 954      96721664 
 954      C8B2
 955 0146 C7ECC188 		.ascii	"\307\354\301\210L\246\245\025K\310t*\256\357h\332\011"
 955      4CA6A515 
 955      4BC8742A 
 955      AEEF68DA 
 955      09
 956 0157 C6A9E71F 		.ascii	"\306\251\347\037\342l2\305\266\221\221\201\256N\031"
 956      E26C32C5 
 956      B6919181 
 956      AE4E19
 957 0166 0EF7CAC8 		.ascii	"\016\367\312\310hd\244/\324?\337Q\223G\023\211\361\240"
 957      6864A42F 
 957      D43FDF51 
 957      93471389 
 957      F1A0
 958 0178 457FF22A 		.ascii	"E\177\362*\223\356"
 958      93EE
 959              		.text
 960              		.section	.gnu.lto_stStartAlarm.434.b41fcd9fbdf3d9d5,"e",%progbits
 961 0000 789C8D52 		.ascii	"x\234\215RKh\023Q\024\275g^\222\261+\241\013qQ$\370"
 961      4B681351 
 961      14BD675E 
 961      92B12BA1 
 961      0B715124 
 962 0015 C1CF2263 		.ascii	"\301\317\"cS\304\255\264\005\225F\024\223\215\253\220"
 962      53C4ADB4 
ARM GAS  /tmp/ccEcC5gy.s 			page 24


 962      05954614 
 962      938DAB90 
 963 0025 26D11948 		.ascii	"&\321\031H\232\222\214\202\253>\323\205P\304\330\010"
 963      9A928C82 
 963      AB3ED385 
 963      50C4D808 
 964 0035 2252034A 		.ascii	"\"R\003J\220t!\202\2406j\354X\305\272\022\0217\342\302"
 964      90742182 
 964      A0366AEC 
 964      58C5BA12 
 964      1137E2C2 
 965 0049 5210A40B 		.ascii	"R\020\244\013+\015H\003J\274o2\251\320\2058\360\346"
 965      2B0D4803 
 965      4ABC6F32 
 965      A9D08538 
 965      F0E6
 966 005b DE73DF3D 		.ascii	"\336s\337=\347\274wgF4\242Y\"\332\305\013\202P\236\236"
 966      E7BC7767 
 966      4634A259 
 966      22DAC50B 
 966      82509E9E 
 967 006f D2484A79 		.ascii	"\322HJyD\327piz\252\007u\270\0104\241a\002\327\305~"
 967      44D77069 
 967      7AAA0775 
 967      B80834A1 
 967      6102D7C5 
 968 0084 86EB5FCB 		.ascii	"\206\353_\313\253\257 k\016\252\202\250\302\313}f\004"
 968      ABAF206B 
 968      0EAA82A8 
 968      C2CB7D66 
 968      04
 969 0095 CAA22A00 		.ascii	"\312\242*\000\237\227i\010r&\"\264\327\221\362}cN\312"
 969      9F976908 
 969      722622B4 
 969      D791F27D 
 969      634ECA
 970 00a8 1EAA0A81 		.ascii	"\036\252\012\201'`\016\036\003\217@\252\020[\365\021"
 970      27600E1E 
 970      038F40AA 
 970      105BF511 
 971 00b8 053C2530 		.ascii	"\005<%0\305\315\201\247P\232\212\274^\271\274R\337\375"
 971      C5CD81A7 
 971      509A8ABC 
 971      5EB9BC52 
 971      DFFD
 972 00ca 66521EEB 		.ascii	"fR\036\353\362\341\361\361\014J\241\345\347\316=\252"
 972      F2E1F1F1 
 972      0C4AA1E5 
 972      E7CE3DAA 
 973 00da F346AB72 		.ascii	"\363F\253rE\227o\245o\263\023wv\016\031PW\370\335\217"
 973      45976FA5 
 973      6FB31377 
 973      760E1950 
 973      57F8DD8F 
 974 00ee E75CAB2B 		.ascii	"\347\\\253+)\345\215\206\353\247Z\036|\360;\362W\273"
 974      29E58D86 
 974      EBA75A1E 
ARM GAS  /tmp/ccEcC5gy.s 			page 25


 974      7CF03BF2 
 974      57BB
 975 0100 24657BC7 		.ascii	"$e{\307\273\231\366\226\200\006\314\361FI\250\311H\037"
 975      BB99F696 
 975      8006CCF1 
 975      4649A8C9 
 975      481F
 976 0112 A443744D 		.ascii	"\244CtMh\0350\311`\005r\271\271\010\025wn\274\226\177"
 976      681D30C9 
 976      600572B9 
 976      B9081577 
 976      6EBC967F 
 977 0126 EA1C8A41 		.ascii	"\352\034\212A\366\271+4Ui6\256~l.\365\262\225\273\377"
 977      F6B92B34 
 977      556936AE 
 977      7E6C2EF5 
 977      B295BBFF 
 978 013a A9791378 		.ascii	"\251y\023x\001\372\216\205[\263}\336\314|\240\215\314"
 978      01FA8E85 
 978      5BB37DDE 
 978      CC7CA08D 
 978      CC
 979 014b 3560740F 		.ascii	"5`t\017<%?\034`\336\335=xG\312o[\253\"\200\227\270-"
 979      3C253F1C 
 979      60DEDD3D 
 979      7847CA6F 
 979      5BAB2280 
 980 0162 DCB387B9 		.ascii	"\334\263\207\271T\333V\025:\026\200\003n\3113]\376\334"
 980      54DB5615 
 980      3A168003 
 980      6EC9335D 
 980      FEDC
 981 0174 DCAE2CD6 		.ascii	"\334\256,\326j}\233\245\272::^\263\016\024I\031\363"
 981      6A7D9BA5 
 981      BA3A3A5E 
 981      B30E1449 
 981      19F3
 982 0186 C776895F 		.ascii	"\307v\211_\376\203\270\310D\355/Q9\026\177\334\1778"
 982      FE83B8C8 
 982      44ED2F51 
 982      39167FDC 
 982      7F38
 983 0198 1FE1C9AA 		.ascii	"\037\341\311\252\001\323\032\212K\255\243\356\377Q\022"
 983      01D31A8A 
 983      4BADA3EE 
 983      FF5112
 984 01a7 9D1BA1E8 		.ascii	"\235\033\241\350(\0304\314\\6mX\2111c8\227<\237M\217"
 984      281834CC 
 984      5C366D58 
 984      89316338 
 984      973C9F4D 
 985 01bc D90563F0 		.ascii	"\331\005c\360\324\351H\374l\306:g\332\264\3176\255|"
 985      D4E948FC 
 985      6CC63A67 
 985      DAB4CF36 
 985      AD7C
 986 01ce 2A3E9EC8 		.ascii	"*>\236\310\333\027\215!\323\032\265NF\215\\\3010\023"
ARM GAS  /tmp/ccEcC5gy.s 			page 26


 986      DB178D21 
 986      D31AB54E 
 986      468D5CC1 
 986      3013
 987 01e0 19A3904F 		.ascii	"\031\243\220O\252\030/\330\241$\351\211\321\202me\323"
 987      AA182FD8 
 987      A124E989 
 987      D1826D65 
 987      D3
 988 01f1 BDDD4A28 		.ascii	"\275\335J(\225N\246\017\017\204\017\321\340?4\306sy"
 988      954EA60F 
 988      0F840FD1 
 988      E03F34C6 
 988      7379
 989 0203 768CC64E 		.ascii	"v\214\306N\014\204\215Hd\330\210\236\211\306\216\017"
 989      0C848D48 
 989      64D8889E 
 989      89C68E0F 
 990 0213 8D5CE8F7 		.ascii	"\215\\\350\367\224\343\231L*d\322\037\005\237\367\317"
 990      94E3994C 
 990      2A64D21F 
 990      059FF7CF 
 991              		.text
 992              		.section	.gnu.lto_stStopAlarm.435.b41fcd9fbdf3d9d5,"e",%progbits
 993 0000 789C7D8F 		.ascii	"x\234}\217\277KBQ\024\307\317\367\335~ \015AKk\320b"
 993      BF4B4251 
 993      14C7CFF7 
 993      DD7E200D 
 993      414B6BD0 
 994 0015 8BB7EC1F 		.ascii	"\213\267\354\037\010u\211\214\242\347\322$\246\326{"
 994      0875898C 
 994      A2E7D224 
 994      A6D67B
 995 0024 A03ED157 		.ascii	"\240>\321W\320\344\3156\251Lk\010\262\"\020q\211\246"
 995      D0E4CD36 
 995      A94C6B08 
 995      B2221071 
 995      89A6
 996 0036 CA6A9120 		.ascii	"\312j\221 \202\306\372\007\"\010\242\241\037\006\322"
 996      82C6FA07 
 996      2208A2A1 
 996      1F06D2
 997 0045 10D47D4F 		.ascii	"\020\324}Oi\354\302\341\236\317\271\347|\317\367\366"
 997      69ECC2E1 
 997      9ECFB9E7 
 997      7CCFF7F6 
 998 0055 80688388 		.ascii	"\200h\203\210\006e\200\021\212\205\234BB\210\261n\005"
 998      06658011 
 998      8A859C42 
 998      4288B16E 
 998      05
 999 0066 2B859C03 		.ascii	"+\205\234\003'\260\011\224Q\220\301\026\033\222\370"
 999      27B00994 
 999      5190C116 
 999      1B92F8
 1000 0075 F5545CBF 		.ascii	"\365T\\\277\206\250\326QfD\3732\332\247\253M(1\3309"
 1000      86A8D651 
ARM GAS  /tmp/ccEcC5gy.s 			page 27


 1000      6644FB32 
 1000      DAA7AB4D 
 1000      2831D839 
 1001 0089 700AB2C0 		.ascii	"p\012\262\300\232\272q\223\224\223E\253\017g\366\233"
 1001      9ABA7193 
 1001      949345AB 
 1001      0F67F69B 
 1002 0099 5C4FC777 		.ascii	"\\O\307w\235u\361\375\223\027\342\315Y+U\034R!\317,"
 1002      9D75F1FD 
 1002      9317E2CD 
 1002      592B551C 
 1002      5221CF2C 
 1003 00ad 13A203A2 		.ascii	"\023\242\003\242N\264\311\224\026\254Jx\201x<\270\205"
 1003      4EB4C994 
 1003      16AC4A78 
 1003      81783CB8 
 1003      85
 1004 00be 757F7EAC 		.ascii	"u\177~\254m7\037\372\244\222]\335m\356\0005\320+\256"
 1004      6D371FFA 
 1004      A4925DDD 
 1004      6DEE0035 
 1004      D02BAE
 1005 00d1 1AD57EB9 		.ascii	"\032\325~\271\264\310\312\322\000\375e\266\210\244\012"
 1005      B4C8CAD2 
 1005      00FD65B6 
 1005      88A40A
 1006 00e0 A8CC145C 		.ascii	"\250\314\024\\\000\347\240\341C!\236{\313\214\341\022"
 1006      00E7A0E1 
 1006      43219E7B 
 1006      CB8CE112 
 1007 00f0 7BCCF665 		.ascii	"{\314\366euK\223\324@\366\375({\357\223\246\355\337"
 1007      754B93D4 
 1007      40F6FD28 
 1007      7BEF93A6 
 1007      EDDF
 1008 0102 E5594B02 		.ascii	"\345YK\002\331\272\205\003\\3\342Q\256\207\022\334g"
 1008      D9BA8503 
 1008      5C33E251 
 1008      AE8712DC 
 1008      67
 1009 0113 8417E3D1 		.ascii	"\204\027\343\321\204\231\346\236\351\031\177p>\246/"
 1009      8499E69E 
 1009      E9197F70 
 1009      3EA62F
 1010 0122 6826394D 		.ascii	"h&9MMOE\202\311P\312\\\346^M\237\323\247Tn\244\271\026"
 1010      4D4F4582 
 1010      C950CA5C 
 1010      E65E4D9F 
 1010      D3A7546E 
 1011 0139 8AF1742A 		.ascii	"\212\361t*l\335\301\264\351\012\223\347\237\306\244"
 1011      6CDDC1B4 
 1011      E90A93E7 
 1011      9FC6A4
 1012 0148 9192B26A 		.ascii	"\221\222\262j`r\324\315\375~\037Wg\325\300\270wbi\244"
 1012      6072D4CD 
 1012      FD7E1F57 
 1012      67D5C0B8 
ARM GAS  /tmp/ccEcC5gy.s 			page 28


 1012      776269A4 
 1013 015c 3D1E8CC5 		.ascii	"=\036\214\305\".\215~\001\353\373\212\325"
 1013      222E8D7E 
 1013      01EBFB8A 
 1013      D5
 1014              		.text
 1015              		.section	.gnu.lto_stSetAlarm.436.b41fcd9fbdf3d9d5,"e",%progbits
 1016 0000 789C7D51 		.ascii	"x\234}QMh\023Q\020\236o\337&!^\204\036<y\010\212\250"
 1016      4D681351 
 1016      109E6FDF 
 1016      26215E84 
 1016      1E3C7908 
 1017 0016 3D643545 		.ascii	"=d5E\274x\220\266\007\177V\024\223\213\247\220&\321"
 1017      BC7890B6 
 1017      077F5614 
 1017      938BA790 
 1017      26D1
 1018 0028 5D489A92 		.ascii	"]H\232\222]\205\236\372L\017B\021c#\210H-(\213\264\025"
 1018      5D859EFA 
 1018      4C0F4211 
 1018      63238848 
 1018      2D288BB4 
 1019 003d F5A4B6C6 		.ascii	"\365\244\266\306\352Z\010\210x\020\261H\020\264\024"
 1019      EA5A0888 
 1019      7810B148 
 1019      10B414
 1020 004c 0AE241B4 		.ascii	"\012\342A\264B\351\241\240\3636\333\036<\270\360vf\276"
 1020      42E9A1A0 
 1020      F336DB1E 
 1020      3CB8F076 
 1020      66BE
 1021 005e 99F9BE37 		.ascii	"\231\371\2767\363\332 \232&\242\335| \010\215\3611\215"
 1021      F3DA209A 
 1021      26A2DD7C 
 1021      20088DF1 
 1021      318D
 1022 0070 A4944763 		.ascii	"\244\224Gc\032.\217\217\3051\207 \002\215h\030\301\015"
 1022      1A2E8F8F 
 1022      C5318720 
 1022      028D6818 
 1022      C10D
 1023 0082 B19FC3F5 		.ascii	"\261\237\303\365\225\306\203\026\344\224\017O\020M\362"
 1023      95C68316 
 1023      E4940F4F 
 1023      104DF2
 1024 0091 09BE0981 		.ascii	"\011\276\011\201\206\360\004\240\207\236\206\004{\302"
 1024      86F004A0 
 1024      879E8604 
 1024      7BC2
 1025 009f A4BDBE94 		.ascii	"\244\275\276\224\357\233\263R\306\311\023\002\317\300"
 1025      EF9BB352 
 1025      C6C91302 
 1025      CFC0
 1026 00ad 3D780A3C 		.ascii	"=x\012<au\0062-\235(\0322\201[\002\037x\016\305\251"
 1026      61750632 
 1026      2D9D281A 
 1026      32815B02 
ARM GAS  /tmp/ccEcC5gy.s 			page 29


 1026      1F780EC5 
 1027 00c2 9AD727AF 		.ascii	"\232\327'\257\3144\217\264F\345\261\315~\204\375hB1"
 1027      CC348FB4 
 1027      46E5B1CD 
 1027      7E84FD68 
 1027      4231
 1028 00d4 2C46B872 		.ascii	",F\270r\217\252\274\331\236\271\032\223o\244\376\257"
 1028      8FAABCD9 
 1028      9EB91A93 
 1028      6FA4FEAF 
 1029 00e4 1257762E 		.ascii	"\022Wv.\031U#|J\341\005cs\212Jic>\320S%\217?D|\271\361"
 1029      1955237C 
 1029      4AE10563 
 1029      738A4A69 
 1029      633ED053 
 1030 00ff A72EE5D7 		.ascii	"\247.\345\327\356w\023\217\342\272\006\314r\242.\324"
 1030      EE77138F 
 1030      E2BA06CC 
 1030      72A22ED4 
 1031 010f 66A40EE9 		.ascii	"f\244\016\351\023]\027Z'\030\345\340;\344\362\347\267"
 1031      135D175A 
 1031      2718E5E0 
 1031      3BE4F2E7 
 1031      B7
 1032 0120 5076D7D6 		.ascii	"Pv\327\326o\371\31366\265\004\353\334\023\232B~\317"
 1032      6FF9CB36 
 1032      36B504EB 
 1032      DC139A42 
 1032      7ECF
 1033 0132 5FFBB8B6 		.ascii	"_\373\270\266\324\305RA\276\275v\013x\011\372\201\205"
 1033      D4C55241 
 1033      BEBD760B 
 1033      7809FA81 
 1033      85
 1034 0143 DBD33BC3 		.ascii	"\333\323;\303\235\351\240-/\020\340\350>xK\021\370\300"
 1034      9DE9A02D 
 1034      2F10E0E8 
 1034      3E784B11 
 1034      F8C0
 1035 0155 AB207BE0 		.ascii	"\253 {\340\256\224\337\266{\"\212\327\270#\202\273\247"
 1035      AE94DFB6 
 1035      7B228AD7 
 1035      B82382BB 
 1035      A7
 1036 0166 189ADAE1 		.ascii	"\030\232\332\341\211\030\026\200\356\000\352\210\326"
 1036      89181680 
 1036      EE00EA88 
 1036      D6
 1037 0173 7E3E5C5D 		.ascii	"~>\\]4yN5.\255\242\266\364\353D\360Zu\321\341G\315W"
 1037      34794E35 
 1037      2EADA2B6 
 1037      F4EB44F0 
 1037      5A75D1E1 
 1038 018a 61C2B02A 		.ascii	"a\302\260*\345\242a\347\006\215\376J\376b\2718\350:"
 1038      E5A261E7 
 1038      068DFE4A 
 1038      FE62B938 
ARM GAS  /tmp/ccEcC5gy.s 			page 30


 1038      E83A
 1039 019c 46EF99B3 		.ascii	"F\357\231\263f\366|\311\276`\271\264\317\265\354j!;"
 1039      66F67CC9 
 1039      BE60B9B4 
 1039      CFB5EC6A 
 1039      213B
 1040 01ae 94ABBAC3 		.ascii	"\224\253\272\303F\237e\017\330\247\323F\3051\254\\\311"
 1040      469F650F 
 1040      D8A7D346 
 1040      C531AC5C 
 1040      C9
 1041 01bf 70AA7965 		.ascii	"p\252ye\263\216\233\314S,7\340\270v\271\330\265\211"
 1041      B38E9BCC 
 1041      532C37E0 
 1041      B876B9D8 
 1041      B589
 1042 01d1 240BC57C 		.ascii	"$\013\305|\361pO\352\020\365\376\207c\250Re\305t\346"
 1042      F1704FEA 
 1042      10F5FE87 
 1042      63A85265 
 1042      C574E6
 1043 01e4 544FCA30 		.ascii	"TO\3120\315~#}.\2359\336w\362\322\301\2209[*\025\222"
 1043      CD7E237D 
 1043      2E9D39DE 
 1043      77F2D2C1 
 1043      90395B2A 
 1044 01fa 16FD05EC 		.ascii	"\026\375\005\354\303\323E"
 1044      C3D345
 1045              		.text
 1046              		.section	.gnu.lto_stGetAlarm.437.b41fcd9fbdf3d9d5,"e",%progbits
 1047 0000 789CF367 		.ascii	"x\234\363gd`\350c``P\003bFf\006\306I\023\273\230\030"
 1047      6460E863 
 1047      60605003 
 1047      62466606 
 1047      C64913BB 
 1048 0016 1A1A1A1C 		.ascii	"\032\032\032\034\330\231\030\033'v\375_\263\205\205"
 1048      D899181B 
 1048      2776FD5F 
 1048      B38585
 1049 0025 713B2358 		.ascii	"q;#X\200\221\241\236\211\261\236q2\363\034f\306I\314"
 1049      8091A19E 
 1049      89B19E71 
 1049      32F31C66 
 1049      C649CC
 1050 0038 4B808A59 		.ascii	"K\200\212Y\240,FF\005\315\003\015\015?\236N:\375\224"
 1050      A02C4646 
 1050      05CD030D 
 1050      0D3F9E4E 
 1050      3AFD94
 1051 004b 6DCE8A03 		.ascii	"m\316\212\003,K\230\231\030\346\001\025led\334\002\264"
 1051      2C4B9899 
 1051      18E60115 
 1051      6C6564DC 
 1051      02B4
 1052 005d 0004D818 		.ascii	"\000\004\330\030@\"@K\200z\300lF\306\035\214\014 \016"
 1052      4022404B 
 1052      807AC06C 
ARM GAS  /tmp/ccEcC5gy.s 			page 31


 1052      46C61D8C 
 1052      0C200E
 1053 0070 D0F01FCF 		.ascii	"\320\360\037\317\027\001Uog\004\212\202\0242\356\004"
 1053      1701556F 
 1053      67048A82 
 1053      1432EE04 
 1054 0080 4B8274AE 		.ascii	"K\202t\256\277\304z\240\341\317\377\376\206\206\373"
 1054      BFC47AA0 
 1054      E1CFFFFE 
 1054      8686FB
 1055 008f 3A7BE66C 		.ascii	":{\346l\343\004\032\274\204\031hN?3\310\225\015,\214"
 1055      E3041ABC 
 1055      8419684E 
 1055      3F33C895 
 1055      0D2C8C
 1056 00a2 0D071818 		.ascii	"\015\007\030\030&03A8\315@\316+\306\206G\263O3\202h"
 1056      26303341 
 1056      38CD40CE 
 1056      2BC68647 
 1056      B34F3382 
 1057 00b7 2538F168 		.ascii	"%8\361h\0367\210\372\374\261\347\317\267\023\302@\363"
 1057      1E3788FA 
 1057      FCB1E7CF 
 1057      B713C240 
 1057      F3
 1058 00c8 C18213BF 		.ascii	"\301\202\023\277\317`d\334\305\310\360\216\361\320\205"
 1058      CF6064DC 
 1058      C5C8F08E 
 1058      F1D085
 1059 00d7 95BC8B98 		.ascii	"\225\274\213\230\231\240\376a\001;\014\302\002\033\014"
 1059      99A0FE61 
 1059      013B0CC2 
 1059      021B0C
 1060 00e6 E42D6304 		.ascii	"\344-c\004Z\314\312\270\207\221q7X\326`aC\303\013\225"
 1060      5ACCCAB8 
 1060      87917137 
 1060      58D66061 
 1060      43C30B95 
 1061 00fa 25CC6C8C 		.ascii	"%\314l\214{\031\3472\203\335l\004\024Z\241\276\204\231"
 1061      7B19E732 
 1061      83DD6C04 
 1061      145AA1BE 
 1061      8499
 1062 010c 9D711F23 		.ascii	"\235q\037#\243\026X\210\341\023c\323\207\265\237n\276"
 1062      A3165888 
 1062      E11363D3 
 1062      87B59F6E 
 1062      BE
 1063 011d E000FA0E 		.ascii	"\340\000\372\016h\001($\372\231!\20626\035\000q\025"
 1063      68012824 
 1063      FA992186 
 1063      32361D00 
 1063      7115
 1064 012f F433F273 		.ascii	"\3643\362sS\3653\023\363\364]\362\223KsS\363J\212\365"
 1064      53F53313 
 1064      F3F45DF2 
 1064      934B7353 
ARM GAS  /tmp/ccEcC5gy.s 			page 32


 1064      F34A8AF5 
 1065 0143 9D02827C 		.ascii	"\235\002\202|\342\323r2\3233J\0304J22\213R\342\013\022"
 1065      E2D37232 
 1065      D3334A18 
 1065      344A3232 
 1065      8B52E20B 
 1066 0158 8B4A2AF5 		.ascii	"\213J*\365\23532\2232\375\203\365\363\213\3653\022s"
 1066      9D333293 
 1066      32FD83F5 
 1066      F38BF533 
 1066      1273
 1067 016a F48B8B92 		.ascii	"\364\213\213\222At|q\211^2\203\023\036\205\005\371E"
 1067      41747C71 
 1067      895E3283 
 1067      131E8505 
 1067      F945
 1068 017c 40638343 		.ascii	"@c\203C|\215\215\364}|\\\364\203#\203C<\235\275\313"
 1068      7C8D8DF4 
 1068      7D7C5CF4 
 1068      83238343 
 1068      3C9DBDCB 
 1069 0190 0CA1DAE3 		.ascii	"\014\241\332\343srR\3642\030\000\333\257\241\366"
 1069      737252F4 
 1069      321800DB 
 1069      AFA1F6
 1070              		.text
 1071              		.section	.gnu.lto_stIsAlarmActive.438.b41fcd9fbdf3d9d5,"e",%progbits
 1072 0000 789C7D50 		.ascii	"x\234}P\313JcA\020\255s\373\306\307v~@W\242\233\264"
 1072      CB4A6341 
 1072      10AD73FB 
 1072      C6C7767E 
 1072      4057A29B 
 1073 0015 8F1F9098 		.ascii	"\217\037\220\230\315`d\304\270q\0252\361q/D#\311\035"
 1073      CD6064C4 
 1073      B8711532 
 1073      F1712F44 
 1073      23C91D
 1074 0028 C195AD2E 		.ascii	"\301\225\255.\004\021\037\031\030D\234\201\271\004\231"
 1074      04111F19 
 1074      18449C81 
 1074      B90499
 1075 0037 01D18DEF 		.ascii	"\001\321\215\357d\340\"\370\003\001w\212\"\270Q|\314"
 1075      64E022F8 
 1075      0301778A 
 1075      22B8517C 
 1075      CC
 1076 0048 08EA42D0 		.ascii	"\010\352B\320\352\316\254m\350\352:\247\252N\035:\002"
 1076      EACEAC6D 
 1076      E8EA3AA7 
 1076      AA4E1D3A 
 1076      02
 1077 0059 A279226A 		.ascii	"\242y\"j\340\013A\310/\315Z\244\224j\257\2660\2714{"
 1077      E00B41C8 
 1077      2FCD5AA4 
 1077      946AAFB6 
 1077      30B9347B 
 1078 006d B7B16563 		.ascii	"\267\261ec\033\206\000MX\230\300W\321\024(\365|\231"
ARM GAS  /tmp/ccEcC5gy.s 			page 33


 1078      1B86004D 
 1078      5898C057 
 1078      D11428F5 
 1078      7C99
 1079 007f BF3EC2CA 		.ascii	"\277>\302\312\257\000\005A\364\203'\333\320L\346T\031"
 1079      AF000541 
 1079      F48327DB 
 1079      D04CE654 
 1079      19
 1080 0090 CC72AB02 		.ascii	"\314r\253\002&\007v@\032\260\314\363\243\317\275\333"
 1080      26077640 
 1080      1AB0CCF3 
 1080      A3CFBDDB 
 1081 00a0 60563762 		.ascii	"`V7b\327\024\331\004m\226C\201zy]P\352,\\:)\326\206"
 1081      D714D904 
 1081      6D964381 
 1081      7A795D50 
 1081      EA2C5C3A 
 1082 00b7 2C2A08B6 		.ascii	",*\010\266\304\301&\275\204\026\204v\246l\250\200hQ"
 1082      C4C126BD 
 1082      84168476 
 1082      A66CA880 
 1082      6851
 1083 00c9 581530CD 		.ascii	"X\0250\315\340\012\312\257\326\361\341\357\334\336\323"
 1083      E00ACAAF 
 1083      D6F1E1EF 
 1083      DCDED3
 1084 00d8 F90796D5 		.ascii	"\371\007\226\325\350\342\317\3232\260\007\272\305a\351"
 1084      E8E2CFD3 
 1084      32B007BA 
 1084      C561E9
 1085 00e7 779D2F2C 		.ascii	"w\235/,v\221\027\005a\031?\225\314\2500Z\003o\0218\000"
 1085      76911705 
 1085      61193F95 
 1085      CCA8305A 
 1085      036F1138 
 1086 00fc F641CD3F 		.ascii	"\366A\315?\225\252)\010\033E|\027\306&kL\177\233\271"
 1086      95AA2908 
 1086      1B457C17 
 1086      C6266B4C 
 1086      7F9BB9
 1087 010f B17D2158 		.ascii	"\261}!XG\217\002\226&\3133\307\360\205\346+$\321?L\335"
 1087      478F0296 
 1087      26CB33C7 
 1087      F085E62B 
 1087      24D13F4C 
 1088 0124 AF974FF5 		.ascii	"\257\227O\365\307q\201\214\363\312\032L\005\032\326"
 1088      C771818C 
 1088      F3CA1A4C 
 1088      051AD6
 1089 0133 4B27333C 		.ascii	"K'3< \335\344\210\214fR_\206\007F\274\234\214t\367\304"
 1089      20DDE488 
 1089      8C66525F 
 1089      860746BC 
 1089      9C8C74F7 
 1090 0148 12836977 		.ascii	"\022\203iw\310\361\250\321s\334l\177b4\231\365\306e"
 1090      C8F1A8D1 
ARM GAS  /tmp/ccEcC5gy.s 			page 34


 1090      73DC6C7F 
 1090      623499F5 
 1090      C665
 1091 015a 87E37E76 		.ascii	"\207\343~v?\305e&'\235dZ\346\262)\375&r^8E\221w\032"
 1091      3FC56526 
 1091      279D645A 
 1091      E6B229FD 
 1091      26725E38 
 1092 0172 47335996 		.ascii	"G3Y\226\215\367v\265\265\312X,*\343}\361\336\217\035"
 1092      8DF776B5 
 1092      B5CA582C 
 1092      2AE37DF1 
 1092      DE8F1D
 1093 0185 9D632DFF 		.ascii	"\235c-\377\307\023\351t\177\330\2417\033\352\233`"
 1093      C713E974 
 1093      7FD8A137 
 1093      1BEA9B60 
 1094              		.text
 1095              		.section	.gnu.lto_.symbol_nodes.b41fcd9fbdf3d9d5,"e",%progbits
 1096 0000 789C75CF 		.ascii	"x\234u\317\311\021\2000\014CQ\031\005R\006\315\320\227"
 1096      C9118030 
 1096      0C435119 
 1096      055206CD 
 1096      D097
 1097 0012 420794C2 		.ascii	"B\007\224\302\316\014E\320\014\005@X\256\376\327g\035"
 1097      CE0C45D0 
 1097      0C054058 
 1097      AEFED767 
 1097      1D
 1098 0023 7C2257F4 		.ascii	"|\"W\364\024R.Xw\000\002\366\324\032\014/\016\224\271"
 1098      14522E58 
 1098      770002F6 
 1098      D41A0C2F 
 1098      0E94B9
 1099 0036 3852858B 		.ascii	"8R\205\213\023E\027g*\270\270P\245\213+Uyh\033\025\257"
 1099      13451767 
 1099      2AB8B850 
 1099      A58B2B55 
 1099      79681B15 
 1100 004b BFFA3DC0 		.ascii	"\277\372=\300\363\332\243D\374f\015nd\011?n"
 1100      F3DAA344 
 1100      FC660D6E 
 1100      64093F6E 
 1101              		.text
 1102              		.section	.gnu.lto_.refs.b41fcd9fbdf3d9d5,"e",%progbits
 1103 0000 789C6364 		.ascii	"x\234cd\000\002\000\000\012\000\002"
 1103      00020000 
 1103      0A0002
 1104              		.text
 1105              		.section	.gnu.lto_.decls.b41fcd9fbdf3d9d5,"e",%progbits
 1106 0000 789CAD56 		.ascii	"x\234\255VmPT\327\031>\3579w\227\345\262\006J\210\351"
 1106      6D5054D7 
 1106      193EEF39 
 1106      7797E5B2 
 1106      064A88E9 
 1107 0014 F4C36E4D 		.ascii	"\364\303nM;l?\342\3122\215\323\037\235A\027c\035\305"
 1107      3B6C3FE2 
ARM GAS  /tmp/ccEcC5gy.s 			page 35


 1107      CA328DD3 
 1107      1F9D4117 
 1107      631DC5
 1108 0027 380B9D69 		.ascii	"8\013\235i\373g\207r7\356\316\000K\331\253\323\364G"
 1108      FB678772 
 1108      37EECE00 
 1108      4BD9ABD3 
 1108      F447
 1109 0039 E7064114 		.ascii	"\347\006A\024\201\020,\011\325T1I-\211QIk\032q[]\260"
 1109      81102C09 
 1109      D5543149 
 1109      2D895149 
 1109      6B1A715B 
 1110 004f EA46D190 		.ascii	"\352F\321\220\206\024\215\332@\375\332(\211\244\232"
 1110      86148DDA 
 1110      40FDDA28 
 1110      89A49A
 1111 005e 4A8468DF 		.ascii	"J\204h\337s?Y\226t\322\231^}\317=\347\354\363<\357s"
 1111      733F5996 
 1111      74D2995E 
 1111      7DCF3DE7 
 1111      ECF33CEF 
 1112 0073 DE7BEEB9 		.ascii	"\336{\356\271\314q\022\362+J\310w1\356\341\345 \204"
 1112      CC7112F2 
 1112      2B4AC877 
 1112      31EEE1E5 
 1112      2084
 1113 0085 BC850118 		.ascii	"\274\205\001\0301\242]|\256\037\343(\306\033\030'1N"
 1113      31A25D7C 
 1113      AE1FE328 
 1113      C61B1827 
 1113      314E
 1114 0097 61BC89F1 		.ascii	"a\274\211\361w\2143$\375j@\001\206\367\020\306Y\214"
 1114      778C3324 
 1114      FD6A4001 
 1114      86F710C6 
 1114      598C
 1115 00a9 3E7D9EEA 		.ascii	">}\236\352Z\263q6#'\003\357\271\030yz\376|\214\257\342"
 1115      5AB37136 
 1115      232703EF 
 1115      B918797A 
 1115      FE7C8CAF 
 1116 00be FC573046 		.ascii	"\374W0Ft__\002M\207\373\371\032\244\353l\001\315sh\206"
 1116      745F5F02 
 1116      4D87FBF9 
 1116      1AA4EB6C 
 1116      01CD7368 
 1117 00d3 96A17383 		.ascii	"\226\241s\203hZ\334\237\310\261\030suM\276\276\257\317"
 1117      685ADC9F 
 1117      C8B11873 
 1117      754DBEBE 
 1117      AFCF
 1118 00e5 A2F92CCE 		.ascii	"\242\371,\316\011\272\346L?\006\227\327\345\241Y\270"
 1118      09BAE64C 
 1118      3F0697D7 
 1118      E5A159B8 
 1119 00f5 DB3EA71F 		.ascii	"\333>\247\037\320\375p-^\337o\316\242\265C\327\372\254"
ARM GAS  /tmp/ccEcC5gy.s 			page 36


 1119      D0FD702D 
 1119      5EDF6FCE 
 1119      A2B543D7 
 1119      FAAC
 1120 0107 1ACDA6C5 		.ascii	"\032\315\246\305\237S\376,Z{p\316\206\367\241\317\250"
 1120      9F53FE2C 
 1120      5A7B70CE 
 1120      86F7A1CF 
 1120      A8
 1121 0118 B3B12EFE 		.ascii	"\263\261.\376\214\2775\013\277\235A>\360M\223\255\366"
 1121      8CBF350B 
 1121      BF9D413E 
 1121      F04D93AD 
 1121      F6
 1122 0129 08A3C4A3 		.ascii	"\010\243\304\243\250W\377\\\002\177\322\030\205Y\354"
 1122      A857FF5C 
 1122      027FD218 
 1122      8559EC
 1123 0138 518ECC05 		.ascii	"Q\216\314\005\001\333<pmc\364\217\353\267oq\212qE\031"
 1123      01DB3C70 
 1123      6D63F48F 
 1123      EBB76F71 
 1123      8A714519 
 1124 014c 57E2F599 		.ascii	"W\342\365\231\004\016\002\364\002\201\003\200*\257\003"
 1124      040E02F4 
 1124      02810380 
 1124      2AAF03
 1125 015b BC06B01F 		.ascii	"\274\006\260\037\020\266\373b\354\202\3632\250\036\004"
 1125      10B6FB62 
 1125      EC82F332 
 1125      A81E04
 1126 016a 0900CE3C 		.ascii	"\011\000\316<\202\215H~\312H\236B\025j\227\030\025\231"
 1126      828D487E 
 1126      CA489E42 
 1126      156A9718 
 1126      1599
 1127 017c C8243101 		.ascii	"\310$1\001\363\334\267X\221\203\272\263EG\367\021\310"
 1127      F3DCB758 
 1127      9183BAB3 
 1127      4547F711 
 1127      C8
 1128 018d 116D0E4A 		.ascii	"\021m\016J\223\031\222\350\276\003\257\320.\273\253"
 1128      931992E8 
 1128      BE03AFD0 
 1128      2EBBAB
 1129 019c 4811A4E6 		.ascii	"H\021\244\346\007\222\031\012m[\225WX\204m2#\001\022"
 1129      0792190A 
 1129      6D5B9557 
 1129      58846D32 
 1129      230112
 1130 01af B2560B8E 		.ascii	"\262V\013\216\034\354%3\304[\254\253\305.\235\242\033"
 1130      1CEC2533 
 1130      C45BACAB 
 1130      C52E9DA2 
 1130      1B
 1131 01c0 F32101A2 		.ascii	"\363!\001\242\344\315\303\225\0249\034\363\262\373Y"
 1131      E4CDC395 
ARM GAS  /tmp/ccEcC5gy.s 			page 37


 1131      14391CF3 
 1131      B2FB59
 1132 01cf 3F2E8238 		.ascii	"?.\2028\034={\037\020\223\031\331(\341\226\\9\222+;"
 1132      1C3D7B1F 
 1132      109319D9 
 1132      28E1965C 
 1132      39922B3B 
 1133 01e3 01364912 		.ascii	"\0016I\022\363\334\004MH^o\021\025QYp$\300\313\300\351"
 1133      F3DC044D 
 1133      485E6F11 
 1133      15515970 
 1133      24C0CBC0 
 1134 01f8 5546AF3F 		.ascii	"UF\257?(\332\304\314y.7!\022y\224\242.\273g\\\220\201"
 1134      28DAC4CC 
 1134      792E3721 
 1134      127994A2 
 1134      2EBB675C 
 1135 020e 39256B08 		.ascii	"9%k\010\340\026\251\227\262\025I|\011(u\021\242\010"
 1135      E016A997 
 1135      B215497C 
 1135      09287511 
 1135      A208
 1136 0220 0EA71314 		.ascii	"\016\247\023\024\274e\006VH\253\275\"IfP\374)O\000\205"
 1136      BC650656 
 1136      48ABBD22 
 1136      496650FC 
 1136      294F0085 
 1137 0234 82C514ED 		.ascii	"\202\305\024\355\004\240\233a\011\325\177\274\001\275"
 1137      04A09B61 
 1137      09D57FBC 
 1137      01BD
 1138 0242 013E04ED 		.ascii	"\001>\004\355\3356\322\250\363\374\031S\035\315!\332"
 1138      DD36D2A8 
 1138      F3FC1953 
 1138      1DCD21DA 
 1139 0252 AC79D3FB 		.ascii	"\254y\323\373\034@u\035\252?v\3208z\022\336N\0237!\240"
 1139      1C40751D 
 1139      AA3F76D0 
 1139      387A12DE 
 1139      4E133721 
 1140 0267 430C1D8D 		.ascii	"C\014\035\215\243\003L\256\336\3459T0\235\316Qy)\306"
 1140      A3034CAE 
 1140      DEE53954 
 1140      309DCE51 
 1140      7929C6
 1141 027a 2D4962CA 		.ascii	"-Ib\312\032\226\2106\300}\263\343\320\360/\257`\331"
 1141      1A968836 
 1141      C07DB3E3 
 1141      D0F02FAF 
 1141      60D9
 1142 028c 949E9601 		.ascii	"\224\236\226\001\0069mE\004XD\333\203T\335\2039\010"
 1142      06396D45 
 1142      045844DB 
 1142      8354DD83 
 1142      3908
 1143 029e 6A8CB59E 		.ascii	"j\214\265\236\024\037D\320\230\242\344A\010\342\000"
 1143      141F44D0 
ARM GAS  /tmp/ccEcC5gy.s 			page 38


 1143      98A2E441 
 1143      08E200
 1144 02ad 87B97E1F 		.ascii	"\207\271~\037JGT\2313\355\303ms\346wv*\023\027\216\017"
 1144      4A475499 
 1144      33EDC36D 
 1144      73E67776 
 1144      2A13178E 
 1145 02c2 3FFFD0E8 		.ascii	"?\377\320\350\001Ei@\274\203c\340\020\340NUS\037B\302"
 1145      01456940 
 1145      BC8363E0 
 1145      10E04E55 
 1145      531F42C2 
 1146 02d6 5F00FE0C 		.ascii	"_\000\376\014\205\273l,\016\234y\347l\375d\206\251\035"
 1146      85BB6C2C 
 1146      0E9C79E7 
 1146      6CFD6486 
 1146      A91D
 1147 02e8 0353FCAF 		.ascii	"\003S\374\257\246x\337\361\251+\214\213\217\277yq\303"
 1147      A678DFF1 
 1147      A92B8C8B 
 1147      8FBF7971 
 1147      C3
 1148 02f9 7D83FCA5 		.ascii	"}\203\374\245\001\374\031\216\230\272GL\335\2556vJ\325"
 1148      01FC198E 
 1148      98BA474C 
 1148      DDAD3676 
 1148      4AD5
 1149 030b BDD971FB 		.ascii	"\275\331q\373\003\306O!\256\031\301\211g\352\336\370"
 1149      03C64F21 
 1149      AE19C189 
 1149      67EADEF8 
 1150 031b 386B9645 		.ascii	"8k\226E$\220{\034\324D\3157\273\306\262\325D7\216\374"
 1150      24907B1C 
 1150      D444CD37 
 1150      BBC6B2D5 
 1150      44378EFC 
 1151 032f BC9BEF68 		.ascii	"\274\233\357h\374\025\216\231i\216\231i.\012\354]5\315"
 1151      FC158E99 
 1151      698E9969 
 1151      2E0AEC5D 
 1151      35CD
 1152 0341 505F7F0F 		.ascii	"P_\177\017\345\224\236\226\206F%\247\016I\002_\363\011"
 1152      E5949E96 
 1152      864625A7 
 1152      0E49025F 
 1152      F309
 1153 0353 9374C224 		.ascii	"\223t\302$\235\023\330\025\225\324\330~\332\256rv[\034"
 1153      9D13D815 
 1153      95D4D87E 
 1153      DAAE7276 
 1153      5B1C
 1154 0365 4C346072 		.ascii	"L4`r\006LN\257\300>R9\335\227o\267i\336N^\236^\204\323"
 1154      064C4EAF 
 1154      C03E5239 
 1154      DD976FB7 
 1154      69DE4E5E 
 1155 037d 26E9B449 		.ascii	"&\351\264Ij\022\330\024\0361\315\024\211\366\203M\373"
ARM GAS  /tmp/ccEcC5gy.s 			page 39


 1155      6A12D814 
 1155      1E31CD14 
 1155      89F6834D 
 1155      FB
 1156 038e 5F10BE0C 		.ascii	"_\020\276\014\200\3773)\014A\035\3176\004x\242$\225"
 1156      80FF3329 
 1156      0C411DCF 
 1156      360478A2 
 1156      2495
 1157 03a0 7A278142 		.ascii	"z'\201BXH\340-\300)\002\177\003x\233\237&\273\342\333"
 1157      5848E02D 
 1157      C029027F 
 1157      03789B9F 
 1157      26BBE2DB 
 1158 03b4 46C0ACD5 		.ascii	"F\300\254\325\220\365P\3361\037J\357\316VY\265s\375"
 1158      90F550DE 
 1158      311F4AEF 
 1158      CE5659B5 
 1158      73FD
 1159 03c6 A85EAA77 		.ascii	"\250^\252w\000\006M3\203\246\231\273\214\265s#\264u"
 1159      00064D33 
 1159      83A699BB 
 1159      8CB57323 
 1159      B475
 1160 03d8 ACE3B073 		.ascii	"\254\343\260s~\247\242LL\265\277\324\353\352[\337\345"
 1160      7EA7A24C 
 1160      4CB5BFD4 
 1160      EBEA5BDF 
 1160      E5
 1161 03e9 E6951A36 		.ascii	"\346\225\03269\303\240o\312\023\347{&\035N\365\314\353"
 1161      39C3A06F 
 1161      CA13E77B 
 1161      261D4EF5 
 1161      CCEB
 1162 03fb EA57CBA9 		.ascii	"\352W\313\251\235z\004\316\002\3216\347\031\355\346"
 1162      9D7A04CE 
 1162      02D136E7 
 1162      19EDE6
 1163 040a 50F7685C 		.ascii	"P\367h\\\033\014\0226J\011\273\252f\333\020\277:\350"
 1163      1B0C1236 
 1163      4A09BBAA 
 1163      66DB10BF 
 1163      3AE8
 1164 041c 1047669E 		.ascii	"\020Gf\236\233\357M?7\3318\325\230\011\302n\"sB\037"
 1164      9BEF4D3F 
 1164      37D938D5 
 1164      9809C26E 
 1164      2273421F 
 1165 0430 C6099BD2 		.ascii	"\306\011\233\322\273\013\3256GM\243\000{\222i\323\014"
 1165      BB0BD536 
 1165      474DA300 
 1165      7B9269D3 
 1165      0C
 1166 0441 336CB936 		.ascii	"3l\2716\271\317)*z\006\2344L\216a\036\017\\\347\205"
 1166      B9CF292A 
 1166      7A069C34 
 1166      4C8E611E 
ARM GAS  /tmp/ccEcC5gy.s 			page 40


 1166      0F5CE785 
 1167 0455 1C3BFAFE 		.ascii	"\034;\372\376\300\234\364\323\373\275\031\247\367\336"
 1167      C09CF4D3 
 1167      FBBD19A7 
 1167      F7DE
 1168 0463 ADE73641 		.ascii	"\255\3476A.J\325+J\027\205\017\000\336\007Hr\255\017"
 1168      2E4AD52B 
 1168      4A17850F 
 1168      00DE0748 
 1168      72AD0F
 1169 0476 41D5E32B 		.ascii	"A\325\343+\352\032\332\030\313\262@#\351 \326\240\333"
 1169      EA1ADA18 
 1169      CBB24023 
 1169      E920D6A0 
 1169      DB
 1170 0487 73B34D8C 		.ascii	"s\263M\214\260\026}\344bO\343\250C\037}\221m\305Q\027"
 1170      B0167DE4 
 1170      624FE3A8 
 1170      431F7D91 
 1170      6DC55117 
 1171 049b C62E8C97 		.ascii	"\306.\214\2271\366`\374\001\343u\214\230\216\032!\332"
 1171      31F660FC 
 1171      01E3758C 
 1171      988E1A21 
 1171      DA
 1172 04ac 92EDEC30 		.ascii	"\222\355\3540\343\311_\373p\252\3076\333b\327S\276\330"
 1172      E3C95FFB 
 1172      70AAC736 
 1172      DB62D753 
 1172      BED8
 1173 04be 8508D91F 		.ascii	"\205\010\331\037;\331MS\026q\036\340\034\307\324S\025"
 1173      3BD94D53 
 1173      16711EE0 
 1173      1CC7D453 
 1173      15
 1174 04cf A76EE317 		.ascii	"\247n\343\027\257W\244\254!\035\363\355\261\241\266"
 1174      AF57A4AC 
 1174      211DF3ED 
 1174      B1A1B6
 1175 04de 4B59DF98 		.ascii	"KY\337\230y\335\2171\212\233\247s\373\275}\367=\207"
 1175      79DD8F31 
 1175      8A9BA773 
 1175      FBBD7DF7 
 1175      3D87
 1176 04f0 2E9C9CFE 		.ascii	".\234\234\376o\200g\251i\346\026o\012\010\302z^y\265"
 1176      6F8067A9 
 1176      69E6166F 
 1176      0A08C27A 
 1176      5E79B5
 1177 0503 2681BB16 		.ascii	"&\201\273\026!\027S \377\344\315AP1\223O\341\353\247"
 1177      21175320 
 1177      FFE4CD41 
 1177      5031934F 
 1177      E1EBA7
 1178 0516 E94CA680 		.ascii	"\351L\246\200\222\226\316\224\205\271\223\216A\241\235"
 1178      9296CE94 
 1178      85B9938E 
ARM GAS  /tmp/ccEcC5gy.s 			page 41


 1178      41A19D
 1179 0525 086A7E55 		.ascii	"\010j~U\340\311n\000\\S1\306\203\271:-\331'\226\320"
 1179      E0C96E00 
 1179      5C5331C6 
 1179      83B93A2D 
 1179      D92796D0 
 1180 0539 A72942E7 		.ascii	"\247)B\347\254d{L\323\243)\220\013\026\244\305\204\\"
 1180      AC647B4C 
 1180      D3A32990 
 1180      0B16A4C5 
 1180      845C
 1181 054b 49815C9E 		.ascii	"I\201\\\236\226\352\256\225j\"\005t{\032h\223)t3\005"
 1181      96EAAE95 
 1181      6A220574 
 1181      7B1A6893 
 1181      29743305 
 1182 055f F39195EB 		.ascii	"\363\221\225\353\206\245s/\005\3431!\273M\225K\351e"
 1182      86A5732F 
 1182      05E33121 
 1182      BB4D954B 
 1182      E965
 1183 0571 D6201396 		.ascii	"\326 \023\226\312\3354\025\275\200\373\264\0026P\250"
 1183      CADD3415 
 1183      BD80FBB4 
 1183      023650A8 
 1184 0581 A31C62EC 		.ascii	"\243\034b\354\212w-\231O-\231O\322\027\245a6\233n\306"
 1184      8A772D99 
 1184      4F2D994F 
 1184      D217A561 
 1184      369B6EC6 
 1185 0595 5320572D 		.ascii	"S W-\310\035Kf*\3751\240\035ms\306\005\002OR\374\323"
 1185      C81D4B66 
 1185      2AFD31A0 
 1185      1D6D73C6 
 1185      05024F52 
 1186 05ab 01271184 		.ascii	"\001'\021\204\357j\033\205v\012\233)<Ca#\205M\024~M"
 1186      EF6A1B85 
 1186      760A9B29 
 1186      3C436123 
 1186      854D147E 
 1187 05c0 A195C206 		.ascii	"\241\225\302\006\012[)<E\241\223B\007\205&\012-\024"
 1187      0A5B293C 
 1187      45A19342 
 1187      0785260A 
 1187      2D14
 1188 05d2 9EA6D048 		.ascii	"\236\246\320H\241\231\302o(l\341\177\014\360\324M\246"
 1188      A199C26F 
 1188      286CE17F 
 1188      0CF0D44D 
 1188      A6
 1189 05e3 BB7FA557 		.ascii	"\273\177\245W\\\177*{M\314?\322w\200\216\331hb>N\337"
 1189      5C7F2A7B 
 1189      4DCC3FD2 
 1189      77808ED9 
 1189      68623E4E 
 1190 05f8 FD886175 		.ascii	"\375\210au\002\177\325\022g\023\223\366\373g.\007\266"
 1190      027FD512 
ARM GAS  /tmp/ccEcC5gy.s 			page 42


 1190      671393F6 
 1190      FB672E07 
 1190      B6
 1191 0609 D1FFCB82 		.ascii	"\321\377\313\2020\301\350\360\333\0356\353\230~\316"
 1191      30C1E8F0 
 1191      DB1D36EB 
 1191      987ECE
 1192 0618 72F25B44 		.ascii	"r\362[D\260V\201\314o\353T\016L\265\017|\037\337W\374"
 1192      B05681CC 
 1192      6FEB540E 
 1192      4CB50F7C 
 1192      1FDF57FC 
 1193 062c EEF409FC 		.ascii	"\356\364\011\374\213\265\235j\007>\354\240\3307>\023"
 1193      8BB59D6A 
 1193      073EECA0 
 1193      D8373E13 
 1194 063c 8D76B653 		.ascii	"\215v\266S#\214_\353\355\031\005\245\011\215\347\362"
 1194      238C5FEB 
 1194      ED1905A5 
 1194      098DE7F2 
 1195 064c CF629781 		.ascii	"\317b\227\201\337I\261o\340\307ll\277\206\357i\212\325"
 1195      DF49B16F 
 1195      E0C76C6C 
 1195      BF86EF69 
 1195      8AD5
 1196 065e E017A8ED 		.ascii	"\340\027\250\355\207\374C\361\274\001~\201b\337\374"
 1196      87FC43F1 
 1196      BC017E81 
 1196      62DFFC
 1197 066d 5CDBD831 		.ascii	"\\\333\3301\035\374\262\001F\345\027\015\360\357(\366"
 1197      1DFCB201 
 1197      46E5170D 
 1197      F0EF28F6 
 1198 067d 0D70C2C6 		.ascii	"\015p\302\306\206u'\207b\227L'\350|\227\201\377=\305"
 1198      86752787 
 1198      62974C27 
 1198      E87C9781 
 1198      FF3DC5
 1199 0690 BE818FD9 		.ascii	"\276\201\217\331XR\307\237\217Y\316\361s\330m\340_\242"
 1199      5852C79F 
 1199      8F59CEF1 
 1199      73D86DE0 
 1199      5FA2
 1200 06a2 D837F07B 		.ascii	"\3307\360{m$_\016\205k\245@My\255\374\204\307\027\012"
 1200      6D245F0E 
 1200      856BA540 
 1200      4D79ADFC 
 1200      84C7170A 
 1201 06b6 FF2CFC58 		.ascii	"\377,\374X\251'\022\365\204\312+=\321\332\012~\017D"
 1201      A92712F5 
 1201      84CA2B3D 
 1201      D1DA0A7E 
 1201      0F44
 1202 06c8 E505158E 		.ascii	"\345\005\025\216e\253~\344\362\025,\"\271\306\314\002"
 1202      65AB7EE4 
 1202      F2152C22 
 1202      B9C6CC02 
ARM GAS  /tmp/ccEcC5gy.s 			page 43


 1203 06d8 2958115C 		.ascii	")X\021\\T\350\375\036\311\214>\021\225\303U\301\200"
 1203      54E8FD1E 
 1203      C98C3E11 
 1203      95C355C1 
 1203      80
 1204 06e9 CC0A1E21 		.ascii	"\314\012\036!\331\345\265U\353\026\005\037\256\372\316"
 1204      D9E5B555 
 1204      EB16051F 
 1204      AEFACE
 1205 06f8 E3350BA4 		.ascii	"\3435\013\244\032\"VDj\345\340/\036\256ZD\354QyyuXv"
 1205      1A225644 
 1205      6AE5E02F 
 1205      1EAE5A44 
 1205      EC517979 
 1206 070f 794291AA 		.ascii	"yB\221\252\240'\\^\355)\216T\254\255\012V\313Q\317\222"
 1206      A0275C5E 
 1206      ED298E54 
 1206      ACAD0A56 
 1206      CB51CF92 
 1207 0723 D5FE9581 		.ascii	"\325\376\225\201\307+\303kB2q\177NS\304\031\225\227"
 1207      C72BC36B 
 1207      4232717F 
 1207      4E53C419 
 1207      9597
 1208 0735 05655F64 		.ascii	"\005e_dm\265\034\254\305A\251\214\224\305\225\350 \213"
 1208      6DB51CAC 
 1208      C541A98C 
 1208      94C595E8 
 1208      208B
 1209 0747 0F22356A 		.ascii	"\017\"5j_\304~P6\272\313\364n6\232\211\252\275\305\025"
 1209      5FC47E50 
 1209      36BACBF4 
 1209      6E369A89 
 1209      AABDC515 
 1210 075b 72785DD0 		.ascii	"rx]\320\026X\022\211T\"/PY)\005\302\350s\311\177\261"
 1210      16581289 
 1210      54222F50 
 1210      592905C2 
 1210      E873C97F 
 1211 0770 51838B8A 		.ascii	"Q\203\213\212zJ\313J\012\275\236\225+\213=\245?)-[\356"
 1211      7A4ACB4A 
 1211      0ABD9E95 
 1211      2B8B3DA5 
 1211      3F292D5B 
 1212 0785 5BB1AE40 		.ascii	"[\261\256@7\307E\026\204\210\315\347+\361\027:\326\206"
 1212      37C74516 
 1212      8488CDE7 
 1212      2BF1173A 
 1212      D686
 1213 0797 ABE5426F 		.ascii	"\253\345Bo@\246\217\371\205\342\222\305~V\354\363\013"
 1213      40A68FF9 
 1213      85E292C5 
 1213      7E56ECF3 
 1213      0B
 1214 07a8 4B8ACBFC 		.ascii	"K\212\313\374\314\347\3633?\306b\277\237\255.\3651\337"
 1214      CCE7F333 
 1214      3FC662BF 
ARM GAS  /tmp/ccEcC5gy.s 			page 44


 1214      9FAD2EF5 
 1214      31DF
 1215 07ba AA32C1E7 		.ascii	"\2522\301\347[\352W\211^\265-`K\227\371i)2\227/\365"
 1215      5BEA5789 
 1215      5EB52D60 
 1215      4B97F969 
 1215      2932972F 
 1216 07cf 0B       		.ascii	"\013"
 1217 07d0 A52588F6 		.ascii	"\245%\210\366\371\275\030\005\210\374\261\377\007\377"
 1217      F9BD1805 
 1217      88FCB1FF 
 1217      07FF
 1218 07de 83CBB2E5 		.ascii	"\203\313\262\345%\3500*Wq3\341*4\230e\016\002r\256\276"
 1218      25E8302A 
 1218      577133E1 
 1218      2A349865 
 1218      0E0272AE 
 1219 07f3 F6354139 		.ascii	"\3665A9P\241\325\324\230\212\362\302\006\312y\265\276"
 1219      50A1D5D4 
 1219      988AF2C2 
 1219      06CA79B5 
 1219      BE
 1220 0804 604E456A 		.ascii	"`NEj\264\231\034c&(\247N\2541&\346\032U\215j\343@\271"
 1220      B4991C63 
 1220      2628A74E 
 1220      AC3126E6 
 1220      1A558D6A 
 1221 081b 5AF2FF00 		.ascii	"Z\362\377\000CzX{"
 1221      437A587B 
 1222              		.text
 1223              		.section	.gnu.lto_.symtab.b41fcd9fbdf3d9d5,"e",%progbits
 1224 0000 7374496E 		.ascii	"stInit\000"
 1224      697400
 1225 0007 00       		.ascii	"\000"
 1226 0008 00       		.ascii	"\000"
 1227 0009 00       		.ascii	"\000"
 1228 000a 00000000 		.ascii	"\000\000\000\000\000\000\000\000"
 1228      00000000 
 1229 0012 C2000000 		.ascii	"\302\000\000\000"
 1230 0016 73744765 		.ascii	"stGetCounter\000"
 1230      74436F75 
 1230      6E746572 
 1230      00
 1231 0023 00       		.ascii	"\000"
 1232 0024 00       		.ascii	"\000"
 1233 0025 00       		.ascii	"\000"
 1234 0026 00000000 		.ascii	"\000\000\000\000\000\000\000\000"
 1234      00000000 
 1235 002e C5000000 		.ascii	"\305\000\000\000"
 1236 0032 73745374 		.ascii	"stStartAlarm\000"
 1236      61727441 
 1236      6C61726D 
 1236      00
 1237 003f 00       		.ascii	"\000"
 1238 0040 00       		.ascii	"\000"
 1239 0041 00       		.ascii	"\000"
 1240 0042 00000000 		.ascii	"\000\000\000\000\000\000\000\000"
ARM GAS  /tmp/ccEcC5gy.s 			page 45


 1240      00000000 
 1241 004a C9000000 		.ascii	"\311\000\000\000"
 1242 004e 73745374 		.ascii	"stStopAlarm\000"
 1242      6F70416C 
 1242      61726D00 
 1243 005a 00       		.ascii	"\000"
 1244 005b 00       		.ascii	"\000"
 1245 005c 00       		.ascii	"\000"
 1246 005d 00000000 		.ascii	"\000\000\000\000\000\000\000\000"
 1246      00000000 
 1247 0065 CB000000 		.ascii	"\313\000\000\000"
 1248 0069 73745365 		.ascii	"stSetAlarm\000"
 1248      74416C61 
 1248      726D00
 1249 0074 00       		.ascii	"\000"
 1250 0075 00       		.ascii	"\000"
 1251 0076 00       		.ascii	"\000"
 1252 0077 00000000 		.ascii	"\000\000\000\000\000\000\000\000"
 1252      00000000 
 1253 007f CD000000 		.ascii	"\315\000\000\000"
 1254 0083 73744765 		.ascii	"stGetAlarm\000"
 1254      74416C61 
 1254      726D00
 1255 008e 00       		.ascii	"\000"
 1256 008f 00       		.ascii	"\000"
 1257 0090 00       		.ascii	"\000"
 1258 0091 00000000 		.ascii	"\000\000\000\000\000\000\000\000"
 1258      00000000 
 1259 0099 CF000000 		.ascii	"\317\000\000\000"
 1260 009d 73744973 		.ascii	"stIsAlarmActive\000"
 1260      416C6172 
 1260      6D416374 
 1260      69766500 
 1261 00ad 00       		.ascii	"\000"
 1262 00ae 00       		.ascii	"\000"
 1263 00af 00       		.ascii	"\000"
 1264 00b0 00000000 		.ascii	"\000\000\000\000\000\000\000\000"
 1264      00000000 
 1265 00b8 D6000000 		.ascii	"\326\000\000\000"
 1266 00bc 73745F6C 		.ascii	"st_lld_init\000"
 1266      6C645F69 
 1266      6E697400 
 1267 00c8 00       		.ascii	"\000"
 1268 00c9 02       		.ascii	"\002"
 1269 00ca 00       		.ascii	"\000"
 1270 00cb 00000000 		.ascii	"\000\000\000\000\000\000\000\000"
 1270      00000000 
 1271 00d3 D8000000 		.ascii	"\330\000\000\000"
 1272              		.text
 1273              		.section	.gnu.lto_.ext_symtab.b41fcd9fbdf3d9d5,"e",%progbits
 1274 0000 01       		.ascii	"\001"
 1275 0001 01       		.ascii	"\001"
 1276 0002 00       		.ascii	"\000"
 1277 0003 01       		.ascii	"\001"
 1278 0004 00       		.ascii	"\000"
 1279 0005 01       		.ascii	"\001"
 1280 0006 00       		.ascii	"\000"
ARM GAS  /tmp/ccEcC5gy.s 			page 46


 1281 0007 01       		.ascii	"\001"
 1282 0008 00       		.ascii	"\000"
 1283 0009 01       		.ascii	"\001"
 1284 000a 00       		.ascii	"\000"
 1285 000b 01       		.ascii	"\001"
 1286 000c 00       		.ascii	"\000"
 1287 000d 01       		.ascii	"\001"
 1288 000e 00       		.ascii	"\000"
 1289 000f 01       		.ascii	"\001"
 1290 0010 00       		.ascii	"\000"
 1291              		.text
 1292              		.section	.gnu.lto_.opts,"e",%progbits
 1293 0000 272D666E 		.ascii	"'-fno-openmp' '-fno-openacc' '-fno-pie' '-fcf-prote"
 1293      6F2D6F70 
 1293      656E6D70 
 1293      2720272D 
 1293      666E6F2D 
 1294 0033 6374696F 		.ascii	"ction=none' '-g' '-mcpu=cortex-m7' '-mthumb' '-mflo"
 1294      6E3D6E6F 
 1294      6E652720 
 1294      272D6727 
 1294      20272D6D 
 1295 0066 61742D61 		.ascii	"at-abi=hard' '-mfpu=fpv5-d16' '-march=armv7e-m+fp.d"
 1295      62693D68 
 1295      61726427 
 1295      20272D6D 
 1295      6670753D 
 1296 0099 70272027 		.ascii	"p' '-O2' '-fomit-frame-pointer' '-falign-functions="
 1296      2D4F3227 
 1296      20272D66 
 1296      6F6D6974 
 1296      2D667261 
 1297 00cc 31362720 		.ascii	"16' '-ffunction-sections' '-fdata-sections' '-fno-c"
 1297      272D6666 
 1297      756E6374 
 1297      696F6E2D 
 1297      73656374 
 1298 00ff 6F6D6D6F 		.ascii	"ommon' '-flto' '-Xassembler' '-alms=build/lst/hal_s"
 1298      6E272027 
 1298      2D666C74 
 1298      6F272027 
 1298      2D586173 
 1299 0132 742E6C73 		.ascii	"t.lst'\000"
 1299      742700
 1300              		.text
 1301              		.comm	__gnu_lto_slim,1,1
 1302              		.ident	"GCC: (GNU Arm Embedded Toolchain 10-2020-q4-major) 10.2.1 20201103 (release)"
ARM GAS  /tmp/ccEcC5gy.s 			page 47


DEFINED SYMBOLS
                            *ABS*:0000000000000000 hal_st.c
     /tmp/ccEcC5gy.s:23     .gnu.debuglto_.debug_info:0000000000000000 hal_st.c.dece7325
                            *COM*:0000000000000001 __gnu_lto_slim

NO UNDEFINED SYMBOLS
