ARM GAS  /tmp/ccqlZpk2.s 			page 1


   1              		.cpu cortex-m7
   2              		.eabi_attribute 28, 1
   3              		.eabi_attribute 20, 1
   4              		.eabi_attribute 21, 1
   5              		.eabi_attribute 23, 3
   6              		.eabi_attribute 24, 1
   7              		.eabi_attribute 25, 1
   8              		.eabi_attribute 26, 1
   9              		.eabi_attribute 30, 2
  10              		.eabi_attribute 34, 1
  11              		.eabi_attribute 18, 4
  12              		.file	"hal_pal.c"
  13              		.file 1 "/opt/gcc-arm-none-eabi-10-2020-q4-major/arm-none-eabi/include/machine/_default_types.h"
  14              		.file 2 "/opt/gcc-arm-none-eabi-10-2020-q4-major/arm-none-eabi/include/sys/_stdint.h"
  15              		.file 3 "/opt/gcc-arm-none-eabi-10-2020-q4-major/arm-none-eabi/include/stdint.h"
  16              		.file 4 "third_party/ChibiOS/os/hal/ports/STM32/LLD/GPIOv2/stm32_gpio.h"
  17              		.file 5 "third_party/ChibiOS/os/hal/ports/STM32/LLD/GPIOv2/hal_pal_lld.h"
  18              		.file 6 "third_party/ChibiOS/os/hal/include/hal_pal.h"
  19              		.file 7 "third_party/ChibiOS/os/hal/src/hal_pal.c"
  20              		.section	.gnu.debuglto_.debug_info,"e",%progbits
  21              	.Ldebug_info0:
  22              		.hidden	hal_pal.c.e896da74
  23              		.weak	hal_pal.c.e896da74
  24              	hal_pal.c.e896da74:
  25 0000 D9020000 		.4byte	0x2d9
  26 0004 0400     		.2byte	0x4
  27 0006 00000000 		.4byte	.Ldebug_abbrev0
  28 000a 04       		.byte	0x4
  29 000b 01       		.uleb128 0x1
  30 000c FC000000 		.4byte	.LASF39
  31 0010 0C       		.byte	0xc
  32 0011 A4000000 		.4byte	.LASF40
  33 0015 27020000 		.4byte	.LASF41
  34 0019 00000000 		.4byte	.Ldebug_line0
  35 001d 02       		.uleb128 0x2
  36 001e 04       		.byte	0x4
  37 001f 05       		.byte	0x5
  38 0020 696E7400 		.ascii	"int\000"
  39 0024 03       		.uleb128 0x3
  40 0025 04       		.byte	0x4
  41 0026 07       		.byte	0x7
  42 0027 EC010000 		.4byte	.LASF0
  43 002b 03       		.uleb128 0x3
  44 002c 08       		.byte	0x8
  45 002d 05       		.byte	0x5
  46 002e 00000000 		.4byte	.LASF1
  47 0032 03       		.uleb128 0x3
  48 0033 08       		.byte	0x8
  49 0034 04       		.byte	0x4
  50 0035 84020000 		.4byte	.LASF2
  51 0039 03       		.uleb128 0x3
  52 003a 01       		.byte	0x1
  53 003b 06       		.byte	0x6
  54 003c 90020000 		.4byte	.LASF3
  55 0040 03       		.uleb128 0x3
  56 0041 01       		.byte	0x1
  57 0042 08       		.byte	0x8
ARM GAS  /tmp/ccqlZpk2.s 			page 2


  58 0043 96000000 		.4byte	.LASF4
  59 0047 03       		.uleb128 0x3
  60 0048 02       		.byte	0x2
  61 0049 05       		.byte	0x5
  62 004a 3A000000 		.4byte	.LASF5
  63 004e 04       		.uleb128 0x4
  64 004f D6010000 		.4byte	.LASF8
  65 0053 01       		.byte	0x1
  66 0054 39       		.byte	0x39
  67 0055 19       		.byte	0x19
  68 0056 5A000000 		.4byte	0x5a
  69 005a 03       		.uleb128 0x3
  70 005b 02       		.byte	0x2
  71 005c 07       		.byte	0x7
  72 005d E4000000 		.4byte	.LASF6
  73 0061 03       		.uleb128 0x3
  74 0062 04       		.byte	0x4
  75 0063 05       		.byte	0x5
  76 0064 7B020000 		.4byte	.LASF7
  77 0068 04       		.uleb128 0x4
  78 0069 E1010000 		.4byte	.LASF9
  79 006d 01       		.byte	0x1
  80 006e 4F       		.byte	0x4f
  81 006f 19       		.byte	0x19
  82 0070 74000000 		.4byte	0x74
  83 0074 03       		.uleb128 0x3
  84 0075 04       		.byte	0x4
  85 0076 07       		.byte	0x7
  86 0077 D2000000 		.4byte	.LASF10
  87 007b 03       		.uleb128 0x3
  88 007c 08       		.byte	0x8
  89 007d 07       		.byte	0x7
  90 007e 7F000000 		.4byte	.LASF11
  91 0082 04       		.uleb128 0x4
  92 0083 63020000 		.4byte	.LASF12
  93 0087 02       		.byte	0x2
  94 0088 24       		.byte	0x24
  95 0089 14       		.byte	0x14
  96 008a 4E000000 		.4byte	0x4e
  97 008e 04       		.uleb128 0x4
  98 008f 72020000 		.4byte	.LASF13
  99 0093 02       		.byte	0x2
 100 0094 30       		.byte	0x30
 101 0095 14       		.byte	0x14
 102 0096 68000000 		.4byte	0x68
 103 009a 05       		.uleb128 0x5
 104 009b 8E000000 		.4byte	0x8e
 105 009f 04       		.uleb128 0x4
 106 00a0 1C000000 		.4byte	.LASF14
 107 00a4 03       		.byte	0x3
 108 00a5 34       		.byte	0x34
 109 00a6 1F       		.byte	0x1f
 110 00a7 24000000 		.4byte	0x24
 111 00ab 03       		.uleb128 0x3
 112 00ac 01       		.byte	0x1
 113 00ad 08       		.byte	0x8
 114 00ae F9010000 		.4byte	.LASF15
ARM GAS  /tmp/ccqlZpk2.s 			page 3


 115 00b2 06       		.uleb128 0x6
 116 00b3 AB000000 		.4byte	0xab
 117 00b7 03       		.uleb128 0x3
 118 00b8 01       		.byte	0x1
 119 00b9 02       		.byte	0x2
 120 00ba 9C020000 		.4byte	.LASF16
 121 00be 07       		.uleb128 0x7
 122 00bf 04       		.byte	0x4
 123 00c0 04       		.byte	0x4
 124 00c1 5B       		.byte	0x5b
 125 00c2 05       		.byte	0x5
 126 00c3 E2000000 		.4byte	0xe2
 127 00c7 08       		.uleb128 0x8
 128 00c8 73657400 		.ascii	"set\000"
 129 00cc 04       		.byte	0x4
 130 00cd 5C       		.byte	0x5c
 131 00ce 19       		.byte	0x19
 132 00cf 82000000 		.4byte	0x82
 133 00d3 00       		.byte	0
 134 00d4 09       		.uleb128 0x9
 135 00d5 6C020000 		.4byte	.LASF17
 136 00d9 04       		.byte	0x4
 137 00da 5D       		.byte	0x5d
 138 00db 19       		.byte	0x19
 139 00dc 82000000 		.4byte	0x82
 140 00e0 02       		.byte	0x2
 141 00e1 00       		.byte	0
 142 00e2 0A       		.uleb128 0xa
 143 00e3 04       		.byte	0x4
 144 00e4 04       		.byte	0x4
 145 00e5 59       		.byte	0x59
 146 00e6 0C       		.byte	0xc
 147 00e7 00010000 		.4byte	0x100
 148 00eb 0B       		.uleb128 0xb
 149 00ec 5700     		.ascii	"W\000"
 150 00ee 04       		.byte	0x4
 151 00ef 5A       		.byte	0x5a
 152 00f0 19       		.byte	0x19
 153 00f1 8E000000 		.4byte	0x8e
 154 00f5 0B       		.uleb128 0xb
 155 00f6 4800     		.ascii	"H\000"
 156 00f8 04       		.byte	0x4
 157 00f9 5E       		.byte	0x5e
 158 00fa 07       		.byte	0x7
 159 00fb BE000000 		.4byte	0xbe
 160 00ff 00       		.byte	0
 161 0100 05       		.uleb128 0x5
 162 0101 E2000000 		.4byte	0xe2
 163 0105 07       		.uleb128 0x7
 164 0106 28       		.byte	0x28
 165 0107 04       		.byte	0x4
 166 0108 51       		.byte	0x51
 167 0109 09       		.byte	0x9
 168 010a 91010000 		.4byte	0x191
 169 010e 09       		.uleb128 0x9
 170 010f 16000000 		.4byte	.LASF18
 171 0113 04       		.byte	0x4
ARM GAS  /tmp/ccqlZpk2.s 			page 4


 172 0114 53       		.byte	0x53
 173 0115 19       		.byte	0x19
 174 0116 9A000000 		.4byte	0x9a
 175 011a 00       		.byte	0
 176 011b 09       		.uleb128 0x9
 177 011c 6F000000 		.4byte	.LASF19
 178 0120 04       		.byte	0x4
 179 0121 54       		.byte	0x54
 180 0122 19       		.byte	0x19
 181 0123 9A000000 		.4byte	0x9a
 182 0127 04       		.byte	0x4
 183 0128 09       		.uleb128 0x9
 184 0129 0E000000 		.4byte	.LASF20
 185 012d 04       		.byte	0x4
 186 012e 55       		.byte	0x55
 187 012f 19       		.byte	0x19
 188 0130 9A000000 		.4byte	0x9a
 189 0134 08       		.byte	0x8
 190 0135 09       		.uleb128 0x9
 191 0136 16020000 		.4byte	.LASF21
 192 013a 04       		.byte	0x4
 193 013b 56       		.byte	0x56
 194 013c 19       		.byte	0x19
 195 013d 9A000000 		.4byte	0x9a
 196 0141 0C       		.byte	0xc
 197 0142 08       		.uleb128 0x8
 198 0143 49445200 		.ascii	"IDR\000"
 199 0147 04       		.byte	0x4
 200 0148 57       		.byte	0x57
 201 0149 19       		.byte	0x19
 202 014a 9A000000 		.4byte	0x9a
 203 014e 10       		.byte	0x10
 204 014f 08       		.uleb128 0x8
 205 0150 4F445200 		.ascii	"ODR\000"
 206 0154 04       		.byte	0x4
 207 0155 58       		.byte	0x58
 208 0156 19       		.byte	0x19
 209 0157 9A000000 		.4byte	0x9a
 210 015b 14       		.byte	0x14
 211 015c 09       		.uleb128 0x9
 212 015d 29000000 		.4byte	.LASF22
 213 0161 04       		.byte	0x4
 214 0162 5F       		.byte	0x5f
 215 0163 05       		.byte	0x5
 216 0164 00010000 		.4byte	0x100
 217 0168 18       		.byte	0x18
 218 0169 09       		.uleb128 0x9
 219 016a 03020000 		.4byte	.LASF23
 220 016e 04       		.byte	0x4
 221 016f 60       		.byte	0x60
 222 0170 19       		.byte	0x19
 223 0171 9A000000 		.4byte	0x9a
 224 0175 1C       		.byte	0x1c
 225 0176 09       		.uleb128 0x9
 226 0177 F7000000 		.4byte	.LASF24
 227 017b 04       		.byte	0x4
 228 017c 61       		.byte	0x61
ARM GAS  /tmp/ccqlZpk2.s 			page 5


 229 017d 19       		.byte	0x19
 230 017e 9A000000 		.4byte	0x9a
 231 0182 20       		.byte	0x20
 232 0183 09       		.uleb128 0x9
 233 0184 CD000000 		.4byte	.LASF25
 234 0188 04       		.byte	0x4
 235 0189 62       		.byte	0x62
 236 018a 19       		.byte	0x19
 237 018b 9A000000 		.4byte	0x9a
 238 018f 24       		.byte	0x24
 239 0190 00       		.byte	0
 240 0191 04       		.uleb128 0x4
 241 0192 09020000 		.4byte	.LASF26
 242 0196 04       		.byte	0x4
 243 0197 63       		.byte	0x63
 244 0198 03       		.byte	0x3
 245 0199 05010000 		.4byte	0x105
 246 019d 04       		.uleb128 0x4
 247 019e 59000000 		.4byte	.LASF27
 248 01a2 05       		.byte	0x5
 249 01a3 C2       		.byte	0xc2
 250 01a4 12       		.byte	0x12
 251 01a5 8E000000 		.4byte	0x8e
 252 01a9 04       		.uleb128 0x4
 253 01aa 76000000 		.4byte	.LASF28
 254 01ae 05       		.byte	0x5
 255 01af C7       		.byte	0xc7
 256 01b0 12       		.byte	0x12
 257 01b1 8E000000 		.4byte	0x8e
 258 01b5 04       		.uleb128 0x4
 259 01b6 58020000 		.4byte	.LASF29
 260 01ba 05       		.byte	0x5
 261 01bb D9       		.byte	0xd9
 262 01bc 18       		.byte	0x18
 263 01bd C1010000 		.4byte	0x1c1
 264 01c1 0C       		.uleb128 0xc
 265 01c2 04       		.byte	0x4
 266 01c3 91010000 		.4byte	0x191
 267 01c7 07       		.uleb128 0x7
 268 01c8 0C       		.byte	0xc
 269 01c9 06       		.byte	0x6
 270 01ca B7       		.byte	0xb7
 271 01cb 09       		.byte	0x9
 272 01cc F8010000 		.4byte	0x1f8
 273 01d0 09       		.uleb128 0x9
 274 01d1 52000000 		.4byte	.LASF30
 275 01d5 06       		.byte	0x6
 276 01d6 BB       		.byte	0xbb
 277 01d7 19       		.byte	0x19
 278 01d8 B5010000 		.4byte	0x1b5
 279 01dc 00       		.byte	0
 280 01dd 09       		.uleb128 0x9
 281 01de 47020000 		.4byte	.LASF31
 282 01e2 06       		.byte	0x6
 283 01e3 C1       		.byte	0xc1
 284 01e4 19       		.byte	0x19
 285 01e5 9D010000 		.4byte	0x19d
ARM GAS  /tmp/ccqlZpk2.s 			page 6


 286 01e9 04       		.byte	0x4
 287 01ea 09       		.uleb128 0x9
 288 01eb 51020000 		.4byte	.LASF32
 289 01ef 06       		.byte	0x6
 290 01f0 C5       		.byte	0xc5
 291 01f1 19       		.byte	0x19
 292 01f2 9F000000 		.4byte	0x9f
 293 01f6 08       		.byte	0x8
 294 01f7 00       		.byte	0
 295 01f8 04       		.uleb128 0x4
 296 01f9 A2020000 		.4byte	.LASF33
 297 01fd 06       		.byte	0x6
 298 01fe C6       		.byte	0xc6
 299 01ff 03       		.byte	0x3
 300 0200 C7010000 		.4byte	0x1c7
 301 0204 06       		.uleb128 0x6
 302 0205 F8010000 		.4byte	0x1f8
 303 0209 0D       		.uleb128 0xd
 304 020a 44000000 		.4byte	.LASF35
 305 020e 07       		.byte	0x7
 306 020f 71       		.byte	0x71
 307 0210 06       		.byte	0x6
 308 0211 37020000 		.4byte	0x237
 309 0215 0E       		.uleb128 0xe
 310 0216 62757300 		.ascii	"bus\000"
 311 021a 07       		.byte	0x7
 312 021b 71       		.byte	0x71
 313 021c 21       		.byte	0x21
 314 021d 37020000 		.4byte	0x237
 315 0221 0F       		.uleb128 0xf
 316 0222 FE010000 		.4byte	.LASF34
 317 0226 07       		.byte	0x7
 318 0227 71       		.byte	0x71
 319 0228 2F       		.byte	0x2f
 320 0229 A9010000 		.4byte	0x1a9
 321 022d 10       		.uleb128 0x10
 322 022e 66000000 		.4byte	.LASF38
 323 0232 4D020000 		.4byte	0x24d
 324 0236 00       		.byte	0
 325 0237 0C       		.uleb128 0xc
 326 0238 04       		.byte	0x4
 327 0239 04020000 		.4byte	0x204
 328 023d 11       		.uleb128 0x11
 329 023e B2000000 		.4byte	0xb2
 330 0242 4D020000 		.4byte	0x24d
 331 0246 12       		.uleb128 0x12
 332 0247 24000000 		.4byte	0x24
 333 024b 0D       		.byte	0xd
 334 024c 00       		.byte	0
 335 024d 06       		.uleb128 0x6
 336 024e 3D020000 		.4byte	0x23d
 337 0252 0D       		.uleb128 0xd
 338 0253 2E000000 		.4byte	.LASF36
 339 0257 07       		.byte	0x7
 340 0258 5A       		.byte	0x5a
 341 0259 06       		.byte	0x6
 342 025a 8C020000 		.4byte	0x28c
ARM GAS  /tmp/ccqlZpk2.s 			page 7


 343 025e 0E       		.uleb128 0xe
 344 025f 62757300 		.ascii	"bus\000"
 345 0263 07       		.byte	0x7
 346 0264 5A       		.byte	0x5a
 347 0265 1F       		.byte	0x1f
 348 0266 37020000 		.4byte	0x237
 349 026a 0F       		.uleb128 0xf
 350 026b 4C020000 		.4byte	.LASF37
 351 026f 07       		.byte	0x7
 352 0270 5A       		.byte	0x5a
 353 0271 31       		.byte	0x31
 354 0272 9D010000 		.4byte	0x19d
 355 0276 10       		.uleb128 0x10
 356 0277 66000000 		.4byte	.LASF38
 357 027b 9C020000 		.4byte	0x29c
 358 027f 13       		.uleb128 0x13
 359 0280 14       		.uleb128 0x14
 360 0281 7700     		.ascii	"w\000"
 361 0283 07       		.byte	0x7
 362 0284 5E       		.byte	0x5e
 363 0285 03       		.byte	0x3
 364 0286 8E000000 		.4byte	0x8e
 365 028a 00       		.byte	0
 366 028b 00       		.byte	0
 367 028c 11       		.uleb128 0x11
 368 028d B2000000 		.4byte	0xb2
 369 0291 9C020000 		.4byte	0x29c
 370 0295 12       		.uleb128 0x12
 371 0296 24000000 		.4byte	0x24
 372 029a 0B       		.byte	0xb
 373 029b 00       		.byte	0
 374 029c 06       		.uleb128 0x6
 375 029d 8C020000 		.4byte	0x28c
 376 02a1 15       		.uleb128 0x15
 377 02a2 1C020000 		.4byte	.LASF42
 378 02a6 07       		.byte	0x7
 379 02a7 41       		.byte	0x41
 380 02a8 0E       		.byte	0xe
 381 02a9 9D010000 		.4byte	0x19d
 382 02ad C7020000 		.4byte	0x2c7
 383 02b1 0E       		.uleb128 0xe
 384 02b2 62757300 		.ascii	"bus\000"
 385 02b6 07       		.byte	0x7
 386 02b7 41       		.byte	0x41
 387 02b8 26       		.byte	0x26
 388 02b9 37020000 		.4byte	0x237
 389 02bd 10       		.uleb128 0x10
 390 02be 66000000 		.4byte	.LASF38
 391 02c2 D7020000 		.4byte	0x2d7
 392 02c6 00       		.byte	0
 393 02c7 11       		.uleb128 0x11
 394 02c8 B2000000 		.4byte	0xb2
 395 02cc D7020000 		.4byte	0x2d7
 396 02d0 12       		.uleb128 0x12
 397 02d1 24000000 		.4byte	0x24
 398 02d5 0A       		.byte	0xa
 399 02d6 00       		.byte	0
ARM GAS  /tmp/ccqlZpk2.s 			page 8


 400 02d7 06       		.uleb128 0x6
 401 02d8 C7020000 		.4byte	0x2c7
 402 02dc 00       		.byte	0
 403              		.section	.gnu.debuglto_.debug_abbrev,"e",%progbits
 404              	.Ldebug_abbrev0:
 405 0000 01       		.uleb128 0x1
 406 0001 11       		.uleb128 0x11
 407 0002 01       		.byte	0x1
 408 0003 25       		.uleb128 0x25
 409 0004 0E       		.uleb128 0xe
 410 0005 13       		.uleb128 0x13
 411 0006 0B       		.uleb128 0xb
 412 0007 03       		.uleb128 0x3
 413 0008 0E       		.uleb128 0xe
 414 0009 1B       		.uleb128 0x1b
 415 000a 0E       		.uleb128 0xe
 416 000b 10       		.uleb128 0x10
 417 000c 17       		.uleb128 0x17
 418 000d 00       		.byte	0
 419 000e 00       		.byte	0
 420 000f 02       		.uleb128 0x2
 421 0010 24       		.uleb128 0x24
 422 0011 00       		.byte	0
 423 0012 0B       		.uleb128 0xb
 424 0013 0B       		.uleb128 0xb
 425 0014 3E       		.uleb128 0x3e
 426 0015 0B       		.uleb128 0xb
 427 0016 03       		.uleb128 0x3
 428 0017 08       		.uleb128 0x8
 429 0018 00       		.byte	0
 430 0019 00       		.byte	0
 431 001a 03       		.uleb128 0x3
 432 001b 24       		.uleb128 0x24
 433 001c 00       		.byte	0
 434 001d 0B       		.uleb128 0xb
 435 001e 0B       		.uleb128 0xb
 436 001f 3E       		.uleb128 0x3e
 437 0020 0B       		.uleb128 0xb
 438 0021 03       		.uleb128 0x3
 439 0022 0E       		.uleb128 0xe
 440 0023 00       		.byte	0
 441 0024 00       		.byte	0
 442 0025 04       		.uleb128 0x4
 443 0026 16       		.uleb128 0x16
 444 0027 00       		.byte	0
 445 0028 03       		.uleb128 0x3
 446 0029 0E       		.uleb128 0xe
 447 002a 3A       		.uleb128 0x3a
 448 002b 0B       		.uleb128 0xb
 449 002c 3B       		.uleb128 0x3b
 450 002d 0B       		.uleb128 0xb
 451 002e 39       		.uleb128 0x39
 452 002f 0B       		.uleb128 0xb
 453 0030 49       		.uleb128 0x49
 454 0031 13       		.uleb128 0x13
 455 0032 00       		.byte	0
 456 0033 00       		.byte	0
ARM GAS  /tmp/ccqlZpk2.s 			page 9


 457 0034 05       		.uleb128 0x5
 458 0035 35       		.uleb128 0x35
 459 0036 00       		.byte	0
 460 0037 49       		.uleb128 0x49
 461 0038 13       		.uleb128 0x13
 462 0039 00       		.byte	0
 463 003a 00       		.byte	0
 464 003b 06       		.uleb128 0x6
 465 003c 26       		.uleb128 0x26
 466 003d 00       		.byte	0
 467 003e 49       		.uleb128 0x49
 468 003f 13       		.uleb128 0x13
 469 0040 00       		.byte	0
 470 0041 00       		.byte	0
 471 0042 07       		.uleb128 0x7
 472 0043 13       		.uleb128 0x13
 473 0044 01       		.byte	0x1
 474 0045 0B       		.uleb128 0xb
 475 0046 0B       		.uleb128 0xb
 476 0047 3A       		.uleb128 0x3a
 477 0048 0B       		.uleb128 0xb
 478 0049 3B       		.uleb128 0x3b
 479 004a 0B       		.uleb128 0xb
 480 004b 39       		.uleb128 0x39
 481 004c 0B       		.uleb128 0xb
 482 004d 01       		.uleb128 0x1
 483 004e 13       		.uleb128 0x13
 484 004f 00       		.byte	0
 485 0050 00       		.byte	0
 486 0051 08       		.uleb128 0x8
 487 0052 0D       		.uleb128 0xd
 488 0053 00       		.byte	0
 489 0054 03       		.uleb128 0x3
 490 0055 08       		.uleb128 0x8
 491 0056 3A       		.uleb128 0x3a
 492 0057 0B       		.uleb128 0xb
 493 0058 3B       		.uleb128 0x3b
 494 0059 0B       		.uleb128 0xb
 495 005a 39       		.uleb128 0x39
 496 005b 0B       		.uleb128 0xb
 497 005c 49       		.uleb128 0x49
 498 005d 13       		.uleb128 0x13
 499 005e 38       		.uleb128 0x38
 500 005f 0B       		.uleb128 0xb
 501 0060 00       		.byte	0
 502 0061 00       		.byte	0
 503 0062 09       		.uleb128 0x9
 504 0063 0D       		.uleb128 0xd
 505 0064 00       		.byte	0
 506 0065 03       		.uleb128 0x3
 507 0066 0E       		.uleb128 0xe
 508 0067 3A       		.uleb128 0x3a
 509 0068 0B       		.uleb128 0xb
 510 0069 3B       		.uleb128 0x3b
 511 006a 0B       		.uleb128 0xb
 512 006b 39       		.uleb128 0x39
 513 006c 0B       		.uleb128 0xb
ARM GAS  /tmp/ccqlZpk2.s 			page 10


 514 006d 49       		.uleb128 0x49
 515 006e 13       		.uleb128 0x13
 516 006f 38       		.uleb128 0x38
 517 0070 0B       		.uleb128 0xb
 518 0071 00       		.byte	0
 519 0072 00       		.byte	0
 520 0073 0A       		.uleb128 0xa
 521 0074 17       		.uleb128 0x17
 522 0075 01       		.byte	0x1
 523 0076 0B       		.uleb128 0xb
 524 0077 0B       		.uleb128 0xb
 525 0078 3A       		.uleb128 0x3a
 526 0079 0B       		.uleb128 0xb
 527 007a 3B       		.uleb128 0x3b
 528 007b 0B       		.uleb128 0xb
 529 007c 39       		.uleb128 0x39
 530 007d 0B       		.uleb128 0xb
 531 007e 01       		.uleb128 0x1
 532 007f 13       		.uleb128 0x13
 533 0080 00       		.byte	0
 534 0081 00       		.byte	0
 535 0082 0B       		.uleb128 0xb
 536 0083 0D       		.uleb128 0xd
 537 0084 00       		.byte	0
 538 0085 03       		.uleb128 0x3
 539 0086 08       		.uleb128 0x8
 540 0087 3A       		.uleb128 0x3a
 541 0088 0B       		.uleb128 0xb
 542 0089 3B       		.uleb128 0x3b
 543 008a 0B       		.uleb128 0xb
 544 008b 39       		.uleb128 0x39
 545 008c 0B       		.uleb128 0xb
 546 008d 49       		.uleb128 0x49
 547 008e 13       		.uleb128 0x13
 548 008f 00       		.byte	0
 549 0090 00       		.byte	0
 550 0091 0C       		.uleb128 0xc
 551 0092 0F       		.uleb128 0xf
 552 0093 00       		.byte	0
 553 0094 0B       		.uleb128 0xb
 554 0095 0B       		.uleb128 0xb
 555 0096 49       		.uleb128 0x49
 556 0097 13       		.uleb128 0x13
 557 0098 00       		.byte	0
 558 0099 00       		.byte	0
 559 009a 0D       		.uleb128 0xd
 560 009b 2E       		.uleb128 0x2e
 561 009c 01       		.byte	0x1
 562 009d 3F       		.uleb128 0x3f
 563 009e 19       		.uleb128 0x19
 564 009f 03       		.uleb128 0x3
 565 00a0 0E       		.uleb128 0xe
 566 00a1 3A       		.uleb128 0x3a
 567 00a2 0B       		.uleb128 0xb
 568 00a3 3B       		.uleb128 0x3b
 569 00a4 0B       		.uleb128 0xb
 570 00a5 39       		.uleb128 0x39
ARM GAS  /tmp/ccqlZpk2.s 			page 11


 571 00a6 0B       		.uleb128 0xb
 572 00a7 27       		.uleb128 0x27
 573 00a8 19       		.uleb128 0x19
 574 00a9 01       		.uleb128 0x1
 575 00aa 13       		.uleb128 0x13
 576 00ab 00       		.byte	0
 577 00ac 00       		.byte	0
 578 00ad 0E       		.uleb128 0xe
 579 00ae 05       		.uleb128 0x5
 580 00af 00       		.byte	0
 581 00b0 03       		.uleb128 0x3
 582 00b1 08       		.uleb128 0x8
 583 00b2 3A       		.uleb128 0x3a
 584 00b3 0B       		.uleb128 0xb
 585 00b4 3B       		.uleb128 0x3b
 586 00b5 0B       		.uleb128 0xb
 587 00b6 39       		.uleb128 0x39
 588 00b7 0B       		.uleb128 0xb
 589 00b8 49       		.uleb128 0x49
 590 00b9 13       		.uleb128 0x13
 591 00ba 00       		.byte	0
 592 00bb 00       		.byte	0
 593 00bc 0F       		.uleb128 0xf
 594 00bd 05       		.uleb128 0x5
 595 00be 00       		.byte	0
 596 00bf 03       		.uleb128 0x3
 597 00c0 0E       		.uleb128 0xe
 598 00c1 3A       		.uleb128 0x3a
 599 00c2 0B       		.uleb128 0xb
 600 00c3 3B       		.uleb128 0x3b
 601 00c4 0B       		.uleb128 0xb
 602 00c5 39       		.uleb128 0x39
 603 00c6 0B       		.uleb128 0xb
 604 00c7 49       		.uleb128 0x49
 605 00c8 13       		.uleb128 0x13
 606 00c9 00       		.byte	0
 607 00ca 00       		.byte	0
 608 00cb 10       		.uleb128 0x10
 609 00cc 34       		.uleb128 0x34
 610 00cd 00       		.byte	0
 611 00ce 03       		.uleb128 0x3
 612 00cf 0E       		.uleb128 0xe
 613 00d0 49       		.uleb128 0x49
 614 00d1 13       		.uleb128 0x13
 615 00d2 34       		.uleb128 0x34
 616 00d3 19       		.uleb128 0x19
 617 00d4 00       		.byte	0
 618 00d5 00       		.byte	0
 619 00d6 11       		.uleb128 0x11
 620 00d7 01       		.uleb128 0x1
 621 00d8 01       		.byte	0x1
 622 00d9 49       		.uleb128 0x49
 623 00da 13       		.uleb128 0x13
 624 00db 01       		.uleb128 0x1
 625 00dc 13       		.uleb128 0x13
 626 00dd 00       		.byte	0
 627 00de 00       		.byte	0
ARM GAS  /tmp/ccqlZpk2.s 			page 12


 628 00df 12       		.uleb128 0x12
 629 00e0 21       		.uleb128 0x21
 630 00e1 00       		.byte	0
 631 00e2 49       		.uleb128 0x49
 632 00e3 13       		.uleb128 0x13
 633 00e4 2F       		.uleb128 0x2f
 634 00e5 0B       		.uleb128 0xb
 635 00e6 00       		.byte	0
 636 00e7 00       		.byte	0
 637 00e8 13       		.uleb128 0x13
 638 00e9 0B       		.uleb128 0xb
 639 00ea 01       		.byte	0x1
 640 00eb 00       		.byte	0
 641 00ec 00       		.byte	0
 642 00ed 14       		.uleb128 0x14
 643 00ee 34       		.uleb128 0x34
 644 00ef 00       		.byte	0
 645 00f0 03       		.uleb128 0x3
 646 00f1 08       		.uleb128 0x8
 647 00f2 3A       		.uleb128 0x3a
 648 00f3 0B       		.uleb128 0xb
 649 00f4 3B       		.uleb128 0x3b
 650 00f5 0B       		.uleb128 0xb
 651 00f6 39       		.uleb128 0x39
 652 00f7 0B       		.uleb128 0xb
 653 00f8 49       		.uleb128 0x49
 654 00f9 13       		.uleb128 0x13
 655 00fa 00       		.byte	0
 656 00fb 00       		.byte	0
 657 00fc 15       		.uleb128 0x15
 658 00fd 2E       		.uleb128 0x2e
 659 00fe 01       		.byte	0x1
 660 00ff 3F       		.uleb128 0x3f
 661 0100 19       		.uleb128 0x19
 662 0101 03       		.uleb128 0x3
 663 0102 0E       		.uleb128 0xe
 664 0103 3A       		.uleb128 0x3a
 665 0104 0B       		.uleb128 0xb
 666 0105 3B       		.uleb128 0x3b
 667 0106 0B       		.uleb128 0xb
 668 0107 39       		.uleb128 0x39
 669 0108 0B       		.uleb128 0xb
 670 0109 27       		.uleb128 0x27
 671 010a 19       		.uleb128 0x19
 672 010b 49       		.uleb128 0x49
 673 010c 13       		.uleb128 0x13
 674 010d 01       		.uleb128 0x1
 675 010e 13       		.uleb128 0x13
 676 010f 00       		.byte	0
 677 0110 00       		.byte	0
 678 0111 00       		.byte	0
 679              		.section	.gnu.debuglto_.debug_line,"e",%progbits
 680              	.Ldebug_line0:
 681 0000 BC010000 		.4byte	.LELT0-.LSLT0
 682              	.LSLT0:
 683 0004 0400     		.2byte	0x4
 684 0006 B6010000 		.4byte	.LELTP0-.LASLTP0
ARM GAS  /tmp/ccqlZpk2.s 			page 13


 685              	.LASLTP0:
 686 000a 01       		.byte	0x1
 687 000b 01       		.byte	0x1
 688 000c 01       		.byte	0x1
 689 000d F6       		.byte	0xf6
 690 000e F2       		.byte	0xf2
 691 000f 0D       		.byte	0xd
 692 0010 00       		.byte	0
 693 0011 01       		.byte	0x1
 694 0012 01       		.byte	0x1
 695 0013 01       		.byte	0x1
 696 0014 01       		.byte	0x1
 697 0015 00       		.byte	0
 698 0016 00       		.byte	0
 699 0017 00       		.byte	0
 700 0018 01       		.byte	0x1
 701 0019 00       		.byte	0
 702 001a 00       		.byte	0
 703 001b 01       		.byte	0x1
 704 001c 74686972 		.ascii	"third_party/ChibiOS/os/hal/include"
 704      645F7061 
 704      7274792F 
 704      43686962 
 704      694F532F 
 705 003e 00       		.byte	0
 706 003f 74686972 		.ascii	"third_party/ChibiOS/os/hal/ports/STM32/LLD/GPIOv2"
 706      645F7061 
 706      7274792F 
 706      43686962 
 706      694F532F 
 707 0070 00       		.byte	0
 708 0071 74686972 		.ascii	"third_party/ChibiOS/os/hal/src"
 708      645F7061 
 708      7274792F 
 708      43686962 
 708      694F532F 
 709 008f 00       		.byte	0
 710 0090 2F6F7074 		.ascii	"/opt/gcc-arm-none-eabi-10-2020-q4-major/arm-none-ea"
 710      2F676363 
 710      2D61726D 
 710      2D6E6F6E 
 710      652D6561 
 711 00c3 62692F69 		.ascii	"bi/include/machine"
 711      6E636C75 
 711      64652F6D 
 711      61636869 
 711      6E65
 712 00d5 00       		.byte	0
 713 00d6 2F6F7074 		.ascii	"/opt/gcc-arm-none-eabi-10-2020-q4-major/arm-none-ea"
 713      2F676363 
 713      2D61726D 
 713      2D6E6F6E 
 713      652D6561 
 714 0109 62692F69 		.ascii	"bi/include/sys"
 714      6E636C75 
 714      64652F73 
 714      7973
ARM GAS  /tmp/ccqlZpk2.s 			page 14


 715 0117 00       		.byte	0
 716 0118 2F6F7074 		.ascii	"/opt/gcc-arm-none-eabi-10-2020-q4-major/arm-none-ea"
 716      2F676363 
 716      2D61726D 
 716      2D6E6F6E 
 716      652D6561 
 717 014b 62692F69 		.ascii	"bi/include"
 717      6E636C75 
 717      6465
 718 0155 00       		.byte	0
 719 0156 00       		.byte	0
 720 0157 5F646566 		.ascii	"_default_types.h\000"
 720      61756C74 
 720      5F747970 
 720      65732E68 
 720      00
 721 0168 04       		.uleb128 0x4
 722 0169 00       		.uleb128 0
 723 016a 00       		.uleb128 0
 724 016b 5F737464 		.ascii	"_stdint.h\000"
 724      696E742E 
 724      6800
 725 0175 05       		.uleb128 0x5
 726 0176 00       		.uleb128 0
 727 0177 00       		.uleb128 0
 728 0178 73746469 		.ascii	"stdint.h\000"
 728      6E742E68 
 728      00
 729 0181 06       		.uleb128 0x6
 730 0182 00       		.uleb128 0
 731 0183 00       		.uleb128 0
 732 0184 73746D33 		.ascii	"stm32_gpio.h\000"
 732      325F6770 
 732      696F2E68 
 732      00
 733 0191 02       		.uleb128 0x2
 734 0192 00       		.uleb128 0
 735 0193 00       		.uleb128 0
 736 0194 68616C5F 		.ascii	"hal_pal_lld.h\000"
 736      70616C5F 
 736      6C6C642E 
 736      6800
 737 01a2 02       		.uleb128 0x2
 738 01a3 00       		.uleb128 0
 739 01a4 00       		.uleb128 0
 740 01a5 68616C5F 		.ascii	"hal_pal.h\000"
 740      70616C2E 
 740      6800
 741 01af 01       		.uleb128 0x1
 742 01b0 00       		.uleb128 0
 743 01b1 00       		.uleb128 0
 744 01b2 68616C5F 		.ascii	"hal_pal.c\000"
 744      70616C2E 
 744      6300
 745 01bc 03       		.uleb128 0x3
 746 01bd 00       		.uleb128 0
 747 01be 00       		.uleb128 0
ARM GAS  /tmp/ccqlZpk2.s 			page 15


 748 01bf 00       		.byte	0
 749              	.LELTP0:
 750              	.LELT0:
 751              		.section	.gnu.debuglto_.debug_str,"eMS",%progbits,1
 752              	.LASF1:
 753 0000 6C6F6E67 		.ascii	"long long int\000"
 753      206C6F6E 
 753      6720696E 
 753      7400
 754              	.LASF20:
 755 000e 4F535045 		.ascii	"OSPEEDR\000"
 755      45445200 
 756              	.LASF18:
 757 0016 4D4F4445 		.ascii	"MODER\000"
 757      5200
 758              	.LASF14:
 759 001c 75696E74 		.ascii	"uint_fast8_t\000"
 759      5F666173 
 759      74385F74 
 759      00
 760              	.LASF22:
 761 0029 42535252 		.ascii	"BSRR\000"
 761      00
 762              	.LASF36:
 763 002e 70616C57 		.ascii	"palWriteBus\000"
 763      72697465 
 763      42757300 
 764              	.LASF5:
 765 003a 73686F72 		.ascii	"short int\000"
 765      7420696E 
 765      7400
 766              	.LASF35:
 767 0044 70616C53 		.ascii	"palSetBusMode\000"
 767      65744275 
 767      734D6F64 
 767      6500
 768              	.LASF30:
 769 0052 706F7274 		.ascii	"portid\000"
 769      696400
 770              	.LASF27:
 771 0059 696F706F 		.ascii	"ioportmask_t\000"
 771      72746D61 
 771      736B5F74 
 771      00
 772              	.LASF38:
 773 0066 5F5F6675 		.ascii	"__func__\000"
 773      6E635F5F 
 773      00
 774              	.LASF19:
 775 006f 4F545950 		.ascii	"OTYPER\000"
 775      455200
 776              	.LASF28:
 777 0076 696F6D6F 		.ascii	"iomode_t\000"
 777      64655F74 
 777      00
 778              	.LASF11:
 779 007f 6C6F6E67 		.ascii	"long long unsigned int\000"
ARM GAS  /tmp/ccqlZpk2.s 			page 16


 779      206C6F6E 
 779      6720756E 
 779      7369676E 
 779      65642069 
 780              	.LASF4:
 781 0096 756E7369 		.ascii	"unsigned char\000"
 781      676E6564 
 781      20636861 
 781      7200
 782              	.LASF40:
 783 00a4 74686972 		.ascii	"third_party/ChibiOS/os/hal/src/hal_pal.c\000"
 783      645F7061 
 783      7274792F 
 783      43686962 
 783      694F532F 
 784              	.LASF25:
 785 00cd 41465248 		.ascii	"AFRH\000"
 785      00
 786              	.LASF10:
 787 00d2 6C6F6E67 		.ascii	"long unsigned int\000"
 787      20756E73 
 787      69676E65 
 787      6420696E 
 787      7400
 788              	.LASF6:
 789 00e4 73686F72 		.ascii	"short unsigned int\000"
 789      7420756E 
 789      7369676E 
 789      65642069 
 789      6E7400
 790              	.LASF24:
 791 00f7 4146524C 		.ascii	"AFRL\000"
 791      00
 792              	.LASF39:
 793 00fc 474E5520 		.ascii	"GNU C17 10.2.1 20201103 (release) -mcpu=cortex-m7 -"
 793      43313720 
 793      31302E32 
 793      2E312032 
 793      30323031 
 794 012f 6D746875 		.ascii	"mthumb -mfloat-abi=hard -mfpu=fpv5-d16 -march=armv7"
 794      6D62202D 
 794      6D666C6F 
 794      61742D61 
 794      62693D68 
 795 0162 652D6D2B 		.ascii	"e-m+fp.dp -ggdb -O2 -fomit-frame-pointer -falign-fu"
 795      66702E64 
 795      70202D67 
 795      67646220 
 795      2D4F3220 
 796 0195 6E637469 		.ascii	"nctions=16 -ffunction-sections -fdata-sections -fno"
 796      6F6E733D 
 796      3136202D 
 796      6666756E 
 796      6374696F 
 797 01c8 2D636F6D 		.ascii	"-common -flto\000"
 797      6D6F6E20 
 797      2D666C74 
ARM GAS  /tmp/ccqlZpk2.s 			page 17


 797      6F00
 798              	.LASF8:
 799 01d6 5F5F7569 		.ascii	"__uint16_t\000"
 799      6E743136 
 799      5F7400
 800              	.LASF9:
 801 01e1 5F5F7569 		.ascii	"__uint32_t\000"
 801      6E743332 
 801      5F7400
 802              	.LASF0:
 803 01ec 756E7369 		.ascii	"unsigned int\000"
 803      676E6564 
 803      20696E74 
 803      00
 804              	.LASF15:
 805 01f9 63686172 		.ascii	"char\000"
 805      00
 806              	.LASF34:
 807 01fe 6D6F6465 		.ascii	"mode\000"
 807      00
 808              	.LASF23:
 809 0203 4C4F434B 		.ascii	"LOCKR\000"
 809      5200
 810              	.LASF26:
 811 0209 73746D33 		.ascii	"stm32_gpio_t\000"
 811      325F6770 
 811      696F5F74 
 811      00
 812              	.LASF21:
 813 0216 50555044 		.ascii	"PUPDR\000"
 813      5200
 814              	.LASF42:
 815 021c 70616C52 		.ascii	"palReadBus\000"
 815      65616442 
 815      757300
 816              	.LASF41:
 817 0227 2F686F6D 		.ascii	"/home/ian/Documents/BPRL_flight\000"
 817      652F6961 
 817      6E2F446F 
 817      63756D65 
 817      6E74732F 
 818              	.LASF31:
 819 0247 6D61736B 		.ascii	"mask\000"
 819      00
 820              	.LASF37:
 821 024c 62697473 		.ascii	"bits\000"
 821      00
 822              	.LASF32:
 823 0251 6F666673 		.ascii	"offset\000"
 823      657400
 824              	.LASF29:
 825 0258 696F706F 		.ascii	"ioportid_t\000"
 825      72746964 
 825      5F7400
 826              	.LASF12:
 827 0263 75696E74 		.ascii	"uint16_t\000"
 827      31365F74 
ARM GAS  /tmp/ccqlZpk2.s 			page 18


 827      00
 828              	.LASF17:
 829 026c 636C6561 		.ascii	"clear\000"
 829      7200
 830              	.LASF13:
 831 0272 75696E74 		.ascii	"uint32_t\000"
 831      33325F74 
 831      00
 832              	.LASF7:
 833 027b 6C6F6E67 		.ascii	"long int\000"
 833      20696E74 
 833      00
 834              	.LASF2:
 835 0284 6C6F6E67 		.ascii	"long double\000"
 835      20646F75 
 835      626C6500 
 836              	.LASF3:
 837 0290 7369676E 		.ascii	"signed char\000"
 837      65642063 
 837      68617200 
 838              	.LASF16:
 839 029c 5F426F6F 		.ascii	"_Bool\000"
 839      6C00
 840              	.LASF33:
 841 02a2 494F4275 		.ascii	"IOBus\000"
 841      7300
 842              		.text
 843              		.section	.gnu.lto_.profile.8499186f8c485817,"e",%progbits
 844 0000 789C6362 		.ascii	"x\234cb\000\001\000\000\022\000\003"
 844      00010000 
 844      120003
 845              		.text
 846              		.section	.gnu.lto_.icf.8499186f8c485817,"e",%progbits
 847 0000 789C1361 		.ascii	"x\234\023a@\000f\206\247o&=ac\334\263\246}\036\013\323"
 847      40006686 
 847      A76F263D 
 847      6163DCB3 
 847      A67D1E0B 
 848 0015 B1863D7B 		.ascii	"\261\206={x\031\000a\027\010\304"
 848      78190061 
 848      1708C4
 849              		.text
 850              		.section	.gnu.lto_.ipa_sra.8499186f8c485817,"e",%progbits
 851 0000 789C858C 		.ascii	"x\234\205\214\261\015\000 \020\002\341\301\304\251\235"
 851      B10D0020 
 851      1002E1C1 
 851      C4A99D
 852 000f 8641F56D 		.ascii	"\206A\365m,\2459\022.,\274\010T\204\2100\243\212\344"
 852      2CA53912 
 852      2E2CBC08 
 852      54848830 
 852      A38AE4
 853 0022 2E8EC634 		.ascii	".\216\3064\001\213\3651\372\207\365\261FK<\363\301\255"
 853      018BF531 
 853      FA87F5B1 
 853      464B3CF3 
 853      C1AD
ARM GAS  /tmp/ccqlZpk2.s 			page 19


 854 0034 CD0DEFFF 		.ascii	"\315\015\357\377\014\352"
 854      0CEA
 855              		.text
 856              		.section	.gnu.lto_.inline.8499186f8c485817,"e",%progbits
 857 0000 789CAD51 		.ascii	"x\234\255Q\273\015\302@\014}\376(\272(\200RRPd\024&"
 857      BB0DC240 
 857      0C7DFE28 
 857      BA288052 
 857      52506414 
 858 0015 60081285 		.ascii	"`\010\022\205-\020l\300\010\024\014@\317r\370\214.\326"
 858      2D106CC0 
 858      08140C40 
 858      CF72F88C 
 858      2ED6
 859 0027 21D16137 		.ascii	"!\321a7\317\357l\275g\337\213\260\204\000\355\305\202"
 859      CFEF6CBD 
 859      67DF8BB0 
 859      8400EDC5 
 859      82
 860 0038 6712D043 		.ascii	"g\022\320C\234\311@!{\007\014\031\220\232\334$\023\340"
 860      9CC94021 
 860      7B070C19 
 860      909ADC24 
 860      13E0
 861 004a 80270683 		.ascii	"\200'\006\203\034\036\031\272`h\260)\330\024l\037l\237"
 861      1C1E19BA 
 861      6068B029 
 861      D8146C1F 
 861      6C9F
 862 005c 95B0B1E2 		.ascii	"\225\260\261\342.3)\231X\003\204he\303\215u\354\243"
 862      2E332999 
 862      58038468 
 862      65C38D75 
 862      ECA3
 863 006e 6365A370 		.ascii	"ce\243p\277\244\365\323\212UeB|\241\321L\224\325v\361"
 863      BFA4F5D3 
 863      8A556542 
 863      7CA1D14C 
 863      94D576F1 
 864 0082 3EC4BCD9 		.ascii	">\304\274\3310\215\316\212'\237\276nT\273l\201\253\265"
 864      308DCE8A 
 864      279FBE6E 
 864      54BB6C81 
 864      ABB5
 865 0094 9DFF7CA3 		.ascii	"\235\377|\243\262\336\3264u\235\277\354v\310\2117\252"
 865      B2DED634 
 865      759DBFEC 
 865      76C88937 
 865      AA
 866 00a5 B657D8   		.ascii	"\266W\330"
 867              		.text
 868              		.section	.gnu.lto_.jmpfuncs.8499186f8c485817,"e",%progbits
 869 0000 789C8B60 		.ascii	"x\234\213`@\000f\006FF\306\372%\314\354\214L\214\214"
 869      40006606 
 869      4646C6FA 
 869      25CCEC8C 
 869      4C8C8C
ARM GAS  /tmp/ccqlZpk2.s 			page 20


 870 0013 CC200610 		.ascii	"\314 \006\020\2631\3018\214K\2309\330\030\030\030\017"
 870      B331C138 
 870      8C4B9839 
 870      D8181818 
 870      0F
 871 0024 B0303200 		.ascii	"\26002\000\361\177 \340g@\347\263\3241b(\001\000Q\277"
 871      F17F20E0 
 871      6740E7B3 
 871      D4316228 
 871      010051BF 
 872 0038 171E     		.ascii	"\027\036"
 873              		.text
 874              		.section	.gnu.lto_.pureconst.8499186f8c485817,"e",%progbits
 875 0000 789CE362 		.ascii	"x\234\343b```f\230\305\3028\213\205i&\013\000\011\370"
 875      60606066 
 875      98C5C238 
 875      8B856926 
 875      0B0009F8 
 876 0014 01EA     		.ascii	"\001\352"
 877              		.text
 878              		.section	.gnu.lto_.lto.8499186f8c485817,"e",%progbits
 879 0000 09000200 		.ascii	"\011\000\002\000\001\000\000\000"
 879      01000000 
 880              		.text
 881              		.section	.gnu.lto_palReadBus.432.8499186f8c485817,"e",%progbits
 882 0000 789C7590 		.ascii	"x\234u\220\317K\033A\024\307\337w\337\356fS\365\324"
 882      CF4B1B41 
 882      14C7DF77 
 882      DFEE6653 
 882      F5D4
 883 0012 7F202854 		.ascii	"\177 (T\274\270\036D\355M\332\036\225Z\375\003$&iw!"
 883      BCB81E44 
 883      ED4DDA1E 
 883      955AFD03 
 883      24266977 
 884 0027 2692C443 		.ascii	"&\222\304CO\216i\251\350Ak\012\255\024\025\\\202\350"
 884      4F8E69A9 
 884      E8416B0A 
 884      AD14155C 
 884      82E8
 885 0039 A9142C55 		.ascii	"\251\024,U\033e\211\320c\221\334\275\010^z\260\340\311"
 885      1B6589D0 
 885      6391DCBD 
 885      085E7AB0 
 885      E0C9
 886 004b 8360DFAC 		.ascii	"\203`\337\254\277\332\203\207\371\316|g\276\237\231"
 886      BFDA8387 
 886      F9CE7C67 
 886      BE9F99
 887 005a F7A601A2 		.ascii	"\367\246\001\2424\021=\222\001&T\026\347\014RJ\365\307"
 887      34113D92 
 887      01265416 
 887      E70C524A 
 887      F5C7
 888 006c 0C4C2FCE 		.ascii	"\014L/\316\375Y\3322\261\203h\0034e`\012\037x\231Q\341"
 888      FD59DA32 
 888      B1836803 
ARM GAS  /tmp/ccqlZpk2.s 			page 21


 888      3465600A 
 888      1F789951 
 889 0081 AA84CDEB 		.ascii	"\252\204\315\353\025\220\350\010\225:?\251\314\036\304"
 889      1590E808 
 889      953A3FA9 
 889      CC1EC4
 890 0090 963742B3 		.ascii	"\2267B\263\312\006\255J\340\033\260%\017\020I\220\007"
 890      CA06AD4A 
 890      E01BB025 
 890      0F104990 
 890      07
 891 00a1 A95D4287 		.ascii	"\251]B\207\277\266\225\212S\225\031\337\361OF6^|\265"
 891      BFB6958A 
 891      539519DF 
 891      F14F4636 
 891      5E7CB5
 892 00b4 886CD2A4 		.ascii	"\210l\322\244\256F\306\227\206\025\252\213\313\005\245"
 892      AE46C697 
 892      8615AA8B 
 892      CB05A5
 893 00c3 8E4E30DF 		.ascii	"\216N0\337\0267\200m\251R\2567ELK\304\262E\354\230^"
 893      1637806D 
 893      A952AE37 
 893      454C4BC4 
 893      B245EC98 
 894 00d8 395A8816 		.ascii	"9Z\210\026X7\240L\250\220\350=\033WfZ\314o\250\343O"
 894      5837A04C 
 894      A890E83D 
 894      1B57665A 
 894      CC6FA8E3 
 895 00ed 3FA1E7D6 		.ascii	"?\241\347\326[9\376l\323)\312\265\315\226\200o\032b"
 895      5B39FE6C 
 895      D329CAB5 
 895      CD96806F 
 895      1A62
 896 00ff E88AD775 		.ascii	"\350\212\327u\337N\225c\001\033\330\005u\275\215\254"
 896      DF4E9563 
 896      011BD805 
 896      75BD8DAC 
 897 010f 831F5889 		.ascii	"\203\037X\211J<E\275\026\017\330\272\246\342\377Q\017"
 897      4A3C45BD 
 897      160FD8BA 
 897      A6E2FF51 
 897      0F
 898 0120 E43AEC09 		.ascii	"\344:\354\011\265\026\331&\354\013\205\210*k\312\276"
 898      B516D926 
 898      EC0B8588 
 898      2A6BCABE 
 899 0130 FF856684 		.ascii	"\377\205f\204\2225\242\354\233\213w\010t\300\022\344"
 899      9235A2EC 
 899      9B8B7708 
 899      74C012E4 
 900 0140 8675EE67 		.ascii	"\206u\356g[P\027\226\257\330\2173\302r\204;t\206r\""
 900      5B501796 
 900      AFD88F33 
 900      C272843B 
 900      74867222 
ARM GAS  /tmp/ccqlZpk2.s 			page 22


 901 0154 884EE48B 		.ascii	"\210N\344\213p\367ED\011\327\313\217g\\?\231s\237\345"
 901      70F74544 
 901      09D7CB8F 
 901      675C3F99 
 901      739FE5
 902 0167 5393E399 		.ascii	"S\223\343\231\\\251\350>\031\032\036\030}\231\365_y"
 902      5CA9E83E 
 902      191A1E18 
 902      7D99F55F 
 902      79
 903 0178 25EA2879 		.ascii	"%\352(y~!=:\221,\224^\273O=\177\314\177>\342\346\213"
 903      7E213D3A 
 903      912C945E 
 903      BB4F3D7F 
 903      CC7F3EE2 
 904 018e AE97CCBA 		.ascii	"\256\227\314\272\305BJ\317r\230\355L\021\217M\026\037"
 904      C5424ACF 
 904      7298ED4C 
 904      118F4D16 
 904      1F
 905 019f DEDACE4C 		.ascii	"\336\332\316L\337\343\236t\262\267\233\376\002\337S"
 905      DFE39E74 
 905      B2B79BFE 
 905      02DF53
 906 01ae AA8F     		.ascii	"\252\217"
 907              		.text
 908              		.section	.gnu.lto_palWriteBus.433.8499186f8c485817,"e",%progbits
 909 0000 789C7552 		.ascii	"x\234uRKk\023Q\024>\337\334\231L&\257\026\\\272\011"
 909      4B6B1351 
 909      143EDFDC 
 909      994C26AF 
 909      165CBA09 
 910 0014 8A48379D 		.ascii	"\212H7\235.\304\307NT\272R4\372\003J\222F\023M\233\222"
 910      2EC4C74E 
 910      54BA5234 
 910      FA034A92 
 910      46134D9B 
 911 0029 A488ABDE 		.ascii	"\244\210\253\336FQ\350&6BqQ\005C\020w\256\324Zk\033"
 911      4651E826 
 911      36427151 
 911      05431077 
 911      AED45A6B 
 912 003e 2A6A7525 		.ascii	"*ju%n\334\211T\\\330E+n|\020\210\347\314\214\321.:0"
 912      6EDC8954 
 912      5CD8452B 
 912      6E7C1088 
 912      E7CC8CD1 
 913 0055 E7DEEFBB 		.ascii	"\347\336\357\273\347;\257{\337\032D\227\210h/\377P\204"
 913      E73BAF7B 
 913      DF1A4497 
 913      88682FFF 
 913      5084
 914 0067 C6EC8C41 		.ascii	"\306\354\214AZ\353\243\266\201\351\331\031\007\317\340"
 914      5AEBA3B6 
 914      81E9D919 
 914      07CFE0
 915 0076 21D09481 		.ascii	"!\320\224\201)\334R\003\014\177~i,\276\200~\320FK\021"
ARM GAS  /tmp/ccqlZpk2.s 			page 23


 915      29DC5203 
 915      0C7F7E69 
 915      2CBE807E 
 915      D0464B11 
 916 008a DDE5DFFB 		.ascii	"\335\345\337\373\346\025\032\252\245\0003\330\031H\362"
 916      E6151AAA 
 916      A50033D8 
 916      1948F2
 917 0099 4E9DA2FD 		.ascii	"N\235\242\375m\255\337\255,h\355PK)<\001k\360\030x\004"
 917      6DADDFAD 
 917      2C68ED50 
 917      4B293C01 
 917      6BF01878 
 918 00ae 1222F551 		.ascii	"\022\"\365Q\024*\347\373}\015\374L<\335\356g\2466L\242"
 918      142AE7FB 
 918      7D0DFC4C 
 918      3CDDEE67 
 918      A6364CA2 
 919 00c2 50901122 		.ascii	"P\220\021\"\271(I\367\261\352\333\362\347\2115m\266"
 919      B92849F7 
 919      B1EADBF2 
 919      E789356D 
 919      B6
 920 00d3 9485A5FF 		.ascii	"\224\205\245\377UD)m\205\010\317A\334\012\245\272&\223"
 920      5544296D 
 920      8508CF41 
 920      DC0AA5BA 
 920      2693
 921 00e5 60F8F0BD 		.ascii	"`\370\360\275\325\326\235n]\353\017\273\267:[\341>\003"
 921      D5D69D6E 
 921      5DEB0FBB 
 921      B73A5BE1 
 921      3E03
 922 00f7 5884092C 		.ascii	"X\204\011,\300\022\367\020'\014\331b\302b\244 ;\"&*"
 922      C012F710 
 922      270CD962 
 922      C262A420 
 922      3B22262A 
 923 010b 3026262E 		.ascii	"0&&.&\301&LTW25mB\267\211n*\303\007\323\0146\240\327"
 923      26C1264C 
 923      54573235 
 923      6D42B789 
 923      6E2AC307 
 924 0124 7FBD82AC 		.ascii	"\177\275\202\254{zf\2753\214e\320&j\267o\240\251BMe"
 924      7B7A66BD 
 924      338C65D0 
 924      266AB76F 
 924      A0A9424D 
 925 0139 0858729A 		.ascii	"\010Xr\232\312\016\206\247 \275\335\227\361\207[\212"
 925      CA0E86A7 
 925      20BDDD97 
 925      F1875B8A 
 926 0149 0F4CAC80 		.ascii	"\017L\254\200\206\256y0\2026\356xs\337\304\3259\011"
 926      86AE7930 
 926      8236EE78 
 926      73DFC4D5 
 926      3909
ARM GAS  /tmp/ccqlZpk2.s 			page 24


 927 015b 11F6A2D8 		.ascii	"\021\366\242\330\177\2438;k\243Xe-|\355\374u\326F\330"
 927      7FA3383B 
 927      6BA35865 
 927      2D7CEDFC 
 927      75D646D8 
 928 016f 5F52DAE8 		.ascii	"_R\332\350\027\356\267pQ/d\244\027?\306%\372\361\375"
 928      17EEB770 
 928      512F64A4 
 928      173FC625 
 928      FAF1FD
 929 0182 F3B84739 		.ascii	"\363\270G9\202\033rny\22287WK\362\370\230\360\233\015"
 929      821B726E 
 929      79923837 
 929      574BF2F8 
 929      98F09B0D 
 930 0196 EA49EC5C 		.ascii	"\352I\354\\O\014/\271\036\303\253gu\316\011\332\217"
 930      4F0C2FB9 
 930      1EC3AB67 
 930      75CE09DA 
 930      8F
 931 01a7 6F6B3FC1 		.ascii	"ok?\301\021\360\332\243\206\356yL\037\326X\305#\010"
 931      11F0DAA3 
 931      86EE794C 
 931      1FD658C5 
 931      2308
 932 01b9 703FDE30 		.ascii	"p?\3360\346\367\021dn\376\260\344\302\277\243\366\251"
 932      E6F71164 
 932      6EFEB0E4 
 932      C2BFA3F6 
 932      A9
 933 01ca 3BEC3DCF 		.ascii	";\354=\317\272\302\277+\"J\272\371\322X\316-\244\307"
 933      BAC2BF2B 
 933      224ABAF9 
 933      D258CE2D 
 933      A4C7
 934 01dc DD13A5EC 		.ascii	"\335\023\245\354\344Xn\274Zq\217\2359{r\344|\261p!_"
 934      E4586EBC 
 934      5A718F9D 
 934      397B72E4 
 934      7CB17021 
 935 01f1 A5816ABE 		.ascii	"\245\201j\276P\036\035\231H\227\253W\334\343\371B\246"
 935      501E1D99 
 935      4897AB57 
 935      DCE3F942 
 935      A6
 936 0202 70FA9C5B 		.ascii	"p\372\234[\252\270\371t\321\255\224\263\262\362aq0K"
 936      AAB8F974 
 936      D1AD94B3 
 936      B2F26171 
 936      304B
 937 0214 2A3359D9 		.ascii	"*3Y\331\325\203\203\271\303G\016\216\246\017\035 3S"
 937      D58383B9 
 937      C3470E8E 
 937      A60F1D20 
 937      3353
 938 0226 A85670F9 		.ascii	"\250Vp\371\017JJ\360\301"
 938      0F4A4AF0 
ARM GAS  /tmp/ccqlZpk2.s 			page 25


 938      C1
 939              		.text
 940              		.section	.gnu.lto_palSetBusMode.434.8499186f8c485817,"e",%progbits
 941 0000 789C7591 		.ascii	"x\234u\221\301K\033A\024\306\337\267o\263\233\255\365"
 941      C14B1B41 
 941      14C6DFB7 
 941      6FB39BAD 
 941      F5
 942 0011 E43F10F4 		.ascii	"\344?\020\364P\274\270=\210\2657Q\301\213\242\251\177"
 942      50BCB83D 
 942      88B53751 
 942      C18BA2A9 
 942      7F
 943 0022 80C464DB 		.ascii	"\200\304d\333]H\214$\361\340\311Q\203\007/\321\2107"
 943      5D488C24 
 943      F1E0C951 
 943      83072FD1 
 943      8837
 944 0034 0D342CC5 		.ascii	"\0154,\305[OU\333Z\232\322\203\364&\275\024\004i\021"
 944      5B4F55DB 
 944      5A9AD283 
 944      F426BD14 
 944      046911
 945 0047 2A58A894 		.ascii	"*X\250\224\236J\021\364\315\032\025\017\016\314\233"
 945      9E4A11F4 
 945      CD1A150F 
 945      0ECC9B
 946 0056 F7CDFCDE 		.ascii	"\367\315\374\336\316\373f\367A\024\020Q\207L0\241\272"
 946      CEFB66F7 
 946      41141051 
 946      874C30A1 
 946      BA
 947 0067 BA6C9052 		.ascii	"\272l\220R\252\31760\277\272\354\340=\"\005\23230\207"
 947      AACF3630 
 947      BFBAECE0 
 947      3D22059A 
 947      333087
 948 007a 35EE14F9 		.ascii	"5\356\024\371\357g\365\3643\324V\003!\023\325dFc\203"
 948      EF67F5F4 
 948      33D45603 
 948      2113D564 
 948      466383
 949 008d 51E59001 		.ascii	"Q\345\220\001\263\231\031HH\306#\364\250\241\324\301"
 949      B3991948 
 949      48C623F4 
 949      A8A1D4C1 
 950 009d 975DA51C 		.ascii	"\227]\245\034\012\231\261\003\251\3016\360Fn\227\215"
 950      0A99B103 
 950      A9C136F0 
 950      466E978D 
 951 00ad E4BAAE60 		.ascii	"\344\272\256`\357\212\373\336\344L\274\275\313\231\311"
 951      EF8AFBDE 
 951      E44CBCBD 
 951      CB99C9
 952 00bc 97269175 		.ascii	"\227&\221u}\243\354\321\353\257\261\206:\277\250(\365"
 952      7DA3ECD1 
 952      EBAFB186 
ARM GAS  /tmp/ccqlZpk2.s 			page 26


 952      3ABFA828 
 952      F5
 953 00cd FB04671D 		.ascii	"\373\004g\035\216\001\354B:x\207\230\024\304,\011\226"
 953      8E01EC42 
 953      3A788798 
 953      14C42C09 
 953      96
 954 00de 2DC18EEB 		.ascii	"-\301\216\353\214\250\302\332\2342\241\032D+l\\\211"
 954      8CA8C2DA 
 954      9C32A11A 
 954      442B6C5C 
 954      89
 955 00ef 7911BFA0 		.ascii	"y\021\277\240\216\277\355C\257\3557\341\370\320\246"
 955      8EBFED43 
 955      AFED37E1 
 955      F8D0A6
 956 00fe 332CEC39 		.ascii	"3,\3549u\2165=1\264\317W\372U\342!\307\353br\017\364"
 956      758E353D 
 956      31B4CF57 
 956      FA55E221 
 956      C7EB6272 
 957 0114 B81C4907 		.ascii	"\270\034I\007\037\260\0315\327\254\262\356g\037\340"
 957      1FB01935 
 957      D7ACB2EE 
 957      671FE0
 958 0123 A3B0B865 		.ascii	"\243\260\270e\355\373\331\026|\022\326\210\330\305\377"
 958      EDFBD916 
 958      7C12D688 
 958      D8C5FF
 959 0132 4BA86BC0 		.ascii	"K\250k\300\222\022\372\203\245\004\225a\204\374\260"
 959      9212FA83 
 959      A5049561 
 959      84FCB0
 960 0141 A63F268D 		.ascii	"\246?&\215F\207\322i+\375\305\302\217\243\241\350\337"
 960      4687D269 
 960      2BFDC5C2 
 960      8FA3A1E8 
 960      DF
 961 0152 5418B7C6 		.ascii	"T\030\267\306\211\022\256\237\317yn\220\232r\007\363"
 961      8912AE9F 
 961      CF796E90 
 961      9A7207F3 
 962 0162 E9999C37 		.ascii	"\351\231\2347U*\272\375c\317\206'\236g\203\027~\211"
 962      552ABAFD 
 962      63CF8627 
 962      9E678317 
 962      7E89
 963 0174 3A4B7E50 		.ascii	":K~P\310LL\247\012\245Yw\300\017&\203\321q7_t\375T\326"
 963      C84C4CA7 
 963      0AA55977 
 963      C00F2683 
 963      D171375F 
 964 018c 2D16D27A 		.ascii	"-\026\322z\225\303lW\232xr\246\330v#\273\274\336\247"
 964      95C36C57 
 964      9A7872A6 
 964      D87623BB 
 964      BCDEA7
ARM GAS  /tmp/ccqlZpk2.s 			page 27


 965 019f 3D99D493 		.ascii	"=\231\324\223n2s\371\214w\011\277\356\250\211"
 965      6E3273F9 
 965      8C7709BF 
 965      EEA889
 966              		.text
 967              		.section	.gnu.lto_.symbol_nodes.8499186f8c485817,"e",%progbits
 968 0000 789C6B60 		.ascii	"x\234k`\000\002\246\015\314\365\014\015@\300\3028\341"
 968      0002A60D 
 968      CCF50C0D 
 968      40C0C238 
 968      E1
 969 0011 1C03433D 		.ascii	"\034\003C=\003\303\256\206FF\006F\006\260\344F\346z"
 969      03C3AE86 
 969      46460646 
 969      06B0E446 
 969      E67A
 970 0023 469C929B 		.ascii	"F\234\222\233\230\353\231pI2ne\256g\376\017\005\362"
 970      98EB9970 
 970      49326E65 
 970      AE67FE0F 
 970      05F2
 971 0035 60050C20 		.ascii	"`\005\014 k@\262\314L\314\020mK\330\030\000\277\314"
 971      6B40B2CC 
 971      4CCC106D 
 971      4BD81800 
 971      BFCC
 972 0047 23E9     		.ascii	"#\351"
 973              		.text
 974              		.section	.gnu.lto_.refs.8499186f8c485817,"e",%progbits
 975 0000 789C6364 		.ascii	"x\234cd\000\002\000\000\012\000\002"
 975      00020000 
 975      0A0002
 976              		.text
 977              		.section	.gnu.lto_.decls.8499186f8c485817,"e",%progbits
 978 0000 789C9556 		.ascii	"x\234\225V\177PT\327\025\276\347\336]vy,,\015\2308\231"
 978      7F5054D7 
 978      15BEE7DE 
 978      5D76792C 
 978      2C0D9838 
 979 0015 A9430DAD 		.ascii	"\251C\015\255t:\272\003:\232N\377(U\3745b`\226\244\031"
 979      743ABA03 
 979      3A9A4EFF 
 979      2855FC35 
 979      626096A4 
 980 002a 3A9DD9A1 		.ascii	":\235\331\241\274Ev\002.\201%\323\366\257' \306\250"
 980      BC457602 
 980      2E8125D3 
 980      F6AF2720 
 980      C6A8
 981 003c 04AD352A 		.ascii	"\004\2555*\016\0013i\311\304(NI\244Da\005M\320\204\024"
 981      0E013369 
 981      C9C4284E 
 981      49A44461 
 981      054DD084 
 982 0051 312A828A 		.ascii	"1*\202\212\200\011 F\240\242\"Ij\317\275\357\355{\213"
 982      80092046 
 982      A0A22249 
ARM GAS  /tmp/ccqlZpk2.s 			page 28


 982      6ACFBDEF 
 982      ED7B8B
 983 0064 8B367D3B 		.ascii	"\2136};\347\335_\337\375\276s\316\336{\337}\326F\310"
 983      E7DD5FDF 
 983      FDBE73CE 
 983      DE7BDF7D 
 983      D646C8
 984 0077 6A4AC821 		.ascii	"jJ\310! \344!>&B\3109\264p\264[h\337\240\215\241\215"
 984      20E4213E 
 984      2642C839 
 984      B470B45B 
 984      68DFA08D 
 985 008d A34DA2DD 		.ascii	"\243M\242\335E\273\207fE\274\204\306\037>'\006\353s"
 985      45BB8766 
 985      45BC84C6 
 985      1F3E2706 
 985      EB73
 986 009f D17E8CF6 		.ascii	"\321~\214\366\234\326\037\374,@\215(,\237B\213\015\342"
 986      9CD61FFC 
 986      2C408D28 
 986      2C9F428B 
 986      0DE2
 987 00b1 18E56368 		.ascii	"\030\345ch\231h\026P5\343\261\274\211\345\011MsL\323"
 987      99681650 
 987      35E3B1BC 
 987      89E5094D 
 987      734CD3
 988 00c4 60D83FCC 		.ascii	"`\330?\314\353X\232\321@\323}\364ID\255\037a\231\033"
 988      EB589AD1 
 988      40D37DF4 
 988      4944AD1F 
 988      61991B
 989 00d7 A4C7B5B8 		.ascii	"\244\307\265\270fk\220\336\250\2469\246\351\004kwi\372"
 989      666B90DE 
 989      A8A639A6 
 989      E9046B77 
 989      69FA
 990 00e9 66A26A71 		.ascii	"f\242jqM\256\177\035\333\235D\325\236;\213\366\257\264"
 990      4DAE7F1D 
 990      DB9D44D5 
 990      9E3B8BF6 
 990      AFB4
 991 00fb 381FD596 		.ascii	"8\037\325\226\036\023k@\373\247\330\236\3175\2648\003"
 991      1E136B40 
 991      FBA7D89E 
 991      CF35B438 
 991      03
 992 010c 9A48F7D8 		.ascii	"\232H\367\330\2342J\034\212x\006\236&\320\240\"\226"
 992      9C324A1C 
 992      8A78069E 
 992      26D0A022 
 992      96
 993 011d 44EC62F0 		.ascii	"D\354b\360\024\230\360\035\013q\242\036\307\326\020"
 993      1498F01D 
 993      0B71A21E 
 993      C7D610
 994 012c AC2C00FE 		.ascii	"\254,\000\376\007\333E\215\260\365\244\212\321r\377"
ARM GAS  /tmp/ccqlZpk2.s 			page 29


 994      07DB458D 
 994      B0F5A48A 
 994      D172FF
 995 013b 50A755BA 		.ascii	"P\247U\272\256(\343\212\277,\234\3001\200\217\200\300"
 995      AE28E38A 
 995      BF2C9CC0 
 995      31808F80 
 995      C0
 996 014c 7140C887 		.ascii	"q@\310\207\000\037\0034\201\240\230\313~K\330\357\011"
 996      001F0334 
 996      81A098CB 
 996      7E4BD8EF 
 996      09
 997 015d CBE2B36E 		.ascii	"\313\342\263n\235\036\371<R\362?q\026\313&\302\203h"
 997      9D1EF93C 
 997      52F23F71 
 997      16CB26C2 
 997      8368
 998 016f 319D3237 		.ascii	"1\23527o\376\014=`\242$\354\025\316t\277\274\256:\202"
 998      6FFE0C3D 
 998      60A224EC 
 998      15CE74BF 
 998      BCAE3A82 
 999 0183 33DD52FC 		.ascii	"3\335R\374%f\002\247\000N#\323\031@\0102\265\003|\012"
 999      256602A7 
 999      004E23D3 
 999      19400832 
 999      B5037C0A 
 1000 0197 CC87C8B0 		.ascii	"\314\207\310\260/\317\355\357\2411\361\361\030l\231"
 1000      2FCFEDEF 
 1000      A131F1F1 
 1000      186C99
 1001 01a6 A2F86940 		.ascii	"\242\370i@\225\300\347\300\241\035\000_\360\004 \327"
 1001      95C0E7C0 
 1001      A11D005F 
 1001      F00420D7 
 1002 01b6 D4C4A757 		.ascii	"\324\304\247WJ\034;\207\312\225N\205\301Y\200\317\200"
 1002      4A1C3B87 
 1002      CA954E85 
 1002      C15980CF 
 1002      80
 1003 01c7 83546E02 		.ascii	"\203Tn\002\016\264D\216\253?1X\256D\227\3308\344\223"
 1003      0EB4448E 
 1003      AB3F3158 
 1003      AE4497D8 
 1003      38E493
 1004 01da 10C829E0 		.ascii	"\020\310)\340\262\247k:\275\361\361\261\250:\336<h\256"
 1004      B2A76B3A 
 1004      BDF1F1B1 
 1004      A83ADE3C 
 1004      68AE
 1005 01ec F30B581B 		.ascii	"\363\013X\033\3009\320\365u\276\361\246w*\242*71h\005"
 1005      C039D0F5 
 1005      75BEF1A6 
 1005      772AA22A 
 1005      37316805 
 1006 0200 38390B84 		.ascii	"89\013\204\223\240\353&\303\365s\302\365N\200\177q\327"
ARM GAS  /tmp/ccqlZpk2.s 			page 30


 1006      93A0EB26 
 1006      C3F573C2 
 1006      F54E807F 
 1006      71D7
 1007 0212 311FB71B 		.ascii	"1\037\267\033\333\336\214\212\255\371\037@\221\322h"
 1007      DBDE8C8A 
 1007      ADF91F40 
 1007      91D268
 1008 0221 7619B378 		.ascii	"v\031\263x\025\324\226\225\365ck\010m\014\355\236\326"
 1008      15D49695 
 1008      F5636B08 
 1008      6D0CED9E 
 1008      D6
 1009 0232 9B20FE02 		.ascii	"\233 \376\002?e\337\361`\236\036\353\333y\311\036\217"
 1009      3F65DFF1 
 1009      609E1EEB 
 1009      DB79C91E 
 1009      8F
 1010 0243 4F4CBC78 		.ascii	"OL\274x\3721\007gJ\267(\321e68\001\360O\200\001\303"
 1010      FA310767 
 1010      4AB728D1 
 1010      65363801 
 1010      F04F8001 
 1011 0258 E746104E 		.ascii	"\347F\020NsL\243\201\371r\006\346<\177\035\003R\213"
 1011      734CA381 
 1011      F97206E6 
 1011      3C7F1D03 
 1011      528B
 1012 026a 0EB7BCF3 		.ascii	"\016\267\274\363j;\246\247\013\300?\003\323\254\363"
 1012      6A3BA6A7 
 1012      0BC03F03 
 1012      D3ACF3
 1013 0279 8C1FD2F2 		.ascii	"\214\037\322\362\203<\227g`\034*\215\366\337b\334W\000"
 1013      833C9767 
 1013      601C2A8D 
 1013      F6DF62DC 
 1013      5700
 1014 028b 7AF9C080 		.ascii	"z\371\300\200\210\373k\200~\200\033\000\203\000\303"
 1014      88FB6B80 
 1014      7E801B00 
 1014      8300C3
 1015 029a 007D00D7 		.ascii	"\000}\000\327\001\276\002\270\0060\304\363\301}<l\370"
 1015      01BE02B8 
 1015      0630C4F3 
 1015      C17D3C6C 
 1015      F8
 1016 02ab 786906F7 		.ascii	"xi\006\367E\315G\016\372\300\000u\207\202\324`\333\015"
 1016      45CD470E 
 1016      FAC00075 
 1016      8782D460 
 1016      DB0D
 1017 02bd 4C4B6820 		.ascii	"LKh \032\321\373\006\250'$\022\225\347\254\001\271\032"
 1017      1AD1FB06 
 1017      A8272412 
 1017      95E7AC01 
 1017      B91A
 1018 02cf 9A588DE7 		.ascii	"\232X\215\347\210\001\272\020\232\331D\3026Q\276,\266"
ARM GAS  /tmp/ccqlZpk2.s 			page 31


 1018      8801BA10 
 1018      9AD944C2 
 1018      3651BE2C 
 1018      B6
 1019 02e0 DF38DC62 		.ascii	"\3378\334b\211y4=0\002?0AHqg\337\315Z\223M\354\331\232"
 1019      8979343D 
 1019      30023F30 
 1019      41487167 
 1019      DFCD5A93 
 1020 02f8 5613DC34 		.ascii	"V\023\3344\244F9\005\207\234n\330_\031% \376\307A\336"
 1020      A4463905 
 1020      879C6ED8 
 1020      5F192520 
 1020      FEC741DE 
 1021 030c 1B3EDA17 		.ascii	"\033>\332\027e\260\214\032\220o\370\331U!\274=\2514"
 1021      65B08C1A 
 1021      906FF8D9 
 1021      5521BC3D 
 1021      A934
 1022 031e 374789E3 		.ascii	"7G\211\343\301\037|<\334\016>\036\020\266\367x{_\220"
 1022      C11F7C3C 
 1022      DC0E3E1E 
 1022      10B6F778 
 1022      7B5F90
 1023 0331 470B74AA 		.ascii	"G\013t\252q\020K<S?\2562qIW\011\352\246-\327\252\303"
 1023      71104B3C 
 1023      533FAE32 
 1023      71495709 
 1023      EAA62DD7 
 1024 0347 42A9EF00 		.ascii	"B\251\357\000b\220\372\337\000\023\234z\252\355\301"
 1024      6290FADF 
 1024      00139C7A 
 1024      AAEDC1
 1025 0356 1DBB419D 		.ascii	"\035\273A\235\251S\337\005\221\214\316k\265\237\331"
 1025      A953DF05 
 1025      918CCE6B 
 1025      B59FD9
 1026 0365 430FB019 		.ascii	"C\017\260\031\036\262:J\330\007B\265w\363\321\012\210"
 1026      1EB23A4A 
 1026      D80742B5 
 1026      77F3D10A 
 1026      88
 1027 0376 514F5ABF 		.ascii	"QOZ\277z\312\302\003\221\022\301v\241\273\275\302>c"
 1027      7ACAC203 
 1027      9112C176 
 1027      A1BBBDC2 
 1027      3E63
 1028 0388 98FF3341 		.ascii	"\230\3773A\200\256\023\325\347\203\"\2356\262\366-\317"
 1028      80AE13D5 
 1028      E783229D 
 1028      36B2F62D 
 1028      CF
 1029 0399 5A831019 		.ascii	"Z\203\020\031\231\376\307D\344, \370\016\004Llh\233"
 1029      99FEC744 
 1029      E42C20F8 
 1029      0E044C6C 
 1029      689B
ARM GAS  /tmp/ccqlZpk2.s 			page 32


 1030 03ab D8D0D709 		.ascii	"\330\320\327\011k\021s\316\277\327\322\021\036\032\307"
 1030      6B1173CE 
 1030      BFD7D211 
 1030      1E1AC7
 1031 03ba 23E9B0EE 		.ascii	"#\351\260\356\356\353\2540\363=o\254\240\207\000\377"
 1031      EEEBAC30 
 1031      F33D6FAC 
 1031      A08700FF 
 1032 03ca E10E9450 		.ascii	"\341\016\224P\016,\245\260\231B\031U\317\317\306\003"
 1032      0E2CA5B0 
 1032      99421955 
 1032      CFCFC603 
 1033 03da 7BBEDD6C 		.ascii	"{\276\335lQ\370n\376\036`\0128(\344\260\253\337\261"
 1033      51F86EFE 
 1033      1E600A38 
 1033      28E4B0AB 
 1033      DFB1
 1034 03ec 455DBA9B 		.ascii	"E]\272\233((4\030\242\355%\216\331\252a\356\001\334"
 1034      28283418 
 1034      A2ED258E 
 1034      D9AA61EE 
 1034      01DC
 1035 03fe 0FA1C12D 		.ascii	"\017\241\301-\300&E\030\335\177\353(\223\304\362\366"
 1035      C0264518 
 1035      DD7FEB28 
 1035      93C4F2F6 
 1036 040e 073907E5 		.ascii	"\0079\007\3454\324=D\367\224o\333\016F\242\266\030\254"
 1036      34D43D44 
 1036      F7946FDB 
 1036      0E46A2B6 
 1036      18AC
 1037 0420 AF23824D 		.ascii	"\257#\202M\013\312\351\277\034\353\263\205ff+\235\271"
 1037      0BCAE9BF 
 1037      1CEBB385 
 1037      66662B9D 
 1037      B9
 1038 0431 06DF1FFC 		.ascii	"\006\337\037\374\370\252\355+\020_Y\223\014x,,\305\227"
 1038      F8AAED2B 
 1038      105F5993 
 1038      0C782C2C 
 1038      C597
 1039 0443 447EC748 		.ascii	"D~\307H\254B\025\032&3*1\211\311R;\314K\230d\311V\232"
 1039      AC42151A 
 1039      26332A31 
 1039      89C9523B 
 1039      CC4B9864 
 1040 045a 6097AC75 		.ascii	"`\227\254um\020-\231\255\224\016[d)a\032\016\321\232"
 1040      6D102D99 
 1040      AD940E5B 
 1040      6429611A 
 1040      0ED19A
 1041 046d B0B864C5 		.ascii	"\260\270d\305$o\2373lQh\345\013\261\213\223\361=li\007"
 1041      246F9F33 
 1041      6C5168E5 
 1041      0BB18B93 
 1041      F13D6C69 
 1042 0482 1967A59B 		.ascii	"\031g\245\233\254\321X\033\266H\223\254fG\230\334A_"
ARM GAS  /tmp/ccqlZpk2.s 			page 33


 1042      ACD1581B 
 1042      B64893AC 
 1042      664798DC 
 1042      415F
 1043 0494 5F80DF36 		.ascii	"_\200\3376IN\342\037\226d\253u\236\275\225\265\262U"
 1043      494EE21F 
 1043      9664AB75 
 1043      9EBD95B5 
 1043      B255
 1044 04a6 7853B0D6 		.ascii	"xS\260\326\037\236#\015[\354H\221 \307E\313q\366v0\313"
 1044      1F9E230D 
 1044      5BEC4891 
 1044      20C745CB 
 1044      71F67630 
 1045 04bb B2149B40 		.ascii	"\262\024\233@\320\0119))\231J\310l\262\266C\022\003"
 1045      D0093929 
 1045      29994AC8 
 1045      6CB2B643 
 1045      1203
 1046 04cd 5B92D23F 		.ascii	"[\222\322?\372\214d\226\302\347\305%\020\"\223U\024"
 1046      FA8C6496 
 1046      C2E7C525 
 1046      10229355 
 1046      14
 1047 04de 79D9C3C0 		.ascii	"y\331\303\300\003\026\324\224\215&@\202D\223([7l\301"
 1047      0316D494 
 1047      8D264082 
 1047      4493285B 
 1047      376CC1
 1048 04f1 9B058D23 		.ascii	"\233\005\215#D1Ym6P\260\010w\255\223\323\223$2l\241"
 1048      4431596D 
 1048      3650B008 
 1048      77AD93D3 
 1048      9324326C 
 1049 0506 38146BE2 		.ascii	"8\024k\342\377\2521S\012#\000\333\"1\205\342\307_\240"
 1049      FFAA3153 
 1049      0A2300DB 
 1049      223185E2 
 1049      C75FA0
 1050 0519 BD8037B5 		.ascii	"\275\2007\265\333c@F\364\363\215@54\207\250\275z\241"
 1050      DB634046 
 1050      F4F38D40 
 1050      353487A8 
 1050      BD7AA1
 1051 052c D539806A 		.ascii	"\3259\200j<T\273\330\200:G\023\341\357 r\035\002\032"
 1051      3C54BBD8 
 1051      803A4713 
 1051      E1EF2072 
 1051      1D021A
 1052 053f 24C0A3CE 		.ascii	"$\300\243\316\321\000\372\\\255\3125\004\230\006\317"
 1052      D100FA5C 
 1052      ADCA3504 
 1052      9806CF
 1053 054e 11F36638 		.ascii	"\021\363f8nP\022\2356\340\022Q\033\270n\336n\276\364"
 1053      6E50129D 
 1053      36E01251 
 1053      1BB86EDE 
ARM GAS  /tmp/ccqlZpk2.s 			page 34


 1053      6EBEF4
 1054 0561 E7AF316D 		.ascii	"\347\2571m\312\361\206#\221\020]\231L\200\035d\217;"
 1054      CAF18623 
 1054      91105D99 
 1054      4C801D64 
 1054      8F3B
 1055 0573 2B2AA87E 		.ascii	"+*\250~\024\334\350\177\250\330\304\260?pV\3402\017"
 1055      14DCE87F 
 1055      A8D8C4B0 
 1055      3F7056E0 
 1055      320F
 1056 0585 029CBF76 		.ascii	"\002\234\277v\252[2V\367\233\306\352\256\244\002\360"
 1056      AA5B3256 
 1056      F79BC6EA 
 1056      AEA402F0 
 1057 0595 C595DEDE 		.ascii	"\305\225\336\336(~\033\306\016\360bG_\351\310\250\351"
 1057      287E1BC6 
 1057      0EF06247 
 1057      5FE9C8A8 
 1057      E9
 1058 05a6 1985DFA1 		.ascii	"\031\205\337\241\224X\276\325\002\267\230]\030\352N"
 1058      9458BED5 
 1058      02B7985D 
 1058      18EA4E
 1059 05b5 75D28363 		.ascii	"u\322\203c\035\273\244\371{\367*SMU[\333,\007\360\266"
 1059      1DBBA4F9 
 1059      7BF72A53 
 1059      4D555BDB 
 1059      2C07F0B6 
 1060 05c9 85134C08 		.ascii	"\205\023L\010\201\035\2326\301\032\201\355\024\266\321"
 1060      811D9A36 
 1060      C11A81ED 
 1060      14B6D1
 1061 05d8 25B56676 		.ascii	"%\265fvIDs{\260\341\254$\304\220\227\213U\373/wE\004"
 1061      4944737B 
 1061      B0E1AC24 
 1061      C490978B 
 1061      55FB2F77 
 1062 05ee D4FF4AF9 		.ascii	"\324\377J\371\207\345hu;\325\345su\365\267\220m\217"
 1062      87E56875 
 1062      3BD5E573 
 1062      75F5B790 
 1062      6D8F
 1063 0600 AAFEC6E5 		.ascii	"\252\376\306\345\236=&\256>\336\324\366j\035_\3628\012"
 1063      9E3D26AE 
 1063      3EDED4F6 
 1063      6A1D5FF2 
 1063      380A
 1064 0612 BB75E1DD 		.ascii	"\273u\341\335\272p\227\211\015\012\341{\325\237\\T\205"
 1064      BA709789 
 1064      0D0AE17B 
 1064      D59F5C54 
 1064      85
 1065 0623 DF50A33C 		.ascii	"\337P\243<2\320\325m\013\010\357\347\302m\027\206\272"
 1065      32D0D56D 
 1065      0B08EFE7 
 1065      C26D1786 
ARM GAS  /tmp/ccqlZpk2.s 			page 35


 1065      BA
 1066 0634 CDB3081F 		.ascii	"\315\263\010\037@\266*U\370\314\207oM1.\\?\302?\264"
 1066      40B62A55 
 1066      F8CC876F 
 1066      4D312E5C 
 1066      3FC23FB4 
 1067 0648 6ACC0728 		.ascii	"j\314\007(\354\323\245\367\351\322[Mlbv\351\306\213"
 1067      ECD3A5F7 
 1067      E9D25B4D 
 1067      6C6276E9 
 1067      C68B
 1068 065a CD6DA640 		.ascii	"\315m\246@\022\336\346\322U%w\337U!x@\326\360\2363\275"
 1068      12DEE6D2 
 1068      552577DF 
 1068      55217840 
 1068      D6F09E33 
 1069 066f D5A3D22C 		.ascii	"\325\243\322,\316\034D\376Z\325\231[\335\245\317\316"
 1069      CE1C44FE 
 1069      5AD5995B 
 1069      DDA5CFCE 
 1070 067f DF8BD7D3 		.ascii	"\337\213\327\323\352\201\372\357\177r\262\264&\001G"
 1070      EA81FAEF 
 1070      7F72B2B4 
 1070      260147
 1071 068e A15A77A5 		.ascii	"\241Zw\245\232j\213\353\357=\215\223a\263|\207\371\227"
 1071      9A6A8BEB 
 1071      EF3D8D93 
 1071      61B37C87 
 1071      F997
 1072 06a0 40FF12DF 		.ascii	"@\377\022\337\237\370\250'\302X'\007\215u\362.\347I"
 1072      9FF8A827 
 1072      C2582707 
 1072      8D75F22E 
 1072      E749
 1073 06b2 F0E57A0A 		.ascii	"\360\345z\012eWAV\241\357O\216\025\271\236?x\3222\034"
 1073      65574156 
 1073      A1EF4F8E 
 1073      15B99E3F 
 1073      78D2321C 
 1074 06c6 DE22476E 		.ascii	"\336\"GnV\236\243\2500\233\2278\230\267(\333\272\372"
 1074      569EA3A8 
 1074      309B9738 
 1074      98B728DB 
 1074      BAFA
 1075 06d8 8597E256 		.ascii	"\205\227\342V$.#1z\327\"\367\363\277\\*g-[BL\277Y\345"
 1075      242E2331 
 1075      7AD722F7 
 1075      F3BF5C2A 
 1075      672D5B42 
 1076 06f0 4CB5167B 		.ascii	"L\265\026{6\372\026'\271|\346\324\264\025\353\234\246"
 1076      36FA1627 
 1076      B97CE6D4 
 1076      B415EB9C 
 1076      A6
 1077 0701 E5194E27 		.ascii	"\345\031N'\274\014k\314\331y\356\254B1\232\270\324\345"
 1077      BC0C6BCC 
 1077      D979EEAC 
ARM GAS  /tmp/ccqlZpk2.s 			page 36


 1077      42319AB8 
 1077      D4E5
 1078 0713 63456E5F 		.ascii	"cEn_\234#\327\233\357vx\2626:R\274\331\305\371\356\215"
 1078      9C23D79B 
 1078      EF7678B2 
 1078      363A52BC 
 1078      D9C5F9EE 
 1079 0728 BE22C7F2 		.ascii	"\276\"\307\362tg\252+'\317\263!\327G~\375\004\267\012"
 1079      7467AA2B 
 1079      27CFB321 
 1079      D7477EFD 
 1079      04B70A
 1080 073b BC8588CE 		.ascii	"\274\205\210\316xq\375\342$Gjj\212cu\372\332\264\327"
 1080      7871FDE2 
 1080      24476A6A 
 1080      8A6375FA 
 1080      DAB4D7
 1081 074e 921C45BE 		.ascii	"\222\034E\276|\024\337P\340\361.\312%,-\305\311\326"
 1081      7C14DF50 
 1081      E0F12ECA 
 1081      252C2DC5 
 1081      C9D6
 1082 0760 A638CDE9 		.ascii	"\2468\315\351/\245\2478-i\031\351+W\2468\303\322^\314"
 1082      2FA5A738 
 1082      2D6919E9 
 1082      2B57A638 
 1082      C3D25ECC 
 1083 0774 4C5FE934 		.ascii	"L_\3514\257OKY\351\344>\257\261\031\263\\>\233\307\313"
 1083      AF4F4B59 
 1083      E9E43EAF 
 1083      B119B35C 
 1083      3E9BC7CB 
 1084 0788 B9F3B38A 		.ascii	"\271\363\263\212^\301\006\367\327\225\223U\344{\336"
 1084      5EC106F7 
 1084      D7959355 
 1084      E47BDE
 1085 0797 E533F1BE 		.ascii	"\3453\361\2760>\350\221%\025\345\221]\2760oN\016F\263"
 1085      303EE891 
 1085      2515E591 
 1085      5DBE306F 
 1085      4E0E46B3 
 1086 07ab F009CE7A 		.ascii	"\360\011\316z6f\347\025\313n=\217\271\304\2746myq\221"
 1086      3666E715 
 1086      CB6E3D8F 
 1086      B9C4BC36 
 1086      6D797191 
 1087 07bf D5E3CDF7 		.ascii	"\325\343\315\367\312nLG\342Rb\317*\314\177m\231"
 1087      CA6E4C47 
 1087      E25262CF 
 1087      2ACC7F6D 
 1087      99
 1088 07d0 7B61FE2F 		.ascii	"{a\376/r\012\026\311\005D\312F\001\367\037\027\346/"
 1088      720A16C9 
 1088      0544CA46 
 1088      01F71F17 
 1088      E62F
 1089 07e2 23124E72 		.ascii	"#\022Nr\272\263d\234\362\363\037\372W\221\010,^.\364"
ARM GAS  /tmp/ccqlZpk2.s 			page 37


 1089      BAB3649C 
 1089      F2F31FFA 
 1089      5791082C 
 1089      5E2EF4
 1090 07f5 F8DC382B 		.ascii	"\370\3348+\022\353\031n\037\326\326\243\336\034\216"
 1090      12EB196E 
 1090      1FD6D6A3 
 1090      DE1C8E
 1091 0804 70E5E5C9 		.ascii	"p\345\345\311.\364{C\241\267\270\200{\221\374\377g["
 1091      2EF47B43 
 1091      A1B7B880 
 1091      7B91FCFF 
 1091      675B
 1092 0816 13E35418 		.ascii	"\023\343T\030\323\177\001)OW\230"
 1092      D37F0129 
 1092      4F5798
 1093              		.text
 1094              		.section	.gnu.lto_.symtab.8499186f8c485817,"e",%progbits
 1095 0000 70616C52 		.ascii	"palReadBus\000"
 1095      65616442 
 1095      757300
 1096 000b 00       		.ascii	"\000"
 1097 000c 00       		.ascii	"\000"
 1098 000d 00       		.ascii	"\000"
 1099 000e 00000000 		.ascii	"\000\000\000\000\000\000\000\000"
 1099      00000000 
 1100 0016 13010000 		.ascii	"\023\001\000\000"
 1101 001a 70616C57 		.ascii	"palWriteBus\000"
 1101      72697465 
 1101      42757300 
 1102 0026 00       		.ascii	"\000"
 1103 0027 00       		.ascii	"\000"
 1104 0028 00       		.ascii	"\000"
 1105 0029 00000000 		.ascii	"\000\000\000\000\000\000\000\000"
 1105      00000000 
 1106 0031 18010000 		.ascii	"\030\001\000\000"
 1107 0035 70616C53 		.ascii	"palSetBusMode\000"
 1107      65744275 
 1107      734D6F64 
 1107      6500
 1108 0043 00       		.ascii	"\000"
 1109 0044 00       		.ascii	"\000"
 1110 0045 00       		.ascii	"\000"
 1111 0046 00000000 		.ascii	"\000\000\000\000\000\000\000\000"
 1111      00000000 
 1112 004e 1D010000 		.ascii	"\035\001\000\000"
 1113 0052 5F70616C 		.ascii	"_pal_lld_setgroupmode\000"
 1113      5F6C6C64 
 1113      5F736574 
 1113      67726F75 
 1113      706D6F64 
 1114 0068 00       		.ascii	"\000"
 1115 0069 02       		.ascii	"\002"
 1116 006a 00       		.ascii	"\000"
 1117 006b 00000000 		.ascii	"\000\000\000\000\000\000\000\000"
 1117      00000000 
 1118 0073 23010000 		.ascii	"#\001\000\000"
ARM GAS  /tmp/ccqlZpk2.s 			page 38


 1119              		.text
 1120              		.section	.gnu.lto_.ext_symtab.8499186f8c485817,"e",%progbits
 1121 0000 01       		.ascii	"\001"
 1122 0001 01       		.ascii	"\001"
 1123 0002 00       		.ascii	"\000"
 1124 0003 01       		.ascii	"\001"
 1125 0004 00       		.ascii	"\000"
 1126 0005 01       		.ascii	"\001"
 1127 0006 00       		.ascii	"\000"
 1128 0007 01       		.ascii	"\001"
 1129 0008 00       		.ascii	"\000"
 1130              		.text
 1131              		.section	.gnu.lto_.opts,"e",%progbits
 1132 0000 272D666E 		.ascii	"'-fno-openmp' '-fno-openacc' '-fno-pie' '-fcf-prote"
 1132      6F2D6F70 
 1132      656E6D70 
 1132      2720272D 
 1132      666E6F2D 
 1133 0033 6374696F 		.ascii	"ction=none' '-g' '-mcpu=cortex-m7' '-mthumb' '-mflo"
 1133      6E3D6E6F 
 1133      6E652720 
 1133      272D6727 
 1133      20272D6D 
 1134 0066 61742D61 		.ascii	"at-abi=hard' '-mfpu=fpv5-d16' '-march=armv7e-m+fp.d"
 1134      62693D68 
 1134      61726427 
 1134      20272D6D 
 1134      6670753D 
 1135 0099 70272027 		.ascii	"p' '-O2' '-fomit-frame-pointer' '-falign-functions="
 1135      2D4F3227 
 1135      20272D66 
 1135      6F6D6974 
 1135      2D667261 
 1136 00cc 31362720 		.ascii	"16' '-ffunction-sections' '-fdata-sections' '-fno-c"
 1136      272D6666 
 1136      756E6374 
 1136      696F6E2D 
 1136      73656374 
 1137 00ff 6F6D6D6F 		.ascii	"ommon' '-flto' '-Xassembler' '-alms=build/lst/hal_p"
 1137      6E272027 
 1137      2D666C74 
 1137      6F272027 
 1137      2D586173 
 1138 0132 616C2E6C 		.ascii	"al.lst'\000"
 1138      73742700 
 1139              		.text
 1140              		.comm	__gnu_lto_slim,1,1
 1141              		.ident	"GCC: (GNU Arm Embedded Toolchain 10-2020-q4-major) 10.2.1 20201103 (release)"
ARM GAS  /tmp/ccqlZpk2.s 			page 39


DEFINED SYMBOLS
                            *ABS*:0000000000000000 hal_pal.c
     /tmp/ccqlZpk2.s:24     .gnu.debuglto_.debug_info:0000000000000000 hal_pal.c.e896da74
                            *COM*:0000000000000001 __gnu_lto_slim

NO UNDEFINED SYMBOLS
