ARM GAS  /tmp/ccfRxRTW.s 			page 1


   1              		.cpu cortex-m7
   2              		.eabi_attribute 28, 1
   3              		.eabi_attribute 20, 1
   4              		.eabi_attribute 21, 1
   5              		.eabi_attribute 23, 3
   6              		.eabi_attribute 24, 1
   7              		.eabi_attribute 25, 1
   8              		.eabi_attribute 26, 1
   9              		.eabi_attribute 30, 2
  10              		.eabi_attribute 34, 1
  11              		.eabi_attribute 18, 4
  12              		.file	"hal_pal_lld.c"
  13              		.file 1 "/opt/gcc-arm-none-eabi-10-2020-q4-major/arm-none-eabi/include/machine/_default_types.h"
  14              		.file 2 "/opt/gcc-arm-none-eabi-10-2020-q4-major/arm-none-eabi/include/sys/_stdint.h"
  15              		.file 3 "third_party/ChibiOS/os/hal/ports/STM32/LLD/GPIOv2/stm32_gpio.h"
  16              		.file 4 "third_party/ChibiOS/os/hal/ports/STM32/LLD/GPIOv2/hal_pal_lld.h"
  17              		.file 5 "third_party/ChibiOS/os/hal/ports/STM32/LLD/GPIOv2/hal_pal_lld.c"
  18              		.section	.gnu.debuglto_.debug_info,"e",%progbits
  19              	.Ldebug_info0:
  20              		.hidden	hal_pal_lld.c.07ae32a7
  21              		.weak	hal_pal_lld.c.07ae32a7
  22              	hal_pal_lld.c.07ae32a7:
  23 0000 63020000 		.4byte	0x263
  24 0004 0400     		.2byte	0x4
  25 0006 00000000 		.4byte	.Ldebug_abbrev0
  26 000a 04       		.byte	0x4
  27 000b 01       		.uleb128 0x1
  28 000c B7000000 		.4byte	.LASF38
  29 0010 0C       		.byte	0xc
  30 0011 65020000 		.4byte	.LASF39
  31 0015 09020000 		.4byte	.LASF40
  32 0019 00000000 		.4byte	.Ldebug_line0
  33 001d 02       		.uleb128 0x2
  34 001e 04       		.byte	0x4
  35 001f 05       		.byte	0x5
  36 0020 696E7400 		.ascii	"int\000"
  37 0024 03       		.uleb128 0x3
  38 0025 04       		.byte	0x4
  39 0026 07       		.byte	0x7
  40 0027 CC010000 		.4byte	.LASF0
  41 002b 03       		.uleb128 0x3
  42 002c 08       		.byte	0x8
  43 002d 05       		.byte	0x5
  44 002e 00000000 		.4byte	.LASF1
  45 0032 03       		.uleb128 0x3
  46 0033 08       		.byte	0x8
  47 0034 04       		.byte	0x4
  48 0035 59020000 		.4byte	.LASF2
  49 0039 03       		.uleb128 0x3
  50 003a 01       		.byte	0x1
  51 003b 06       		.byte	0x6
  52 003c A5020000 		.4byte	.LASF3
  53 0040 03       		.uleb128 0x3
  54 0041 01       		.byte	0x1
  55 0042 08       		.byte	0x8
  56 0043 7A000000 		.4byte	.LASF4
  57 0047 03       		.uleb128 0x3
ARM GAS  /tmp/ccfRxRTW.s 			page 2


  58 0048 02       		.byte	0x2
  59 0049 05       		.byte	0x5
  60 004a 35000000 		.4byte	.LASF5
  61 004e 04       		.uleb128 0x4
  62 004f 97010000 		.4byte	.LASF8
  63 0053 01       		.byte	0x1
  64 0054 39       		.byte	0x39
  65 0055 19       		.byte	0x19
  66 0056 5A000000 		.4byte	0x5a
  67 005a 03       		.uleb128 0x3
  68 005b 02       		.byte	0x2
  69 005c 07       		.byte	0x7
  70 005d 9F000000 		.4byte	.LASF6
  71 0061 03       		.uleb128 0x3
  72 0062 04       		.byte	0x4
  73 0063 05       		.byte	0x5
  74 0064 50020000 		.4byte	.LASF7
  75 0068 04       		.uleb128 0x4
  76 0069 AB010000 		.4byte	.LASF9
  77 006d 01       		.byte	0x1
  78 006e 4F       		.byte	0x4f
  79 006f 19       		.byte	0x19
  80 0070 74000000 		.4byte	0x74
  81 0074 03       		.uleb128 0x3
  82 0075 04       		.byte	0x4
  83 0076 07       		.byte	0x7
  84 0077 8D000000 		.4byte	.LASF10
  85 007b 03       		.uleb128 0x3
  86 007c 08       		.byte	0x8
  87 007d 07       		.byte	0x7
  88 007e 63000000 		.4byte	.LASF11
  89 0082 04       		.uleb128 0x4
  90 0083 3E020000 		.4byte	.LASF12
  91 0087 02       		.byte	0x2
  92 0088 24       		.byte	0x24
  93 0089 14       		.byte	0x14
  94 008a 4E000000 		.4byte	0x4e
  95 008e 04       		.uleb128 0x4
  96 008f 47020000 		.4byte	.LASF13
  97 0093 02       		.byte	0x2
  98 0094 30       		.byte	0x30
  99 0095 14       		.byte	0x14
 100 0096 68000000 		.4byte	0x68
 101 009a 05       		.uleb128 0x5
 102 009b 8E000000 		.4byte	0x8e
 103 009f 03       		.uleb128 0x3
 104 00a0 01       		.byte	0x1
 105 00a1 08       		.byte	0x8
 106 00a2 DE010000 		.4byte	.LASF14
 107 00a6 03       		.uleb128 0x3
 108 00a7 01       		.byte	0x1
 109 00a8 02       		.byte	0x2
 110 00a9 B7020000 		.4byte	.LASF15
 111 00ad 06       		.uleb128 0x6
 112 00ae 04       		.byte	0x4
 113 00af 03       		.byte	0x3
 114 00b0 5B       		.byte	0x5b
ARM GAS  /tmp/ccfRxRTW.s 			page 3


 115 00b1 05       		.byte	0x5
 116 00b2 D1000000 		.4byte	0xd1
 117 00b6 07       		.uleb128 0x7
 118 00b7 73657400 		.ascii	"set\000"
 119 00bb 03       		.byte	0x3
 120 00bc 5C       		.byte	0x5c
 121 00bd 19       		.byte	0x19
 122 00be 82000000 		.4byte	0x82
 123 00c2 00       		.byte	0
 124 00c3 08       		.uleb128 0x8
 125 00c4 16000000 		.4byte	.LASF16
 126 00c8 03       		.byte	0x3
 127 00c9 5D       		.byte	0x5d
 128 00ca 19       		.byte	0x19
 129 00cb 82000000 		.4byte	0x82
 130 00cf 02       		.byte	0x2
 131 00d0 00       		.byte	0
 132 00d1 09       		.uleb128 0x9
 133 00d2 04       		.byte	0x4
 134 00d3 03       		.byte	0x3
 135 00d4 59       		.byte	0x59
 136 00d5 0C       		.byte	0xc
 137 00d6 EF000000 		.4byte	0xef
 138 00da 0A       		.uleb128 0xa
 139 00db 5700     		.ascii	"W\000"
 140 00dd 03       		.byte	0x3
 141 00de 5A       		.byte	0x5a
 142 00df 19       		.byte	0x19
 143 00e0 8E000000 		.4byte	0x8e
 144 00e4 0A       		.uleb128 0xa
 145 00e5 4800     		.ascii	"H\000"
 146 00e7 03       		.byte	0x3
 147 00e8 5E       		.byte	0x5e
 148 00e9 07       		.byte	0x7
 149 00ea AD000000 		.4byte	0xad
 150 00ee 00       		.byte	0
 151 00ef 05       		.uleb128 0x5
 152 00f0 D1000000 		.4byte	0xd1
 153 00f4 06       		.uleb128 0x6
 154 00f5 28       		.byte	0x28
 155 00f6 03       		.byte	0x3
 156 00f7 51       		.byte	0x51
 157 00f8 09       		.byte	0x9
 158 00f9 80010000 		.4byte	0x180
 159 00fd 08       		.uleb128 0x8
 160 00fe 1C000000 		.4byte	.LASF17
 161 0102 03       		.byte	0x3
 162 0103 53       		.byte	0x53
 163 0104 19       		.byte	0x19
 164 0105 9A000000 		.4byte	0x9a
 165 0109 00       		.byte	0
 166 010a 08       		.uleb128 0x8
 167 010b 53000000 		.4byte	.LASF18
 168 010f 03       		.byte	0x3
 169 0110 54       		.byte	0x54
 170 0111 19       		.byte	0x19
 171 0112 9A000000 		.4byte	0x9a
ARM GAS  /tmp/ccfRxRTW.s 			page 4


 172 0116 04       		.byte	0x4
 173 0117 08       		.uleb128 0x8
 174 0118 0E000000 		.4byte	.LASF19
 175 011c 03       		.byte	0x3
 176 011d 55       		.byte	0x55
 177 011e 19       		.byte	0x19
 178 011f 9A000000 		.4byte	0x9a
 179 0123 08       		.byte	0x8
 180 0124 08       		.uleb128 0x8
 181 0125 FB010000 		.4byte	.LASF20
 182 0129 03       		.byte	0x3
 183 012a 56       		.byte	0x56
 184 012b 19       		.byte	0x19
 185 012c 9A000000 		.4byte	0x9a
 186 0130 0C       		.byte	0xc
 187 0131 07       		.uleb128 0x7
 188 0132 49445200 		.ascii	"IDR\000"
 189 0136 03       		.byte	0x3
 190 0137 57       		.byte	0x57
 191 0138 19       		.byte	0x19
 192 0139 9A000000 		.4byte	0x9a
 193 013d 10       		.byte	0x10
 194 013e 07       		.uleb128 0x7
 195 013f 4F445200 		.ascii	"ODR\000"
 196 0143 03       		.byte	0x3
 197 0144 58       		.byte	0x58
 198 0145 19       		.byte	0x19
 199 0146 9A000000 		.4byte	0x9a
 200 014a 14       		.byte	0x14
 201 014b 08       		.uleb128 0x8
 202 014c 30000000 		.4byte	.LASF21
 203 0150 03       		.byte	0x3
 204 0151 5F       		.byte	0x5f
 205 0152 05       		.byte	0x5
 206 0153 EF000000 		.4byte	0xef
 207 0157 18       		.byte	0x18
 208 0158 08       		.uleb128 0x8
 209 0159 E8010000 		.4byte	.LASF22
 210 015d 03       		.byte	0x3
 211 015e 60       		.byte	0x60
 212 015f 19       		.byte	0x19
 213 0160 9A000000 		.4byte	0x9a
 214 0164 1C       		.byte	0x1c
 215 0165 08       		.uleb128 0x8
 216 0166 B2000000 		.4byte	.LASF23
 217 016a 03       		.byte	0x3
 218 016b 61       		.byte	0x61
 219 016c 19       		.byte	0x19
 220 016d 9A000000 		.4byte	0x9a
 221 0171 20       		.byte	0x20
 222 0172 08       		.uleb128 0x8
 223 0173 88000000 		.4byte	.LASF24
 224 0177 03       		.byte	0x3
 225 0178 62       		.byte	0x62
 226 0179 19       		.byte	0x19
 227 017a 9A000000 		.4byte	0x9a
 228 017e 24       		.byte	0x24
ARM GAS  /tmp/ccfRxRTW.s 			page 5


 229 017f 00       		.byte	0
 230 0180 04       		.uleb128 0x4
 231 0181 EE010000 		.4byte	.LASF25
 232 0185 03       		.byte	0x3
 233 0186 63       		.byte	0x63
 234 0187 03       		.byte	0x3
 235 0188 F4000000 		.4byte	0xf4
 236 018c 04       		.uleb128 0x4
 237 018d 46000000 		.4byte	.LASF26
 238 0191 04       		.byte	0x4
 239 0192 C2       		.byte	0xc2
 240 0193 12       		.byte	0x12
 241 0194 8E000000 		.4byte	0x8e
 242 0198 04       		.uleb128 0x4
 243 0199 5A000000 		.4byte	.LASF27
 244 019d 04       		.byte	0x4
 245 019e C7       		.byte	0xc7
 246 019f 12       		.byte	0x12
 247 01a0 8E000000 		.4byte	0x8e
 248 01a4 04       		.uleb128 0x4
 249 01a5 33020000 		.4byte	.LASF28
 250 01a9 04       		.byte	0x4
 251 01aa D9       		.byte	0xd9
 252 01ab 18       		.byte	0x18
 253 01ac B0010000 		.4byte	0x1b0
 254 01b0 0B       		.uleb128 0xb
 255 01b1 04       		.byte	0x4
 256 01b2 80010000 		.4byte	0x180
 257 01b6 0C       		.uleb128 0xc
 258 01b7 B6010000 		.4byte	.LASF41
 259 01bb 05       		.byte	0x5
 260 01bc 59       		.byte	0x59
 261 01bd 06       		.byte	0x6
 262 01be 5E020000 		.4byte	0x25e
 263 01c2 0D       		.uleb128 0xd
 264 01c3 2E020000 		.4byte	.LASF29
 265 01c7 05       		.byte	0x5
 266 01c8 59       		.byte	0x59
 267 01c9 27       		.byte	0x27
 268 01ca A4010000 		.4byte	0x1a4
 269 01ce 0D       		.uleb128 0xd
 270 01cf 29020000 		.4byte	.LASF30
 271 01d3 05       		.byte	0x5
 272 01d4 5A       		.byte	0x5a
 273 01d5 29       		.byte	0x29
 274 01d6 8C010000 		.4byte	0x18c
 275 01da 0D       		.uleb128 0xd
 276 01db E3010000 		.4byte	.LASF31
 277 01df 05       		.byte	0x5
 278 01e0 5B       		.byte	0x5b
 279 01e1 25       		.byte	0x25
 280 01e2 98010000 		.4byte	0x198
 281 01e6 0E       		.uleb128 0xe
 282 01e7 B1020000 		.4byte	.LASF32
 283 01eb 05       		.byte	0x5
 284 01ec 5D       		.byte	0x5d
 285 01ed 0C       		.byte	0xc
ARM GAS  /tmp/ccfRxRTW.s 			page 6


 286 01ee 8E000000 		.4byte	0x8e
 287 01f2 0E       		.uleb128 0xe
 288 01f3 3F000000 		.4byte	.LASF33
 289 01f7 05       		.byte	0x5
 290 01f8 5E       		.byte	0x5e
 291 01f9 0C       		.byte	0xc
 292 01fa 8E000000 		.4byte	0x8e
 293 01fe 0E       		.uleb128 0xe
 294 01ff 01020000 		.4byte	.LASF34
 295 0203 05       		.byte	0x5
 296 0204 5F       		.byte	0x5f
 297 0205 0C       		.byte	0xc
 298 0206 8E000000 		.4byte	0x8e
 299 020a 0E       		.uleb128 0xe
 300 020b 91010000 		.4byte	.LASF35
 301 020f 05       		.byte	0x5
 302 0210 60       		.byte	0x60
 303 0211 0C       		.byte	0xc
 304 0212 8E000000 		.4byte	0x8e
 305 0216 0E       		.uleb128 0xe
 306 0217 D9010000 		.4byte	.LASF36
 307 021b 05       		.byte	0x5
 308 021c 61       		.byte	0x61
 309 021d 0C       		.byte	0xc
 310 021e 8E000000 		.4byte	0x8e
 311 0222 0F       		.uleb128 0xf
 312 0223 62697400 		.ascii	"bit\000"
 313 0227 05       		.byte	0x5
 314 0228 62       		.byte	0x62
 315 0229 0C       		.byte	0xc
 316 022a 8E000000 		.4byte	0x8e
 317 022e 10       		.uleb128 0x10
 318 022f 0E       		.uleb128 0xe
 319 0230 A2010000 		.4byte	.LASF37
 320 0234 05       		.byte	0x5
 321 0235 65       		.byte	0x65
 322 0236 10       		.byte	0x10
 323 0237 8E000000 		.4byte	0x8e
 324 023b 0F       		.uleb128 0xf
 325 023c 6D3100   		.ascii	"m1\000"
 326 023f 05       		.byte	0x5
 327 0240 65       		.byte	0x65
 328 0241 1A       		.byte	0x1a
 329 0242 8E000000 		.4byte	0x8e
 330 0246 0F       		.uleb128 0xf
 331 0247 6D3200   		.ascii	"m2\000"
 332 024a 05       		.byte	0x5
 333 024b 65       		.byte	0x65
 334 024c 1E       		.byte	0x1e
 335 024d 8E000000 		.4byte	0x8e
 336 0251 0F       		.uleb128 0xf
 337 0252 6D3400   		.ascii	"m4\000"
 338 0255 05       		.byte	0x5
 339 0256 65       		.byte	0x65
 340 0257 22       		.byte	0x22
 341 0258 8E000000 		.4byte	0x8e
 342 025c 00       		.byte	0
ARM GAS  /tmp/ccfRxRTW.s 			page 7


 343 025d 00       		.byte	0
 344 025e 11       		.uleb128 0x11
 345 025f 22000000 		.4byte	.LASF42
 346 0263 05       		.byte	0x5
 347 0264 41       		.byte	0x41
 348 0265 06       		.byte	0x6
 349 0266 00       		.byte	0
 350              		.section	.gnu.debuglto_.debug_abbrev,"e",%progbits
 351              	.Ldebug_abbrev0:
 352 0000 01       		.uleb128 0x1
 353 0001 11       		.uleb128 0x11
 354 0002 01       		.byte	0x1
 355 0003 25       		.uleb128 0x25
 356 0004 0E       		.uleb128 0xe
 357 0005 13       		.uleb128 0x13
 358 0006 0B       		.uleb128 0xb
 359 0007 03       		.uleb128 0x3
 360 0008 0E       		.uleb128 0xe
 361 0009 1B       		.uleb128 0x1b
 362 000a 0E       		.uleb128 0xe
 363 000b 10       		.uleb128 0x10
 364 000c 17       		.uleb128 0x17
 365 000d 00       		.byte	0
 366 000e 00       		.byte	0
 367 000f 02       		.uleb128 0x2
 368 0010 24       		.uleb128 0x24
 369 0011 00       		.byte	0
 370 0012 0B       		.uleb128 0xb
 371 0013 0B       		.uleb128 0xb
 372 0014 3E       		.uleb128 0x3e
 373 0015 0B       		.uleb128 0xb
 374 0016 03       		.uleb128 0x3
 375 0017 08       		.uleb128 0x8
 376 0018 00       		.byte	0
 377 0019 00       		.byte	0
 378 001a 03       		.uleb128 0x3
 379 001b 24       		.uleb128 0x24
 380 001c 00       		.byte	0
 381 001d 0B       		.uleb128 0xb
 382 001e 0B       		.uleb128 0xb
 383 001f 3E       		.uleb128 0x3e
 384 0020 0B       		.uleb128 0xb
 385 0021 03       		.uleb128 0x3
 386 0022 0E       		.uleb128 0xe
 387 0023 00       		.byte	0
 388 0024 00       		.byte	0
 389 0025 04       		.uleb128 0x4
 390 0026 16       		.uleb128 0x16
 391 0027 00       		.byte	0
 392 0028 03       		.uleb128 0x3
 393 0029 0E       		.uleb128 0xe
 394 002a 3A       		.uleb128 0x3a
 395 002b 0B       		.uleb128 0xb
 396 002c 3B       		.uleb128 0x3b
 397 002d 0B       		.uleb128 0xb
 398 002e 39       		.uleb128 0x39
 399 002f 0B       		.uleb128 0xb
ARM GAS  /tmp/ccfRxRTW.s 			page 8


 400 0030 49       		.uleb128 0x49
 401 0031 13       		.uleb128 0x13
 402 0032 00       		.byte	0
 403 0033 00       		.byte	0
 404 0034 05       		.uleb128 0x5
 405 0035 35       		.uleb128 0x35
 406 0036 00       		.byte	0
 407 0037 49       		.uleb128 0x49
 408 0038 13       		.uleb128 0x13
 409 0039 00       		.byte	0
 410 003a 00       		.byte	0
 411 003b 06       		.uleb128 0x6
 412 003c 13       		.uleb128 0x13
 413 003d 01       		.byte	0x1
 414 003e 0B       		.uleb128 0xb
 415 003f 0B       		.uleb128 0xb
 416 0040 3A       		.uleb128 0x3a
 417 0041 0B       		.uleb128 0xb
 418 0042 3B       		.uleb128 0x3b
 419 0043 0B       		.uleb128 0xb
 420 0044 39       		.uleb128 0x39
 421 0045 0B       		.uleb128 0xb
 422 0046 01       		.uleb128 0x1
 423 0047 13       		.uleb128 0x13
 424 0048 00       		.byte	0
 425 0049 00       		.byte	0
 426 004a 07       		.uleb128 0x7
 427 004b 0D       		.uleb128 0xd
 428 004c 00       		.byte	0
 429 004d 03       		.uleb128 0x3
 430 004e 08       		.uleb128 0x8
 431 004f 3A       		.uleb128 0x3a
 432 0050 0B       		.uleb128 0xb
 433 0051 3B       		.uleb128 0x3b
 434 0052 0B       		.uleb128 0xb
 435 0053 39       		.uleb128 0x39
 436 0054 0B       		.uleb128 0xb
 437 0055 49       		.uleb128 0x49
 438 0056 13       		.uleb128 0x13
 439 0057 38       		.uleb128 0x38
 440 0058 0B       		.uleb128 0xb
 441 0059 00       		.byte	0
 442 005a 00       		.byte	0
 443 005b 08       		.uleb128 0x8
 444 005c 0D       		.uleb128 0xd
 445 005d 00       		.byte	0
 446 005e 03       		.uleb128 0x3
 447 005f 0E       		.uleb128 0xe
 448 0060 3A       		.uleb128 0x3a
 449 0061 0B       		.uleb128 0xb
 450 0062 3B       		.uleb128 0x3b
 451 0063 0B       		.uleb128 0xb
 452 0064 39       		.uleb128 0x39
 453 0065 0B       		.uleb128 0xb
 454 0066 49       		.uleb128 0x49
 455 0067 13       		.uleb128 0x13
 456 0068 38       		.uleb128 0x38
ARM GAS  /tmp/ccfRxRTW.s 			page 9


 457 0069 0B       		.uleb128 0xb
 458 006a 00       		.byte	0
 459 006b 00       		.byte	0
 460 006c 09       		.uleb128 0x9
 461 006d 17       		.uleb128 0x17
 462 006e 01       		.byte	0x1
 463 006f 0B       		.uleb128 0xb
 464 0070 0B       		.uleb128 0xb
 465 0071 3A       		.uleb128 0x3a
 466 0072 0B       		.uleb128 0xb
 467 0073 3B       		.uleb128 0x3b
 468 0074 0B       		.uleb128 0xb
 469 0075 39       		.uleb128 0x39
 470 0076 0B       		.uleb128 0xb
 471 0077 01       		.uleb128 0x1
 472 0078 13       		.uleb128 0x13
 473 0079 00       		.byte	0
 474 007a 00       		.byte	0
 475 007b 0A       		.uleb128 0xa
 476 007c 0D       		.uleb128 0xd
 477 007d 00       		.byte	0
 478 007e 03       		.uleb128 0x3
 479 007f 08       		.uleb128 0x8
 480 0080 3A       		.uleb128 0x3a
 481 0081 0B       		.uleb128 0xb
 482 0082 3B       		.uleb128 0x3b
 483 0083 0B       		.uleb128 0xb
 484 0084 39       		.uleb128 0x39
 485 0085 0B       		.uleb128 0xb
 486 0086 49       		.uleb128 0x49
 487 0087 13       		.uleb128 0x13
 488 0088 00       		.byte	0
 489 0089 00       		.byte	0
 490 008a 0B       		.uleb128 0xb
 491 008b 0F       		.uleb128 0xf
 492 008c 00       		.byte	0
 493 008d 0B       		.uleb128 0xb
 494 008e 0B       		.uleb128 0xb
 495 008f 49       		.uleb128 0x49
 496 0090 13       		.uleb128 0x13
 497 0091 00       		.byte	0
 498 0092 00       		.byte	0
 499 0093 0C       		.uleb128 0xc
 500 0094 2E       		.uleb128 0x2e
 501 0095 01       		.byte	0x1
 502 0096 3F       		.uleb128 0x3f
 503 0097 19       		.uleb128 0x19
 504 0098 03       		.uleb128 0x3
 505 0099 0E       		.uleb128 0xe
 506 009a 3A       		.uleb128 0x3a
 507 009b 0B       		.uleb128 0xb
 508 009c 3B       		.uleb128 0x3b
 509 009d 0B       		.uleb128 0xb
 510 009e 39       		.uleb128 0x39
 511 009f 0B       		.uleb128 0xb
 512 00a0 27       		.uleb128 0x27
 513 00a1 19       		.uleb128 0x19
ARM GAS  /tmp/ccfRxRTW.s 			page 10


 514 00a2 01       		.uleb128 0x1
 515 00a3 13       		.uleb128 0x13
 516 00a4 00       		.byte	0
 517 00a5 00       		.byte	0
 518 00a6 0D       		.uleb128 0xd
 519 00a7 05       		.uleb128 0x5
 520 00a8 00       		.byte	0
 521 00a9 03       		.uleb128 0x3
 522 00aa 0E       		.uleb128 0xe
 523 00ab 3A       		.uleb128 0x3a
 524 00ac 0B       		.uleb128 0xb
 525 00ad 3B       		.uleb128 0x3b
 526 00ae 0B       		.uleb128 0xb
 527 00af 39       		.uleb128 0x39
 528 00b0 0B       		.uleb128 0xb
 529 00b1 49       		.uleb128 0x49
 530 00b2 13       		.uleb128 0x13
 531 00b3 00       		.byte	0
 532 00b4 00       		.byte	0
 533 00b5 0E       		.uleb128 0xe
 534 00b6 34       		.uleb128 0x34
 535 00b7 00       		.byte	0
 536 00b8 03       		.uleb128 0x3
 537 00b9 0E       		.uleb128 0xe
 538 00ba 3A       		.uleb128 0x3a
 539 00bb 0B       		.uleb128 0xb
 540 00bc 3B       		.uleb128 0x3b
 541 00bd 0B       		.uleb128 0xb
 542 00be 39       		.uleb128 0x39
 543 00bf 0B       		.uleb128 0xb
 544 00c0 49       		.uleb128 0x49
 545 00c1 13       		.uleb128 0x13
 546 00c2 00       		.byte	0
 547 00c3 00       		.byte	0
 548 00c4 0F       		.uleb128 0xf
 549 00c5 34       		.uleb128 0x34
 550 00c6 00       		.byte	0
 551 00c7 03       		.uleb128 0x3
 552 00c8 08       		.uleb128 0x8
 553 00c9 3A       		.uleb128 0x3a
 554 00ca 0B       		.uleb128 0xb
 555 00cb 3B       		.uleb128 0x3b
 556 00cc 0B       		.uleb128 0xb
 557 00cd 39       		.uleb128 0x39
 558 00ce 0B       		.uleb128 0xb
 559 00cf 49       		.uleb128 0x49
 560 00d0 13       		.uleb128 0x13
 561 00d1 00       		.byte	0
 562 00d2 00       		.byte	0
 563 00d3 10       		.uleb128 0x10
 564 00d4 0B       		.uleb128 0xb
 565 00d5 01       		.byte	0x1
 566 00d6 00       		.byte	0
 567 00d7 00       		.byte	0
 568 00d8 11       		.uleb128 0x11
 569 00d9 2E       		.uleb128 0x2e
 570 00da 00       		.byte	0
ARM GAS  /tmp/ccfRxRTW.s 			page 11


 571 00db 3F       		.uleb128 0x3f
 572 00dc 19       		.uleb128 0x19
 573 00dd 03       		.uleb128 0x3
 574 00de 0E       		.uleb128 0xe
 575 00df 3A       		.uleb128 0x3a
 576 00e0 0B       		.uleb128 0xb
 577 00e1 3B       		.uleb128 0x3b
 578 00e2 0B       		.uleb128 0xb
 579 00e3 39       		.uleb128 0x39
 580 00e4 0B       		.uleb128 0xb
 581 00e5 27       		.uleb128 0x27
 582 00e6 19       		.uleb128 0x19
 583 00e7 00       		.byte	0
 584 00e8 00       		.byte	0
 585 00e9 00       		.byte	0
 586              		.section	.gnu.debuglto_.debug_line,"e",%progbits
 587              	.Ldebug_line0:
 588 0000 27010000 		.4byte	.LELT0-.LSLT0
 589              	.LSLT0:
 590 0004 0400     		.2byte	0x4
 591 0006 21010000 		.4byte	.LELTP0-.LASLTP0
 592              	.LASLTP0:
 593 000a 01       		.byte	0x1
 594 000b 01       		.byte	0x1
 595 000c 01       		.byte	0x1
 596 000d F6       		.byte	0xf6
 597 000e F2       		.byte	0xf2
 598 000f 0D       		.byte	0xd
 599 0010 00       		.byte	0
 600 0011 01       		.byte	0x1
 601 0012 01       		.byte	0x1
 602 0013 01       		.byte	0x1
 603 0014 01       		.byte	0x1
 604 0015 00       		.byte	0
 605 0016 00       		.byte	0
 606 0017 00       		.byte	0
 607 0018 01       		.byte	0x1
 608 0019 00       		.byte	0
 609 001a 00       		.byte	0
 610 001b 01       		.byte	0x1
 611 001c 74686972 		.ascii	"third_party/ChibiOS/os/hal/ports/STM32/LLD/GPIOv2"
 611      645F7061 
 611      7274792F 
 611      43686962 
 611      694F532F 
 612 004d 00       		.byte	0
 613 004e 2F6F7074 		.ascii	"/opt/gcc-arm-none-eabi-10-2020-q4-major/arm-none-ea"
 613      2F676363 
 613      2D61726D 
 613      2D6E6F6E 
 613      652D6561 
 614 0081 62692F69 		.ascii	"bi/include/machine"
 614      6E636C75 
 614      64652F6D 
 614      61636869 
 614      6E65
 615 0093 00       		.byte	0
ARM GAS  /tmp/ccfRxRTW.s 			page 12


 616 0094 2F6F7074 		.ascii	"/opt/gcc-arm-none-eabi-10-2020-q4-major/arm-none-ea"
 616      2F676363 
 616      2D61726D 
 616      2D6E6F6E 
 616      652D6561 
 617 00c7 62692F69 		.ascii	"bi/include/sys"
 617      6E636C75 
 617      64652F73 
 617      7973
 618 00d5 00       		.byte	0
 619 00d6 00       		.byte	0
 620 00d7 5F646566 		.ascii	"_default_types.h\000"
 620      61756C74 
 620      5F747970 
 620      65732E68 
 620      00
 621 00e8 02       		.uleb128 0x2
 622 00e9 00       		.uleb128 0
 623 00ea 00       		.uleb128 0
 624 00eb 5F737464 		.ascii	"_stdint.h\000"
 624      696E742E 
 624      6800
 625 00f5 03       		.uleb128 0x3
 626 00f6 00       		.uleb128 0
 627 00f7 00       		.uleb128 0
 628 00f8 73746D33 		.ascii	"stm32_gpio.h\000"
 628      325F6770 
 628      696F2E68 
 628      00
 629 0105 01       		.uleb128 0x1
 630 0106 00       		.uleb128 0
 631 0107 00       		.uleb128 0
 632 0108 68616C5F 		.ascii	"hal_pal_lld.h\000"
 632      70616C5F 
 632      6C6C642E 
 632      6800
 633 0116 01       		.uleb128 0x1
 634 0117 00       		.uleb128 0
 635 0118 00       		.uleb128 0
 636 0119 68616C5F 		.ascii	"hal_pal_lld.c\000"
 636      70616C5F 
 636      6C6C642E 
 636      6300
 637 0127 01       		.uleb128 0x1
 638 0128 00       		.uleb128 0
 639 0129 00       		.uleb128 0
 640 012a 00       		.byte	0
 641              	.LELTP0:
 642              	.LELT0:
 643              		.section	.gnu.debuglto_.debug_str,"eMS",%progbits,1
 644              	.LASF1:
 645 0000 6C6F6E67 		.ascii	"long long int\000"
 645      206C6F6E 
 645      6720696E 
 645      7400
 646              	.LASF19:
 647 000e 4F535045 		.ascii	"OSPEEDR\000"
ARM GAS  /tmp/ccfRxRTW.s 			page 13


 647      45445200 
 648              	.LASF16:
 649 0016 636C6561 		.ascii	"clear\000"
 649      7200
 650              	.LASF17:
 651 001c 4D4F4445 		.ascii	"MODER\000"
 651      5200
 652              	.LASF42:
 653 0022 5F70616C 		.ascii	"_pal_lld_init\000"
 653      5F6C6C64 
 653      5F696E69 
 653      7400
 654              	.LASF21:
 655 0030 42535252 		.ascii	"BSRR\000"
 655      00
 656              	.LASF5:
 657 0035 73686F72 		.ascii	"short int\000"
 657      7420696E 
 657      7400
 658              	.LASF33:
 659 003f 6F747970 		.ascii	"otyper\000"
 659      657200
 660              	.LASF26:
 661 0046 696F706F 		.ascii	"ioportmask_t\000"
 661      72746D61 
 661      736B5F74 
 661      00
 662              	.LASF18:
 663 0053 4F545950 		.ascii	"OTYPER\000"
 663      455200
 664              	.LASF27:
 665 005a 696F6D6F 		.ascii	"iomode_t\000"
 665      64655F74 
 665      00
 666              	.LASF11:
 667 0063 6C6F6E67 		.ascii	"long long unsigned int\000"
 667      206C6F6E 
 667      6720756E 
 667      7369676E 
 667      65642069 
 668              	.LASF4:
 669 007a 756E7369 		.ascii	"unsigned char\000"
 669      676E6564 
 669      20636861 
 669      7200
 670              	.LASF24:
 671 0088 41465248 		.ascii	"AFRH\000"
 671      00
 672              	.LASF10:
 673 008d 6C6F6E67 		.ascii	"long unsigned int\000"
 673      20756E73 
 673      69676E65 
 673      6420696E 
 673      7400
 674              	.LASF6:
 675 009f 73686F72 		.ascii	"short unsigned int\000"
 675      7420756E 
ARM GAS  /tmp/ccfRxRTW.s 			page 14


 675      7369676E 
 675      65642069 
 675      6E7400
 676              	.LASF23:
 677 00b2 4146524C 		.ascii	"AFRL\000"
 677      00
 678              	.LASF38:
 679 00b7 474E5520 		.ascii	"GNU C17 10.2.1 20201103 (release) -mcpu=cortex-m7 -"
 679      43313720 
 679      31302E32 
 679      2E312032 
 679      30323031 
 680 00ea 6D746875 		.ascii	"mthumb -mfloat-abi=hard -mfpu=fpv5-d16 -march=armv7"
 680      6D62202D 
 680      6D666C6F 
 680      61742D61 
 680      62693D68 
 681 011d 652D6D2B 		.ascii	"e-m+fp.dp -ggdb -O2 -fomit-frame-pointer -falign-fu"
 681      66702E64 
 681      70202D67 
 681      67646220 
 681      2D4F3220 
 682 0150 6E637469 		.ascii	"nctions=16 -ffunction-sections -fdata-sections -fno"
 682      6F6E733D 
 682      3136202D 
 682      6666756E 
 682      6374696F 
 683 0183 2D636F6D 		.ascii	"-common -flto\000"
 683      6D6F6E20 
 683      2D666C74 
 683      6F00
 684              	.LASF35:
 685 0191 70757064 		.ascii	"pupdr\000"
 685      7200
 686              	.LASF8:
 687 0197 5F5F7569 		.ascii	"__uint16_t\000"
 687      6E743136 
 687      5F7400
 688              	.LASF37:
 689 01a2 616C7472 		.ascii	"altrmask\000"
 689      6D61736B 
 689      00
 690              	.LASF9:
 691 01ab 5F5F7569 		.ascii	"__uint32_t\000"
 691      6E743332 
 691      5F7400
 692              	.LASF41:
 693 01b6 5F70616C 		.ascii	"_pal_lld_setgroupmode\000"
 693      5F6C6C64 
 693      5F736574 
 693      67726F75 
 693      706D6F64 
 694              	.LASF0:
 695 01cc 756E7369 		.ascii	"unsigned int\000"
 695      676E6564 
 695      20696E74 
 695      00
ARM GAS  /tmp/ccfRxRTW.s 			page 15


 696              	.LASF36:
 697 01d9 616C7472 		.ascii	"altr\000"
 697      00
 698              	.LASF14:
 699 01de 63686172 		.ascii	"char\000"
 699      00
 700              	.LASF31:
 701 01e3 6D6F6465 		.ascii	"mode\000"
 701      00
 702              	.LASF22:
 703 01e8 4C4F434B 		.ascii	"LOCKR\000"
 703      5200
 704              	.LASF25:
 705 01ee 73746D33 		.ascii	"stm32_gpio_t\000"
 705      325F6770 
 705      696F5F74 
 705      00
 706              	.LASF20:
 707 01fb 50555044 		.ascii	"PUPDR\000"
 707      5200
 708              	.LASF34:
 709 0201 6F737065 		.ascii	"ospeedr\000"
 709      65647200 
 710              	.LASF40:
 711 0209 2F686F6D 		.ascii	"/home/ian/Documents/BPRL_flight\000"
 711      652F6961 
 711      6E2F446F 
 711      63756D65 
 711      6E74732F 
 712              	.LASF30:
 713 0229 6D61736B 		.ascii	"mask\000"
 713      00
 714              	.LASF29:
 715 022e 706F7274 		.ascii	"port\000"
 715      00
 716              	.LASF28:
 717 0233 696F706F 		.ascii	"ioportid_t\000"
 717      72746964 
 717      5F7400
 718              	.LASF12:
 719 023e 75696E74 		.ascii	"uint16_t\000"
 719      31365F74 
 719      00
 720              	.LASF13:
 721 0247 75696E74 		.ascii	"uint32_t\000"
 721      33325F74 
 721      00
 722              	.LASF7:
 723 0250 6C6F6E67 		.ascii	"long int\000"
 723      20696E74 
 723      00
 724              	.LASF2:
 725 0259 6C6F6E67 		.ascii	"long double\000"
 725      20646F75 
 725      626C6500 
 726              	.LASF39:
 727 0265 74686972 		.ascii	"third_party/ChibiOS/os/hal/ports/STM32/LLD/GPIOv2/h"
ARM GAS  /tmp/ccfRxRTW.s 			page 16


 727      645F7061 
 727      7274792F 
 727      43686962 
 727      694F532F 
 728 0298 616C5F70 		.ascii	"al_pal_lld.c\000"
 728      616C5F6C 
 728      6C642E63 
 728      00
 729              	.LASF3:
 730 02a5 7369676E 		.ascii	"signed char\000"
 730      65642063 
 730      68617200 
 731              	.LASF32:
 732 02b1 6D6F6465 		.ascii	"moder\000"
 732      7200
 733              	.LASF15:
 734 02b7 5F426F6F 		.ascii	"_Bool\000"
 734      6C00
 735              		.text
 736              		.section	.gnu.lto_.profile.1ede69e952b51dd0,"e",%progbits
 737 0000 789C6362 		.ascii	"x\234cb\000\001\000\000\022\000\003"
 737      00010000 
 737      120003
 738              		.text
 739              		.section	.gnu.lto_.icf.1ede69e952b51dd0,"e",%progbits
 740 0000 789CE363 		.ascii	"x\234\343c@\000&\206i\277\016?\346f\234\373a\321\031"
 740      40002686 
 740      69BF0E3F 
 740      E6669CFB 
 740      61D119
 741 0013 0E060030 		.ascii	"\016\006\0000\272\006V"
 741      BA0656
 742              		.text
 743              		.section	.gnu.lto_.ipa_sra.1ede69e952b51dd0,"e",%progbits
 744 0000 789C1361 		.ascii	"x\234\023a@\000&\006\006FFf$\001\006F\006\000\003\030"
 744      40002606 
 744      06464666 
 744      24010646 
 744      06000318 
 745 0014 001D     		.ascii	"\000\035"
 746              		.text
 747              		.section	.gnu.lto_.inline.1ede69e952b51dd0,"e",%progbits
 748 0000 789C458E 		.ascii	"x\234E\216\261\012\302P\014Eon\036\265\203\203\223C"
 748      B10AC250 
 748      0C456F6E 
 748      1EB58383 
 748      9343
 749 0012 3FC5DFB1 		.ascii	"?\305\337\261\266\240\213\376\200(\270usq\024\341u\025"
 749      B6A08BFE 
 749      8028B875 
 749      737114E1 
 749      7515
 750 0024 07BB141C 		.ascii	"\007\273\024\034\2738\010\375\004\235\034\035\374\000"
 750      BB3808FD 
 750      049D1C1D 
 750      FC00
 751 0032 F368C14B 		.ascii	"\363h\301K\206\223\023HR\341\037\002\272\2610\225\300"
ARM GAS  /tmp/ccfRxRTW.s 			page 17


 751      86931348 
 751      52E11F02 
 751      BAB13095 
 751      C0
 752 0043 5BC33510 		.ascii	"[\3035\020u\212AA\360\300\353\335\354\270\020\345\322"
 752      758A4141 
 752      F0C0EBDD 
 752      ECB810E5 
 752      D2
 753 0054 2BF6EA55 		.ascii	"+\366\352U\204\220\251W\366\235re\023\271Jo\245\022"
 753      8490A957 
 753      F69D7265 
 753      13B94A6F 
 753      A512
 754 0066 8A19CB60 		.ascii	"\212\031\313`r\254\333'\347\300\360\323\234\277\232"
 754      72ACDB27 
 754      E7C0F0D3 
 754      9CBF9A
 755 0075 85B5E3F2 		.ascii	"\205\265\343\362P\237\230c\324\335\322YLX%\306\027\315"
 755      509F9863 
 755      D4DDD259 
 755      4C5825C6 
 755      17CD
 756 0087 63C448EE 		.ascii	"c\304H\356mq\323\314\301!\362u[h\352\010\027\036\302"
 756      6D71D3CC 
 756      C121F275 
 756      5B68EA08 
 756      171EC2
 757 009a 0FBD292B 		.ascii	"\017\275)+\340"
 757      E0
 758              		.text
 759              		.section	.gnu.lto_.jmpfuncs.1ede69e952b51dd0,"e",%progbits
 760 0000 789C1367 		.ascii	"x\234\023g@\000& fdfddd\257_\302\314\014\304,@\314\300"
 760      40002620 
 760      66646664 
 760      6464AF5F 
 760      C2CC0CC4 
 761 0018 0000218B 		.ascii	"\000\000!\213\003\241"
 761      03A1
 762              		.text
 763              		.section	.gnu.lto_.pureconst.1ede69e952b51dd0,"e",%progbits
 764 0000 789C6367 		.ascii	"x\234cg```bh`a\234\305\002\000\0041\001-"
 764      60606062 
 764      6860619C 
 764      C5020004 
 764      31012D
 765              		.text
 766              		.section	.gnu.lto_.lto.1ede69e952b51dd0,"e",%progbits
 767 0000 09000200 		.ascii	"\011\000\002\000\001\000\000\000"
 767      01000000 
 768              		.text
 769              		.section	.gnu.lto__pal_lld_init.432.1ede69e952b51dd0,"e",%progbits
 770 0000 789C2B61 		.ascii	"x\234+a``H\006be fdf`\2344\261\213\211\241\241\241\301"
 770      60604806 
 770      62652066 
 770      6466609C 
 770      34B18B89 
ARM GAS  /tmp/ccfRxRTW.s 			page 18


 771 0018 819D89B1 		.ascii	"\201\235\211\261qb\027'\343VF0\217\221\241\236\211\261"
 771      71621727 
 771      E3564630 
 771      8F91A19E 
 771      89B1
 772 002a 9E7132B3 		.ascii	"\236q2\263&\220\373\343\351\244\316\303\214\015+\016"
 772      2690FBE3 
 772      E9A4CEC3 
 772      8C0D2B0E 
 773 003a 302E6166 		.ascii	"0.af`\230\007\304P\300\006\3431\002\361\372K\254\007"
 773      609807C4 
 773      50C006E3 
 773      3102F1FA 
 773      4BAC07
 774 004d 1AFEFCEF 		.ascii	"\032\376\374\357oh\270\372\230q\2262\023\003C?3\310"
 774      6F68B8FA 
 774      98719632 
 774      1303433F 
 774      33C8
 775 005f E80616C6 		.ascii	"\350\006\026\306\206\003\014\014\023\230\231 \234F "
 775      86030C0C 
 775      13989920 
 775      9C4620
 776 006e E7156383 		.ascii	"\347\025c\203\022\303'\306&\005\2601\375\314\214\010"
 776      12C327C6 
 776      2605B031 
 776      FDCC8C08 
 777 007e 750C0C0A 		.ascii	"u\014\014\012\372\031\371\271\251\372\231\211y\372."
 777      FA19F9B9 
 777      A9FA9989 
 777      79FA2E
 778 008d F9C9A5B9 		.ascii	"\371\311\245\271\251y%\305\372N\001A>\361i9\231\351"
 778      A97925C5 
 778      FA4E0141 
 778      3EF16939 
 778      99E9
 779 009f 19250C0E 		.ascii	"\031%\014\016%\031\231E)\361\005\211E%\225\372\316\031"
 779      25199945 
 779      29F10589 
 779      452595FA 
 779      CE19
 780 00b1 994999FE 		.ascii	"\231I\231\376\301\372\371\305\372\031\2119\372\005\371"
 780      C1FAF9C5 
 780      FA198939 
 780      FA05F9
 781 00c0 4540D5C1 		.ascii	"E@\325\301!\276\306F\372>>.\372\356\001\236\376eF )"
 781      21BEC646 
 781      FA3E3E2E 
 781      FAEE019E 
 781      FE654620 
 782 00d5 A0FA9CF8 		.ascii	"\240\372\234\370\234\234\024\275d\006\000`\027L\236"
 782      9C9C14BD 
 782      64060060 
 782      174C9E
 783              		.text
 784              		.section	.gnu.lto__pal_lld_setgroupmode.433.1ede69e952b51dd0,"e",%progbits
 785 0000 789C8D56 		.ascii	"x\234\215V{P\224U\024\277\347\273\337>X\340C\363\225"
ARM GAS  /tmp/ccfRxRTW.s 			page 19


 785      7B509455 
 785      14BFE7BB 
 785      DF3E58E0 
 785      43F395
 786 0013 8F147CE4 		.ascii	"\217\024|\344\013Y\240\306gch\3164\315\200@\366\277"
 786      0B59A0C6 
 786      676368CE 
 786      34CD8040 
 786      F6BF
 787 0025 61506C81 		.ascii	"aPl\2010+6\323_->`\006gd\027\314\262\220ju\034\372G"
 787      302B36D3 
 787      5F2D3E60 
 787      06676417 
 787      CCB2906A 
 788 003d CDC67CA5 		.ascii	"\315\306|\245\022\010\253\224)\232\323\303W9i\352\210"
 788      1208AB94 
 788      299AD3C3 
 788      573969EA 
 788      88
 789 004e 590D9928 		.ascii	"Y\015\231(\3329\347\356~\337\356\34600\303\331{\317"
 789      DA39E7EE 
 789      7EDFEEE6 
 789      3030C3D9 
 789      7BCF
 790 0060 FDFDCEFD 		.ascii	"\375\375\316\375\335s\317w\357-5\204h\025B\334\305\177"
 790      DD73CF77 
 790      EF2D3584 
 790      681542DC 
 790      C57F
 791 0072 4811D010 		.ascii	"H\021\320\020\250\323\204\317\347\313qh\320\030pqKj"
 791      A8D384CF 
 791      E7CB7168 
 791      D0187071 
 791      4B6A
 792 0084 EB021B34 		.ascii	"\353\002\03348\001\330K\325\233\374W\322\340\214j\353"
 792      3801D84B 
 792      D59BFC57 
 792      D2E08C6A 
 792      EB
 793 0095 DAFA40E2 		.ascii	"\332\372@\342\255m\277\216\320\267\370\257\300\246\013"
 793      AD6DBF8E 
 793      D0B7F8AF 
 793      C0A60B
 794 00a4 CD33749B 		.ascii	"\3153t\233V\023H\344\301\332\200\301\277v\370\240!\010"
 794      561348E4 
 794      C1DA80C1 
 794      BF76F8A0 
 794      2108
 795 00b6 1CC941CD 		.ascii	"\034\311A\3154\025\337\011M\330V\221r\034\011\332\207"
 795      3415DF09 
 795      4DD85691 
 795      721C09DA 
 795      87
 796 00c7 FE3D2AE8 		.ascii	"\376=*\350G\030\212\033.B\250\341D\006+b\222\266\325"
 796      47188A1B 
 796      2E42A8E1 
 796      44062B62 
ARM GAS  /tmp/ccfRxRTW.s 			page 20


 796      92B6D5
 797 00da BF270DE5 		.ascii	"\277'\015\345\354\254_\357\320\233\021}\346N\337\\="
 797      ECAC5FEF 
 797      D09B117D 
 797      E64EDF5C 
 797      3D
 798 00eb 19AA0375 		.ascii	"\031\252\003u\227[\014\306\030\320\370y\335\357M\231"
 798      975B0CC6 
 798      18D0F879 
 798      DDEF4D99 
 799 00fb DC01F1AE 		.ascii	"\334\001\361\256&u\233\335\341Lp%&%\033\200]a\3755\312"
 799      26759BDD 
 799      E14C7025 
 799      26251B80 
 799      5D61FD35 
 800 0110 E908FBF7 		.ascii	"\351\010\373\367j\303\201v\360\265\264\302v\034l\216"
 800      6AC38176 
 800      F0B5B4C2 
 800      761C6C8E 
 801 0120 009A2434 		.ascii	"\000\232$4\310\355\022@\017\2674H\305\226,\026S[}\276"
 801      C8ED1240 
 801      0FB73448 
 801      C5962C16 
 801      535B7DBE 
 802 0134 D3A7F6FB 		.ascii	"\323\247\366\373|\011b\273\224\260\017\220\003_\002"
 802      7C0962BB 
 802      94B00F90 
 802      035F02
 803 0143 EC05410E 		.ascii	"\354\005A\016O\233$\\50\360\316\301m\233\015?\206\326"
 803      4F9B245C 
 803      3530F0CE 
 803      C16D9B0D 
 803      3F86D6
 804 0156 E1402C50 		.ascii	"\341@,P\367|\307\300\2320\360\320\266F\006\332\340P"
 804      F77CC7C0 
 804      9A30F0D0 
 804      B64606DA 
 804      E050
 805 0168 2CD0E6F9 		.ascii	",\320\346\371Y\262\036\271\001\350g\012\241\273\326"
 805      59B21EB9 
 805      01E8670A 
 805      A1BBD6
 806 0177 D61AFE6A 		.ascii	"\326\032\376j\347vi\207\303\321p!<AR,\353M\354\356\023"
 806      E7766987 
 806      C3D17021 
 806      3C41522C 
 806      EB4DECEE 
 807 018c 6B6B7D43 		.ascii	"kk}C\326\245\022\366h\034v3c7Y\330\343\026\366\3538"
 807      D6A512F6 
 807      681C7633 
 807      633759D8 
 807      E316F6EB 
 808 01a1 6C1D633F 		.ascii	"l\035c?\264\260G-l{\034\366!/-ha\217X\330\2168\354_"
 808      B4B0472D 
 808      6C7B1CF6 
 808      212F2D68 
 808      618F58D8 
ARM GAS  /tmp/ccfRxRTW.s 			page 21


 809 01b9 8CFDCCC2 		.ascii	"\214\375\314\302\036\266\260\2418\3545i\027p\034\240"
 809      1EB6B0A1 
 809      38EC3569 
 809      17701CA0 
 810 01c9 13E01840 		.ascii	"\023\340\030@\033@+\300\021P\273\006\024f\227\225\242"
 810      1B402BC0 
 810      1150BB06 
 810      14669795 
 810      A2
 811 01da 93ED0D91 		.ascii	"\223\355\015\221\024u\305\205\351\346\245\3541\261\247"
 811      1475C585 
 811      E9E6A5EC 
 811      31B1A7
 812 01e9 8FD076F2 		.ascii	"\217\320v\362\214\337\306A;\031\272\327\202\0364\241"
 812      8CDFC641 
 812      3B19BAD7 
 812      821E34A1 
 813 01f9 DFC5410F 		.ascii	"\337\305A\0171t\277\005m1\241\247\343\240\273t\\G7\300"
 813      3174BF05 
 813      6D31A1A7 
 813      E3A0BB74 
 813      5C4737C0 
 814 020d 29809300 		.ascii	")\200\223\000\337\200\300\252\026\236\235:\216\272\376"
 814      DF80C0AA 
 814      169E9D3A 
 814      8EBAFE
 815 021c BFBE68E4 		.ascii	"\277\276h\344\2563\266V\337\203G\365>\337\345\261\347"
 815      AE33B656 
 815      DF8347F5 
 815      3EDFE5B1 
 815      E7
 816 022d 2FEC4878 		.ascii	"/\354Hx\031\260D\034\032\031IF'c#c'\343 \343D\343\244"
 816      19B0441C 
 816      1A194946 
 816      27632363 
 816      27E320E3 
 817 0244 6A75B8A8 		.ascii	"ju\270\250\225H&\211\272\311d\0142)d\206\220\031J\346"
 817      95482689 
 817      BAC9640C 
 817      32296486 
 817      90194AE6 
 818 0258 0932C3C8 		.ascii	"\0112\303\310\014'3\202\314H2\243\310<If4\2311d\306"
 818      0C273382 
 818      CC4832A3 
 818      C83C4966 
 818      34993164 
 819 026d 921947E6 		.ascii	"\222\031G\346)2\343\311L \223J&\215\314D2\223\310L&"
 819      2932E3C9 
 819      4C20934A 
 819      268DCC44 
 819      3293C84C 
 820 0282 3385CCD3 		.ascii	"3\205\314\323d\246\222\231Ff:\231\031df\222I'3K\300"
 820      64A69299 
 820      46663A99 
 820      19646692 
 820      4927334B 
 821 0297 41C8A01D 		.ascii	"A\310\240\035w\013\314I\246\300\254d\011\314K\266\300"
ARM GAS  /tmp/ccfRxRTW.s 			page 22


 821      770BCC49 
 821      A6C0AC64 
 821      09CC4BB6 
 821      C0
 822 02a8 B4CC06F8 		.ascii	"\264\314\006\370\012\346\320\350\\\032\235G\243\363"
 822      0AE6D0E8 
 822      5C1A9D47 
 822      A3F3
 823 02b6 697481C0 		.ascii	"it\201\300\274=\007\310]HY~^`\366r\004\346o\221\300"
 823      BC3D07C8 
 823      5D48597E 
 823      5E60F672 
 823      04E66F91 
 824 02cb 0C2E06D8 		.ascii	"\014.\006\330\017\271\0249\217hK\211\226O\264\002\012"
 824      0FB91439 
 824      8F684B89 
 824      964FB402 
 824      0A
 825 02dc 55489185 		.ascii	"UH\221\205\250\227\342N_\313\\\360\341\031\351\227\032"
 825      A897E24E 
 825      5FCB5CF0 
 825      E119E997 
 825      1A
 826 02ed B7ABB17D 		.ascii	"\267\253\261}\023|W\356w\202\270\015k7\327^\205\240"
 826      137C57EE 
 826      7782B80D 
 826      6B37D75E 
 826      85A0
 827 02ff 9C1394B3 		.ascii	"\234\023\224\263\351xp\200\304\3015\251\030\002\235"
 827      E9787080 
 827      C4C135A9 
 827      18029D
 828 030e 8CEB57B8 		.ascii	"\214\353W\270\0075W\355A\011a\234\0234\213<7\250\316"
 828      073557ED 
 828      4109619C 
 828      13348B3C 
 828      37A8CE
 829 0321 16078022 		.ascii	"\026\007\200\"w\222\223\311\217\"\344\036$kH\206t\213"
 829      779293C9 
 829      8F22E41E 
 829      246B4886 
 829      748B
 830 0333 370F5D70 		.ascii	"7\017]p6\3149F\016\346\004BQ\023JsB\233E\234\217~\223"
 830      36CC3946 
 830      0EE60442 
 830      51134A73 
 830      429B459C 
 831 034a D8460E26 		.ascii	"\330F\016&6F\210\035\216\240\324M\242\303\".@\277R\232"
 831      3646881D 
 831      8EA0D44D 
 831      A2C3222E 
 831      40BF529A 
 832 035e A2C8ADE4 		.ascii	"\242\310\255\344d\362{!\216\367\311<L\034A\354\\\342"
 832      64F27B21 
 832      8EF7C93C 
 832      4C1C41EC 
 832      5CE2
ARM GAS  /tmp/ccfRxRTW.s 			page 23


 833 0370 7E29F170 		.ascii	"~)\361p\365\351\341\254\255\311\241\274\006e6\2665\236"
 833      F5E9E1AC 
 833      ADC9A1BC 
 833      066536B6 
 833      359E
 834 0382 398B5B24 		.ascii	"9\213[$>\223[\264t7\267(\203\031\334:\210\255Y<\311"
 834      3E935BB4 
 834      7437B728 
 834      8319DC3A 
 834      88AD593C 
 835 0397 FBA104FA 		.ascii	"\373\241\004\372D\250\271%\024\316`?\216\332\020\000"
 835      44A8B925 
 835      14CE603F 
 835      8EDA1000 
 836 03a7 E740DC80 		.ascii	"\347@\334\200u7\332W`_\211\344#\274\017f\005\345s\232"
 836      7537DA57 
 836      605F89E4 
 836      23BC0F66 
 836      05E5739A 
 837 03bb 2E8232D7 		.ascii	".\2022\327h\356\276\356\304\010}\220\201\333\243]\332"
 837      68EEBEEE 
 837      C4087D90 
 837      81DBA35D 
 837      DA
 838 03cc 57199405 		.ascii	"W\031\224\005\306\303\356\262>pc\312\265\333\344\310"
 838      C6C3EEB2 
 838      3E7063CA 
 838      B5DBE4C8 
 839 03dc 333A0BFB 		.ascii	"3:\013\373 \023\323\251\375\203\373\272\324\270\324"
 839      2013D3A9 
 839      FD83FBBA 
 839      D4B8D4
 840 03eb 5DD50759 		.ascii	"]\325\007Y\230%m\343\001\034\3177n\023!\033~\002m'9"
 840      98256DE3 
 840      011CCF37 
 840      6E13211B 
 840      7E026D27 
 841 0400 0A8D8D67 		.ascii	"\012\215\215g_\305\245\352\325\270T\315,\220\217B\211"
 841      5FC5A5EA 
 841      D5B854CD 
 841      2C908F42 
 841      89
 842 0411 78BD71B3 		.ascii	"x\275q\2639\234\303\016\314*nJ\266\222\307\316\3355"
 842      399CC30E 
 842      CC2A6E4A 
 842      B692C7CE 
 842      DD35
 843 0423 3DE8C484 		.ascii	"=\350\304\204\333\225S'g_M\007n\366BN\270Ce\272\033"
 843      DB955327 
 843      675F4D07 
 843      6EF6424E 
 843      B84365BA 
 844 0438 97B99083 		.ascii	"\227\271\220\203}\036\222\012\323\213.'\314\244t\336"
 844      7D1E920A 
 844      D38B2E27 
 844      CCA474DE 
 845 0448 86350F6A 		.ascii	"\2065\017j\317a\377yt)\302)\3521\341\013E\330]\323\213"
ARM GAS  /tmp/ccfRxRTW.s 			page 24


 845      CF61FF79 
 845      7429C229 
 845      EA31E10B 
 845      45D85DD3 
 846 045d 4113CCE9 		.ascii	"A\023\314\3515+\212\013\322q\304\212\222\203.\025\345"
 846      352B8A0B 
 846      D271C48A 
 846      92832E15 
 846      E5
 847 046e 24F538CA 		.ascii	"$\3658\312\336\310\264\224\360DU\032)$\317d-B\277b}"
 847      DEC8B494 
 847      F044551A 
 847      2924CF64 
 847      2D42BF62 
 848 0483 433D66ED 		.ascii	"C=f\355cV\333W\237\215\017\312\244\360\035*\371l\334"
 848      6356DB57 
 848      9F8D0FCA 
 848      A4F01D2A 
 848      F96CDC
 849 0496 41573B9E 		.ascii	"AW;\236\313(h1\\\006\221\371)w]\360\013l\345\353\027"
 849      CB286831 
 849      5C0691F9 
 849      29775DF0 
 849      0B6CE5EB 
 850 04ab E37E50DB 		.ascii	"\343~P\333\217\311I\246\205p\376(U\006\006B\0379\032"
 850      8FC949A6 
 850      8570FE28 
 850      55060642 
 850      1F391A
 851 04be 6AAFE2CE 		.ascii	"j\257\342\316\247\260\317M\323\334\251\353\321\"\241"
 851      A7B0CF4D 
 851      D3DCA9EB 
 851      D122A1
 852 04cd AF273F26 		.ascii	"\257'?&\366\025\025\033I\254\356@\224\272!\003i\372"
 852      F615151B 
 852      49ACEE40 
 852      94BA2103 
 852      69FA
 853 04df 0D7910D1 		.ascii	"\015y\020\321\324\201\223\016\245\264\260\246^\324\364"
 853      D481930E 
 853      A5B4B0A6 
 853      5ED4F4
 854 04ee 04D2D1A7 		.ascii	"\004\322\321\2474\365\340\3600\366e\016J\3235\025\033"
 854      34F5E0F0 
 854      30F6650E 
 854      4AD33515 
 854      1B
 855 04ff 49ACE950 		.ascii	"I\254\351P\224\246\341\003i\272\216<\2155\321\327\211"
 855      94A6E103 
 855      69BA8E3C 
 855      8D35D1D7 
 855      89
 856 0510 2A46B0AC 		.ascii	"*F\260\254\341J\305ET1\222}Y\203RqSEC\022\2538\214*"
 856      E14AC545 
 856      5431927D 
 856      59835271 
 856      53454312 
ARM GAS  /tmp/ccfRxRTW.s 			page 25


 857 0528 F06BBADE 		.ascii	"\360k\272\336\376&~(pQ}J~i\333]\277\376\007a\226\370"
 857      FE267E28 
 857      70517D4A 
 857      7E69DB5D 
 857      BFFE0761 
 858 053e D95012A1 		.ascii	"\331P\022\241.\264{\303Ue\307\242VH\373\217\241\266"
 858      2EB47BC3 
 858      5565C7A2 
 858      5648FB8F 
 858      A1B6
 859 0550 9926F05C 		.ascii	"\231&\360\\(\231\027u\003\0275j\240E\365\240\014\031"
 859      28991775 
 859      0317356A 
 859      A045F5A0 
 859      0C19
 860 0562 4934A5F6 		.ascii	"I4\245\366I\252$s\211\243\221\216>k\211c\330\267P-\261"
 860      49AA2473 
 860      89A3918E 
 860      3E6B8963 
 860      D8B7502D 
 861 0577 D75A62CA 		.ascii	"\327Zb\312cb\377\241b#\211\025:b\024\376\024\245p\354"
 861      6362FFA1 
 861      62238915 
 861      3A6214FE 
 861      14A570EC 
 862 058b 400AFFC4 		.ascii	"@\012\377\304(z\264\302q1\012\237B:\372,\205\343\331"
 862      287AB4C2 
 862      71310A9F 
 862      423AFA2C 
 862      85E3D9
 863 059e 3738857F 		.ascii	"78\205\177\253\330Hb\205\316\330l\237\307lseL\010\312"
 863      ABD84862 
 863      85CED86C 
 863      9FC76C73 
 863      654C08CA 
 864 05b2 090349EC 		.ascii	"\011\003I\354\3050\266He\220\304T\256\214\011V}\246"
 864      C530B648 
 864      6590C454 
 864      AE8C0956 
 864      7DA6
 865 05c4 B12F4389 		.ascii	"\261/C\211\352\267D\031\217\211vWEC\022\213J8\215\327"
 865      EAB74419 
 865      8F897657 
 865      4543128B 
 865      4A388DD7 
 866 05d8 2098A27A 		.ascii	" \230\242z\243DM\034H\324\275xQ\223X\324DK\324d\366"
 866      A3444D1C 
 866      48D4BD78 
 866      519358D4 
 866      444BD464 
 867 05ed 0D4ED4FD 		.ascii	"\015N\324\375\210\250\311\254\342nt!\302\255H\271\272"
 867      88A8C9AC 
 867      E26E7421 
 867      C2AD48B9 
 867      BA
 868 05fe 5AF61FFE 		.ascii	"Z\366\037\376\336J\340\275\250=\2362\220\326\376\370"
 868      DE4AE0BD 
ARM GAS  /tmp/ccfRxRTW.s 			page 26


 868      A83D9E32 
 868      90D6FEF8 
 869 060e 2A7C3A66 		.ascii	"*|:f\217\247\"\035}\326\036Oc\337\340\366\370Q\244\012"
 869      8FA7221D 
 869      7DD61E4F 
 869      63DFE0F6 
 869      F851A40A 
 870 0622 A7B1C4C4 		.ascii	"\247\261\304\304X\211\375Q\022\247\017$\261Z\213+\303"
 870      5889FD51 
 870      12A70F24 
 870      B15A8B2B 
 870      C3
 871 0633 193112F1 		.ascii	"\0311\022\361V\230\216>Kb:\373\006'q\255\026.\303t\226"
 871      56988E3E 
 871      4B623AFB 
 871      062771AD 
 871      162EC374 
 872 0648 98147D85 		.ascii	"\230\024}\205\3433\241\313E\2270\277\024\350\330\317"
 872      E333A1CB 
 872      459730BF 
 872      14E8D8CF 
 873 0658 A5CB77A6 		.ascii	"\245\313w\246:\370\351\252\316U\357\201.M\035 x\035"
 873      3AF8E9AA 
 873      CE55EF81 
 873      2E4D1D20 
 873      781D
 874 066a E7D2D1A0 		.ascii	"\347\322\321\240\253M\301x\3111\357\250\367\273\244"
 874      AB4DC178 
 874      C931EFA8 
 874      F7BBA4
 875 0679 F80BB9E1 		.ascii	"\370\013\271\341A#\260\376\207\2204G\267t\205\257)z"
 875      4123B0FE 
 875      87903447 
 875      B77485AF 
 875      297A
 876 068b 7EE4E131 		.ascii	"~\344\3411\037\231\211\036\012y\352\236\215@z\320\265"
 876      1F99891E 
 876      0A79EA9E 
 876      8D407AD0 
 876      B5
 877 069c 144F5DF8 		.ascii	"\024O]\370>\352M\264\2241[#\230\213\350\312\3073\321"
 877      3EEA4DB4 
 877      94315B23 
 877      988BE8CA 
 877      C733D1
 878 06af C4D02324 		.ascii	"\304\320#$\2371\037Gc\012\260\020M\014=E\012\324\335"
 878      9F311F47 
 878      630AB010 
 878      4D0C3D45 
 878      0AD4DD
 879 06c2 AB304D35 		.ascii	"\2530M5\035\350*4\017\2750\216\2366\205\341\207J\222"
 879      1DE82A34 
 879      0FBD308E 
 879      9E3685E1 
 879      874A92
 880 06d5 A0E72398 		.ascii	"\240\347#\230\317G!R\335\245\025\345%nO\321J\367\222"
 880      CF472152 
ARM GAS  /tmp/ccfRxRTW.s 			page 27


 880      DDA515E5 
 880      256E4FD1 
 880      4AF792
 881 06e8 8AD75697 		.ascii	"\212\327V\227\227\254\254Z\345^\\\360r\356\362\327\313"
 881      97ACAC5A 
 881      E55E5CF0 
 881      72EEF2D7 
 881      CB
 882 06f9 3C6F9456 		.ascii	"<o\224V\211\234\252R\217\267xye\221\267\352\035\367"
 882      899CAA52 
 882      8FB77879 
 882      6591B7EA 
 882      1DF7
 883 070b 0BA59E15 		.ascii	"\013\245\236\025\236\374e\356\212U\356\322\2422we\205"
 883      9EFC65EE 
 883      8A55EED2 
 883      A2327765 
 883      85
 884 071c 17D1CB5E 		.ascii	"\027\321\313^\311{&\333\235\233\273\304\375b\301K\371"
 884      C97B26DB 
 884      9D9BBBC4 
 884      FD62C14B 
 884      F9
 885 072d 6F67D310 		.ascii	"og\323\020\342\313\226\227\225\025g\274&tB\215\212\361"
 885      E2CB9697 
 885      951567BC 
 885      2674428D 
 885      8AF1
 886 073f 6564CE29 		.ascii	"ed\316)*y&\273h\216\320\313\213V\275\245\227W\024\227"
 886      2A7926BB 
 886      688ED0CB 
 886      8B56BDA5 
 886      97571497 
 887 0753 C8159E2A 		.ascii	"\310\025\236*\275\250\254\312k\253\\]Y\354uT\254\252"
 887      BDA8ACCA 
 887      6BAB5C5D 
 887      59EC7554 
 887      ACAA
 888 0765 2C2929F6 		.ascii	",))\366\332+\252\336\251,\361\332\010\342\325\312\237"
 888      DA2BAADE 
 888      A92CF1DA 
 888      08E2D5CA 
 888      9F
 889 0776 D5CAB3B5 		.ascii	"\325\312\263\265\362,'\001\211\372\037\376\177\011G"
 889      F22C2701 
 889      89FA1FFE 
 889      7F0947
 890              		.text
 891              		.section	.gnu.lto_.symbol_nodes.1ede69e952b51dd0,"e",%progbits
 892 0000 789CB366 		.ascii	"x\234\263f\000\002\246\015\314\365\014\015@\300\302"
 892      0002A60D 
 892      CCF50C0D 
 892      40C0C2
 893 000f 38E11C03 		.ascii	"8\341\034\003C=\003\303\256\206FF\006F\006\260\344F"
 893      433D03C3 
 893      AE864646 
 893      064606B0 
ARM GAS  /tmp/ccfRxRTW.s 			page 28


 893      E446
 894 0021 E67AC60F 		.ascii	"\346z\306\017\277VX`\221c\000\000\350\012\016\252"
 894      BF565860 
 894      91630000 
 894      E80A0EAA 
 895              		.text
 896              		.section	.gnu.lto_.refs.1ede69e952b51dd0,"e",%progbits
 897 0000 789C6364 		.ascii	"x\234cd\000\002\000\000\012\000\002"
 897      00020000 
 897      0A0002
 898              		.text
 899              		.section	.gnu.lto_.decls.1ede69e952b51dd0,"e",%progbits
 900 0000 789CA595 		.ascii	"x\234\245\225mLSW\030\307\317s\316-\275^\352\332H\235"
 900      6D4C5357 
 900      18C7CF73 
 900      CE2DBD5E 
 900      EADA489D 
 901 0014 FB641A43 		.ascii	"\373d\032Cf\223E:J\"\037\307\024|\011(M\321,\363KS\271"
 901      6693453A 
 901      4A221FC7 
 901      147C0928 
 901      4DD12CF3 
 902 002b D536A394 		.ascii	"\3256\243\224A1\233\237\256\210\250\231\303\267\017"
 902      41319B9F 
 902      AE88A899 
 902      C3B70F
 903 003a 636A18C6 		.ascii	"cj\030\306\230\230\350\034{S\204\201\035LW\3376|w:Q"
 903      9898E81C 
 903      7B538481 
 903      1D4C57DF 
 903      367C773A 
 904 004f 872F4550 		.ascii	"\207/EPq\242\242\233\272\347\334{\333\202%q\331N\363"
 904      71A2A29B 
 904      BAE7DC7B 
 904      DB822571 
 904      D94EF3
 905 0062 9CDE7BCE 		.ascii	"\234\336{\316\357\371?\317y\356=\367\254\025\0119\001"
 905      EFF93FCF 
 905      79EE3DF7 
 905      AC150939 
 905      01
 906 0073 84741342 		.ascii	"\204t\023B^`c\370\177\022\315\200\326\2066\025\255\035"
 906      5E6063F8 
 906      7F12CD80 
 906      D6863615 
 906      AD1D
 907 0085 ED1EDA7D 		.ascii	"\355\036\332}\2425\212\366\210_\000Iiw@\033\366\353"
 907      A2358AF6 
 907      885F0049 
 907      6977401B 
 907      F6EB
 908 0097 F710675F 		.ascii	"\367\020g_j\200\"\351:7\001\315:\"F\233\036\223\307"
 908      6A8022E9 
 908      3A3701CD 
 908      3A22469B 
 908      1E93C7
 909 00aa 5E843680 		.ascii	"^\2046\200\026AKC\353E\273\211v\003\355*Z\037Z,\236"
ARM GAS  /tmp/ccfRxRTW.s 			page 29


 909      16414B43 
 909      EB45BB89 
 909      7603ED2A 
 909      5A1F5A2C 
 910 00bf CA18F96C 		.ascii	"\312\030\371lb0\025\370\302\314\352\025a\2248\024\265"
 910      623015F8 
 910      C2CCEA15 
 910      61943814 
 910      B5
 911 00d0 752E26B0 		.ascii	"u.&\260O\363(Lg\245\234\234\000\002\366V\260me\364\351"
 911      4FF3284C 
 911      67A59C9C 
 911      0002F656 
 911      B06D65F4 
 912 00e5 E6FD574C 		.ascii	"\346\375WLRDQ\006\225H\3558\002\255\000\007\200@\013"
 912      52445106 
 912      9548ED38 
 912      02AD0007 
 912      80400B
 913 00f8 A0CA7E80 		.ascii	"\240\312~\200\357\001\276\003VF\220\0348\324w||*\371"
 913      EF01BE03 
 913      5646901C 
 913      38D4777C 
 913      7C2AF9
 914 010b C3485215 		.ascii	"\303HR\025\267\261j\316\327Enu\213\322\325W\363o\260"
 914      B7B16ACE 
 914      D7456E75 
 914      8BD2D557 
 914      F36FB0
 915 011e E5842998 		.ascii	"\345\204)\230\363*\264\325@\324\334,\352\024ek\325\373"
 915      F32AB4D5 
 915      40D4DC2C 
 915      EA14656B 
 915      D5FB
 916 0130 37716D4C 		.ascii	"7qmL\375'l=p\365\307u\273\032\323y6\003J\244\306@\340"
 916      FD276C3D 
 916      70F5C775 
 916      BB1AD379 
 916      36034AA4 
 917 0147 30C0CFA8 		.ascii	"0\300\317\250~\014\220A\365\243\000G\2005p4\355\314"
 917      7E0C9041 
 917      F5A30047 
 917      80357034 
 917      EDCC
 918 0159 C92D1769 		.ascii	"\311-\027iFf&\026\243VQ\"4\236\012\201_\200\263\277"
 918      46662616 
 918      A3565122 
 918      349E0A81 
 918      5F80B3BF 
 919 016d 0274F302 		.ascii	"\002t\363\002\241\330\360\223\243\317k\034\033o\325"
 919      A1D8F093 
 919      A3CF6B1C 
 919      1B6FD5
 920 017c 29DD0A83 		.ascii	")\335\012\203\343\000'\200C\2328\001\007Z6\347\232\333"
 920      E3002780 
 920      439A3801 
 920      075A36E7 
ARM GAS  /tmp/ccfRxRTW.s 			page 30


 920      9ADB
 921 018e 7BEB144B 		.ascii	"{\353\024K\215\211#\321\024\344\260\032\366PSw(3\323"
 921      8D8923D1 
 921      14E4B01A 
 921      F6505377 
 921      2833D3
 922 01a1 8A51073B 		.ascii	"\212Q\007;z\015\273\"*v\010\3404$\342'\364\006[w\324"
 922      7A0DBB22 
 922      2A7608E0 
 922      3424E227 
 922      F4065B77 
 923 01b6 BFB66105 		.ascii	"\277\266a\005\203v\200\237\306@\270\010\246.$S?\255"
 923      8376809F 
 923      C640B808 
 923      A62E2453 
 923      3FAD
 924 01c8 A67E0AE0 		.ascii	"\246~\012\340$O\035\013r\267\245k\375k\326\246W\200"
 924      244F1D0B 
 924      72B7A56B 
 924      FD6BD6A6 
 924      5780
 925 01da 6A552DEC 		.ascii	"jU-\354\031\326q\005\325\356D\266\212\022\366\011\332"
 925      19D67105 
 925      D5EE44B6 
 925      8A12F609 
 925      DA
 926 01eb 66B42DFA 		.ascii	"f\264-\372\250]}\012\021\312\232(\252\277~\357\312\306"
 926      A85D7D0A 
 926      11CA9A28 
 926      AABF7EEF 
 926      CAC6
 927 01fd F3E64C6C 		.ascii	"\363\346Ll\031\231j\273\20658\262r\265b\2515\001\256"
 927      19996ABB 
 927      863538B2 
 927      72B562A9 
 927      3501AE
 928 0210 EC20C0F5 		.ascii	"\354 \300\365d\316\035\240&\315\231\226$sn\024s\226"
 928      64CE1DA0 
 928      26CD9996 
 928      24736E14 
 928      7396
 929 0222 77AD40B6 		.ascii	"w\255@\266c\302\007w|\030E\340\014@\327(\346\307\204"
 929      63C20777 
 929      7C1845E0 
 929      0C40D728 
 929      E6C784
 930 0235 CEE01EBD 		.ascii	"\316\340\036\275>\210]\032\30584\031\375\331\342\272"
 930      3E885D1A 
 930      C5383419 
 930      FDD9E2BA 
 931 0245 7B002EF3 		.ascii	"{\000.\363\211\353\352\272c\000\275\0007\001n\000\334"
 931      89EBEABA 
 931      6300BD00 
 931      37016E00 
 931      DC
 932 0256 06B806F0 		.ascii	"\006\270\006\360\007\300-\200\253\000}\274\036<\307"
 932      07C02D80 
ARM GAS  /tmp/ccfRxRTW.s 			page 31


 932      AB007DBC 
 932      1E3CC7
 933 0265 BDC91C7F 		.ascii	"\275\311\034\177\033\245}A\317\221C_&\241\213\251\220"
 933      1BA57D41 
 933      CF91435F 
 933      26A18BA9 
 933      90
 934 0276 B6D86892 		.ascii	"\266\330h\222\351L]\210.\264;\011\375\236\262\022M\347"
 934      E94C5D88 
 934      2EB43B09 
 934      FD9EB212 
 934      4DE7
 935 0288 6812B992 		.ascii	"h\022\271\222ZX]\347\253$t>\265\262\331\204\355\344"
 935      5A585DE7 
 935      AB24743E 
 935      B5B2D984 
 935      EDE4
 936 029a 0F8EAEBB 		.ascii	"\017\216\256\273\276\367\2401\343\345\362@?\374\313"
 936      BEF7A031 
 936      E3E5F240 
 936      3FFCCB
 937 02a9 02A1C483 		.ascii	"\002\241\304\203\317oo\027L\352\306o\352\024` \031\352"
 937      CF6F6F17 
 937      4CEAC66F 
 937      EA146020 
 937      19EA
 938 02bb 0E9720EC 		.ascii	"\016\227 \354\0335\322\266\346\326\225t\014\014\356"
 938      1B35D2B6 
 938      E6D69574 
 938      0C0CEE
 939 02ca 421C6C57 		.ascii	"B\034lW\301\356\236\355\307\314\251\037\222\301\221"
 939      C1EE9EED 
 939      C7CCA91F 
 939      92C191
 940 02d9 1F06C476 		.ascii	"\037\006\304v\367\266]6\335\000\3653,\310\000pa:v\022"
 940      F7B65D36 
 940      DD00F533 
 940      2CC80070 
 940      613A7612 
 941 02ed 59C48855 		.ascii	"Y\304\210U\241\012M\223\031\225\230\304d)\012\223\355"
 941      A10A4D93 
 941      199598C4 
 941      64290A93 
 941      ED
 942 02fe 432C4FA4 		.ascii	"C,O\244v\263$\356\352\002\213d\020)\215\031e\311\376"
 942      76B324EE 
 942      EA028B64 
 942      10298D19 
 942      65C9FE
 943 0311 14F6D0A6 		.ascii	"\024\366\320\2464[\236\"\310\353&\306\214\012\3350\337"
 943      345B9E22 
 943      C8EB26C6 
 943      8C0ADD30 
 943      DF
 944 0322 9A93877D 		.ascii	"\232\223\207}\314\030\005\031\275\\\202h\301\253\230"
 944      CC180519 
 944      BD5C8268 
ARM GAS  /tmp/ccfRxRTW.s 			page 32


 944      C1AB98
 945 0331 511A624D 		.ascii	"Q\032bM\237\246\311'\350\232\251\270\245%\331\311wn"
 945      9FA6C927 
 945      E89AA9B8 
 945      A525D9C9 
 945      776E
 946 0343 9E284E36 		.ascii	"\236(N6w\262N6\213\020Ql\336;Q\212\031\315(a\227m\026"
 946      77B24E36 
 946      8B10516C 
 946      DE3B518A 
 946      19CD2861 
 947 035a D9668E82 		.ascii	"\331f\216\202A\226%\253\235`\022\262\323\231G%T\026"
 947      419625AB 
 947      9D6012B2 
 947      D3994725 
 947      5416
 948 036c C4283819 		.ascii	"\304(8\031\230\234\312\265\376I\222A\0327\331f'D&\263"
 948      989CCAB5 
 948      FE499241 
 948      1A37D966 
 948      274426B3 
 949 0380 28EAB217 		.ascii	"(\352\262\027\361\006F\214)'o\001\354\022uRV\0303\342"
 949      F106468C 
 949      29276F01 
 949      EC127552 
 949      561833E2 
 950 0394 D1436D84 		.ascii	"\321Cm\204(\202h2\201\202\177\343<\205\262\313)\221"
 950      28826832 
 950      81827FE3 
 950      3C85B2CB 
 950      2991
 951 03a6 9891E294 		.ascii	"\230\221\342\224U\000\205B\322SJ#\000[\322\261\204\352"
 951      55008542 
 951      D2534A23 
 951      005BD2B1 
 951      84EA
 952 03b8 8F77A077 		.ascii	"\217w\240w\300oA;\362\342a\324q\365h\322i\216h\243\211"
 952      C06F413B 
 952      F2E261D4 
 952      71F568D2 
 952      698E68A3 
 953 03cd 3FFD9A03 		.ascii	"?\375\232\003T\327\241\361\023M\363\321\203\360~\204"
 953      54D7A1F1 
 953      134DF3D1 
 953      83F07E84 
 954 03dd 7802011D 		.ascii	"x\002\001\035\211\353h>:\220\360\325/y\014\025\246#"
 954      89EB683E 
 954      3A90F0D5 
 954      2F790C15 
 954      A623
 955 03ef 7D54BF51 		.ascii	"}T\277Q\211'%IB6\236\222~(\342{\363E\307\371\3457\261"
 955      89272549 
 955      42369E92 
 955      7E28E27B 
 955      F345C7F9 
 956 0406 6CCAF09E 		.ascii	"l\312\360\236\216t\260l\310#\300\372\324\027ou[\375"
 956      8E74B06C 
ARM GAS  /tmp/ccfRxRTW.s 			page 33


 956      C823C0FA 
 956      D4176F75 
 956      5BFD
 957 0418 316992C2 		.ascii	"1i\222\302\317\014\305\012\376\3047\373!\352\205T\337"
 957      CF0CC50A 
 957      FEC437FB 
 957      21EA8554 
 957      DF
 958 0429 FEB3039B 		.ascii	"\376\263\003\233\314S\2665(\303=\237\255\355\202mx\266"
 958      CC53B635 
 958      28C33D9F 
 958      ADED826D 
 958      78B6
 959 043b 202E2001 		.ascii	" . \001C\352+\314\003\015!\376\000\340O(\354\021X\013"
 959      43EA2BCC 
 959      030D21FE 
 959      00E04F28 
 959      EC11580B 
 960 044f E37E8F1A 		.ascii	"\343~\217\032\017\237\223\004>\331\006\020\302\201\226"
 960      0F9F9304 
 960      3ED90610 
 960      C28196
 961 045e 731D5D82 		.ascii	"s\035]\202:p\037`\230\277\316\227V}]\017\031\332\231"
 961      3A701F60 
 961      98BFCE97 
 961      567D5D0F 
 961      19DA99
 962 0471 1CD1EBF0 		.ascii	"\034\321\353\360T\327\304\351\263\027\242\365\346Q\323"
 962      54D7C4E9 
 962      B317A2F5 
 962      E651D3
 963 0480 7C8F8E00 		.ascii	"|\217\216\000N\2657\236\036\261\013\377J\356\302\277"
 963      4EB5379E 
 963      1EB10BFF 
 963      4AEEC2BF 
 964 0490 4105FA9E 		.ascii	"A\005\372\236~{\177\374\030\000\337\177:\262\265\346"
 964      7E7B7FFC 
 964      1800DF7F 
 964      3AB2B5E6 
 965 04a0 E14E2DCD 		.ascii	"\341N-\315g\000OxVG.5\366\217U\222\027\350\367\\s\252"
 965      67004F78 
 965      56472E35 
 965      F68F5592 
 965      17E8F75C 
 966 04b6 BDBDA691 		.ascii	"\275\275\246\221NihP\232\017\360O\216V\020|\036\217"
 966      4E696850 
 966      9A0FF04F 
 966      8E56107C 
 966      1E8F
 967 04c8 1305799C 		.ascii	"\023\005y\234(\310>F\336\011\373\003\225\262\247\302"
 967      28C83E46 
 967      DE09FB03 
 967      95B2A7C2 
 968 04d8 5B19FED8 		.ascii	"[\031\376\3301\323\037X\034(.q\204\252\034~o\231\243"
 968      31D31F58 
 968      1C282E71 
 968      84AA1C7E 
ARM GAS  /tmp/ccfRxRTW.s 			page 34


 968      6F99A3
 969 04eb 225419AE 		.ascii	"\"T\031\256r\224,\230\227\343t\024\025\345;f\273\346"
 969      72942C98 
 969      97E37414 
 969      15E53B66 
 969      BBE6
 970 04fd 162F73F2 		.ascii	"\026/s\362)\344\313<eerV\2518{\376B\333\314\354\\2i"
 970      29E4CB3C 
 970      65657256 
 970      A9387BFE 
 970      42DBCCEC 
 971 0514 D470D6DB 		.ascii	"\324p\326\333\271^_\216\323\233K\304@(\030\222}\236"
 971      B95E5F8E 
 971      D39B4BC4 
 971      40281892 
 971      7D9E
 972 0526 B0581D28 		.ascii	"\260X\035(\017\3478=a\341\335Y\356\"CQ\361\314B\267"
 972      0FE7383D 
 972      61E1DD59 
 972      EE224351 
 972      F1CC42B7 
 973 053a 30A3C4ED 		.ascii	"0\243\304\355\206\367`\216\241\264\314\347\255T\221"
 973      86F7608E 
 973      A1B4CCE7 
 973      AD5491
 974 0549 ECE99E30 		.ascii	"\354\351\2360\253\362\205m\016\177(\350s\004\274\345"
 974      ABF2856D 
 974      0E7F28E8 
 974      7304BCE5 
 975 0559 8EFC5069 		.ascii	"\216\374Piu\320W\216\311\314p\271\213<K\312\002K\375"
 975      75D0578E 
 975      C9CC70B9 
 975      8B3C4BCA 
 975      024BFD
 976 056c E1FF927A 		.ascii	"\341\377\222zU8\210\031,\255\010\204\262\374\204\025"
 976      55388819 
 976      2CAD0884 
 976      B2FC8415 
 977 057c E7BBD9DC 		.ascii	"\347\273\331\334|\267\301\265\320\225\3576\026\227\270"
 977      7CB7C1B5 
 977      D095EF36 
 977      1697B8
 978 058b 0A0AF2DD 		.ascii	"\012\012\362\335i\305\013\336w\025\270\015\363\212\363"
 978      69C50BDE 
 978      7715B80D 
 978      F38AF3
 979 059a 0BDC3CD5 		.ascii	"\013\334<\3259\246\244\227',\005B\\; {\302&\3552\350"
 979      39A6A497 
 979      272C0542 
 979      5C3B207B 
 979      C226ED32 
 980 05af ADFA0033 		.ascii	"\255\372\0003\316\236N\314\336\312\340\262\\\337\264"
 980      CE9E4ECC 
 980      DECAE0B2 
 980      5CDFB4
 981 05be E05B4B2A 		.ascii	"\340[K*\262\344\012\"\225\342\264\357\243i\301\\2>^"
 981      B2E40A22 
ARM GAS  /tmp/ccfRxRTW.s 			page 35


 981      95E2B4EF 
 981      A369C15C 
 981      323E5E
 982 05d1 1A4FA03C 		.ascii	"\032O\240<\020\316\373\237E'\023\023rX\250\245\225\241"
 982      10CEFB9F 
 982      45271313 
 982      7258A8A5 
 982      95A1
 983 05e3 EA0A5EE3 		.ascii	"\352\012^\343\177\000\3504\007\350"
 983      7F00E834 
 983      07E8
 984              		.text
 985              		.section	.gnu.lto_.symtab.1ede69e952b51dd0,"e",%progbits
 986 0000 5F70616C 		.ascii	"_pal_lld_init\000"
 986      5F6C6C64 
 986      5F696E69 
 986      7400
 987 000e 00       		.ascii	"\000"
 988 000f 00       		.ascii	"\000"
 989 0010 00       		.ascii	"\000"
 990 0011 00000000 		.ascii	"\000\000\000\000\000\000\000\000"
 990      00000000 
 991 0019 F6000000 		.ascii	"\366\000\000\000"
 992 001d 5F70616C 		.ascii	"_pal_lld_setgroupmode\000"
 992      5F6C6C64 
 992      5F736574 
 992      67726F75 
 992      706D6F64 
 993 0033 00       		.ascii	"\000"
 994 0034 00       		.ascii	"\000"
 995 0035 00       		.ascii	"\000"
 996 0036 00000000 		.ascii	"\000\000\000\000\000\000\000\000"
 996      00000000 
 997 003e 00010000 		.ascii	"\000\001\000\000"
 998              		.text
 999              		.section	.gnu.lto_.ext_symtab.1ede69e952b51dd0,"e",%progbits
 1000 0000 01       		.ascii	"\001"
 1001 0001 01       		.ascii	"\001"
 1002 0002 00       		.ascii	"\000"
 1003 0003 01       		.ascii	"\001"
 1004 0004 00       		.ascii	"\000"
 1005              		.text
 1006              		.section	.gnu.lto_.opts,"e",%progbits
 1007 0000 272D666E 		.ascii	"'-fno-openmp' '-fno-openacc' '-fno-pie' '-fcf-prote"
 1007      6F2D6F70 
 1007      656E6D70 
 1007      2720272D 
 1007      666E6F2D 
 1008 0033 6374696F 		.ascii	"ction=none' '-g' '-mcpu=cortex-m7' '-mthumb' '-mflo"
 1008      6E3D6E6F 
 1008      6E652720 
 1008      272D6727 
 1008      20272D6D 
 1009 0066 61742D61 		.ascii	"at-abi=hard' '-mfpu=fpv5-d16' '-march=armv7e-m+fp.d"
 1009      62693D68 
 1009      61726427 
 1009      20272D6D 
ARM GAS  /tmp/ccfRxRTW.s 			page 36


 1009      6670753D 
 1010 0099 70272027 		.ascii	"p' '-O2' '-fomit-frame-pointer' '-falign-functions="
 1010      2D4F3227 
 1010      20272D66 
 1010      6F6D6974 
 1010      2D667261 
 1011 00cc 31362720 		.ascii	"16' '-ffunction-sections' '-fdata-sections' '-fno-c"
 1011      272D6666 
 1011      756E6374 
 1011      696F6E2D 
 1011      73656374 
 1012 00ff 6F6D6D6F 		.ascii	"ommon' '-flto' '-Xassembler' '-alms=build/lst/hal_p"
 1012      6E272027 
 1012      2D666C74 
 1012      6F272027 
 1012      2D586173 
 1013 0132 616C5F6C 		.ascii	"al_lld.lst'\000"
 1013      6C642E6C 
 1013      73742700 
 1014              		.text
 1015              		.comm	__gnu_lto_slim,1,1
 1016              		.ident	"GCC: (GNU Arm Embedded Toolchain 10-2020-q4-major) 10.2.1 20201103 (release)"
ARM GAS  /tmp/ccfRxRTW.s 			page 37


DEFINED SYMBOLS
                            *ABS*:0000000000000000 hal_pal_lld.c
     /tmp/ccfRxRTW.s:22     .gnu.debuglto_.debug_info:0000000000000000 hal_pal_lld.c.07ae32a7
                            *COM*:0000000000000001 __gnu_lto_slim

NO UNDEFINED SYMBOLS
