ARM GAS  /tmp/cc03tyIf.s 			page 1


   1              		.cpu cortex-m7
   2              		.eabi_attribute 28, 1
   3              		.eabi_attribute 20, 1
   4              		.eabi_attribute 21, 1
   5              		.eabi_attribute 23, 3
   6              		.eabi_attribute 24, 1
   7              		.eabi_attribute 25, 1
   8              		.eabi_attribute 26, 1
   9              		.eabi_attribute 30, 2
  10              		.eabi_attribute 34, 1
  11              		.eabi_attribute 18, 4
  12              		.file	"I2C.cpp"
  13              		.file 1 "/opt/gcc-arm-none-eabi-10-2020-q4-major/lib/gcc/arm-none-eabi/10.2.1/include/stddef.h"
  14              		.file 2 "/opt/gcc-arm-none-eabi-10-2020-q4-major/arm-none-eabi/include/machine/_default_types.h"
  15              		.file 3 "/opt/gcc-arm-none-eabi-10-2020-q4-major/arm-none-eabi/include/sys/_stdint.h"
  16              		.file 4 "third_party/ChibiOS/os/common/ext/ST/STM32H7xx/stm32h7xx.h"
  17              		.file 5 "./src/coms/I2C.hpp"
  18              		.file 6 "src/coms/I2C.cpp"
  19              		.section	.gnu.debuglto_.debug_info,"e",%progbits
  20              	.Ldebug_info0:
  21              		.hidden	I2C.cpp.b9520375
  22              		.weak	I2C.cpp.b9520375
  23              	I2C.cpp.b9520375:
  24 0000 F5010000 		.4byte	0x1f5
  25 0004 0400     		.2byte	0x4
  26 0006 00000000 		.4byte	.Ldebug_abbrev0
  27 000a 04       		.byte	0x4
  28 000b 01       		.uleb128 0x1
  29 000c 5A010000 		.4byte	.LASF32
  30 0010 04       		.byte	0x4
  31 0011 92000000 		.4byte	.LASF33
  32 0015 D1000000 		.4byte	.LASF34
  33 0019 00000000 		.4byte	.Ldebug_line0
  34 001d 02       		.uleb128 0x2
  35 001e 04       		.byte	0x4
  36 001f 05       		.byte	0x5
  37 0020 696E7400 		.ascii	"int\000"
  38 0024 03       		.uleb128 0x3
  39 0025 29000000 		.4byte	.LASF4
  40 0029 01       		.byte	0x1
  41 002a D1       		.byte	0xd1
  42 002b 17       		.byte	0x17
  43 002c 30000000 		.4byte	0x30
  44 0030 04       		.uleb128 0x4
  45 0031 04       		.byte	0x4
  46 0032 07       		.byte	0x7
  47 0033 40020000 		.4byte	.LASF0
  48 0037 04       		.uleb128 0x4
  49 0038 08       		.byte	0x8
  50 0039 05       		.byte	0x5
  51 003a 78020000 		.4byte	.LASF1
  52 003e 04       		.uleb128 0x4
  53 003f 08       		.byte	0x8
  54 0040 04       		.byte	0x4
  55 0041 A8020000 		.4byte	.LASF2
  56 0045 05       		.uleb128 0x5
  57 0046 57000000 		.4byte	.LASF35
ARM GAS  /tmp/cc03tyIf.s 			page 2


  58 004a 04       		.uleb128 0x4
  59 004b 01       		.byte	0x1
  60 004c 06       		.byte	0x6
  61 004d AF000000 		.4byte	.LASF3
  62 0051 03       		.uleb128 0x3
  63 0052 1F000000 		.4byte	.LASF5
  64 0056 02       		.byte	0x2
  65 0057 2B       		.byte	0x2b
  66 0058 18       		.byte	0x18
  67 0059 5D000000 		.4byte	0x5d
  68 005d 04       		.uleb128 0x4
  69 005e 01       		.byte	0x1
  70 005f 08       		.byte	0x8
  71 0060 BB000000 		.4byte	.LASF6
  72 0064 04       		.uleb128 0x4
  73 0065 02       		.byte	0x2
  74 0066 05       		.byte	0x5
  75 0067 98020000 		.4byte	.LASF7
  76 006b 04       		.uleb128 0x4
  77 006c 02       		.byte	0x2
  78 006d 07       		.byte	0x7
  79 006e CE020000 		.4byte	.LASF8
  80 0072 04       		.uleb128 0x4
  81 0073 04       		.byte	0x4
  82 0074 05       		.byte	0x5
  83 0075 1C010000 		.4byte	.LASF9
  84 0079 04       		.uleb128 0x4
  85 007a 04       		.byte	0x4
  86 007b 07       		.byte	0x7
  87 007c 04010000 		.4byte	.LASF10
  88 0080 04       		.uleb128 0x4
  89 0081 08       		.byte	0x8
  90 0082 07       		.byte	0x7
  91 0083 E1020000 		.4byte	.LASF11
  92 0087 03       		.uleb128 0x3
  93 0088 52020000 		.4byte	.LASF12
  94 008c 03       		.byte	0x3
  95 008d 18       		.byte	0x18
  96 008e 13       		.byte	0x13
  97 008f 51000000 		.4byte	0x51
  98 0093 04       		.uleb128 0x4
  99 0094 01       		.byte	0x1
 100 0095 08       		.byte	0x8
 101 0096 4D020000 		.4byte	.LASF13
 102 009a 06       		.uleb128 0x6
 103 009b 04       		.byte	0x4
 104 009c 07       		.uleb128 0x7
 105 009d 07       		.byte	0x7
 106 009e 01       		.byte	0x1
 107 009f 5D000000 		.4byte	0x5d
 108 00a3 04       		.byte	0x4
 109 00a4 B4       		.byte	0xb4
 110 00a5 01       		.byte	0x1
 111 00a6 B4020000 		.4byte	.LASF16
 112 00aa BB000000 		.4byte	0xbb
 113 00ae 08       		.uleb128 0x8
 114 00af 16010000 		.4byte	.LASF14
ARM GAS  /tmp/cc03tyIf.s 			page 3


 115 00b3 00       		.byte	0
 116 00b4 09       		.uleb128 0x9
 117 00b5 53455400 		.ascii	"SET\000"
 118 00b9 01       		.byte	0x1
 119 00ba 00       		.byte	0
 120 00bb 03       		.uleb128 0x3
 121 00bc ED000000 		.4byte	.LASF15
 122 00c0 04       		.byte	0x4
 123 00c1 B7       		.byte	0xb7
 124 00c2 03       		.byte	0x3
 125 00c3 9C000000 		.4byte	0x9c
 126 00c7 07       		.uleb128 0x7
 127 00c8 07       		.byte	0x7
 128 00c9 01       		.byte	0x1
 129 00ca 5D000000 		.4byte	0x5d
 130 00ce 04       		.byte	0x4
 131 00cf BA       		.byte	0xba
 132 00d0 01       		.byte	0x1
 133 00d1 86020000 		.4byte	.LASF17
 134 00d5 E6000000 		.4byte	0xe6
 135 00d9 08       		.uleb128 0x8
 136 00da 25010000 		.4byte	.LASF18
 137 00de 00       		.byte	0
 138 00df 08       		.uleb128 0x8
 139 00e0 A8000000 		.4byte	.LASF19
 140 00e4 01       		.byte	0x1
 141 00e5 00       		.byte	0
 142 00e6 03       		.uleb128 0x3
 143 00e7 37010000 		.4byte	.LASF20
 144 00eb 04       		.byte	0x4
 145 00ec BD       		.byte	0xbd
 146 00ed 03       		.byte	0x3
 147 00ee C7000000 		.4byte	0xc7
 148 00f2 07       		.uleb128 0x7
 149 00f3 07       		.byte	0x7
 150 00f4 01       		.byte	0x1
 151 00f5 5D000000 		.4byte	0x5d
 152 00f9 04       		.byte	0x4
 153 00fa C1       		.byte	0xc1
 154 00fb 01       		.byte	0x1
 155 00fc 47010000 		.4byte	.LASF21
 156 0100 11010000 		.4byte	0x111
 157 0104 08       		.uleb128 0x8
 158 0105 C9000000 		.4byte	.LASF22
 159 0109 00       		.byte	0
 160 010a 08       		.uleb128 0x8
 161 010b A2020000 		.4byte	.LASF23
 162 010f 01       		.byte	0x1
 163 0110 00       		.byte	0
 164 0111 03       		.uleb128 0x3
 165 0112 F8000000 		.4byte	.LASF24
 166 0116 04       		.byte	0x4
 167 0117 C4       		.byte	0xc4
 168 0118 03       		.byte	0x3
 169 0119 F2000000 		.4byte	0xf2
 170 011d 0A       		.uleb128 0xa
 171 011e 04       		.byte	0x4
ARM GAS  /tmp/cc03tyIf.s 			page 4


 172 011f 23010000 		.4byte	0x123
 173 0123 0B       		.uleb128 0xb
 174 0124 2E010000 		.4byte	0x12e
 175 0128 0C       		.uleb128 0xc
 176 0129 9A000000 		.4byte	0x9a
 177 012d 00       		.byte	0
 178 012e 04       		.uleb128 0x4
 179 012f 01       		.byte	0x1
 180 0130 02       		.byte	0x2
 181 0131 52000000 		.4byte	.LASF25
 182 0135 03       		.uleb128 0x3
 183 0136 6C020000 		.4byte	.LASF26
 184 013a 05       		.byte	0x5
 185 013b 11       		.byte	0x11
 186 013c 10       		.byte	0x10
 187 013d 1D010000 		.4byte	0x11d
 188 0141 0D       		.uleb128 0xd
 189 0142 88000000 		.4byte	.LASF36
 190 0146 0C       		.byte	0xc
 191 0147 06       		.byte	0x6
 192 0148 03       		.byte	0x3
 193 0149 08       		.byte	0x8
 194 014a 76010000 		.4byte	0x176
 195 014e 0E       		.uleb128 0xe
 196 014f A3000000 		.4byte	.LASF27
 197 0153 06       		.byte	0x6
 198 0154 04       		.byte	0x4
 199 0155 11       		.byte	0x11
 200 0156 87000000 		.4byte	0x87
 201 015a 00       		.byte	0
 202 015b 0E       		.uleb128 0xe
 203 015c 55010000 		.4byte	.LASF28
 204 0160 06       		.byte	0x6
 205 0161 05       		.byte	0x5
 206 0162 11       		.byte	0x11
 207 0163 35010000 		.4byte	0x135
 208 0167 04       		.byte	0x4
 209 0168 0F       		.uleb128 0xf
 210 0169 63747800 		.ascii	"ctx\000"
 211 016d 06       		.byte	0x6
 212 016e 06       		.byte	0x6
 213 016f 11       		.byte	0x11
 214 0170 9A000000 		.4byte	0x9a
 215 0174 08       		.byte	0x8
 216 0175 00       		.byte	0
 217 0176 10       		.uleb128 0x10
 218 0177 41010000 		.4byte	0x141
 219 017b 86010000 		.4byte	0x186
 220 017f 11       		.uleb128 0x11
 221 0180 30000000 		.4byte	0x30
 222 0184 07       		.byte	0x7
 223 0185 00       		.byte	0
 224 0186 12       		.uleb128 0x12
 225 0187 2D010000 		.4byte	.LASF29
 226 018b 06       		.byte	0x6
 227 018c 08       		.byte	0x8
 228 018d 12       		.byte	0x12
ARM GAS  /tmp/cc03tyIf.s 			page 5


 229 018e 76010000 		.4byte	0x176
 230 0192 12       		.uleb128 0x12
 231 0193 42000000 		.4byte	.LASF30
 232 0197 06       		.byte	0x6
 233 0198 09       		.byte	0x9
 234 0199 12       		.byte	0x12
 235 019a 1D000000 		.4byte	0x1d
 236 019e 13       		.uleb128 0x13
 237 019f C1020000 		.4byte	.LASF37
 238 01a3 06       		.byte	0x6
 239 01a4 19       		.byte	0x19
 240 01a5 06       		.byte	0x6
 241 01a6 00000000 		.4byte	.LASF38
 242 01aa 14       		.uleb128 0x14
 243 01ab 12000000 		.4byte	.LASF39
 244 01af 06       		.byte	0x6
 245 01b0 12       		.byte	0x12
 246 01b1 06       		.byte	0x6
 247 01b2 30000000 		.4byte	.LASF40
 248 01b6 C7010000 		.4byte	0x1c7
 249 01ba 15       		.uleb128 0x15
 250 01bb 16       		.uleb128 0x16
 251 01bc 6900     		.ascii	"i\000"
 252 01be 06       		.byte	0x6
 253 01bf 14       		.byte	0x14
 254 01c0 0E       		.byte	0xe
 255 01c1 1D000000 		.4byte	0x1d
 256 01c5 00       		.byte	0
 257 01c6 00       		.byte	0
 258 01c7 17       		.uleb128 0x17
 259 01c8 5A020000 		.4byte	.LASF41
 260 01cc 06       		.byte	0x6
 261 01cd 0B       		.byte	0xb
 262 01ce 06       		.byte	0x6
 263 01cf 69000000 		.4byte	.LASF42
 264 01d3 18       		.uleb128 0x18
 265 01d4 A3000000 		.4byte	.LASF27
 266 01d8 06       		.byte	0x6
 267 01d9 0B       		.byte	0xb
 268 01da 20       		.byte	0x20
 269 01db 87000000 		.4byte	0x87
 270 01df 18       		.uleb128 0x18
 271 01e0 F8020000 		.4byte	.LASF31
 272 01e4 06       		.byte	0x6
 273 01e5 0B       		.byte	0xb
 274 01e6 32       		.byte	0x32
 275 01e7 35010000 		.4byte	0x135
 276 01eb 19       		.uleb128 0x19
 277 01ec 63747800 		.ascii	"ctx\000"
 278 01f0 06       		.byte	0x6
 279 01f1 0B       		.byte	0xb
 280 01f2 41       		.byte	0x41
 281 01f3 9A000000 		.4byte	0x9a
 282 01f7 00       		.byte	0
 283 01f8 00       		.byte	0
 284              		.section	.gnu.debuglto_.debug_abbrev,"e",%progbits
 285              	.Ldebug_abbrev0:
ARM GAS  /tmp/cc03tyIf.s 			page 6


 286 0000 01       		.uleb128 0x1
 287 0001 11       		.uleb128 0x11
 288 0002 01       		.byte	0x1
 289 0003 25       		.uleb128 0x25
 290 0004 0E       		.uleb128 0xe
 291 0005 13       		.uleb128 0x13
 292 0006 0B       		.uleb128 0xb
 293 0007 03       		.uleb128 0x3
 294 0008 0E       		.uleb128 0xe
 295 0009 1B       		.uleb128 0x1b
 296 000a 0E       		.uleb128 0xe
 297 000b 10       		.uleb128 0x10
 298 000c 17       		.uleb128 0x17
 299 000d 00       		.byte	0
 300 000e 00       		.byte	0
 301 000f 02       		.uleb128 0x2
 302 0010 24       		.uleb128 0x24
 303 0011 00       		.byte	0
 304 0012 0B       		.uleb128 0xb
 305 0013 0B       		.uleb128 0xb
 306 0014 3E       		.uleb128 0x3e
 307 0015 0B       		.uleb128 0xb
 308 0016 03       		.uleb128 0x3
 309 0017 08       		.uleb128 0x8
 310 0018 00       		.byte	0
 311 0019 00       		.byte	0
 312 001a 03       		.uleb128 0x3
 313 001b 16       		.uleb128 0x16
 314 001c 00       		.byte	0
 315 001d 03       		.uleb128 0x3
 316 001e 0E       		.uleb128 0xe
 317 001f 3A       		.uleb128 0x3a
 318 0020 0B       		.uleb128 0xb
 319 0021 3B       		.uleb128 0x3b
 320 0022 0B       		.uleb128 0xb
 321 0023 39       		.uleb128 0x39
 322 0024 0B       		.uleb128 0xb
 323 0025 49       		.uleb128 0x49
 324 0026 13       		.uleb128 0x13
 325 0027 00       		.byte	0
 326 0028 00       		.byte	0
 327 0029 04       		.uleb128 0x4
 328 002a 24       		.uleb128 0x24
 329 002b 00       		.byte	0
 330 002c 0B       		.uleb128 0xb
 331 002d 0B       		.uleb128 0xb
 332 002e 3E       		.uleb128 0x3e
 333 002f 0B       		.uleb128 0xb
 334 0030 03       		.uleb128 0x3
 335 0031 0E       		.uleb128 0xe
 336 0032 00       		.byte	0
 337 0033 00       		.byte	0
 338 0034 05       		.uleb128 0x5
 339 0035 3B       		.uleb128 0x3b
 340 0036 00       		.byte	0
 341 0037 03       		.uleb128 0x3
 342 0038 0E       		.uleb128 0xe
ARM GAS  /tmp/cc03tyIf.s 			page 7


 343 0039 00       		.byte	0
 344 003a 00       		.byte	0
 345 003b 06       		.uleb128 0x6
 346 003c 0F       		.uleb128 0xf
 347 003d 00       		.byte	0
 348 003e 0B       		.uleb128 0xb
 349 003f 0B       		.uleb128 0xb
 350 0040 00       		.byte	0
 351 0041 00       		.byte	0
 352 0042 07       		.uleb128 0x7
 353 0043 04       		.uleb128 0x4
 354 0044 01       		.byte	0x1
 355 0045 3E       		.uleb128 0x3e
 356 0046 0B       		.uleb128 0xb
 357 0047 0B       		.uleb128 0xb
 358 0048 0B       		.uleb128 0xb
 359 0049 49       		.uleb128 0x49
 360 004a 13       		.uleb128 0x13
 361 004b 3A       		.uleb128 0x3a
 362 004c 0B       		.uleb128 0xb
 363 004d 3B       		.uleb128 0x3b
 364 004e 0B       		.uleb128 0xb
 365 004f 39       		.uleb128 0x39
 366 0050 0B       		.uleb128 0xb
 367 0051 6E       		.uleb128 0x6e
 368 0052 0E       		.uleb128 0xe
 369 0053 01       		.uleb128 0x1
 370 0054 13       		.uleb128 0x13
 371 0055 00       		.byte	0
 372 0056 00       		.byte	0
 373 0057 08       		.uleb128 0x8
 374 0058 28       		.uleb128 0x28
 375 0059 00       		.byte	0
 376 005a 03       		.uleb128 0x3
 377 005b 0E       		.uleb128 0xe
 378 005c 1C       		.uleb128 0x1c
 379 005d 0B       		.uleb128 0xb
 380 005e 00       		.byte	0
 381 005f 00       		.byte	0
 382 0060 09       		.uleb128 0x9
 383 0061 28       		.uleb128 0x28
 384 0062 00       		.byte	0
 385 0063 03       		.uleb128 0x3
 386 0064 08       		.uleb128 0x8
 387 0065 1C       		.uleb128 0x1c
 388 0066 0B       		.uleb128 0xb
 389 0067 00       		.byte	0
 390 0068 00       		.byte	0
 391 0069 0A       		.uleb128 0xa
 392 006a 0F       		.uleb128 0xf
 393 006b 00       		.byte	0
 394 006c 0B       		.uleb128 0xb
 395 006d 0B       		.uleb128 0xb
 396 006e 49       		.uleb128 0x49
 397 006f 13       		.uleb128 0x13
 398 0070 00       		.byte	0
 399 0071 00       		.byte	0
ARM GAS  /tmp/cc03tyIf.s 			page 8


 400 0072 0B       		.uleb128 0xb
 401 0073 15       		.uleb128 0x15
 402 0074 01       		.byte	0x1
 403 0075 01       		.uleb128 0x1
 404 0076 13       		.uleb128 0x13
 405 0077 00       		.byte	0
 406 0078 00       		.byte	0
 407 0079 0C       		.uleb128 0xc
 408 007a 05       		.uleb128 0x5
 409 007b 00       		.byte	0
 410 007c 49       		.uleb128 0x49
 411 007d 13       		.uleb128 0x13
 412 007e 00       		.byte	0
 413 007f 00       		.byte	0
 414 0080 0D       		.uleb128 0xd
 415 0081 13       		.uleb128 0x13
 416 0082 01       		.byte	0x1
 417 0083 03       		.uleb128 0x3
 418 0084 0E       		.uleb128 0xe
 419 0085 0B       		.uleb128 0xb
 420 0086 0B       		.uleb128 0xb
 421 0087 3A       		.uleb128 0x3a
 422 0088 0B       		.uleb128 0xb
 423 0089 3B       		.uleb128 0x3b
 424 008a 0B       		.uleb128 0xb
 425 008b 39       		.uleb128 0x39
 426 008c 0B       		.uleb128 0xb
 427 008d 01       		.uleb128 0x1
 428 008e 13       		.uleb128 0x13
 429 008f 00       		.byte	0
 430 0090 00       		.byte	0
 431 0091 0E       		.uleb128 0xe
 432 0092 0D       		.uleb128 0xd
 433 0093 00       		.byte	0
 434 0094 03       		.uleb128 0x3
 435 0095 0E       		.uleb128 0xe
 436 0096 3A       		.uleb128 0x3a
 437 0097 0B       		.uleb128 0xb
 438 0098 3B       		.uleb128 0x3b
 439 0099 0B       		.uleb128 0xb
 440 009a 39       		.uleb128 0x39
 441 009b 0B       		.uleb128 0xb
 442 009c 49       		.uleb128 0x49
 443 009d 13       		.uleb128 0x13
 444 009e 38       		.uleb128 0x38
 445 009f 0B       		.uleb128 0xb
 446 00a0 00       		.byte	0
 447 00a1 00       		.byte	0
 448 00a2 0F       		.uleb128 0xf
 449 00a3 0D       		.uleb128 0xd
 450 00a4 00       		.byte	0
 451 00a5 03       		.uleb128 0x3
 452 00a6 08       		.uleb128 0x8
 453 00a7 3A       		.uleb128 0x3a
 454 00a8 0B       		.uleb128 0xb
 455 00a9 3B       		.uleb128 0x3b
 456 00aa 0B       		.uleb128 0xb
ARM GAS  /tmp/cc03tyIf.s 			page 9


 457 00ab 39       		.uleb128 0x39
 458 00ac 0B       		.uleb128 0xb
 459 00ad 49       		.uleb128 0x49
 460 00ae 13       		.uleb128 0x13
 461 00af 38       		.uleb128 0x38
 462 00b0 0B       		.uleb128 0xb
 463 00b1 00       		.byte	0
 464 00b2 00       		.byte	0
 465 00b3 10       		.uleb128 0x10
 466 00b4 01       		.uleb128 0x1
 467 00b5 01       		.byte	0x1
 468 00b6 49       		.uleb128 0x49
 469 00b7 13       		.uleb128 0x13
 470 00b8 01       		.uleb128 0x1
 471 00b9 13       		.uleb128 0x13
 472 00ba 00       		.byte	0
 473 00bb 00       		.byte	0
 474 00bc 11       		.uleb128 0x11
 475 00bd 21       		.uleb128 0x21
 476 00be 00       		.byte	0
 477 00bf 49       		.uleb128 0x49
 478 00c0 13       		.uleb128 0x13
 479 00c1 2F       		.uleb128 0x2f
 480 00c2 0B       		.uleb128 0xb
 481 00c3 00       		.byte	0
 482 00c4 00       		.byte	0
 483 00c5 12       		.uleb128 0x12
 484 00c6 34       		.uleb128 0x34
 485 00c7 00       		.byte	0
 486 00c8 03       		.uleb128 0x3
 487 00c9 0E       		.uleb128 0xe
 488 00ca 3A       		.uleb128 0x3a
 489 00cb 0B       		.uleb128 0xb
 490 00cc 3B       		.uleb128 0x3b
 491 00cd 0B       		.uleb128 0xb
 492 00ce 39       		.uleb128 0x39
 493 00cf 0B       		.uleb128 0xb
 494 00d0 49       		.uleb128 0x49
 495 00d1 13       		.uleb128 0x13
 496 00d2 00       		.byte	0
 497 00d3 00       		.byte	0
 498 00d4 13       		.uleb128 0x13
 499 00d5 2E       		.uleb128 0x2e
 500 00d6 00       		.byte	0
 501 00d7 3F       		.uleb128 0x3f
 502 00d8 19       		.uleb128 0x19
 503 00d9 03       		.uleb128 0x3
 504 00da 0E       		.uleb128 0xe
 505 00db 3A       		.uleb128 0x3a
 506 00dc 0B       		.uleb128 0xb
 507 00dd 3B       		.uleb128 0x3b
 508 00de 0B       		.uleb128 0xb
 509 00df 39       		.uleb128 0x39
 510 00e0 0B       		.uleb128 0xb
 511 00e1 6E       		.uleb128 0x6e
 512 00e2 0E       		.uleb128 0xe
 513 00e3 00       		.byte	0
ARM GAS  /tmp/cc03tyIf.s 			page 10


 514 00e4 00       		.byte	0
 515 00e5 14       		.uleb128 0x14
 516 00e6 2E       		.uleb128 0x2e
 517 00e7 01       		.byte	0x1
 518 00e8 3F       		.uleb128 0x3f
 519 00e9 19       		.uleb128 0x19
 520 00ea 03       		.uleb128 0x3
 521 00eb 0E       		.uleb128 0xe
 522 00ec 3A       		.uleb128 0x3a
 523 00ed 0B       		.uleb128 0xb
 524 00ee 3B       		.uleb128 0x3b
 525 00ef 0B       		.uleb128 0xb
 526 00f0 39       		.uleb128 0x39
 527 00f1 0B       		.uleb128 0xb
 528 00f2 6E       		.uleb128 0x6e
 529 00f3 0E       		.uleb128 0xe
 530 00f4 01       		.uleb128 0x1
 531 00f5 13       		.uleb128 0x13
 532 00f6 00       		.byte	0
 533 00f7 00       		.byte	0
 534 00f8 15       		.uleb128 0x15
 535 00f9 0B       		.uleb128 0xb
 536 00fa 01       		.byte	0x1
 537 00fb 00       		.byte	0
 538 00fc 00       		.byte	0
 539 00fd 16       		.uleb128 0x16
 540 00fe 34       		.uleb128 0x34
 541 00ff 00       		.byte	0
 542 0100 03       		.uleb128 0x3
 543 0101 08       		.uleb128 0x8
 544 0102 3A       		.uleb128 0x3a
 545 0103 0B       		.uleb128 0xb
 546 0104 3B       		.uleb128 0x3b
 547 0105 0B       		.uleb128 0xb
 548 0106 39       		.uleb128 0x39
 549 0107 0B       		.uleb128 0xb
 550 0108 49       		.uleb128 0x49
 551 0109 13       		.uleb128 0x13
 552 010a 00       		.byte	0
 553 010b 00       		.byte	0
 554 010c 17       		.uleb128 0x17
 555 010d 2E       		.uleb128 0x2e
 556 010e 01       		.byte	0x1
 557 010f 3F       		.uleb128 0x3f
 558 0110 19       		.uleb128 0x19
 559 0111 03       		.uleb128 0x3
 560 0112 0E       		.uleb128 0xe
 561 0113 3A       		.uleb128 0x3a
 562 0114 0B       		.uleb128 0xb
 563 0115 3B       		.uleb128 0x3b
 564 0116 0B       		.uleb128 0xb
 565 0117 39       		.uleb128 0x39
 566 0118 0B       		.uleb128 0xb
 567 0119 6E       		.uleb128 0x6e
 568 011a 0E       		.uleb128 0xe
 569 011b 00       		.byte	0
 570 011c 00       		.byte	0
ARM GAS  /tmp/cc03tyIf.s 			page 11


 571 011d 18       		.uleb128 0x18
 572 011e 05       		.uleb128 0x5
 573 011f 00       		.byte	0
 574 0120 03       		.uleb128 0x3
 575 0121 0E       		.uleb128 0xe
 576 0122 3A       		.uleb128 0x3a
 577 0123 0B       		.uleb128 0xb
 578 0124 3B       		.uleb128 0x3b
 579 0125 0B       		.uleb128 0xb
 580 0126 39       		.uleb128 0x39
 581 0127 0B       		.uleb128 0xb
 582 0128 49       		.uleb128 0x49
 583 0129 13       		.uleb128 0x13
 584 012a 00       		.byte	0
 585 012b 00       		.byte	0
 586 012c 19       		.uleb128 0x19
 587 012d 05       		.uleb128 0x5
 588 012e 00       		.byte	0
 589 012f 03       		.uleb128 0x3
 590 0130 08       		.uleb128 0x8
 591 0131 3A       		.uleb128 0x3a
 592 0132 0B       		.uleb128 0xb
 593 0133 3B       		.uleb128 0x3b
 594 0134 0B       		.uleb128 0xb
 595 0135 39       		.uleb128 0x39
 596 0136 0B       		.uleb128 0xb
 597 0137 49       		.uleb128 0x49
 598 0138 13       		.uleb128 0x13
 599 0139 00       		.byte	0
 600 013a 00       		.byte	0
 601 013b 00       		.byte	0
 602              		.section	.gnu.debuglto_.debug_line,"e",%progbits
 603              	.Ldebug_line0:
 604 0000 79010000 		.4byte	.LELT0-.LSLT0
 605              	.LSLT0:
 606 0004 0400     		.2byte	0x4
 607 0006 73010000 		.4byte	.LELTP0-.LASLTP0
 608              	.LASLTP0:
 609 000a 01       		.byte	0x1
 610 000b 01       		.byte	0x1
 611 000c 01       		.byte	0x1
 612 000d F6       		.byte	0xf6
 613 000e F2       		.byte	0xf2
 614 000f 0D       		.byte	0xd
 615 0010 00       		.byte	0
 616 0011 01       		.byte	0x1
 617 0012 01       		.byte	0x1
 618 0013 01       		.byte	0x1
 619 0014 01       		.byte	0x1
 620 0015 00       		.byte	0
 621 0016 00       		.byte	0
 622 0017 00       		.byte	0
 623 0018 01       		.byte	0x1
 624 0019 00       		.byte	0
 625 001a 00       		.byte	0
 626 001b 01       		.byte	0x1
 627 001c 74686972 		.ascii	"third_party/ChibiOS/os/common/ext/ST/STM32H7xx"
ARM GAS  /tmp/cc03tyIf.s 			page 12


 627      645F7061 
 627      7274792F 
 627      43686962 
 627      694F532F 
 628 004a 00       		.byte	0
 629 004b 2F6F7074 		.ascii	"/opt/gcc-arm-none-eabi-10-2020-q4-major/arm-none-ea"
 629      2F676363 
 629      2D61726D 
 629      2D6E6F6E 
 629      652D6561 
 630 007e 62692F69 		.ascii	"bi/include/machine"
 630      6E636C75 
 630      64652F6D 
 630      61636869 
 630      6E65
 631 0090 00       		.byte	0
 632 0091 2F6F7074 		.ascii	"/opt/gcc-arm-none-eabi-10-2020-q4-major/arm-none-ea"
 632      2F676363 
 632      2D61726D 
 632      2D6E6F6E 
 632      652D6561 
 633 00c4 62692F69 		.ascii	"bi/include/sys"
 633      6E636C75 
 633      64652F73 
 633      7973
 634 00d2 00       		.byte	0
 635 00d3 2F6F7074 		.ascii	"/opt/gcc-arm-none-eabi-10-2020-q4-major/lib/gcc/arm"
 635      2F676363 
 635      2D61726D 
 635      2D6E6F6E 
 635      652D6561 
 636 0106 2D6E6F6E 		.ascii	"-none-eabi/10.2.1/include"
 636      652D6561 
 636      62692F31 
 636      302E322E 
 636      312F696E 
 637 011f 00       		.byte	0
 638 0120 7372632F 		.ascii	"src/coms"
 638      636F6D73 
 639 0128 00       		.byte	0
 640 0129 00       		.byte	0
 641 012a 73746464 		.ascii	"stddef.h\000"
 641      65662E68 
 641      00
 642 0133 04       		.uleb128 0x4
 643 0134 00       		.uleb128 0
 644 0135 00       		.uleb128 0
 645 0136 5F646566 		.ascii	"_default_types.h\000"
 645      61756C74 
 645      5F747970 
 645      65732E68 
 645      00
 646 0147 02       		.uleb128 0x2
 647 0148 00       		.uleb128 0
 648 0149 00       		.uleb128 0
 649 014a 5F737464 		.ascii	"_stdint.h\000"
 649      696E742E 
ARM GAS  /tmp/cc03tyIf.s 			page 13


 649      6800
 650 0154 03       		.uleb128 0x3
 651 0155 00       		.uleb128 0
 652 0156 00       		.uleb128 0
 653 0157 73746D33 		.ascii	"stm32h7xx.h\000"
 653      32683778 
 653      782E6800 
 654 0163 01       		.uleb128 0x1
 655 0164 00       		.uleb128 0
 656 0165 00       		.uleb128 0
 657 0166 4932432E 		.ascii	"I2C.hpp\000"
 657      68707000 
 658 016e 05       		.uleb128 0x5
 659 016f 00       		.uleb128 0
 660 0170 00       		.uleb128 0
 661 0171 4932432E 		.ascii	"I2C.cpp\000"
 661      63707000 
 662 0179 05       		.uleb128 0x5
 663 017a 00       		.uleb128 0
 664 017b 00       		.uleb128 0
 665 017c 00       		.byte	0
 666              	.LELTP0:
 667              	.LELT0:
 668              		.section	.gnu.debuglto_.debug_str,"eMS",%progbits,1
 669              	.LASF38:
 670 0000 5F5A3132 		.ascii	"_Z12i2c_drv_initv\000"
 670      6932635F 
 670      6472765F 
 670      696E6974 
 670      7600
 671              	.LASF39:
 672 0012 6932635F 		.ascii	"i2c_poll_all\000"
 672      706F6C6C 
 672      5F616C6C 
 672      00
 673              	.LASF5:
 674 001f 5F5F7569 		.ascii	"__uint8_t\000"
 674      6E74385F 
 674      7400
 675              	.LASF4:
 676 0029 73697A65 		.ascii	"size_t\000"
 676      5F7400
 677              	.LASF40:
 678 0030 5F5A3132 		.ascii	"_Z12i2c_poll_allv\000"
 678      6932635F 
 678      706F6C6C 
 678      5F616C6C 
 678      7600
 679              	.LASF30:
 680 0042 6E756D5F 		.ascii	"num_i2c_devices\000"
 680      6932635F 
 680      64657669 
 680      63657300 
 681              	.LASF25:
 682 0052 626F6F6C 		.ascii	"bool\000"
 682      00
 683              	.LASF35:
ARM GAS  /tmp/cc03tyIf.s 			page 14


 684 0057 6465636C 		.ascii	"decltype(nullptr)\000"
 684      74797065 
 684      286E756C 
 684      6C707472 
 684      2900
 685              	.LASF42:
 686 0069 5F5A3137 		.ascii	"_Z17bprl_i2c_registerhPFvPvES_\000"
 686      6270726C 
 686      5F693263 
 686      5F726567 
 686      69737465 
 687              	.LASF36:
 688 0088 49324344 		.ascii	"I2CDevice\000"
 688      65766963 
 688      6500
 689              	.LASF33:
 690 0092 7372632F 		.ascii	"src/coms/I2C.cpp\000"
 690      636F6D73 
 690      2F493243 
 690      2E637070 
 690      00
 691              	.LASF27:
 692 00a3 61646472 		.ascii	"addr\000"
 692      00
 693              	.LASF19:
 694 00a8 454E4142 		.ascii	"ENABLE\000"
 694      4C4500
 695              	.LASF3:
 696 00af 7369676E 		.ascii	"signed char\000"
 696      65642063 
 696      68617200 
 697              	.LASF6:
 698 00bb 756E7369 		.ascii	"unsigned char\000"
 698      676E6564 
 698      20636861 
 698      7200
 699              	.LASF22:
 700 00c9 53554343 		.ascii	"SUCCESS\000"
 700      45535300 
 701              	.LASF34:
 702 00d1 2F646174 		.ascii	"/data/Documents/BPRL_flight\000"
 702      612F446F 
 702      63756D65 
 702      6E74732F 
 702      4250524C 
 703              	.LASF15:
 704 00ed 466C6167 		.ascii	"FlagStatus\000"
 704      53746174 
 704      757300
 705              	.LASF24:
 706 00f8 4572726F 		.ascii	"ErrorStatus\000"
 706      72537461 
 706      74757300 
 707              	.LASF10:
 708 0104 6C6F6E67 		.ascii	"long unsigned int\000"
 708      20756E73 
 708      69676E65 
ARM GAS  /tmp/cc03tyIf.s 			page 15


 708      6420696E 
 708      7400
 709              	.LASF14:
 710 0116 52455345 		.ascii	"RESET\000"
 710      5400
 711              	.LASF9:
 712 011c 6C6F6E67 		.ascii	"long int\000"
 712      20696E74 
 712      00
 713              	.LASF18:
 714 0125 44495341 		.ascii	"DISABLE\000"
 714      424C4500 
 715              	.LASF29:
 716 012d 6932635F 		.ascii	"i2c_table\000"
 716      7461626C 
 716      6500
 717              	.LASF20:
 718 0137 46756E63 		.ascii	"FunctionalState\000"
 718      74696F6E 
 718      616C5374 
 718      61746500 
 719              	.LASF21:
 720 0147 31314572 		.ascii	"11ErrorStatus\000"
 720      726F7253 
 720      74617475 
 720      7300
 721              	.LASF28:
 722 0155 706F6C6C 		.ascii	"poll\000"
 722      00
 723              	.LASF32:
 724 015a 474E5520 		.ascii	"GNU C++14 10.2.1 20201103 (release) -mcpu=cortex-m7"
 724      432B2B31 
 724      34203130 
 724      2E322E31 
 724      20323032 
 725 018d 202D6D74 		.ascii	" -mthumb -mfloat-abi=hard -mfpu=fpv5-d16 -march=arm"
 725      68756D62 
 725      202D6D66 
 725      6C6F6174 
 725      2D616269 
 726 01c0 7637652D 		.ascii	"v7e-m+fp.dp -ggdb -O2 -fomit-frame-pointer -falign-"
 726      6D2B6670 
 726      2E647020 
 726      2D676764 
 726      62202D4F 
 727 01f3 66756E63 		.ascii	"functions=16 -ffunction-sections -fdata-sections -f"
 727      74696F6E 
 727      733D3136 
 727      202D6666 
 727      756E6374 
 728 0226 6E6F2D63 		.ascii	"no-common -flto -fno-rtti\000"
 728      6F6D6D6F 
 728      6E202D66 
 728      6C746F20 
 728      2D666E6F 
 729              	.LASF0:
 730 0240 756E7369 		.ascii	"unsigned int\000"
ARM GAS  /tmp/cc03tyIf.s 			page 16


 730      676E6564 
 730      20696E74 
 730      00
 731              	.LASF13:
 732 024d 63686172 		.ascii	"char\000"
 732      00
 733              	.LASF12:
 734 0252 75696E74 		.ascii	"uint8_t\000"
 734      385F7400 
 735              	.LASF41:
 736 025a 6270726C 		.ascii	"bprl_i2c_register\000"
 736      5F693263 
 736      5F726567 
 736      69737465 
 736      7200
 737              	.LASF26:
 738 026c 49324343 		.ascii	"I2CCallback\000"
 738      616C6C62 
 738      61636B00 
 739              	.LASF1:
 740 0278 6C6F6E67 		.ascii	"long long int\000"
 740      206C6F6E 
 740      6720696E 
 740      7400
 741              	.LASF17:
 742 0286 31354675 		.ascii	"15FunctionalState\000"
 742      6E637469 
 742      6F6E616C 
 742      53746174 
 742      6500
 743              	.LASF7:
 744 0298 73686F72 		.ascii	"short int\000"
 744      7420696E 
 744      7400
 745              	.LASF23:
 746 02a2 4552524F 		.ascii	"ERROR\000"
 746      5200
 747              	.LASF2:
 748 02a8 6C6F6E67 		.ascii	"long double\000"
 748      20646F75 
 748      626C6500 
 749              	.LASF16:
 750 02b4 3130466C 		.ascii	"10FlagStatus\000"
 750      61675374 
 750      61747573 
 750      00
 751              	.LASF37:
 752 02c1 6932635F 		.ascii	"i2c_drv_init\000"
 752      6472765F 
 752      696E6974 
 752      00
 753              	.LASF8:
 754 02ce 73686F72 		.ascii	"short unsigned int\000"
 754      7420756E 
 754      7369676E 
 754      65642069 
 754      6E7400
ARM GAS  /tmp/cc03tyIf.s 			page 17


 755              	.LASF11:
 756 02e1 6C6F6E67 		.ascii	"long long unsigned int\000"
 756      206C6F6E 
 756      6720756E 
 756      7369676E 
 756      65642069 
 757              	.LASF31:
 758 02f8 706F6C6C 		.ascii	"poll_fn\000"
 758      5F666E00 
 759              		.text
 760              		.section	.gnu.lto_.profile.f954653e5e1ed00c,"e",%progbits
 761 0000 789C6361 		.ascii	"x\234ca\000\002Ff\006\000\0001\000\011"
 761      00024666 
 761      06000031 
 761      0009
 762              		.text
 763              		.section	.gnu.lto_.icf.f954653e5e1ed00c,"e",%progbits
 764 0000 789C5360 		.ascii	"x\234S`@\000V\206\3363\227n\2600\276\332\374\341\"\007"
 764      40005686 
 764      DE33976E 
 764      B030BEDA 
 764      FCE12207 
 765 0014 D3824773 		.ascii	"\323\202Gs\272\270\230\357\234Z\272\200\231e\305\336"
 765      BAB898EF 
 765      9C5ABA80 
 765      9965C5DE 
 766 0024 73CF9819 		.ascii	"s\317\230\031\000\002n\017Y"
 766      00026E0F 
 766      59
 767              		.text
 768              		.section	.gnu.lto_.ipa_sra.f954653e5e1ed00c,"e",%progbits
 769 0000 789C9364 		.ascii	"x\234\223d@\000f D\002\214\314\014\214\014\214,@\002"
 769      40006620 
 769      44028CCC 
 769      0C8C0C8C 
 769      2C4002
 770 0013 00049500 		.ascii	"\000\004\225\000+"
 770      2B
 771              		.text
 772              		.section	.gnu.lto_.inline.f954653e5e1ed00c,"e",%progbits
 773 0000 789C2B60 		.ascii	"x\234+`@\000f\006\006\276\206\206\206\005Li\214\014"
 773      40006606 
 773      06BE8686 
 773      86054C69 
 773      8C0C
 774 0012 4C6240D6 		.ascii	"Lb@\326\001\346T\006\0066 \243\201)\205\211\201\011"
 774      01E65406 
 774      063620A3 
 774      81298589 
 774      8109
 775 0024 AC84FFC3 		.ascii	"\254\204\377\303\321u}\314Y@\025\002\247\327}\351c\312"
 775      D1757DCC 
 775      59401502 
 775      A7D77DE9 
 775      63CA
 776 0036 4453C122 		.ascii	"DS\301\"\300\310\300\3008\301\217\205\201\031\"\314"
 776      C0C8C0C0 
ARM GAS  /tmp/cc03tyIf.s 			page 18


 776      38C18F85 
 776      811922CC 
 777 0046 08126E04 		.ascii	"\010\022n\0042\353\320T2\000\000.p\031\347"
 777      32EBD054 
 777      3200002E 
 777      7019E7
 778              		.text
 779              		.section	.gnu.lto_.jmpfuncs.f954653e5e1ed00c,"e",%progbits
 780 0000 789CD365 		.ascii	"x\234\323e@\000f\006fFFF\366\372%\314\014@\314\010\304"
 780      40006606 
 780      66464646 
 780      F6FA25CC 
 780      0C40CC08 
 781 0015 4CCC0C0C 		.ascii	"L\314\014\014L\014\014\214\007X\030\031\200\370?\020"
 781      4C0C0C8C 
 781      07581819 
 781      80F83F10 
 782 0025 F033D42B 		.ascii	"\3603\324+\260\000\025\003\000\310\363\011\361"
 782      B0001503 
 782      00C8F309 
 782      F1
 783              		.text
 784              		.section	.gnu.lto_.pureconst.f954653e5e1ed00c,"e",%progbits
 785 0000 789CE362 		.ascii	"x\234\343b```f\230\301\302<\203\205\245\201\005\000"
 785      60606066 
 785      98C1C23C 
 785      8385A581 
 785      0500
 786 0012 09BE01D1 		.ascii	"\011\276\001\321"
 787              		.text
 788              		.section	.gnu.lto_.lto.f954653e5e1ed00c,"e",%progbits
 789 0000 09000200 		.ascii	"\011\000\002\000\001\000\000\000"
 789      01000000 
 790              		.text
 791              		.section	.gnu.lto__Z17bprl_i2c_registerhPFvPvES_.434.f954653e5e1ed00c,"e",%progbits
 792 0000 789C7D91 		.ascii	"x\234}\221\313kSA\024\306\3177g\356\315\003\021\003"
 792      CB6B5341 
 792      14C6CF37 
 792      67EECD03 
 792      1103
 793 0012 E2AA8BEE 		.ascii	"\342\252\213\356\212\010MLi\304\235T\027\012.\212\376"
 793      8A084D4C 
 793      69C49D54 
 793      170A2E8A 
 793      FE
 794 0023 0125DE58 		.ascii	"\001%\336X\025\322&4\021\334u\322\204\212\351\"M\025"
 794      15D22634 
 794      11DC75D2 
 794      848AE922 
 794      4D15
 795 0035 11AD2E42 		.ascii	"\021\255.B\220\270r\343\243Z\253\301\367\003\337\270"
 795      90B872E3 
 795      A35AABC1 
 795      F703DFB8 
 796 0045 131441A4 		.ascii	"\023\024A\244\025D\\\271\020\364\334I4\015\250\027\346"
 796      15445CB9 
 796      10F4DC49 
ARM GAS  /tmp/cc03tyIf.s 			page 19


 796      340DA817 
 796      E6
 797 0056 DEF3CD7C 		.ascii	"\336\363\315|\3477\207\357\316(\242\275D4$\013\016a"
 797      E73787EF 
 797      CE28A2BD 
 797      4434240B 
 797      0E61
 798 0068 AE5A5664 		.ascii	"\256ZVd\214\331\026P\252X\235QX\202\250^]\252\256\265"
 798      8CD91650 
 798      AA589D51 
 798      5882A85E 
 798      5DAAAEB5 
 799 007c 5FC6896A 		.ascii	"_\306\211j\330\236k\024\252e\330\0224\251Xc\022\307"
 799      D89E6B14 
 799      AA65D812 
 799      34A95863 
 799      12C7
 800 008e 79A36C7C 		.ascii	"y\243l|\377X9s\3125\215&\352LtN\226}\346\031\274\231"
 800      FF583973 
 800      CA358D26 
 800      EA4C744E 
 800      967DE619 
 801 00a4 FA9AC6BC 		.ascii	"\372\232\306\274xx\311\030\246:\003\227!\347\030@\214"
 801      7878C918 
 801      A63A0397 
 801      21E71840 
 801      8C
 802 00b5 7C9978CD 		.ascii	"|\231x\315\342\232\343:+\350v\305\350\365;w\266:W\026"
 802      E29AE33A 
 802      2BE876C5 
 802      E8F53B77 
 802      B63A5716 
 803 00c9 8C098955 		.ascii	"\214\011\211U\343\232\355\\\000\256\302\357\325\211"
 803      E39AED5C 
 803      00AEC2EF 
 803      D589
 804 00d7 777E2F0F 		.ascii	"w~/\017\267|\307\212G\315:]g\007\213\335>'\361Y\006"
 804      B77CC78A 
 804      47CD3A5D 
 804      67078BDD 
 804      3E27F159 
 805 00ec 727FCF25 		.ascii	"r\177\317%{t\361\225\3234?~V\214\371\024\231v\326@\\"
 805      7B74F195 
 805      D3343F7E 
 805      568CF914 
 805      9976D640 
 806 0101 AEF25F2E 		.ascii	"\256\362_.p\005A\340:\302\300\015\261V\330\317\306h"
 806      700541E0 
 806      3AC2C00D 
 806      B156D8CF 
 806      C668
 807 0113 9826D12C 		.ascii	"\230&\321,\253\226(\210X\201\371\260\270\236\276`\352"
 807      AB962888 
 807      5881F9B0 
 807      B89EBE60 
 807      EA
 808 0124 E4724F8D 		.ascii	"\344rO\215\321\036^\242\221\252\004%eC.<o\341\270\005"
ARM GAS  /tmp/cc03tyIf.s 			page 20


 808      D11E5EA2 
 808      91AA0425 
 808      65432E3C 
 808      6FE1B805 
 809 0138 DC14DC32 		.ascii	"\334\024\3342Jo\357l\250\265\254.\0026\246Y\346\202"
 809      4A6FEF6C 
 809      A8B5AC2E 
 809      0236A659 
 809      E682
 810 014a 60D51FEC 		.ascii	"`\325\037\354RJ\260\305\371\3517\272\306J\314\330\344"
 810      524AB0C5 
 810      F9E937BA 
 810      C64ACCD8 
 810      E4
 811 015b 5FF3B58C 		.ascii	"_\363\265\214\277\221o[\262\030}\317\351\013}\3559\202"
 811      BF916F5B 
 811      B2187DCF 
 811      E90B7DED 
 811      3982
 812 016d 9D39820D 		.ascii	"\2359\202\015\266\3026\204p\017\270ku\\d\030\367!7\310"
 812      B6C23684 
 812      700FB86B 
 812      755C6418 
 812      F72137C8 
 813 0181 1431FB77 		.ascii	"\0241\373w\036\340\254\237R\215]\213\013\375\203\361"
 813      1EE0AC9F 
 813      528D5D8B 
 813      0BFD83F1 
 814 0191 A89BF178 		.ascii	"\250\233\361x\025C\343\2110\3403\202\377e<\355f<[\305"
 814      1543E389 
 814      30E03382 
 814      FF653CED 
 814      663C5BC5 
 815 01a5 70F05C18 		.ascii	"p\360\\\030\312g\204m@\272\223\3737L\275\177\251mp\025"
 815      CA67846D 
 815      40BA93FB 
 815      374CBD7F 
 815      A96D7015 
 816 01b9 46E7E710 		.ascii	"F\347\347\020\365DS\311|2\272#\343\035\036\333?\236"
 816      F54453C9 
 816      7C32BA23 
 816      E31D1EDB 
 816      3F9E
 817 01cb CF458786 		.ascii	"\317E\207\206\367\354\036\031M\037:p0O\221\334\204\027"
 817      F7EC1E19 
 817      4D1F3A70 
 817      304F91DC 
 817      8417
 818 01dd F53263B9 		.ascii	"\3652c\271\350\256\370\366~/\233%\235L\245&\"m\325\277"
 818      E8AEF8F6 
 818      7E2F9B25 
 818      9D4CA526 
 818      226DD5BF 
 819 01f1 6FEB603C 		.ascii	"o\353`<6\260e\220\002\331L:=2:\316^\376\310/\306\315"
 819      36B06590 
 819      02D94C3A 
 819      3D323ACE 
ARM GAS  /tmp/cc03tyIf.s 			page 21


 819      5EFEC82F 
 820 0207 CE15     		.ascii	"\316\025"
 821              		.text
 822              		.section	.gnu.lto__Z12i2c_poll_allv.435.f954653e5e1ed00c,"e",%progbits
 823 0000 789C7551 		.ascii	"x\234uQMh\023Q\020\236\357\315\333dSA\250\210\275X\310"
 823      4D681351 
 823      109EEFCD 
 823      DB645341 
 823      A888BD58 
 824 0015 45C40A4D 		.ascii	"E\304\012MM(\326[\261\271\010\036$G\017JM\325\026\254"
 824      4D28D65B 
 824      B1B9081E 
 824      24470F4A 
 824      4DD516AC 
 825 0029 0D269EDD 		.ascii	"\015&\236\335\306\304C<\254\233\200\247*\262\004\211"
 825      C6C4433C 
 825      AC9B80A7 
 825      2AB20489 
 826 0039 228A07FF 		.ascii	"\"\212\007\377\332\250\021\025=\367\"\242\020\021D\354"
 826      DAA81115 
 826      3DF722A2 
 826      101144EC 
 827 0049 A1040F22 		.ascii	"\241\004\017\"A\250\363\036I\325\203\003ov\346\355|"
 827      41A8F31E 
 827      49D58303 
 827      6F76E6ED 
 827      7C
 828 005a DF7C6F26 		.ascii	"\337|o&\243\210\322D4+\007\021B5\250(\362<o2\252P\013"
 828      A388D244 
 828      342B0711 
 828      4235A828 
 828      F23C6F32 
 829 0071 066CC4AA 		.ascii	"\006l\304\252\034\\VX\306]\277\034\325\245`\353j\247"
 829      1C5C5658 
 829      C65DBF1C 
 829      D5A560EB 
 829      6AA7
 830 0083 3BA1356A 		.ascii	";\2415j\367+_3\266\302\301bP\331\250*<\200\315A\027"
 830      F72B5F33 
 830      B6C2C162 
 830      50D9A82A 
 830      3C80CD41 
 831 0098 146B07E2 		.ascii	"\024k\007\342\011-\015\327:\262\006\252\361\036\251"
 831      092D0DD7 
 831      3AB206AA 
 831      F11EA9
 832 00a7 FAF9C5BF 		.ascii	"\372\371\305\277}\314k\264Pg\242\353L}\213\3642,1\252"
 832      7DCC6BB4 
 832      5067A2EB 
 832      4C7D8BF4 
 832      322C31AA 
 833 00bb 5C6740F7 		.ascii	"\\g@\367\"\205\270D\274\217\304\357\022\206\316\235"
 833      2285B844 
 833      BC8FC4EF 
 833      1286CE9D 
 834 00cb 66EEADA7 		.ascii	"f\356\255\247\353\314x\014\301\340\021\360\020\206#"
 834      EBCC780C 
ARM GAS  /tmp/cc03tyIf.s 			page 22


 834      C1E011F0 
 834      108623
 835 00da B5C2F296 		.ascii	"\265\302\362\226' \021D\251e\226KHzo\325iy\2776|\317"
 835      27201144 
 835      A965964B 
 835      487A6FD5 
 835      6979BF36 
 836 00f0 6B6FFBE1 		.ascii	"ko\373\341\304@\002U\3424\213s\264A\270\026F>S\247\333"
 836      C4400255 
 836      E2348B73 
 836      B441B816 
 836      463E53A7 
 837 0105 9880D722 		.ascii	"\230\200\327\"\272\302\312\306\213\022\257\301\373\374"
 837      BAC2CAC6 
 837      8B12AFC1 
 837      FBFC
 838 0113 7EBB7C8A 		.ascii	"~\273|\2127\236j\231\210\024c\204L\015\213 O\233\"\226"
 838      379E6A99 
 838      88146384 
 838      4C0D8B20 
 838      4F9B2296 
 839 0127 BF938626 		.ascii	"\277\223\206&dm\000a\333T\322:\212Wc!\367\237\025\201"
 839      646D0061 
 839      DB54D23A 
 839      8A576321 
 839      F79F1581 
 840 013b 7946094A 		.ascii	"yF\011J\302\206\274\367\246U\203&\260\"\375\277\241"
 840      C286BCF7 
 840      A6558326 
 840      B022FDBF 
 840      A1
 841 014c F4714A8A 		.ascii	"\364qJ\212\015\205X\027\032#j\215Cv\365Qi\246\203\362"
 841      0D855817 
 841      1A236A8D 
 841      4376F551 
 841      69A683F2 
 842 0160 BB376C9A 		.ascii	"\2737l\232)\243\350\303\214ao\336\032\012Y\365\350\243"
 842      29A3E8C3 
 842      8C616FDE 
 842      1A0A59F5 
 842      E8A3
 843 0172 7FE8A30D 		.ascii	"\177\350\243\015\266\211\355\340\3429\360\314\346I\021"
 843      B689EDE0 
 843      E239F0CC 
 843      E64911
 844 0181 DCD851E7 		.ascii	"\334\330Q\347\030Z\275>c\346f\250\316\003x\201kv#\226"
 844      185ABD3E 
 844      63E666A8 
 844      CE037881 
 844      6B762396 
 845 0195 763864FE 		.ascii	"v8d\376\017\331\313\177\310v\033\262W\177\223\015\313"
 845      0FD9CB7F 
 845      C8761BB2 
 845      577F930D 
 845      CB
 846 01a6 5CF15AC8 		.ascii	"\\\361Z\310\314Z:(\305I$\312\021\205[\372\303\\\307"
 846      CC5A3A28 
ARM GAS  /tmp/cc03tyIf.s 			page 23


 846      C54924CA 
 846      11855BFA 
 846      C35CC7
 847 01b9 C5A54B02 		.ascii	"\305\245K\002r\005\207\275f\266q;<\327\316\325\331\234"
 847      720587BD 
 847      66B6713B 
 847      3CD7CED5 
 847      D99C
 848 01cb FD77143F 		.ascii	"\375w\024?\265\323f\243\306|\306\346\206\210v&f\246"
 848      B5D366A3 
 848      C67CC6E6 
 848      86887626 
 848      66A6
 849 01dd 0BD389F4 		.ascii	"\013\323\211\364B\366\374\374\311\263\205|\342\340\221"
 849      42F6FCFC 
 849      C9B3857C 
 849      E2E091
 850 01ec CCE1E3A7 		.ascii	"\314\341\343\247\316\314\235\236-\320`\376\\6\221]\230"
 850      CECC9D9E 
 850      2DD060FE 
 850      5C36915D 
 850      98
 851 01fd CF270E25 		.ascii	"\317'\016%\247F\263\271\034an\260\027\216\23680\236"
 851      A746B3B9 
 851      1C616EB0 
 851      178E9E38 
 851      309E
 852 020f 1C4BED1F 		.ascii	"\034K\355\037\247\337\340\205\321\201"
 852      A7DFE085 
 852      D181
 853              		.text
 854              		.section	.gnu.lto__Z12i2c_drv_initv.436.f954653e5e1ed00c,"e",%progbits
 855 0000 789CCB65 		.ascii	"x\234\313e``0\000be fdf`\2344\261\213\211\241\241\241"
 855      60603000 
 855      62652066 
 855      6466609C 
 855      34B18B89 
 856 0017 C1819D89 		.ascii	"\301\201\235\211\261qb\027'\343VF0\217\221\241\236\211"
 856      B1716217 
 856      27E35646 
 856      308F91A1 
 856      9E89
 857 0029 B19E7132 		.ascii	"\261\236q2\263&\220\373\343i\377\316\270\206\025\007"
 857      B32690FB 
 857      E369FFCE 
 857      B8861507 
 858 0039 18973033 		.ascii	"\030\227030\314\003b(`\203\361\030\201x\375%\326\003"
 858      30CC0362 
 858      286083F1 
 858      188178FD 
 858      25D603
 859 004c 0D7FFEF7 		.ascii	"\015\177\376\36774\\\027~\306\316\304\300\320\317\014"
 859      37345C17 
 859      7EC6CEC4 
 859      C0D0CF0C 
 860 005c 32B88185 		.ascii	"2\270\201\205\261\341\000\003\303\004f&\010\247\021"
 860      B1E10003 
ARM GAS  /tmp/cc03tyIf.s 			page 24


 860      C3046626 
 860      08A711
 861 006b C8F9C4D8 		.ascii	"\310\371\304\330\244\0006\240\237\231\021\241\204\201"
 861      A40036A0 
 861      9F9911A1 
 861      8481
 862 0079 41463F25 		.ascii	"AF?%\261$Q\337%?\271475\257\244X\337) \310'>-'3=\243"
 862      B12451DF 
 862      253FB934 
 862      3735AFA4 
 862      58DF2920 
 863 0095 8441B0B8 		.ascii	"\204A\260\270(Y?9?\267X\337\323\310Y/\271\240\200\001"
 863      28593F39 
 863      3FB758DF 
 863      D3C8592F 
 863      B9A08001 
 864 00a9 00CA2E37 		.ascii	"\000\312.7\342"
 864      E2
 865              		.text
 866              		.section	.gnu.lto_.symbol_nodes.f954653e5e1ed00c,"e",%progbits
 867 0000 789C2B67 		.ascii	"x\234+g\000\002\246M\314\365\014\015@\300\3028\341\034"
 867      0002A64D 
 867      CCF50C0D 
 867      40C0C238 
 867      E11C
 868 0012 03433D03 		.ascii	"\003C=\003\303\256\206FF\006F\220\034\003\353Ff\206"
 868      C3AE8646 
 868      46064690 
 868      1C03EB46 
 868      6686
 869 0024 06270606 		.ascii	"\006'\006\006f\326\015\314\214`\006\323f\346z\306\017"
 869      66D60DCC 
 869      8C6006D3 
 869      66E67AC6 
 869      0F
 870 0035 BF565860 		.ascii	"\277VX`Q\315\264\205\271\236\011\227Q,\314\023[\257"
 870      51CDB485 
 870      B99E0997 
 870      512CCC13 
 870      5BAF
 871 0047 1F6766FC 		.ascii	"\037gf\374\332\326\320 \300\000\000\350\326\036\011"
 871      DAD6D020 
 871      C00000E8 
 871      D61E09
 872              		.text
 873              		.section	.gnu.lto_.refs.f954653e5e1ed00c,"e",%progbits
 874 0000 789C0D88 		.ascii	"x\234\015\210\307\015\0000\014\2048[\251{d\377\025\303"
 874      C70D0030 
 874      0C84385B 
 874      A97B64FF 
 874      15C3
 875 0012 038178C0 		.ascii	"\003\201x\300\200\024\311TK\266\034\272\361`Q\027>\013"
 875      8014C954 
 875      4BB61CBA 
 875      F1605117 
 875      3E0B
 876 0024 F1007B   		.ascii	"\361\000{"
ARM GAS  /tmp/cc03tyIf.s 			page 25


 877              		.text
 878              		.section	.gnu.lto_.decls.f954653e5e1ed00c,"e",%progbits
 879 0000 789C7D54 		.ascii	"x\234}TmlSU\030~\337s\356\332\273\263\232vX\202?\310"
 879      6D6C5355 
 879      187EDF73 
 879      EEDABBB3 
 879      9A765882 
 880 0016 D210888D 		.ascii	"\322\020\210\215\204\225\025\306\344\337\"\210\030\010"
 880      849515C6 
 880      E4DF2288 
 880      1808
 881 0024 5950FFEC 		.ascii	"YP\377\354O\355z\313\326\330mMW\026\342\257\203\033"
 881      4FED7ACB 
 881      D6D86D4D 
 881      5716E2AF 
 881      831B
 882 0036 1F3F800C 		.ascii	"\037?\200\014\2140\225\310\342'Ac\206Aa\"s\014e\223"
 882      8C3095C8 
 882      E2274163 
 882      86416122 
 882      730C6593 
 883 004a 4F87C040 		.ascii	"O\207\300@\021\007n\3309\177,a\032P\342|\317\375\350"
 883      11076ED8 
 883      397F2C61 
 883      1A50E27C 
 883      CFFDE8
 884 005d BA899EE6 		.ascii	"\272\211\236\3469\367|<\357\363\274\367\355\271\347"
 884      39F77C3C 
 884      EFF3BCF7 
 884      EDB9E7
 885 006c 6E01C08B 		.ascii	"n\001\300\213\010\260\2240IM\003\200\001\002'\034%\364"
 885      08B09430 
 885      494D0380 
 885      0102271C 
 885      25F4
 886 007e 106AC16A 		.ascii	"\020j\301jj\355,\341\"\341\022\201\021\256\020~\205"
 886      6AED2CE1 
 886      22E11281 
 886      11AE107E 
 886      85
 887 008f E96D1F69 		.ascii	"\351m\037i\025\321\263\316\326\230E\360\347iU\023\326"
 887      15D1B3CE 
 887      D69845F0 
 887      E7695513 
 887      D6
 888 00a0 13C608A3 		.ascii	"\023\306\010\243\204\021[\373\016!K\030&\240\355\365"
 888      84115BFB 
 888      0E214B18 
 888      26A0EDF5 
 889 00b0 5F1E0788 		.ascii	"_\036\007\210\340\261=\034}\245\333m{\314\324W\336'"
 889      E0B13D1C 
 889      7DA5DB6D 
 889      7BCCD457 
 889      DE27
 890 00c2 6CBD7C8F 		.ascii	"l\275|\217\213\377\343\361\036Z\234:{\216\366{\317l"
 890      8BFFE3F1 
 890      1E5A9C3A 
ARM GAS  /tmp/cc03tyIf.s 			page 26


 890      7B8EF67B 
 890      CF6C
 891 00d4 7B38CEC5 		.ascii	"{8\316\305I4\037\300\031\274\311\331\271\323;\373Q\364"
 891      49341FC0 
 891      19BCC9D9 
 891      B9D33BFB 
 891      51F4
 892 00e6 489995BD 		.ascii	"H\231\225\275\2339\340\022\\\014\370\031\342\\\300O"
 892      9B39E012 
 892      5C0CF819 
 892      E25CC04F 
 893 00f6 118F28EE 		.ascii	"\021\217(\356,\324\250\367c\200\350\243\367Z\307\274"
 893      2CD4A8F7 
 893      6380E8A3 
 893      F75AC7BC 
 894 0106 AAF4588B 		.ascii	"\252\364X\213\215\346\0363\367|\264\367\327\360\221"
 894      8DE61E33 
 894      F77CB4F7 
 894      D7F091
 895 0115 1636474A 		.ascii	"\0266GJ\371\233\224~\254\303/\020\217\253\304N \340"
 895      F99B947E 
 895      ACC32F10 
 895      8FABC44E 
 895      20E0
 896 0127 E734204A 		.ascii	"\3474 J\353\256-7]\036r\033\227\035\275\032\355`\027"
 896      EBAE2D37 
 896      5D1E721B 
 896      971DBD1A 
 896      ED6017
 897 013a E23145EA 		.ascii	"\3421E\352\246\216\013\3059|\177\337~\375!\034\374\022"
 897      A68E0BC5 
 897      397C7FDF 
 897      7EFD211C 
 897      FC12
 898 014c 4D165106 		.ascii	"M\026Q\006\272[/\025\215\240Y\017\315@\304k\313\250"
 898      BA5B2F15 
 898      8DA0590F 
 898      CD40C46B 
 898      CBA8
 899 015e 1350CDC1 		.ascii	"\023P\315\301/\231d.\2033\301\0057D?\226\004'x\245\316"
 899      2F99642E 
 899      8333C105 
 899      37443F96 
 899      042778A5 
 900 0173 825EA11F 		.ascii	"\202^\241\037<\205>Q\2403\226u\033\"\370'~\304:\\\201"
 900      3C853E51 
 900      A0339675 
 900      1B22F827 
 900      7EC43A5C 
 901 0188 4AA9193B 		.ascii	"J\251\031;fg\335\222\265\255\363/\251\244>\353\356G"
 901      6667DD92 
 901      B5ADF32F 
 901      A9A43EEB 
 901      EE47
 902 019a 83A2AA34 		.ascii	"\203\242\2524\335G\243\254[L\360\216\235.\343<\333\376"
 902      DD47A3AC 
 902      5B4CF08E 
ARM GAS  /tmp/cc03tyIf.s 			page 27


 902      9D2EE33C 
 902      DBFE
 903 01ac 3852B18C 		.ascii	"8R\261\214\260\237^\262R\327K\274\275\274\227\257\002"
 903      B09F5EB2 
 903      52D74BBC 
 903      BDBC97AF 
 903      02
 904 01bd D0F5CE8F 		.ascii	"\320\365\316\217g\213\254\333K\022A#\3403\002\336~,"
 904      678BACDB 
 904      4B124123 
 904      E03302DE 
 904      7E2C
 905 01cf 300CE10F 		.ascii	"0\014\341\017\002%a\204\303\225L\220\262\246\367c\230"
 905      02256184 
 905      C3954C90 
 905      B2A6F763 
 905      98
 906 01e0 A3272C6F 		.ascii	"\243',o\215\315\021\005\242\260$\020\0040`\025#]>\351"
 906      8DCD1105 
 906      A2B02410 
 906      04306015 
 906      235D3EE9 
 907 01f4 347493A7 		.ascii	"4t\223\24715E\014\012\026f|M\326Mg\200\005\000\244\246"
 907      3135450C 
 907      0A16667C 
 907      4DD64D67 
 907      800500A4 
 908 0209 7B3C28E9 		.ascii	"{<(\351Q\030YcT\205\005d\335\214\266\374\032J\206S\221"
 908      51185963 
 908      54850564 
 908      DD8CB6FC 
 908      1A4A8653 
 909 021e C20588A5 		.ascii	"\302\005\210\245T;\363\247:\264;TS\373Sr\\\254F\353"
 909      543BF3A7 
 909      3AB43B54 
 909      53FB5372 
 909      5CAC46EB 
 910 0232 CC662B0A 		.ascii	"\314f+\012Zl\347\001\016\213\252o\3530\347\324Y1\266"
 910      5A6CE701 
 910      0E8BAA6F 
 910      EB30E7D4 
 910      5931B6
 911 0245 89EAF3C4 		.ascii	"\211\352\363\304s\024k\230\347fq\321>\270\350X[Lf[2"
 911      73146B98 
 911      E76671D1 
 911      3EB8E858 
 911      5B4C665B 
 912 025a C0A91833 		.ascii	"\300\251\0303nZ\342\000\323\222t\354\300\321\007\363"
 912      6E5AE200 
 912      D39274EC 
 912      C0D107F3 
 913 026a D81CE81E 		.ascii	"\330\034\350\036|\371\016UMf\007\012\320\327V\011\310"
 913      7CF90E55 
 913      4D66070A 
 913      D0D75609 
 913      C8
 914 027b CB813F0F 		.ascii	"\313\201?\017!i\266\267\233\000\277\262\310\251\"\376"
ARM GAS  /tmp/cc03tyIf.s 			page 28


 914      2169B6B7 
 914      9B00BFB2 
 914      C8A922FE 
 915 028b 0AC2CCF3 		.ascii	"\012\302\314\363N\363\035\177\334\373\244\310\234\367"
 915      4EF31D7F 
 915      DCFBA4C8 
 915      9CF7
 916 0299 20F621AD 		.ascii	" \366!\255\374~\343\325\335\026\343(\322\277H+\017\356"
 916      FC7EE3D5 
 916      DD16E328 
 916      D2BF482B 
 916      0FEE
 917 02ab EE3EE47A 		.ascii	"\356>\344z\310wp\206\222\373\306:\300[7\017\236t\315"
 917      C8777086 
 917      92FBC63A 
 917      C05B370F 
 917      9E74CD
 918 02be 6B6F97F7 		.ascii	"ko\227\367\256\237\231\270\355:\335\"\017\252#E\024"
 918      AE9F99B8 
 918      ED3ADD22 
 918      0FAA2345 
 918      14
 919 02cf 3C8DF8B5 		.ascii	"<\215\370\265U\242S\304\357E<\211\251>\316i\302\257"
 919      55A253C4 
 919      EF453C89 
 919      A93ECE69 
 919      C2AF
 920 02e1 98296D3B 		.ascii	"\230)m;\276\353\254x\210\374\005\2427\232\352\273\356"
 920      BEEBAC78 
 920      88FC05A2 
 920      379AEABB 
 920      EE
 921 02f2 6F7BA370 		.ascii	"o{\243p^{\233\354<tL\312\002\242j\264\213\347s\312\347"
 921      5E7B9BEC 
 921      3C744CCA 
 921      02A26AB4 
 921      8BE773CA 
 922 0307 72CA8738 		.ascii	"r\312\2078\277M\312\023\246\362\005\371\367\260>o\177"
 922      BF4DCA13 
 922      A6F205F9 
 922      F7B03E6F 
 922      7F
 923 0318 BBECECCA 		.ascii	"\273\354\354\312\217\033\310\305}\233\213{\213\363\315"
 923      8F1BC8C5 
 923      7D9B8B7B 
 923      8BF3CD
 924 0327 0CF85E06 		.ascii	"\014\370^\006\013d\233\034\177\375rj5V\343e\305\314"
 924      0B649B1C 
 924      7FFD726A 
 924      3556E365 
 924      C5CC
 925 0339 7DD2DF21 		.ascii	"}\322\337!>\221\332\303\371\373\014\314\233b\010\314"
 925      3E91DAC3 
 925      F9FB0CCC 
 925      9B6208CC 
 926 0349 AB42BAF8 		.ascii	"\253B\272\370\021{\305M\246]Ww\236(\022R}\356=\255\205"
 926      117BC54D 
ARM GAS  /tmp/cc03tyIf.s 			page 29


 926      A65D5777 
 926      9E281252 
 926      7DEE3DAD 
 927 035e B4E884FF 		.ascii	"\264\350\204\377@f!\374\336\272\201t\336Mv\275\204>"
 927      406621FC 
 927      DEBA8174 
 927      DE4D76BD 
 927      843E
 928 0370 C239C2A0 		.ascii	"\3029\302\240\255\3411E\207(\177\321\377\341\276N\367"
 928      ADE13145 
 928      87287FD1 
 928      FFE1BE4E 
 928      F7
 929 0381 FC47E707 		.ascii	"\374G\347\007\347\253\333c\357\226>\351k\365\320\037"
 929      E7ABDB63 
 929      EF963EE9 
 929      6BF5D01F 
 930 0391 F723E2C8 		.ascii	"\367#\342\310TZ7TW\006\344\330*\267\367h\200?#R\015"
 930      545A3754 
 930      5706E4D8 
 930      2AB7F768 
 930      803F2352 
 931 03a6 F0179345 		.ascii	"\360\027\223E\371\337A\314\"\016\253W&\235\316w\337"
 931      F9DF41CC 
 931      220EAB57 
 931      269DCE77 
 931      DF
 932 03b7 918FB9D4 		.ascii	"\221\217\271\324\237\373\223IP\027$%\346h\214\267\320"
 932      9FFB9349 
 932      50172425 
 932      E6688CB7 
 932      D0
 933 03c8 A549CBB7 		.ascii	"\245I\313\267rE\032B\0256\376\232mO\347\344\3464\177"
 933      72451A42 
 933      1536FE9A 
 933      6D4FE7E4 
 933      E6347F
 934 03db 15DA65D6 		.ascii	"\025\332e\326\373\342\007\007\262b\226\231\210\354`"
 934      FBE20707 
 934      B2629699 
 934      88EC60
 935 03ea 8A730D71 		.ascii	"\212s\015qPqF\321|\177X\320F\305m\277\254\255\246\025"
 935      507146D1 
 935      7C7F58D0 
 935      46C56DBF 
 935      ACADA615 
 936 03fe BC6E66E7 		.ascii	"\274nf\347P\256\"\244\266rR\331\323\376\340J\336\235"
 936      50AE22A4 
 936      B67252D9 
 936      D3FEE04A 
 936      DE9D
 937 0410 3A3AE534 		.ascii	"::\3454\246\022roL4d\236\214d\212\236\015\257X\021M"
 937      A612726F 
 937      4C34649E 
 937      8C648A9E 
 937      0DAF5811 
 938 0425 266BA2B1 		.ascii	"&k\242\261\227x\3312\360F\323\365\315\025\361E\365\013"
ARM GAS  /tmp/cc03tyIf.s 			page 30


 938      9778D932 
 938      F046D3F5 
 938      CD15F145 
 938      F50B
 939 0437 37A44A8D 		.ascii	"7\244J\215\024\210Xc:\023\337\264\250\276\002J\"\325"
 939      14885863 
 939      3A13DFB4 
 939      A8BE024A 
 939      22D5
 940 0449 651535A9 		.ascii	"e\0255\251t2\222\010\307\"\351xm\242)\023O\327U\255"
 940      74329208 
 940      C722E978 
 940      6DA22913 
 940      4FD755AD 
 941 045d 6AAE6A7E 		.ascii	"j\256j~\372\271\210\257)\035\013\305\032\353\233B$Y"
 941      FAB988AF 
 941      291D0BC5 
 941      1AEB9B42 
 941      2459
 942 046f 1A4BA5C4 		.ascii	"\032K\245\3043\353^\010\254X\270\260l)\024\333K\245"
 942      33EB5E08 
 942      AC58B8B0 
 942      6C2914DB 
 942      4BA5
 943 0481 35CBCBC3 		.ascii	"5\313\313\303\213\227T\224C\361\277\204\346\206\214"
 943      8B975494 
 943      43F1BF84 
 943      E6868C
 944 0490 68261A5A 		.ascii	"h&\032Z\331\030\333X\037o\3104\205\236\252Z\2776\262"
 944      D918DB58 
 944      1F6FC834 
 944      859EAA5A 
 944      BF36B2
 945 04a3 2199A8AD 		.ascii	"!\231\250\255\313@\361Lq(\246l\302*>\325\230LF\350\015"
 945      CB40F14C 
 945      7128A66C 
 945      C22A3ED5 
 945      984C46E8 
 946 04b8 9A3DF9B3 		.ascii	"\232=\371\263\334\266\221n\216$\032\022\031k\333\231"
 946      DCB6916E 
 946      8E241A12 
 946      196BDB99 
 947 04c8 F923D56B 		.ascii	"\371#\325k\313\312\0336\326\233)\030\361\346D,\336\344"
 947      CBCA1B36 
 947      D69B2918 
 947      F1E6442C 
 947      DEE4
 948 04da 9D317F84 		.ascii	"\2351\177\204H\313\325<\023\255I\306\013s#\036\313l"
 948      48CBD53C 
 948      13AD49C6 
 948      0B73231E 
 948      CB6C
 949 04ec D2949116 		.ascii	"\322\224\221\0265\214\264XN)\2554#\012s\243\177\000"
 949      358CB458 
 949      4E29AD34 
 949      230A73A3 
 949      7F00
ARM GAS  /tmp/cc03tyIf.s 			page 31


 950 04fe 481722A1 		.ascii	"H\027\"\241"
 951              		.text
 952              		.section	.gnu.lto_.symtab.f954653e5e1ed00c,"e",%progbits
 953 0000 5F5A3137 		.ascii	"_Z17bprl_i2c_registerhPFvPvES_\000"
 953      6270726C 
 953      5F693263 
 953      5F726567 
 953      69737465 
 954 001f 00       		.ascii	"\000"
 955 0020 00       		.ascii	"\000"
 956 0021 00       		.ascii	"\000"
 957 0022 00000000 		.ascii	"\000\000\000\000\000\000\000\000"
 957      00000000 
 958 002a CB000000 		.ascii	"\313\000\000\000"
 959 002e 5F5A3132 		.ascii	"_Z12i2c_poll_allv\000"
 959      6932635F 
 959      706F6C6C 
 959      5F616C6C 
 959      7600
 960 0040 00       		.ascii	"\000"
 961 0041 00       		.ascii	"\000"
 962 0042 00       		.ascii	"\000"
 963 0043 00000000 		.ascii	"\000\000\000\000\000\000\000\000"
 963      00000000 
 964 004b CF000000 		.ascii	"\317\000\000\000"
 965 004f 5F5A3132 		.ascii	"_Z12i2c_drv_initv\000"
 965      6932635F 
 965      6472765F 
 965      696E6974 
 965      7600
 966 0061 00       		.ascii	"\000"
 967 0062 00       		.ascii	"\000"
 968 0063 00       		.ascii	"\000"
 969 0064 00000000 		.ascii	"\000\000\000\000\000\000\000\000"
 969      00000000 
 970 006c D2000000 		.ascii	"\322\000\000\000"
 971              		.text
 972              		.section	.gnu.lto_.ext_symtab.f954653e5e1ed00c,"e",%progbits
 973 0000 01       		.ascii	"\001"
 974 0001 01       		.ascii	"\001"
 975 0002 00       		.ascii	"\000"
 976 0003 01       		.ascii	"\001"
 977 0004 00       		.ascii	"\000"
 978 0005 01       		.ascii	"\001"
 979 0006 00       		.ascii	"\000"
 980              		.text
 981              		.section	.gnu.lto_.opts,"e",%progbits
 982 0000 272D666E 		.ascii	"'-fno-openmp' '-fno-openacc' '-fno-pie' '-fcf-prote"
 982      6F2D6F70 
 982      656E6D70 
 982      2720272D 
 982      666E6F2D 
 983 0033 6374696F 		.ascii	"ction=none' '-g' '-mcpu=cortex-m7' '-mthumb' '-mflo"
 983      6E3D6E6F 
 983      6E652720 
 983      272D6727 
 983      20272D6D 
ARM GAS  /tmp/cc03tyIf.s 			page 32


 984 0066 61742D61 		.ascii	"at-abi=hard' '-mfpu=fpv5-d16' '-march=armv7e-m+fp.d"
 984      62693D68 
 984      61726427 
 984      20272D6D 
 984      6670753D 
 985 0099 70272027 		.ascii	"p' '-O2' '-fomit-frame-pointer' '-falign-functions="
 985      2D4F3227 
 985      20272D66 
 985      6F6D6974 
 985      2D667261 
 986 00cc 31362720 		.ascii	"16' '-ffunction-sections' '-fdata-sections' '-fno-c"
 986      272D6666 
 986      756E6374 
 986      696F6E2D 
 986      73656374 
 987 00ff 6F6D6D6F 		.ascii	"ommon' '-flto' '-Xassembler' '-alms=build/lst/I2C.l"
 987      6E272027 
 987      2D666C74 
 987      6F272027 
 987      2D586173 
 988 0132 73742700 		.ascii	"st'\000"
 989              		.text
 990              		.comm	__gnu_lto_slim,1,1
 991              		.ident	"GCC: (GNU Arm Embedded Toolchain 10-2020-q4-major) 10.2.1 20201103 (release)"
ARM GAS  /tmp/cc03tyIf.s 			page 33


DEFINED SYMBOLS
                            *ABS*:0000000000000000 I2C.cpp
     /tmp/cc03tyIf.s:23     .gnu.debuglto_.debug_info:0000000000000000 I2C.cpp.b9520375
                            *COM*:0000000000000001 __gnu_lto_slim

NO UNDEFINED SYMBOLS
