ARM GAS  /tmp/ccZPpQTl.s 			page 1


   1              		.cpu cortex-m7
   2              		.eabi_attribute 28, 1
   3              		.eabi_attribute 20, 1
   4              		.eabi_attribute 21, 1
   5              		.eabi_attribute 23, 3
   6              		.eabi_attribute 24, 1
   7              		.eabi_attribute 25, 1
   8              		.eabi_attribute 26, 1
   9              		.eabi_attribute 30, 2
  10              		.eabi_attribute 34, 1
  11              		.eabi_attribute 18, 4
  12              		.file	"main.cpp"
  13              		.file 1 "/opt/gcc-arm-none-eabi-10-2020-q4-major/arm-none-eabi/include/machine/_default_types.h"
  14              		.file 2 "/opt/gcc-arm-none-eabi-10-2020-q4-major/arm-none-eabi/include/sys/_stdint.h"
  15              		.file 3 "/opt/gcc-arm-none-eabi-10-2020-q4-major/arm-none-eabi/include/stdint.h"
  16              		.file 4 "third_party/ChibiOS/os/rt/include/chtime.h"
  17              		.file 5 "src/threads.hpp"
  18              		.file 6 "/opt/gcc-arm-none-eabi-10-2020-q4-major/arm-none-eabi/include/c++/10.2.1/cstdint"
  19              		.file 7 "/opt/gcc-arm-none-eabi-10-2020-q4-major/arm-none-eabi/include/c++/10.2.1/arm-none-eabi/th
  20              		.file 8 "<built-in>"
  21              		.file 9 "main.cpp"
  22              		.section	.gnu.debuglto_.debug_info,"e",%progbits
  23              	.Ldebug_info0:
  24              		.hidden	main.cpp.3b19a080
  25              		.weak	main.cpp.3b19a080
  26              	main.cpp.3b19a080:
  27 0000 8B040000 		.4byte	0x48b
  28 0004 0400     		.2byte	0x4
  29 0006 00000000 		.4byte	.Ldebug_abbrev0
  30 000a 04       		.byte	0x4
  31 000b 01       		.uleb128 0x1
  32 000c 28000000 		.4byte	.LASF68
  33 0010 04       		.byte	0x4
  34 0011 28040000 		.4byte	.LASF69
  35 0015 91020000 		.4byte	.LASF70
  36 0019 00000000 		.4byte	.Ldebug_line0
  37 001d 02       		.uleb128 0x2
  38 001e 04       		.byte	0x4
  39 001f 05       		.byte	0x5
  40 0020 696E7400 		.ascii	"int\000"
  41 0024 03       		.uleb128 0x3
  42 0025 04       		.byte	0x4
  43 0026 07       		.byte	0x7
  44 0027 EC010000 		.4byte	.LASF0
  45 002b 03       		.uleb128 0x3
  46 002c 08       		.byte	0x8
  47 002d 05       		.byte	0x5
  48 002e F9010000 		.4byte	.LASF1
  49 0032 03       		.uleb128 0x3
  50 0033 08       		.byte	0x8
  51 0034 04       		.byte	0x4
  52 0035 50020000 		.4byte	.LASF2
  53 0039 04       		.uleb128 0x4
  54 003a 00000000 		.4byte	.LASF71
  55 003e 05       		.uleb128 0x5
  56 003f 31030000 		.4byte	.LASF4
  57 0043 01       		.byte	0x1
ARM GAS  /tmp/ccZPpQTl.s 			page 2


  58 0044 29       		.byte	0x29
  59 0045 17       		.byte	0x17
  60 0046 4A000000 		.4byte	0x4a
  61 004a 03       		.uleb128 0x3
  62 004b 01       		.byte	0x1
  63 004c 06       		.byte	0x6
  64 004d 85020000 		.4byte	.LASF3
  65 0051 05       		.uleb128 0x5
  66 0052 3D020000 		.4byte	.LASF5
  67 0056 01       		.byte	0x1
  68 0057 2B       		.byte	0x2b
  69 0058 18       		.byte	0x18
  70 0059 5D000000 		.4byte	0x5d
  71 005d 03       		.uleb128 0x3
  72 005e 01       		.byte	0x1
  73 005f 08       		.byte	0x8
  74 0060 6D020000 		.4byte	.LASF6
  75 0064 05       		.uleb128 0x5
  76 0065 0D040000 		.4byte	.LASF7
  77 0069 01       		.byte	0x1
  78 006a 37       		.byte	0x37
  79 006b 18       		.byte	0x18
  80 006c 70000000 		.4byte	0x70
  81 0070 03       		.uleb128 0x3
  82 0071 02       		.byte	0x2
  83 0072 05       		.byte	0x5
  84 0073 17010000 		.4byte	.LASF8
  85 0077 05       		.uleb128 0x5
  86 0078 58010000 		.4byte	.LASF9
  87 007c 01       		.byte	0x1
  88 007d 39       		.byte	0x39
  89 007e 19       		.byte	0x19
  90 007f 83000000 		.4byte	0x83
  91 0083 03       		.uleb128 0x3
  92 0084 02       		.byte	0x2
  93 0085 07       		.byte	0x7
  94 0086 16030000 		.4byte	.LASF10
  95 008a 05       		.uleb128 0x5
  96 008b FD030000 		.4byte	.LASF11
  97 008f 01       		.byte	0x1
  98 0090 4D       		.byte	0x4d
  99 0091 18       		.byte	0x18
 100 0092 96000000 		.4byte	0x96
 101 0096 03       		.uleb128 0x3
 102 0097 04       		.byte	0x4
 103 0098 05       		.byte	0x5
 104 0099 1E020000 		.4byte	.LASF12
 105 009d 05       		.uleb128 0x5
 106 009e 4D010000 		.4byte	.LASF13
 107 00a2 01       		.byte	0x1
 108 00a3 4F       		.byte	0x4f
 109 00a4 19       		.byte	0x19
 110 00a5 A9000000 		.4byte	0xa9
 111 00a9 03       		.uleb128 0x3
 112 00aa 04       		.byte	0x4
 113 00ab 07       		.byte	0x7
 114 00ac DA020000 		.4byte	.LASF14
ARM GAS  /tmp/ccZPpQTl.s 			page 3


 115 00b0 05       		.uleb128 0x5
 116 00b1 27020000 		.4byte	.LASF15
 117 00b5 01       		.byte	0x1
 118 00b6 67       		.byte	0x67
 119 00b7 18       		.byte	0x18
 120 00b8 2B000000 		.4byte	0x2b
 121 00bc 05       		.uleb128 0x5
 122 00bd A0030000 		.4byte	.LASF16
 123 00c1 01       		.byte	0x1
 124 00c2 69       		.byte	0x69
 125 00c3 19       		.byte	0x19
 126 00c4 C8000000 		.4byte	0xc8
 127 00c8 03       		.uleb128 0x3
 128 00c9 08       		.byte	0x8
 129 00ca 07       		.byte	0x7
 130 00cb 07020000 		.4byte	.LASF17
 131 00cf 05       		.uleb128 0x5
 132 00d0 12000000 		.4byte	.LASF18
 133 00d4 01       		.byte	0x1
 134 00d5 86       		.byte	0x86
 135 00d6 1D       		.byte	0x1d
 136 00d7 4A000000 		.4byte	0x4a
 137 00db 05       		.uleb128 0x5
 138 00dc DC010000 		.4byte	.LASF19
 139 00e0 01       		.byte	0x1
 140 00e1 88       		.byte	0x88
 141 00e2 1E       		.byte	0x1e
 142 00e3 5D000000 		.4byte	0x5d
 143 00e7 05       		.uleb128 0x5
 144 00e8 E2030000 		.4byte	.LASF20
 145 00ec 01       		.byte	0x1
 146 00ed A0       		.byte	0xa0
 147 00ee 1E       		.byte	0x1e
 148 00ef 70000000 		.4byte	0x70
 149 00f3 05       		.uleb128 0x5
 150 00f4 3D040000 		.4byte	.LASF21
 151 00f8 01       		.byte	0x1
 152 00f9 A2       		.byte	0xa2
 153 00fa 1F       		.byte	0x1f
 154 00fb 83000000 		.4byte	0x83
 155 00ff 05       		.uleb128 0x5
 156 0100 C6030000 		.4byte	.LASF22
 157 0104 01       		.byte	0x1
 158 0105 B6       		.byte	0xb6
 159 0106 1E       		.byte	0x1e
 160 0107 96000000 		.4byte	0x96
 161 010b 05       		.uleb128 0x5
 162 010c 17040000 		.4byte	.LASF23
 163 0110 01       		.byte	0x1
 164 0111 B8       		.byte	0xb8
 165 0112 1F       		.byte	0x1f
 166 0113 A9000000 		.4byte	0xa9
 167 0117 05       		.uleb128 0x5
 168 0118 C6010000 		.4byte	.LASF24
 169 011c 01       		.byte	0x1
 170 011d C8       		.byte	0xc8
 171 011e 1E       		.byte	0x1e
ARM GAS  /tmp/ccZPpQTl.s 			page 4


 172 011f 2B000000 		.4byte	0x2b
 173 0123 05       		.uleb128 0x5
 174 0124 5C020000 		.4byte	.LASF25
 175 0128 01       		.byte	0x1
 176 0129 CA       		.byte	0xca
 177 012a 1F       		.byte	0x1f
 178 012b C8000000 		.4byte	0xc8
 179 012f 05       		.uleb128 0x5
 180 0130 F2030000 		.4byte	.LASF26
 181 0134 01       		.byte	0x1
 182 0135 D6       		.byte	0xd6
 183 0136 19       		.byte	0x19
 184 0137 2B000000 		.4byte	0x2b
 185 013b 05       		.uleb128 0x5
 186 013c 21010000 		.4byte	.LASF27
 187 0140 01       		.byte	0x1
 188 0141 DE       		.byte	0xde
 189 0142 1A       		.byte	0x1a
 190 0143 C8000000 		.4byte	0xc8
 191 0147 05       		.uleb128 0x5
 192 0148 90010000 		.4byte	.LASF28
 193 014c 01       		.byte	0x1
 194 014d E6       		.byte	0xe6
 195 014e 19       		.byte	0x19
 196 014f 1D000000 		.4byte	0x1d
 197 0153 05       		.uleb128 0x5
 198 0154 D6030000 		.4byte	.LASF29
 199 0158 01       		.byte	0x1
 200 0159 E8       		.byte	0xe8
 201 015a 1A       		.byte	0x1a
 202 015b 24000000 		.4byte	0x24
 203 015f 05       		.uleb128 0x5
 204 0160 21000000 		.4byte	.LASF30
 205 0164 02       		.byte	0x2
 206 0165 14       		.byte	0x14
 207 0166 12       		.byte	0x12
 208 0167 3E000000 		.4byte	0x3e
 209 016b 05       		.uleb128 0x5
 210 016c 88010000 		.4byte	.LASF31
 211 0170 02       		.byte	0x2
 212 0171 18       		.byte	0x18
 213 0172 13       		.byte	0x13
 214 0173 51000000 		.4byte	0x51
 215 0177 05       		.uleb128 0x5
 216 0178 8A030000 		.4byte	.LASF32
 217 017c 02       		.byte	0x2
 218 017d 20       		.byte	0x20
 219 017e 13       		.byte	0x13
 220 017f 64000000 		.4byte	0x64
 221 0183 05       		.uleb128 0x5
 222 0184 CB020000 		.4byte	.LASF33
 223 0188 02       		.byte	0x2
 224 0189 24       		.byte	0x24
 225 018a 14       		.byte	0x14
 226 018b 77000000 		.4byte	0x77
 227 018f 05       		.uleb128 0x5
 228 0190 5C030000 		.4byte	.LASF34
ARM GAS  /tmp/ccZPpQTl.s 			page 5


 229 0194 02       		.byte	0x2
 230 0195 2C       		.byte	0x2c
 231 0196 13       		.byte	0x13
 232 0197 8A000000 		.4byte	0x8a
 233 019b 05       		.uleb128 0x5
 234 019c BA020000 		.4byte	.LASF35
 235 01a0 02       		.byte	0x2
 236 01a1 30       		.byte	0x30
 237 01a2 14       		.byte	0x14
 238 01a3 9D000000 		.4byte	0x9d
 239 01a7 05       		.uleb128 0x5
 240 01a8 80010000 		.4byte	.LASF36
 241 01ac 02       		.byte	0x2
 242 01ad 38       		.byte	0x38
 243 01ae 13       		.byte	0x13
 244 01af B0000000 		.4byte	0xb0
 245 01b3 05       		.uleb128 0x5
 246 01b4 0E010000 		.4byte	.LASF37
 247 01b8 02       		.byte	0x2
 248 01b9 3C       		.byte	0x3c
 249 01ba 14       		.byte	0x14
 250 01bb BC000000 		.4byte	0xbc
 251 01bf 05       		.uleb128 0x5
 252 01c0 47020000 		.4byte	.LASF38
 253 01c4 02       		.byte	0x2
 254 01c5 43       		.byte	0x43
 255 01c6 14       		.byte	0x14
 256 01c7 2F010000 		.4byte	0x12f
 257 01cb 05       		.uleb128 0x5
 258 01cc FF020000 		.4byte	.LASF39
 259 01d0 02       		.byte	0x2
 260 01d1 48       		.byte	0x48
 261 01d2 15       		.byte	0x15
 262 01d3 3B010000 		.4byte	0x13b
 263 01d7 05       		.uleb128 0x5
 264 01d8 81030000 		.4byte	.LASF40
 265 01dc 02       		.byte	0x2
 266 01dd 4D       		.byte	0x4d
 267 01de 14       		.byte	0x14
 268 01df 47010000 		.4byte	0x147
 269 01e3 05       		.uleb128 0x5
 270 01e4 9B010000 		.4byte	.LASF41
 271 01e8 02       		.byte	0x2
 272 01e9 52       		.byte	0x52
 273 01ea 15       		.byte	0x15
 274 01eb 53010000 		.4byte	0x153
 275 01ef 05       		.uleb128 0x5
 276 01f0 AB030000 		.4byte	.LASF42
 277 01f4 03       		.byte	0x3
 278 01f5 15       		.byte	0x15
 279 01f6 18       		.byte	0x18
 280 01f7 CF000000 		.4byte	0xcf
 281 01fb 05       		.uleb128 0x5
 282 01fc B8010000 		.4byte	.LASF43
 283 0200 03       		.byte	0x3
 284 0201 16       		.byte	0x16
 285 0202 19       		.byte	0x19
ARM GAS  /tmp/ccZPpQTl.s 			page 6


 286 0203 DB000000 		.4byte	0xdb
 287 0207 05       		.uleb128 0x5
 288 0208 B8030000 		.4byte	.LASF44
 289 020c 03       		.byte	0x3
 290 020d 1B       		.byte	0x1b
 291 020e 19       		.byte	0x19
 292 020f E7000000 		.4byte	0xe7
 293 0213 05       		.uleb128 0x5
 294 0214 64030000 		.4byte	.LASF45
 295 0218 03       		.byte	0x3
 296 0219 1C       		.byte	0x1c
 297 021a 1A       		.byte	0x1a
 298 021b F3000000 		.4byte	0xf3
 299 021f 05       		.uleb128 0x5
 300 0220 2D010000 		.4byte	.LASF46
 301 0224 03       		.byte	0x3
 302 0225 21       		.byte	0x21
 303 0226 19       		.byte	0x19
 304 0227 FF000000 		.4byte	0xff
 305 022b 05       		.uleb128 0x5
 306 022c 3F030000 		.4byte	.LASF47
 307 0230 03       		.byte	0x3
 308 0231 22       		.byte	0x22
 309 0232 1A       		.byte	0x1a
 310 0233 0B010000 		.4byte	0x10b
 311 0237 05       		.uleb128 0x5
 312 0238 A5010000 		.4byte	.LASF48
 313 023c 03       		.byte	0x3
 314 023d 27       		.byte	0x27
 315 023e 19       		.byte	0x19
 316 023f 17010000 		.4byte	0x117
 317 0243 05       		.uleb128 0x5
 318 0244 63010000 		.4byte	.LASF49
 319 0248 03       		.byte	0x3
 320 0249 28       		.byte	0x28
 321 024a 1A       		.byte	0x1a
 322 024b 23010000 		.4byte	0x123
 323 024f 05       		.uleb128 0x5
 324 0250 31020000 		.4byte	.LASF50
 325 0254 03       		.byte	0x3
 326 0255 33       		.byte	0x33
 327 0256 1E       		.byte	0x1e
 328 0257 1D000000 		.4byte	0x1d
 329 025b 05       		.uleb128 0x5
 330 025c AD020000 		.4byte	.LASF51
 331 0260 03       		.byte	0x3
 332 0261 34       		.byte	0x34
 333 0262 1F       		.byte	0x1f
 334 0263 24000000 		.4byte	0x24
 335 0267 05       		.uleb128 0x5
 336 0268 09030000 		.4byte	.LASF52
 337 026c 03       		.byte	0x3
 338 026d 3D       		.byte	0x3d
 339 026e 1F       		.byte	0x1f
 340 026f 1D000000 		.4byte	0x1d
 341 0273 05       		.uleb128 0x5
 342 0274 73030000 		.4byte	.LASF53
ARM GAS  /tmp/ccZPpQTl.s 			page 7


 343 0278 03       		.byte	0x3
 344 0279 3E       		.byte	0x3e
 345 027a 20       		.byte	0x20
 346 027b 24000000 		.4byte	0x24
 347 027f 05       		.uleb128 0x5
 348 0280 EC020000 		.4byte	.LASF54
 349 0284 03       		.byte	0x3
 350 0285 47       		.byte	0x47
 351 0286 1F       		.byte	0x1f
 352 0287 1D000000 		.4byte	0x1d
 353 028b 05       		.uleb128 0x5
 354 028c 4E030000 		.4byte	.LASF55
 355 0290 03       		.byte	0x3
 356 0291 48       		.byte	0x48
 357 0292 20       		.byte	0x20
 358 0293 24000000 		.4byte	0x24
 359 0297 05       		.uleb128 0x5
 360 0298 3B010000 		.4byte	.LASF56
 361 029c 03       		.byte	0x3
 362 029d 51       		.byte	0x51
 363 029e 1F       		.byte	0x1f
 364 029f 2B000000 		.4byte	0x2b
 365 02a3 05       		.uleb128 0x5
 366 02a4 72010000 		.4byte	.LASF57
 367 02a8 03       		.byte	0x3
 368 02a9 52       		.byte	0x52
 369 02aa 20       		.byte	0x20
 370 02ab C8000000 		.4byte	0xc8
 371 02af 03       		.uleb128 0x3
 372 02b0 01       		.byte	0x1
 373 02b1 08       		.byte	0x8
 374 02b2 3A030000 		.4byte	.LASF58
 375 02b6 05       		.uleb128 0x5
 376 02b7 92030000 		.4byte	.LASF59
 377 02bb 04       		.byte	0x4
 378 02bc 79       		.byte	0x79
 379 02bd 12       		.byte	0x12
 380 02be 9B010000 		.4byte	0x19b
 381 02c2 05       		.uleb128 0x5
 382 02c3 55040000 		.4byte	.LASF60
 383 02c7 04       		.byte	0x4
 384 02c8 9B       		.byte	0x9b
 385 02c9 12       		.byte	0x12
 386 02ca B3010000 		.4byte	0x1b3
 387 02ce 03       		.uleb128 0x3
 388 02cf 01       		.byte	0x1
 389 02d0 02       		.byte	0x2
 390 02d1 B3010000 		.4byte	.LASF61
 391 02d5 03       		.uleb128 0x3
 392 02d6 04       		.byte	0x4
 393 02d7 04       		.byte	0x4
 394 02d8 D6010000 		.4byte	.LASF62
 395 02dc 06       		.uleb128 0x6
 396 02dd 31040000 		.4byte	.LASF72
 397 02e1 20       		.byte	0x20
 398 02e2 05       		.byte	0x5
 399 02e3 23       		.byte	0x23
ARM GAS  /tmp/ccZPpQTl.s 			page 8


 400 02e4 08       		.byte	0x8
 401 02e5 52030000 		.4byte	0x352
 402 02e9 07       		.uleb128 0x7
 403 02ea 73706900 		.ascii	"spi\000"
 404 02ee 05       		.byte	0x5
 405 02ef 24       		.byte	0x24
 406 02f0 13       		.byte	0x13
 407 02f1 B6020000 		.4byte	0x2b6
 408 02f5 00       		.byte	0
 409 02f6 07       		.uleb128 0x7
 410 02f7 63616E00 		.ascii	"can\000"
 411 02fb 05       		.byte	0x5
 412 02fc 25       		.byte	0x25
 413 02fd 13       		.byte	0x13
 414 02fe B6020000 		.4byte	0x2b6
 415 0302 04       		.byte	0x4
 416 0303 07       		.uleb128 0x7
 417 0304 65737400 		.ascii	"est\000"
 418 0308 05       		.byte	0x5
 419 0309 26       		.byte	0x26
 420 030a 13       		.byte	0x13
 421 030b B6020000 		.4byte	0x2b6
 422 030f 08       		.byte	0x8
 423 0310 07       		.uleb128 0x7
 424 0311 69326300 		.ascii	"i2c\000"
 425 0315 05       		.byte	0x5
 426 0316 27       		.byte	0x27
 427 0317 13       		.byte	0x13
 428 0318 B6020000 		.4byte	0x2b6
 429 031c 0C       		.byte	0xc
 430 031d 08       		.uleb128 0x8
 431 031e C3020000 		.4byte	.LASF63
 432 0322 05       		.byte	0x5
 433 0323 28       		.byte	0x28
 434 0324 13       		.byte	0x13
 435 0325 B6020000 		.4byte	0x2b6
 436 0329 10       		.byte	0x10
 437 032a 08       		.uleb128 0x8
 438 032b D4020000 		.4byte	.LASF64
 439 032f 05       		.byte	0x5
 440 0330 29       		.byte	0x29
 441 0331 13       		.byte	0x13
 442 0332 B6020000 		.4byte	0x2b6
 443 0336 14       		.byte	0x14
 444 0337 08       		.uleb128 0x8
 445 0338 07040000 		.4byte	.LASF65
 446 033c 05       		.byte	0x5
 447 033d 2A       		.byte	0x2a
 448 033e 13       		.byte	0x13
 449 033f B6020000 		.4byte	0x2b6
 450 0343 18       		.byte	0x18
 451 0344 08       		.uleb128 0x8
 452 0345 F9020000 		.4byte	.LASF66
 453 0349 05       		.byte	0x5
 454 034a 2B       		.byte	0x2b
 455 034b 13       		.byte	0x13
 456 034c B6020000 		.4byte	0x2b6
ARM GAS  /tmp/ccZPpQTl.s 			page 9


 457 0350 1C       		.byte	0x1c
 458 0351 00       		.byte	0
 459 0352 09       		.uleb128 0x9
 460 0353 DC020000 		.4byte	0x2dc
 461 0357 0A       		.uleb128 0xa
 462 0358 73746400 		.ascii	"std\000"
 463 035c 08       		.byte	0x8
 464 035d 00       		.byte	0
 465 035e 55040000 		.4byte	0x455
 466 0362 0B       		.uleb128 0xb
 467 0363 29030000 		.4byte	.LASF67
 468 0367 07       		.byte	0x7
 469 0368 1E01     		.2byte	0x11e
 470 036a 41       		.byte	0x41
 471 036b 0C       		.uleb128 0xc
 472 036c 07       		.byte	0x7
 473 036d 1E01     		.2byte	0x11e
 474 036f 41       		.byte	0x41
 475 0370 62030000 		.4byte	0x362
 476 0374 0D       		.uleb128 0xd
 477 0375 06       		.byte	0x6
 478 0376 2F       		.byte	0x2f
 479 0377 0B       		.byte	0xb
 480 0378 5F010000 		.4byte	0x15f
 481 037c 0D       		.uleb128 0xd
 482 037d 06       		.byte	0x6
 483 037e 30       		.byte	0x30
 484 037f 0B       		.byte	0xb
 485 0380 77010000 		.4byte	0x177
 486 0384 0D       		.uleb128 0xd
 487 0385 06       		.byte	0x6
 488 0386 31       		.byte	0x31
 489 0387 0B       		.byte	0xb
 490 0388 8F010000 		.4byte	0x18f
 491 038c 0D       		.uleb128 0xd
 492 038d 06       		.byte	0x6
 493 038e 32       		.byte	0x32
 494 038f 0B       		.byte	0xb
 495 0390 A7010000 		.4byte	0x1a7
 496 0394 0D       		.uleb128 0xd
 497 0395 06       		.byte	0x6
 498 0396 34       		.byte	0x34
 499 0397 0B       		.byte	0xb
 500 0398 4F020000 		.4byte	0x24f
 501 039c 0D       		.uleb128 0xd
 502 039d 06       		.byte	0x6
 503 039e 35       		.byte	0x35
 504 039f 0B       		.byte	0xb
 505 03a0 67020000 		.4byte	0x267
 506 03a4 0D       		.uleb128 0xd
 507 03a5 06       		.byte	0x6
 508 03a6 36       		.byte	0x36
 509 03a7 0B       		.byte	0xb
 510 03a8 7F020000 		.4byte	0x27f
 511 03ac 0D       		.uleb128 0xd
 512 03ad 06       		.byte	0x6
 513 03ae 37       		.byte	0x37
ARM GAS  /tmp/ccZPpQTl.s 			page 10


 514 03af 0B       		.byte	0xb
 515 03b0 97020000 		.4byte	0x297
 516 03b4 0D       		.uleb128 0xd
 517 03b5 06       		.byte	0x6
 518 03b6 39       		.byte	0x39
 519 03b7 0B       		.byte	0xb
 520 03b8 EF010000 		.4byte	0x1ef
 521 03bc 0D       		.uleb128 0xd
 522 03bd 06       		.byte	0x6
 523 03be 3A       		.byte	0x3a
 524 03bf 0B       		.byte	0xb
 525 03c0 07020000 		.4byte	0x207
 526 03c4 0D       		.uleb128 0xd
 527 03c5 06       		.byte	0x6
 528 03c6 3B       		.byte	0x3b
 529 03c7 0B       		.byte	0xb
 530 03c8 1F020000 		.4byte	0x21f
 531 03cc 0D       		.uleb128 0xd
 532 03cd 06       		.byte	0x6
 533 03ce 3C       		.byte	0x3c
 534 03cf 0B       		.byte	0xb
 535 03d0 37020000 		.4byte	0x237
 536 03d4 0D       		.uleb128 0xd
 537 03d5 06       		.byte	0x6
 538 03d6 3E       		.byte	0x3e
 539 03d7 0B       		.byte	0xb
 540 03d8 BF010000 		.4byte	0x1bf
 541 03dc 0D       		.uleb128 0xd
 542 03dd 06       		.byte	0x6
 543 03de 3F       		.byte	0x3f
 544 03df 0B       		.byte	0xb
 545 03e0 D7010000 		.4byte	0x1d7
 546 03e4 0D       		.uleb128 0xd
 547 03e5 06       		.byte	0x6
 548 03e6 41       		.byte	0x41
 549 03e7 0B       		.byte	0xb
 550 03e8 6B010000 		.4byte	0x16b
 551 03ec 0D       		.uleb128 0xd
 552 03ed 06       		.byte	0x6
 553 03ee 42       		.byte	0x42
 554 03ef 0B       		.byte	0xb
 555 03f0 83010000 		.4byte	0x183
 556 03f4 0D       		.uleb128 0xd
 557 03f5 06       		.byte	0x6
 558 03f6 43       		.byte	0x43
 559 03f7 0B       		.byte	0xb
 560 03f8 9B010000 		.4byte	0x19b
 561 03fc 0D       		.uleb128 0xd
 562 03fd 06       		.byte	0x6
 563 03fe 44       		.byte	0x44
 564 03ff 0B       		.byte	0xb
 565 0400 B3010000 		.4byte	0x1b3
 566 0404 0D       		.uleb128 0xd
 567 0405 06       		.byte	0x6
 568 0406 46       		.byte	0x46
 569 0407 0B       		.byte	0xb
 570 0408 5B020000 		.4byte	0x25b
ARM GAS  /tmp/ccZPpQTl.s 			page 11


 571 040c 0D       		.uleb128 0xd
 572 040d 06       		.byte	0x6
 573 040e 47       		.byte	0x47
 574 040f 0B       		.byte	0xb
 575 0410 73020000 		.4byte	0x273
 576 0414 0D       		.uleb128 0xd
 577 0415 06       		.byte	0x6
 578 0416 48       		.byte	0x48
 579 0417 0B       		.byte	0xb
 580 0418 8B020000 		.4byte	0x28b
 581 041c 0D       		.uleb128 0xd
 582 041d 06       		.byte	0x6
 583 041e 49       		.byte	0x49
 584 041f 0B       		.byte	0xb
 585 0420 A3020000 		.4byte	0x2a3
 586 0424 0D       		.uleb128 0xd
 587 0425 06       		.byte	0x6
 588 0426 4B       		.byte	0x4b
 589 0427 0B       		.byte	0xb
 590 0428 FB010000 		.4byte	0x1fb
 591 042c 0D       		.uleb128 0xd
 592 042d 06       		.byte	0x6
 593 042e 4C       		.byte	0x4c
 594 042f 0B       		.byte	0xb
 595 0430 13020000 		.4byte	0x213
 596 0434 0D       		.uleb128 0xd
 597 0435 06       		.byte	0x6
 598 0436 4D       		.byte	0x4d
 599 0437 0B       		.byte	0xb
 600 0438 2B020000 		.4byte	0x22b
 601 043c 0D       		.uleb128 0xd
 602 043d 06       		.byte	0x6
 603 043e 4E       		.byte	0x4e
 604 043f 0B       		.byte	0xb
 605 0440 43020000 		.4byte	0x243
 606 0444 0D       		.uleb128 0xd
 607 0445 06       		.byte	0x6
 608 0446 50       		.byte	0x50
 609 0447 0B       		.byte	0xb
 610 0448 CB010000 		.4byte	0x1cb
 611 044c 0D       		.uleb128 0xd
 612 044d 06       		.byte	0x6
 613 044e 51       		.byte	0x51
 614 044f 0B       		.byte	0xb
 615 0450 E3010000 		.4byte	0x1e3
 616 0454 00       		.byte	0
 617 0455 0E       		.uleb128 0xe
 618 0456 7B020000 		.4byte	.LASF73
 619 045a 07       		.byte	0x7
 620 045b 2001     		.2byte	0x120
 621 045d 0B       		.byte	0xb
 622 045e 75040000 		.4byte	0x475
 623 0462 0B       		.uleb128 0xb
 624 0463 29030000 		.4byte	.LASF67
 625 0467 07       		.byte	0x7
 626 0468 2201     		.2byte	0x122
 627 046a 41       		.byte	0x41
ARM GAS  /tmp/ccZPpQTl.s 			page 12


 628 046b 0C       		.uleb128 0xc
 629 046c 07       		.byte	0x7
 630 046d 2201     		.2byte	0x122
 631 046f 41       		.byte	0x41
 632 0470 62040000 		.4byte	0x462
 633 0474 00       		.byte	0
 634 0475 0F       		.uleb128 0xf
 635 0476 48010000 		.4byte	.LASF74
 636 047a 09       		.byte	0x9
 637 047b 2C       		.byte	0x2c
 638 047c 05       		.byte	0x5
 639 047d 1D000000 		.4byte	0x1d
 640 0481 10       		.uleb128 0x10
 641 0482 4E040000 		.4byte	.LASF75
 642 0486 09       		.byte	0x9
 643 0487 4C       		.byte	0x4c
 644 0488 1E       		.byte	0x1e
 645 0489 52030000 		.4byte	0x352
 646 048d 00       		.byte	0
 647 048e 00       		.byte	0
 648              		.section	.gnu.debuglto_.debug_abbrev,"e",%progbits
 649              	.Ldebug_abbrev0:
 650 0000 01       		.uleb128 0x1
 651 0001 11       		.uleb128 0x11
 652 0002 01       		.byte	0x1
 653 0003 25       		.uleb128 0x25
 654 0004 0E       		.uleb128 0xe
 655 0005 13       		.uleb128 0x13
 656 0006 0B       		.uleb128 0xb
 657 0007 03       		.uleb128 0x3
 658 0008 0E       		.uleb128 0xe
 659 0009 1B       		.uleb128 0x1b
 660 000a 0E       		.uleb128 0xe
 661 000b 10       		.uleb128 0x10
 662 000c 17       		.uleb128 0x17
 663 000d 00       		.byte	0
 664 000e 00       		.byte	0
 665 000f 02       		.uleb128 0x2
 666 0010 24       		.uleb128 0x24
 667 0011 00       		.byte	0
 668 0012 0B       		.uleb128 0xb
 669 0013 0B       		.uleb128 0xb
 670 0014 3E       		.uleb128 0x3e
 671 0015 0B       		.uleb128 0xb
 672 0016 03       		.uleb128 0x3
 673 0017 08       		.uleb128 0x8
 674 0018 00       		.byte	0
 675 0019 00       		.byte	0
 676 001a 03       		.uleb128 0x3
 677 001b 24       		.uleb128 0x24
 678 001c 00       		.byte	0
 679 001d 0B       		.uleb128 0xb
 680 001e 0B       		.uleb128 0xb
 681 001f 3E       		.uleb128 0x3e
 682 0020 0B       		.uleb128 0xb
 683 0021 03       		.uleb128 0x3
 684 0022 0E       		.uleb128 0xe
ARM GAS  /tmp/ccZPpQTl.s 			page 13


 685 0023 00       		.byte	0
 686 0024 00       		.byte	0
 687 0025 04       		.uleb128 0x4
 688 0026 3B       		.uleb128 0x3b
 689 0027 00       		.byte	0
 690 0028 03       		.uleb128 0x3
 691 0029 0E       		.uleb128 0xe
 692 002a 00       		.byte	0
 693 002b 00       		.byte	0
 694 002c 05       		.uleb128 0x5
 695 002d 16       		.uleb128 0x16
 696 002e 00       		.byte	0
 697 002f 03       		.uleb128 0x3
 698 0030 0E       		.uleb128 0xe
 699 0031 3A       		.uleb128 0x3a
 700 0032 0B       		.uleb128 0xb
 701 0033 3B       		.uleb128 0x3b
 702 0034 0B       		.uleb128 0xb
 703 0035 39       		.uleb128 0x39
 704 0036 0B       		.uleb128 0xb
 705 0037 49       		.uleb128 0x49
 706 0038 13       		.uleb128 0x13
 707 0039 00       		.byte	0
 708 003a 00       		.byte	0
 709 003b 06       		.uleb128 0x6
 710 003c 13       		.uleb128 0x13
 711 003d 01       		.byte	0x1
 712 003e 03       		.uleb128 0x3
 713 003f 0E       		.uleb128 0xe
 714 0040 0B       		.uleb128 0xb
 715 0041 0B       		.uleb128 0xb
 716 0042 3A       		.uleb128 0x3a
 717 0043 0B       		.uleb128 0xb
 718 0044 3B       		.uleb128 0x3b
 719 0045 0B       		.uleb128 0xb
 720 0046 39       		.uleb128 0x39
 721 0047 0B       		.uleb128 0xb
 722 0048 01       		.uleb128 0x1
 723 0049 13       		.uleb128 0x13
 724 004a 00       		.byte	0
 725 004b 00       		.byte	0
 726 004c 07       		.uleb128 0x7
 727 004d 0D       		.uleb128 0xd
 728 004e 00       		.byte	0
 729 004f 03       		.uleb128 0x3
 730 0050 08       		.uleb128 0x8
 731 0051 3A       		.uleb128 0x3a
 732 0052 0B       		.uleb128 0xb
 733 0053 3B       		.uleb128 0x3b
 734 0054 0B       		.uleb128 0xb
 735 0055 39       		.uleb128 0x39
 736 0056 0B       		.uleb128 0xb
 737 0057 49       		.uleb128 0x49
 738 0058 13       		.uleb128 0x13
 739 0059 38       		.uleb128 0x38
 740 005a 0B       		.uleb128 0xb
 741 005b 00       		.byte	0
ARM GAS  /tmp/ccZPpQTl.s 			page 14


 742 005c 00       		.byte	0
 743 005d 08       		.uleb128 0x8
 744 005e 0D       		.uleb128 0xd
 745 005f 00       		.byte	0
 746 0060 03       		.uleb128 0x3
 747 0061 0E       		.uleb128 0xe
 748 0062 3A       		.uleb128 0x3a
 749 0063 0B       		.uleb128 0xb
 750 0064 3B       		.uleb128 0x3b
 751 0065 0B       		.uleb128 0xb
 752 0066 39       		.uleb128 0x39
 753 0067 0B       		.uleb128 0xb
 754 0068 49       		.uleb128 0x49
 755 0069 13       		.uleb128 0x13
 756 006a 38       		.uleb128 0x38
 757 006b 0B       		.uleb128 0xb
 758 006c 00       		.byte	0
 759 006d 00       		.byte	0
 760 006e 09       		.uleb128 0x9
 761 006f 26       		.uleb128 0x26
 762 0070 00       		.byte	0
 763 0071 49       		.uleb128 0x49
 764 0072 13       		.uleb128 0x13
 765 0073 00       		.byte	0
 766 0074 00       		.byte	0
 767 0075 0A       		.uleb128 0xa
 768 0076 39       		.uleb128 0x39
 769 0077 01       		.byte	0x1
 770 0078 03       		.uleb128 0x3
 771 0079 08       		.uleb128 0x8
 772 007a 3A       		.uleb128 0x3a
 773 007b 0B       		.uleb128 0xb
 774 007c 3B       		.uleb128 0x3b
 775 007d 0B       		.uleb128 0xb
 776 007e 01       		.uleb128 0x1
 777 007f 13       		.uleb128 0x13
 778 0080 00       		.byte	0
 779 0081 00       		.byte	0
 780 0082 0B       		.uleb128 0xb
 781 0083 39       		.uleb128 0x39
 782 0084 00       		.byte	0
 783 0085 03       		.uleb128 0x3
 784 0086 0E       		.uleb128 0xe
 785 0087 3A       		.uleb128 0x3a
 786 0088 0B       		.uleb128 0xb
 787 0089 3B       		.uleb128 0x3b
 788 008a 05       		.uleb128 0x5
 789 008b 39       		.uleb128 0x39
 790 008c 0B       		.uleb128 0xb
 791 008d 8901     		.uleb128 0x89
 792 008f 19       		.uleb128 0x19
 793 0090 00       		.byte	0
 794 0091 00       		.byte	0
 795 0092 0C       		.uleb128 0xc
 796 0093 3A       		.uleb128 0x3a
 797 0094 00       		.byte	0
 798 0095 3A       		.uleb128 0x3a
ARM GAS  /tmp/ccZPpQTl.s 			page 15


 799 0096 0B       		.uleb128 0xb
 800 0097 3B       		.uleb128 0x3b
 801 0098 05       		.uleb128 0x5
 802 0099 39       		.uleb128 0x39
 803 009a 0B       		.uleb128 0xb
 804 009b 18       		.uleb128 0x18
 805 009c 13       		.uleb128 0x13
 806 009d 00       		.byte	0
 807 009e 00       		.byte	0
 808 009f 0D       		.uleb128 0xd
 809 00a0 08       		.uleb128 0x8
 810 00a1 00       		.byte	0
 811 00a2 3A       		.uleb128 0x3a
 812 00a3 0B       		.uleb128 0xb
 813 00a4 3B       		.uleb128 0x3b
 814 00a5 0B       		.uleb128 0xb
 815 00a6 39       		.uleb128 0x39
 816 00a7 0B       		.uleb128 0xb
 817 00a8 18       		.uleb128 0x18
 818 00a9 13       		.uleb128 0x13
 819 00aa 00       		.byte	0
 820 00ab 00       		.byte	0
 821 00ac 0E       		.uleb128 0xe
 822 00ad 39       		.uleb128 0x39
 823 00ae 01       		.byte	0x1
 824 00af 03       		.uleb128 0x3
 825 00b0 0E       		.uleb128 0xe
 826 00b1 3A       		.uleb128 0x3a
 827 00b2 0B       		.uleb128 0xb
 828 00b3 3B       		.uleb128 0x3b
 829 00b4 05       		.uleb128 0x5
 830 00b5 39       		.uleb128 0x39
 831 00b6 0B       		.uleb128 0xb
 832 00b7 01       		.uleb128 0x1
 833 00b8 13       		.uleb128 0x13
 834 00b9 00       		.byte	0
 835 00ba 00       		.byte	0
 836 00bb 0F       		.uleb128 0xf
 837 00bc 2E       		.uleb128 0x2e
 838 00bd 01       		.byte	0x1
 839 00be 3F       		.uleb128 0x3f
 840 00bf 19       		.uleb128 0x19
 841 00c0 03       		.uleb128 0x3
 842 00c1 0E       		.uleb128 0xe
 843 00c2 3A       		.uleb128 0x3a
 844 00c3 0B       		.uleb128 0xb
 845 00c4 3B       		.uleb128 0x3b
 846 00c5 0B       		.uleb128 0xb
 847 00c6 39       		.uleb128 0x39
 848 00c7 0B       		.uleb128 0xb
 849 00c8 49       		.uleb128 0x49
 850 00c9 13       		.uleb128 0x13
 851 00ca 00       		.byte	0
 852 00cb 00       		.byte	0
 853 00cc 10       		.uleb128 0x10
 854 00cd 34       		.uleb128 0x34
 855 00ce 00       		.byte	0
ARM GAS  /tmp/ccZPpQTl.s 			page 16


 856 00cf 03       		.uleb128 0x3
 857 00d0 0E       		.uleb128 0xe
 858 00d1 3A       		.uleb128 0x3a
 859 00d2 0B       		.uleb128 0xb
 860 00d3 3B       		.uleb128 0x3b
 861 00d4 0B       		.uleb128 0xb
 862 00d5 39       		.uleb128 0x39
 863 00d6 0B       		.uleb128 0xb
 864 00d7 49       		.uleb128 0x49
 865 00d8 13       		.uleb128 0x13
 866 00d9 00       		.byte	0
 867 00da 00       		.byte	0
 868 00db 00       		.byte	0
 869              		.section	.gnu.debuglto_.debug_line,"e",%progbits
 870              	.Ldebug_line0:
 871 0000 3B020000 		.4byte	.LELT0-.LSLT0
 872              	.LSLT0:
 873 0004 0400     		.2byte	0x4
 874 0006 35020000 		.4byte	.LELTP0-.LASLTP0
 875              	.LASLTP0:
 876 000a 01       		.byte	0x1
 877 000b 01       		.byte	0x1
 878 000c 01       		.byte	0x1
 879 000d F6       		.byte	0xf6
 880 000e F2       		.byte	0xf2
 881 000f 0D       		.byte	0xd
 882 0010 00       		.byte	0
 883 0011 01       		.byte	0x1
 884 0012 01       		.byte	0x1
 885 0013 01       		.byte	0x1
 886 0014 01       		.byte	0x1
 887 0015 00       		.byte	0
 888 0016 00       		.byte	0
 889 0017 00       		.byte	0
 890 0018 01       		.byte	0x1
 891 0019 00       		.byte	0
 892 001a 00       		.byte	0
 893 001b 01       		.byte	0x1
 894 001c 74686972 		.ascii	"third_party/ChibiOS/os/rt/include"
 894      645F7061 
 894      7274792F 
 894      43686962 
 894      694F532F 
 895 003d 00       		.byte	0
 896 003e 2F6F7074 		.ascii	"/opt/gcc-arm-none-eabi-10-2020-q4-major/arm-none-ea"
 896      2F676363 
 896      2D61726D 
 896      2D6E6F6E 
 896      652D6561 
 897 0071 62692F69 		.ascii	"bi/include/c++/10.2.1/arm-none-eabi/thumb/v7e-m+dp/"
 897      6E636C75 
 897      64652F63 
 897      2B2B2F31 
 897      302E322E 
 898 00a4 68617264 		.ascii	"hard/bits"
 898      2F626974 
 898      73
ARM GAS  /tmp/ccZPpQTl.s 			page 17


 899 00ad 00       		.byte	0
 900 00ae 2F6F7074 		.ascii	"/opt/gcc-arm-none-eabi-10-2020-q4-major/arm-none-ea"
 900      2F676363 
 900      2D61726D 
 900      2D6E6F6E 
 900      652D6561 
 901 00e1 62692F69 		.ascii	"bi/include/c++/10.2.1"
 901      6E636C75 
 901      64652F63 
 901      2B2B2F31 
 901      302E322E 
 902 00f6 00       		.byte	0
 903 00f7 2F6F7074 		.ascii	"/opt/gcc-arm-none-eabi-10-2020-q4-major/arm-none-ea"
 903      2F676363 
 903      2D61726D 
 903      2D6E6F6E 
 903      652D6561 
 904 012a 62692F69 		.ascii	"bi/include/machine"
 904      6E636C75 
 904      64652F6D 
 904      61636869 
 904      6E65
 905 013c 00       		.byte	0
 906 013d 2F6F7074 		.ascii	"/opt/gcc-arm-none-eabi-10-2020-q4-major/arm-none-ea"
 906      2F676363 
 906      2D61726D 
 906      2D6E6F6E 
 906      652D6561 
 907 0170 62692F69 		.ascii	"bi/include/sys"
 907      6E636C75 
 907      64652F73 
 907      7973
 908 017e 00       		.byte	0
 909 017f 2F6F7074 		.ascii	"/opt/gcc-arm-none-eabi-10-2020-q4-major/arm-none-ea"
 909      2F676363 
 909      2D61726D 
 909      2D6E6F6E 
 909      652D6561 
 910 01b2 62692F69 		.ascii	"bi/include"
 910      6E636C75 
 910      6465
 911 01bc 00       		.byte	0
 912 01bd 737263   		.ascii	"src"
 913 01c0 00       		.byte	0
 914 01c1 00       		.byte	0
 915 01c2 5F646566 		.ascii	"_default_types.h\000"
 915      61756C74 
 915      5F747970 
 915      65732E68 
 915      00
 916 01d3 04       		.uleb128 0x4
 917 01d4 00       		.uleb128 0
 918 01d5 00       		.uleb128 0
 919 01d6 5F737464 		.ascii	"_stdint.h\000"
 919      696E742E 
 919      6800
 920 01e0 05       		.uleb128 0x5
ARM GAS  /tmp/ccZPpQTl.s 			page 18


 921 01e1 00       		.uleb128 0
 922 01e2 00       		.uleb128 0
 923 01e3 73746469 		.ascii	"stdint.h\000"
 923      6E742E68 
 923      00
 924 01ec 06       		.uleb128 0x6
 925 01ed 00       		.uleb128 0
 926 01ee 00       		.uleb128 0
 927 01ef 63687469 		.ascii	"chtime.h\000"
 927      6D652E68 
 927      00
 928 01f8 01       		.uleb128 0x1
 929 01f9 00       		.uleb128 0
 930 01fa 00       		.uleb128 0
 931 01fb 74687265 		.ascii	"threads.hpp\000"
 931      6164732E 
 931      68707000 
 932 0207 07       		.uleb128 0x7
 933 0208 00       		.uleb128 0
 934 0209 00       		.uleb128 0
 935 020a 63737464 		.ascii	"cstdint\000"
 935      696E7400 
 936 0212 03       		.uleb128 0x3
 937 0213 00       		.uleb128 0
 938 0214 00       		.uleb128 0
 939 0215 632B2B63 		.ascii	"c++config.h\000"
 939      6F6E6669 
 939      672E6800 
 940 0221 02       		.uleb128 0x2
 941 0222 00       		.uleb128 0
 942 0223 00       		.uleb128 0
 943 0224 3C627569 		.ascii	"<built-in>\000"
 943      6C742D69 
 943      6E3E00
 944 022f 00       		.uleb128 0
 945 0230 00       		.uleb128 0
 946 0231 00       		.uleb128 0
 947 0232 6D61696E 		.ascii	"main.cpp\000"
 947      2E637070 
 947      00
 948 023b 00       		.uleb128 0
 949 023c 00       		.uleb128 0
 950 023d 00       		.uleb128 0
 951 023e 00       		.byte	0
 952              	.LELTP0:
 953              	.LELT0:
 954              		.section	.gnu.debuglto_.debug_str,"eMS",%progbits,1
 955              	.LASF71:
 956 0000 6465636C 		.ascii	"decltype(nullptr)\000"
 956      74797065 
 956      286E756C 
 956      6C707472 
 956      2900
 957              	.LASF18:
 958 0012 5F5F696E 		.ascii	"__int_least8_t\000"
 958      745F6C65 
 958      61737438 
ARM GAS  /tmp/ccZPpQTl.s 			page 19


 958      5F7400
 959              	.LASF30:
 960 0021 696E7438 		.ascii	"int8_t\000"
 960      5F7400
 961              	.LASF68:
 962 0028 474E5520 		.ascii	"GNU C++14 10.2.1 20201103 (release) -mcpu=cortex-m7"
 962      432B2B31 
 962      34203130 
 962      2E322E31 
 962      20323032 
 963 005b 202D6D74 		.ascii	" -mthumb -mfloat-abi=hard -mfpu=fpv5-d16 -march=arm"
 963      68756D62 
 963      202D6D66 
 963      6C6F6174 
 963      2D616269 
 964 008e 7637652D 		.ascii	"v7e-m+fp.dp -ggdb -O2 -fomit-frame-pointer -falign-"
 964      6D2B6670 
 964      2E647020 
 964      2D676764 
 964      62202D4F 
 965 00c1 66756E63 		.ascii	"functions=16 -ffunction-sections -fdata-sections -f"
 965      74696F6E 
 965      733D3136 
 965      202D6666 
 965      756E6374 
 966 00f4 6E6F2D63 		.ascii	"no-common -flto -fno-rtti\000"
 966      6F6D6D6F 
 966      6E202D66 
 966      6C746F20 
 966      2D666E6F 
 967              	.LASF37:
 968 010e 75696E74 		.ascii	"uint64_t\000"
 968      36345F74 
 968      00
 969              	.LASF8:
 970 0117 73686F72 		.ascii	"short int\000"
 970      7420696E 
 970      7400
 971              	.LASF27:
 972 0121 5F5F7569 		.ascii	"__uintmax_t\000"
 972      6E746D61 
 972      785F7400 
 973              	.LASF46:
 974 012d 696E745F 		.ascii	"int_least32_t\000"
 974      6C656173 
 974      7433325F 
 974      7400
 975              	.LASF56:
 976 013b 696E745F 		.ascii	"int_fast64_t\000"
 976      66617374 
 976      36345F74 
 976      00
 977              	.LASF74:
 978 0148 6D61696E 		.ascii	"main\000"
 978      00
 979              	.LASF13:
 980 014d 5F5F7569 		.ascii	"__uint32_t\000"
ARM GAS  /tmp/ccZPpQTl.s 			page 20


 980      6E743332 
 980      5F7400
 981              	.LASF9:
 982 0158 5F5F7569 		.ascii	"__uint16_t\000"
 982      6E743136 
 982      5F7400
 983              	.LASF49:
 984 0163 75696E74 		.ascii	"uint_least64_t\000"
 984      5F6C6561 
 984      73743634 
 984      5F7400
 985              	.LASF57:
 986 0172 75696E74 		.ascii	"uint_fast64_t\000"
 986      5F666173 
 986      7436345F 
 986      7400
 987              	.LASF36:
 988 0180 696E7436 		.ascii	"int64_t\000"
 988      345F7400 
 989              	.LASF31:
 990 0188 75696E74 		.ascii	"uint8_t\000"
 990      385F7400 
 991              	.LASF28:
 992 0190 5F5F696E 		.ascii	"__intptr_t\000"
 992      74707472 
 992      5F7400
 993              	.LASF41:
 994 019b 75696E74 		.ascii	"uintptr_t\000"
 994      7074725F 
 994      7400
 995              	.LASF48:
 996 01a5 696E745F 		.ascii	"int_least64_t\000"
 996      6C656173 
 996      7436345F 
 996      7400
 997              	.LASF61:
 998 01b3 626F6F6C 		.ascii	"bool\000"
 998      00
 999              	.LASF43:
 1000 01b8 75696E74 		.ascii	"uint_least8_t\000"
 1000      5F6C6561 
 1000      7374385F 
 1000      7400
 1001              	.LASF24:
 1002 01c6 5F5F696E 		.ascii	"__int_least64_t\000"
 1002      745F6C65 
 1002      61737436 
 1002      345F7400 
 1003              	.LASF62:
 1004 01d6 666C6F61 		.ascii	"float\000"
 1004      7400
 1005              	.LASF19:
 1006 01dc 5F5F7569 		.ascii	"__uint_least8_t\000"
 1006      6E745F6C 
 1006      65617374 
 1006      385F7400 
 1007              	.LASF0:
ARM GAS  /tmp/ccZPpQTl.s 			page 21


 1008 01ec 756E7369 		.ascii	"unsigned int\000"
 1008      676E6564 
 1008      20696E74 
 1008      00
 1009              	.LASF1:
 1010 01f9 6C6F6E67 		.ascii	"long long int\000"
 1010      206C6F6E 
 1010      6720696E 
 1010      7400
 1011              	.LASF17:
 1012 0207 6C6F6E67 		.ascii	"long long unsigned int\000"
 1012      206C6F6E 
 1012      6720756E 
 1012      7369676E 
 1012      65642069 
 1013              	.LASF12:
 1014 021e 6C6F6E67 		.ascii	"long int\000"
 1014      20696E74 
 1014      00
 1015              	.LASF15:
 1016 0227 5F5F696E 		.ascii	"__int64_t\000"
 1016      7436345F 
 1016      7400
 1017              	.LASF50:
 1018 0231 696E745F 		.ascii	"int_fast8_t\000"
 1018      66617374 
 1018      385F7400 
 1019              	.LASF5:
 1020 023d 5F5F7569 		.ascii	"__uint8_t\000"
 1020      6E74385F 
 1020      7400
 1021              	.LASF38:
 1022 0247 696E746D 		.ascii	"intmax_t\000"
 1022      61785F74 
 1022      00
 1023              	.LASF2:
 1024 0250 6C6F6E67 		.ascii	"long double\000"
 1024      20646F75 
 1024      626C6500 
 1025              	.LASF25:
 1026 025c 5F5F7569 		.ascii	"__uint_least64_t\000"
 1026      6E745F6C 
 1026      65617374 
 1026      36345F74 
 1026      00
 1027              	.LASF6:
 1028 026d 756E7369 		.ascii	"unsigned char\000"
 1028      676E6564 
 1028      20636861 
 1028      7200
 1029              	.LASF73:
 1030 027b 5F5F676E 		.ascii	"__gnu_cxx\000"
 1030      755F6378 
 1030      7800
 1031              	.LASF3:
 1032 0285 7369676E 		.ascii	"signed char\000"
 1032      65642063 
ARM GAS  /tmp/ccZPpQTl.s 			page 22


 1032      68617200 
 1033              	.LASF70:
 1034 0291 2F646174 		.ascii	"/data/Documents/BPRL_flight\000"
 1034      612F446F 
 1034      63756D65 
 1034      6E74732F 
 1034      4250524C 
 1035              	.LASF51:
 1036 02ad 75696E74 		.ascii	"uint_fast8_t\000"
 1036      5F666173 
 1036      74385F74 
 1036      00
 1037              	.LASF35:
 1038 02ba 75696E74 		.ascii	"uint32_t\000"
 1038      33325F74 
 1038      00
 1039              	.LASF63:
 1040 02c3 636F6E74 		.ascii	"control\000"
 1040      726F6C00 
 1041              	.LASF33:
 1042 02cb 75696E74 		.ascii	"uint16_t\000"
 1042      31365F74 
 1042      00
 1043              	.LASF64:
 1044 02d4 72616469 		.ascii	"radio\000"
 1044      6F00
 1045              	.LASF14:
 1046 02da 6C6F6E67 		.ascii	"long unsigned int\000"
 1046      20756E73 
 1046      69676E65 
 1046      6420696E 
 1046      7400
 1047              	.LASF54:
 1048 02ec 696E745F 		.ascii	"int_fast32_t\000"
 1048      66617374 
 1048      33325F74 
 1048      00
 1049              	.LASF66:
 1050 02f9 64656275 		.ascii	"debug\000"
 1050      6700
 1051              	.LASF39:
 1052 02ff 75696E74 		.ascii	"uintmax_t\000"
 1052      6D61785F 
 1052      7400
 1053              	.LASF52:
 1054 0309 696E745F 		.ascii	"int_fast16_t\000"
 1054      66617374 
 1054      31365F74 
 1054      00
 1055              	.LASF10:
 1056 0316 73686F72 		.ascii	"short unsigned int\000"
 1056      7420756E 
 1056      7369676E 
 1056      65642069 
 1056      6E7400
 1057              	.LASF67:
 1058 0329 5F5F6378 		.ascii	"__cxx11\000"
ARM GAS  /tmp/ccZPpQTl.s 			page 23


 1058      78313100 
 1059              	.LASF4:
 1060 0331 5F5F696E 		.ascii	"__int8_t\000"
 1060      74385F74 
 1060      00
 1061              	.LASF58:
 1062 033a 63686172 		.ascii	"char\000"
 1062      00
 1063              	.LASF47:
 1064 033f 75696E74 		.ascii	"uint_least32_t\000"
 1064      5F6C6561 
 1064      73743332 
 1064      5F7400
 1065              	.LASF55:
 1066 034e 75696E74 		.ascii	"uint_fast32_t\000"
 1066      5F666173 
 1066      7433325F 
 1066      7400
 1067              	.LASF34:
 1068 035c 696E7433 		.ascii	"int32_t\000"
 1068      325F7400 
 1069              	.LASF45:
 1070 0364 75696E74 		.ascii	"uint_least16_t\000"
 1070      5F6C6561 
 1070      73743136 
 1070      5F7400
 1071              	.LASF53:
 1072 0373 75696E74 		.ascii	"uint_fast16_t\000"
 1072      5F666173 
 1072      7431365F 
 1072      7400
 1073              	.LASF40:
 1074 0381 696E7470 		.ascii	"intptr_t\000"
 1074      74725F74 
 1074      00
 1075              	.LASF32:
 1076 038a 696E7431 		.ascii	"int16_t\000"
 1076      365F7400 
 1077              	.LASF59:
 1078 0392 73797369 		.ascii	"sysinterval_t\000"
 1078      6E746572 
 1078      76616C5F 
 1078      7400
 1079              	.LASF16:
 1080 03a0 5F5F7569 		.ascii	"__uint64_t\000"
 1080      6E743634 
 1080      5F7400
 1081              	.LASF42:
 1082 03ab 696E745F 		.ascii	"int_least8_t\000"
 1082      6C656173 
 1082      74385F74 
 1082      00
 1083              	.LASF44:
 1084 03b8 696E745F 		.ascii	"int_least16_t\000"
 1084      6C656173 
 1084      7431365F 
 1084      7400
ARM GAS  /tmp/ccZPpQTl.s 			page 24


 1085              	.LASF22:
 1086 03c6 5F5F696E 		.ascii	"__int_least32_t\000"
 1086      745F6C65 
 1086      61737433 
 1086      325F7400 
 1087              	.LASF29:
 1088 03d6 5F5F7569 		.ascii	"__uintptr_t\000"
 1088      6E747074 
 1088      725F7400 
 1089              	.LASF20:
 1090 03e2 5F5F696E 		.ascii	"__int_least16_t\000"
 1090      745F6C65 
 1090      61737431 
 1090      365F7400 
 1091              	.LASF26:
 1092 03f2 5F5F696E 		.ascii	"__intmax_t\000"
 1092      746D6178 
 1092      5F7400
 1093              	.LASF11:
 1094 03fd 5F5F696E 		.ascii	"__int32_t\000"
 1094      7433325F 
 1094      7400
 1095              	.LASF65:
 1096 0407 686F7573 		.ascii	"house\000"
 1096      6500
 1097              	.LASF7:
 1098 040d 5F5F696E 		.ascii	"__int16_t\000"
 1098      7431365F 
 1098      7400
 1099              	.LASF23:
 1100 0417 5F5F7569 		.ascii	"__uint_least32_t\000"
 1100      6E745F6C 
 1100      65617374 
 1100      33325F74 
 1100      00
 1101              	.LASF69:
 1102 0428 6D61696E 		.ascii	"main.cpp\000"
 1102      2E637070 
 1102      00
 1103              	.LASF72:
 1104 0431 54687265 		.ascii	"ThreadRates\000"
 1104      61645261 
 1104      74657300 
 1105              	.LASF21:
 1106 043d 5F5F7569 		.ascii	"__uint_least16_t\000"
 1106      6E745F6C 
 1106      65617374 
 1106      31365F74 
 1106      00
 1107              	.LASF75:
 1108 044e 6B526174 		.ascii	"kRates\000"
 1108      657300
 1109              	.LASF60:
 1110 0455 74696D65 		.ascii	"time_conv_t\000"
 1110      5F636F6E 
 1110      765F7400 
 1111              		.text
ARM GAS  /tmp/ccZPpQTl.s 			page 25


 1112              		.section	.gnu.lto_.odr_types.ff840208a01a6982,"e",%progbits
 1113 0000 789C35CB 		.ascii	"x\2345\3131\016\001A\024\306\3617(\266\"B\251\020\007"
 1113      310E0141 
 1113      14C6F137 
 1113      28B62242 
 1113      A91007
 1114 0013 D88944A2 		.ascii	"\330\211D\242G\242\221\020\0160\031\263\303<\331\235"
 1114      47A29110 
 1114      0E3019B3 
 1114      C33CD99D 
 1115 0023 9599B7C5 		.ascii	"\225\231\267\305\272\211H$.\241r\005\275ht\032\227`"
 1115      BA894824 
 1115      2EA17205 
 1115      BD68741A 
 1115      9760
 1116 0035 83AFFBFD 		.ascii	"\203\257\373\375\223\257\015\000'\370\216\261J#`\320"
 1116      93AF0D00 
 1116      27F88EB1 
 1116      4A2360D0 
 1117 0045 0918EB07 		.ascii	"\011\030\353\007\2544\016X\371\361\272\035/\207\363"
 1117      AC340E58 
 1117      F9F1BA1D 
 1117      2F87F3
 1118 0054 B5FBBCEF 		.ascii	"\265\373\274\357\373\365n\317\347\236t\"<I\322\202\240"
 1118      FBF56ECF 
 1118      E79E7422 
 1118      3C49D282 
 1118      A0
 1119 0065 AA8CF824 		.ascii	"\252\214\370$\221Y\264H\320\374\261\000\312\030wh\327"
 1119      9159B448 
 1119      D0FCB100 
 1119      CA187768 
 1119      D7
 1120 0076 50FB4597 		.ascii	"P\373E\227Y[\370\37712&\035A\213G\222$\037\245*K\264"
 1120      595BF8FF 
 1120      3132261D 
 1120      418B4792 
 1120      241FA52A 
 1121 008c 25CF07B3 		.ascii	"%\317\007\263\371D\254b\\\033\202\220\014\272Hl\245"
 1121      F944AC62 
 1121      5C1B8290 
 1121      0CBA486C 
 1121      A5
 1122 009d A39C0F0D 		.ascii	"\243\234\017\015.q\272\340\251\347\2168Z\025g\221\346"
 1122      2E71BAE0 
 1122      A9E78E38 
 1122      5A156791 
 1122      E6
 1123 00ae CAA4CB8D 		.ascii	"\312\244\313\215V\344C\003o\262\312E\037"
 1123      56E44303 
 1123      6FB2CA45 
 1123      1F
 1124              		.text
 1125              		.section	.gnu.lto_.profile.ff840208a01a6982,"e",%progbits
 1126 0000 789C6362 		.ascii	"x\234cb\000\001\000\000\022\000\003"
 1126      00010000 
 1126      120003
ARM GAS  /tmp/ccZPpQTl.s 			page 26


 1127              		.text
 1128              		.section	.gnu.lto_.icf.ff840208a01a6982,"e",%progbits
 1129 0000 789CE363 		.ascii	"x\234\343c@\000&\206_\357\232^01\276i;{\210\217\001"
 1129      40002686 
 1129      5FEF9A5E 
 1129      3031BE69 
 1129      3B7B888F 
 1130 0015 0032A306 		.ascii	"\0002\243\006u"
 1130      75
 1131              		.text
 1132              		.section	.gnu.lto_.ipa_sra.ff840208a01a6982,"e",%progbits
 1133 0000 789C1365 		.ascii	"x\234\023e@\000F\006\006f \201\012\001\003i\000\""
 1133      40004606 
 1133      06662081 
 1133      0A010369 
 1133      0022
 1134              		.text
 1135              		.section	.gnu.lto_.inline.ff840208a01a6982,"e",%progbits
 1136 0000 789C0B63 		.ascii	"x\234\013c@\000F\006\006\236\313\377\367/g\312ed`b`"
 1136      40004606 
 1136      069ECBFF 
 1136      F72F67CA 
 1136      65646062 
 1137 0015 686C6868 		.ascii	"hlhh\250c``\2010\230@B\014L\334\214 uL\334`\345\214"
 1137      A8636060 
 1137      81309840 
 1137      420C4CDC 
 1137      8C20754C 
 1138 002d 5C606D78 		.ascii	"\\`mxI\006\000\232\007\011s"
 1138      4906009A 
 1138      070973
 1139              		.text
 1140              		.section	.gnu.lto_.jmpfuncs.ff840208a01a6982,"e",%progbits
 1141 0000 789CF362 		.ascii	"x\234\363b@\000F fb\232\304\274\204\231\201q\3029 \377"
 1141      40004620 
 1141      66629AC4 
 1141      BC849981 
 1141      71C23920 
 1142 0015 000B8806 		.ascii	"\000\013\210\006\222@q\346\025\314\020\021\020\377\317"
 1142      924071E6 
 1142      15CC1011 
 1142      10FFCF
 1143 0024 FFFFFFF9 		.ascii	"\377\377\377\371\031\301J\031\031\031!\324\177\220\030"
 1143      19C14A19 
 1143      191921D4 
 1143      7F9018
 1144 0033 D424008D 		.ascii	"\324$\000\215M\022\242"
 1144      4D12A2
 1145              		.text
 1146              		.section	.gnu.lto_.pureconst.ff840208a01a6982,"e",%progbits
 1147 0000 789C6361 		.ascii	"x\234ca```d\330\301\002\000\001\240\000\302"
 1147      60606064 
 1147      D8C10200 
 1147      01A000C2 
 1148              		.text
 1149              		.section	.gnu.lto_.lto.ff840208a01a6982,"e",%progbits
 1150 0000 09000200 		.ascii	"\011\000\002\000\001\000\000\000"
ARM GAS  /tmp/ccZPpQTl.s 			page 27


 1150      01000000 
 1151              		.text
 1152              		.section	.gnu.lto__ZZ4mainE6kRates.432.ff840208a01a6982,"e",%progbits
 1153 0000 789CAB60 		.ascii	"x\234\253````d\200\2009\314\214\223\230\227030\276`"
 1153      60606064 
 1153      808039CC 
 1153      8C939897 
 1153      303330BE 
 1154 0015 87332FF0 		.ascii	"\2073/\360\303\231'\030\341L\0218\353\011B\027\227e"
 1154      C3992718 
 1154      E14C1138 
 1154      EB094217 
 1154      9765
 1155 0027 534743C2 		.ascii	"SGC\302\022f\306\271@\316N \311\010&\231\030\267\003"
 1155      1266C6B9 
 1155      40CE4E20 
 1155      C9082699 
 1155      18B703
 1156 003a 4966C61D 		.ascii	"If\306\035@\222\005\314fe\334\006$\331\030\267\002I"
 1156      409205CC 
 1156      6665DC06 
 1156      24D918B7 
 1156      0249
 1157 004c 76C62D8C 		.ascii	"v\306-\214\014\0007\303\034\357"
 1157      0C0037C3 
 1157      1CEF
 1158              		.text
 1159              		.section	.gnu.lto_main.433.ff840208a01a6982,"e",%progbits
 1160 0000 789C5D91 		.ascii	"x\234]\221=H\303P\024\205\357\311\315\217m]\2739t\324"
 1160      3D48C350 
 1160      1485EFC9 
 1160      CD8F6D5D 
 1160      BB3974D4 
 1161 0014 C5E22482 		.ascii	"\305\342$\202B\021G\007Q:\211H\251\177\005[\013\326"
 1161      42114707 
 1161      513A8948 
 1161      A97F055B 
 1161      0BD6
 1162 0026 D9271611 		.ascii	"\331'\026\021\227\3769\226\322!H7\027E\034\244\025\244"
 1162      97FE3996 
 1162      D2214837 
 1162      17451CA4 
 1162      15A4
 1163 0038 63076771 		.ascii	"c\007gq\020\024q\251\213TQ\320\367\222\264\001\003/"
 1163      101471A9 
 1163      8B5451D0 
 1163      F792B401 
 1163      032F
 1164 004a 39C977EE 		.ascii	"9\311w\356\275\357\235t@4JD1\271`\020\312\245\023\215"
 1164      BDEF9D74 
 1164      40344A44 
 1164      31B96010 
 1164      CAA5138D 
 1165 005e 8410314B 		.ascii	"\204\0201KC\245\024t\024\343\324S:*\023\216\000\355"
 1165      43A51474 
 1165      14E3D453 
 1165      3A2A138E 
ARM GAS  /tmp/ccZPpQTl.s 			page 28


 1165      00ED
 1166 0070 6BAC43DE 		.ascii	"k\254C\336\250\177\201*\\e\224\331f\202\356) 2&\013"
 1166      A87F812A 
 1166      5C6594D9 
 1166      6682EE29 
 1166      2032260B 
 1167 0084 3E9F0B0F 		.ascii	">\237\013\017\323\325FK\267Y\243\232\344\227\300\005"
 1167      D3D5464B 
 1167      B759A39A 
 1167      E497C005 
 1168 0094 DC3A93D4 		.ascii	"\334:\223\324\027\247\001\241\301t~o\264\304\317oA\210"
 1168      17A701A1 
 1168      C1747E6F 
 1168      B4C4CF6F 
 1168      4188
 1169 00a6 6EF86532 		.ascii	"n\370e2DT`\272\353\036\033\020-\242\"k\216>\220\372"
 1169      445460BA 
 1169      EB1E1B10 
 1169      2DA2226B 
 1169      8E3E90FA 
 1170 00ba 0DE2E926 		.ascii	"\015\342\351&\216+\320;\016\353S\224\207f3\327X\366"
 1170      8E2BD03B 
 1170      0EEB5394 
 1170      876633D7 
 1170      58F6
 1171 00cc B1597770 		.ascii	"\261Ywp3\354\260\231\001\323|\366\341\262\225\001c\237"
 1171      33ECB099 
 1171      01D37CF6 
 1171      E1B29501 
 1171      639F
 1172 00de F55CB63C 		.ascii	"\365\\\266<`\272\317\276\\\2664`\206\317\276\3773\323"
 1172      60BACFBE 
 1172      5CB63460 
 1172      86CFBEFF 
 1172      33D3
 1173 00f0 67D76DCD 		.ascii	"g\327m\315y>\232\322\223\257\307]\217Qc\213\310K\313"
 1173      793E9AD2 
 1173      93AFC75D 
 1173      8F51638B 
 1173      C84BCB
 1174 0103 84527998 		.ascii	"\204Ry\230R\312$\324\313\031df\026Z@\023\262\342H\210"
 1174      52CA24D4 
 1174      CB196466 
 1174      165A4013 
 1174      B2E24888 
 1175 0117 D7B032DE 		.ascii	"\327\2602\336B\036\334\346!R\231\260\214X\350*\0248"
 1175      421EDCE6 
 1175      215299B0 
 1175      8C58E82A 
 1175      1438
 1176 0129 27F326F5 		.ascii	"'\363&\365\332\303jT\304\235\024\250)\267\032\023D\261"
 1176      DAC36A54 
 1176      C49D14A8 
 1176      29B71A13 
 1176      44B1
 1177 013b 23B715A2 		.ascii	"#\267\025\242\276Ye\254\273= %\310R\377c$\272\226\310"
 1177      BE5965AC 
ARM GAS  /tmp/ccZPpQTl.s 			page 29


 1177      BB3D2025 
 1177      C852FF63 
 1177      24BA96C8 
 1178 014f 25A2733B 		.ascii	"%\242s;\311\275\364z&\267\033\235]X\234_\335\330Nmn"
 1178      C9BDF47A 
 1178      26B71B9D 
 1178      5D589C5F 
 1178      DDD84E6D 
 1179 0164 E528904E 		.ascii	"\345(\220N\2442\343\311l\226\376\000\326\"\240\301"
 1179      A432E3C9 
 1179      6C96FE00 
 1179      D622A0C1 
 1180              		.text
 1181              		.section	.gnu.lto_.symbol_nodes.ff840208a01a6982,"e",%progbits
 1182 0000 789C75D0 		.ascii	"x\234u\320\273\015\002A\014E\3217\363fv\227\214\016"
 1182      BB0D0241 
 1182      0C45D137 
 1182      F3667697 
 1182      8C0E
 1183 0012 E8858AE8 		.ascii	"\350\205\212\350\300FB\200\210(\205\377/C\232\230*\310"
 1183      C0464280 
 1183      882885FF 
 1183      2F439A98 
 1183      2AC8
 1184 0024 290176C7 		.ascii	")\001v\307\244vvu,\007\236\005\000qOA\371\254s\330\276"
 1184      A4767675 
 1184      2C079E05 
 1184      00714F41 
 1184      F9AC73D8 
 1185 0039 00011EFA 		.ascii	"\000\001\036\372\214\030\004\310;B\247\000\303\235\022"
 1185      8C1804C8 
 1185      3B42A700 
 1185      C39D12
 1186 0048 BEFF99D4 		.ascii	"\276\377\231\324M@U\207\265p\243D\317\256\024zv\241"
 1186      4D405587 
 1186      B570A344 
 1186      CFAE147A 
 1186      76A1
 1187 005a 24CFCE94 		.ascii	"$\317\316\224\354\331\211\322xv\244\264\236\035(\235"
 1187      ECD989D2 
 1187      7876A4B4 
 1187      9E1D289D 
 1188 006a 63C4A8BE 		.ascii	"c\304\250\276\240\014Mt5\026\363\032\255\211Ec\262T"
 1188      A00C4D74 
 1188      3516F31A 
 1188      AD894563 
 1188      B254
 1189 007c 1D13D9C4 		.ascii	"\035\023\331\304\"\231\254j\260\306\333\"\366G5\205"
 1189      2299AC6A 
 1189      B0C6DB22 
 1189      F6473585 
 1190 008c B2E90B3F 		.ascii	"\262\351\013?\351O\216\351"
 1190      E94F8EE9 
 1191              		.text
 1192              		.section	.gnu.lto_.refs.ff840208a01a6982,"e",%progbits
 1193 0000 789C6367 		.ascii	"x\234cg```d`b\344g`\000\000\000\232\000\033"
 1193      60606064 
ARM GAS  /tmp/ccZPpQTl.s 			page 30


 1193      6062E467 
 1193      60000000 
 1193      9A001B
 1194              		.text
 1195              		.section	.gnu.lto_.decls.ff840208a01a6982,"e",%progbits
 1196 0000 789C8D95 		.ascii	"x\234\215\225]p\023U\024\307\357\331\273i\222m!\241"
 1196      5D701355 
 1196      14C7EFD9 
 1196      BB69926D 
 1196      21A1
 1197 0012 04F081C1 		.ascii	"\004\360\201\301\350\350\020E\033\022\030\320\267*\212"
 1197      E8E81045 
 1197      1B1218D0 
 1197      B72A8A
 1198 0021 38283280 		.ascii	"8(2\200\343L}\210!\033M\306\266\311$[F|q\031\313\300"
 1198      E34C7D88 
 1198      211B4DC6 
 1198      B6C9245B 
 1198      467C7119 
 1199 0037 A0167498 		.ascii	"\240\026t\230\016(j\305\031\355\203\037UA\003(\204\026"
 1199      0E286AC5 
 1199      19ED831F 
 1199      55410328 
 1199      8416
 1200 0049 A5022D94 		.ascii	"\245\002-\224\357B\201\002\002\341\243R\264\224\012"
 1200      EF428102 
 1200      02E1A352 
 1200      B4940A
 1201 0058 423DF7DE 		.ascii	"B=\367\336\315&\2418z;gws\357\357\177\316=g\357\236"
 1201      CD26A138 
 1201      7A3B6777 
 1201      73EFEF7F 
 1201      CE3D67EF 
 1202 006d FA6C84D4 		.ascii	"\372l\204\324K\204\270\200\220A\034\224\020\322\201"
 1202      4B84B880 
 1202      90411C94 
 1202      10D281
 1203 007c 86536403 		.ascii	"\206Sd\003\332A\"\206\035\355\030\332I\264\013h\277"
 1203      DA412286 
 1203      1DED18DA 
 1203      49B40B68 
 1203      BF
 1204 008d A35D41EB 		.ascii	"\243]A\353C\273\206\366\027\332\0154tCn\221\302q\023"
 1204      43BB86F6 
 1204      17DA0D34 
 1204      74436E91 
 1204      C27113
 1205 00a0 72FE76A2 		.ascii	"r\376v\242aH\262\033\255\035m\017Z\033\332>\264\275"
 1205      6148B21B 
 1205      AD1D6D0F 
 1205      5A1BDA3E 
 1205      B4BD
 1206 00b2 68FB8DF8 		.ascii	"h\373\215\370w\032\233\320O\011\336K\321\\h\025h\203"
 1206      771A9BD0 
 1206      4F09DE4B 
 1206      D15C6815 
 1206      6883
ARM GAS  /tmp/ccZPpQTl.s 			page 31


 1207 00c4 683D4404 		.ascii	"h=D\004f{=\200v\236\375\004\021\257\373\266\375\337"
 1207      667B3D80 
 1207      769EFD04 
 1207      11AFFBB6 
 1207      FDDF
 1208 00d6 30F67ACD 		.ascii	"0\366z\315\330\373\025#\227\013Fnw\332\377{\024\306"
 1208      D8FB1523 
 1208      970B466E 
 1208      77DAFF7B 
 1208      14C6
 1209 00e8 032B8E83 		.ascii	"\003+\216\203?\021*\261\251R\220\361\352\002\367\007"
 1209      3F112AB1 
 1209      A95290F1 
 1209      EA02F707 
 1210 00f8 546A6F4D 		.ascii	"TjoM\367\017W\322\272\336\253\247k\355\004R\000?\000"
 1210      F70F57D2 
 1210      BADEABA7 
 1210      6BED0452 
 1210      003F00
 1211 010b 81EF01C6 		.ascii	"\201\357\001\306\023X\017\260\016\270\340.\352\024J"
 1211      13580FB0 
 1211      0EB8E02E 
 1211      EA144A
 1212 011a 271D4DE8 		.ascii	"'\035M\350X\361l\243\367\021\352!\364!B'\022:\231xu"
 1212      58F16CA3 
 1212      F711EA21 
 1212      F4214227 
 1212      123A9978 
 1213 012f 3ED6DE4D 		.ascii	">\326\336M`\033\360\3703\212\351\213\204F\005\356\346"
 1213      601BF0F8 
 1213      338AE98B 
 1213      844605EE 
 1213      E6
 1214 0140 417589D6 		.ascii	"Au\211\326\220\017\250+ub\365\372\341#=\367\031\003"
 1214      900FA82B 
 1214      7562F5FA 
 1214      E1233DF7 
 1214      1903
 1215 0152 75B5FAD2 		.ascii	"u\265\372\322\264L\340W\200V\334\301.\200\235\000?\003"
 1215      B44CE057 
 1215      8056DCC1 
 1215      2E809D00 
 1215      3F03
 1216 0164 EC066807 		.ascii	"\354\006h\007\330\003\320\006\260\017`/\300~\200\016"
 1216      D803D006 
 1216      B00F602F 
 1216      C07E800E 
 1217 0174 E61F3503 		.ascii	"\346\0375\003\327\226t\235*\275\213\241\333\031\315"
 1217      D796749D 
 1217      2ABD8BA1 
 1217      DB19CD
 1218 0183 EBF90B10 		.ascii	"\353\371\013\020\226\320\356\203\275\266\3264\300\006"
 1218      96D0EE83 
 1218      BDB6D634 
 1218      C006
 1219 0191 80347726 		.ascii	"\2004w&r#\260\205]R\034jjK\325\352\366\022\3064\027"
 1219      7223B085 
ARM GAS  /tmp/ccZPpQTl.s 			page 32


 1219      5D521C6A 
 1219      6A4BD5EA 
 1219      F612C634 
 1220 01a6 30DE1CB2 		.ascii	"0\336\034\262\313DZ\206 >N\264\233\304\326\241\201\004"
 1220      CB445A86 
 1220      203E4EB4 
 1220      9BC4D6A1 
 1220      8104
 1221 01b8 72D44476 		.ascii	"r\324Dv\024 \033\363\366\322i2?\0250?\3461\207Mf\363"
 1221      14201BF3 
 1221      F6D26932 
 1221      3F15303F 
 1221      E631874D 
 1222 01ce 5046843A 		.ascii	"PF\204:b\"\233\206\206\362a\355\245\317\256^\326\345"
 1222      62229B86 
 1222      86F261ED 
 1222      A5CFAE5E 
 1222      D6E5
 1223 01e0 91ACE4E9 		.ascii	"\221\254\344\351\374\222o\377\357\222\243x[\252\241"
 1223      FC926FFF 
 1223      EF92A378 
 1223      5BAAA1
 1224 01ef BEB8849F 		.ascii	"\276\270\204\237\230\206f\031\016\344\002\034\004\016"
 1224      98866619 
 1224      0EE4021C 
 1224      040E
 1225 01fd 746CAEDD 		.ascii	"tl\256\335[|\006\370\207#\253\000px\012^\024RA\211K"
 1225      5B7C06F8 
 1225      8723AB00 
 1225      70780A5E 
 1225      14524189 
 1226 0212 9774A948 		.ascii	"\227t\251H\245\222B\025\252*\2550\316\323G\313m\222"
 1226      A5924215 
 1226      AA2AAD30 
 1226      CED347CB 
 1226      6D92
 1227 0224 C7A1D81A 		.ascii	"\307\241\330\032[\300\251Xl\222\224\261\252\212\347"
 1227      5BC0A958 
 1227      6C9294B1 
 1227      AA8AE7
 1228 0233 3A7C2135 		.ascii	":|!5\024\271\313uY}{T\306\252K+f\271&\225\3435cm\005"
 1228      14B9CB75 
 1228      597D7B54 
 1228      C6AA4B2B 
 1228      66B92695 
 1229 024c 1555B365 		.ascii	"\025U\263e\233\023\2372V\245\2176\274S\244\266IK\307"
 1229      9B139F32 
 1229      56A58F36 
 1229      BC53A4B6 
 1229      494BC7
 1230 025f 63168AEA 		.ascii	"c\026\212\352wab\3456\3338G3m\246\323\361\243\2655}"
 1230      776162E5 
 1230      36DB3847 
 1230      336DA6D3 
 1230      F1A3B535 
 1231 0274 354AC958 		.ascii	"5J\311X\035\350\302\243\272\235\252\333\321\012\026"
 1231      1DE8C2A3 
ARM GAS  /tmp/ccZPpQTl.s 			page 33


 1231      BA9DAADB 
 1231      D10A16
 1232 0283 55555C78 		.ascii	"UU\\xvU\024\370\313%\005=\313\266V\360S(\361\353'/\216"
 1232      765514F8 
 1232      CB25053D 
 1232      CBB656F0 
 1232      5328F1EB 
 1233 029a 512C8A7D 		.ascii	"Q,\212}\234\333C\210J\246K\350\227\016f\007X1\246\232"
 1233      9CDB4388 
 1233      4AA64BE8 
 1233      970E6607 
 1233      5831A69A 
 1234 02ae FB09E051 		.ascii	"\373\011\340Q$\277Dgf\254\330,$7\236K\331VR\002:\336"
 1234      24BF4467 
 1234      66ACD82C 
 1234      24379E4B 
 1234      D9565202 
 1235 02c4 EC8199EA 		.ascii	"\354\201\231\352l\277B2V\011\227\\2\236~\310)\225\""
 1235      6CBF4232 
 1235      5609975C 
 1235      329E7EC8 
 1235      299522
 1236 02d7 FCD83B2D 		.ascii	"\374\330;-Xy\376\307.`\\X\023\000\243\261e\303\210\201"
 1236      5879FEC7 
 1236      2E605C58 
 1236      1300A3B1 
 1236      65C38881 
 1237 02eb F3924133 		.ascii	"\363\222A3\004\004\235\275\221,\205\3457\374HF/\000"
 1237      04049DBD 
 1237      912C85E5 
 1237      37FC4846 
 1237      2F00
 1238 02fd A13182B0 		.ascii	"\2411\202\260k\236s\023\021\217y\321\004+\000Sk<\262"
 1238      6B9E7313 
 1238      118F79D1 
 1238      042B0053 
 1238      6B3CB2
 1239 0310 183C8844 		.ascii	"\030<\210D \247\341\272\202\215\023R\260\311l8\222\365"
 1239      20A7E1BA 
 1239      828D1352 
 1239      B0C96C38 
 1239      92F5
 1240 0322 2F0ED6C7 		.ascii	"/\016\326\307\233\017\275~\026\313\246\367\325\337\264"
 1240      9B0FBD7E 
 1240      16CBA6F7 
 1240      D5DFB4
 1241 0331 80734539 		.ascii	"\200sE9\001\212\307\222\367\016\211\367\016'R\227j\337"
 1241      018AC792 
 1241      F70E89F7 
 1241      0E275297 
 1241      6ADF
 1242 0343 BB5C3406 		.ascii	"\273\\4\006\251K\272\356\202\0128\012p\204\005\350B"
 1242      A94BBAEE 
 1242      820A380A 
 1242      708405E8 
 1242      42
 1243 0354 DF31EE67 		.ascii	"\3371\356g\240\277\277C\2767\265B\037\330X\327\265\314"
ARM GAS  /tmp/ccZPpQTl.s 			page 34


 1243      A0BFBF43 
 1243      BE37B542 
 1243      1FD858D7 
 1243      B5CC
 1244 0366 AA37B2F3 		.ascii	"\2527\262\363\200\353\320iv\210N\204\017\003\034\202"
 1244      80EBD069 
 1244      76884E84 
 1244      0F031C82 
 1245 0376 19576DF4 		.ascii	"\031Wm\364\0200\325\276\257\373;m2[\304\017'\206\023"
 1245      1030D5BE 
 1245      AFFB3B6D 
 1245      325BC40F 
 1245      278613
 1246 0389 278EF6AD 		.ascii	"'\216\366\255.6\003E\314@\335\250=!N\372\247\373\227"
 1246      2E360345 
 1246      CC40DDA8 
 1246      3D214EFA 
 1246      A7FB97
 1247 039c EF97EF5D 		.ascii	"\357\227\357]\205mh\345\362eo\025\255\321\233%\\\206"
 1247      856D68E5 
 1247      F2656F15 
 1247      ADD19B25 
 1247      5C86
 1248 03ae E3669CE3 		.ascii	"\343f\234\343\374F\337\225\010\375VB\205\\\267\376\303"
 1248      FC46DF95 
 1248      08FD5642 
 1248      855CB7FE 
 1248      C3
 1249 03bf 2B8E911E 		.ascii	"+\216\221\036\336'\227\246\005t\006\3407C\201\263\251"
 1249      DE2797A6 
 1249      057406E0 
 1249      374381B3 
 1249      A9
 1250 03d0 DE653309 		.ascii	"\336e3\011\233(\350g\030l\345'\207\246\262oVOg\205\333"
 1250      9B28E867 
 1250      186CE527 
 1250      87A6B26F 
 1250      564F6785 
 1251 03e5 73425C3F 		.ascii	"sB\\?\263\270q\253}\230\371]\236\315}\227\347\304n?"
 1251      B3B871AB 
 1251      7D98F95D 
 1251      9ECD7D97 
 1251      E7C46E3F 
 1252 03f9 DF51FF8D 		.ascii	"\337Q\377\215\203gxNd\330\270\343L\227\375\016\031\236"
 1252      8367784E 
 1252      64D8B8E3 
 1252      4C97FD0E 
 1252      199E
 1253 040b C70C3342 		.ascii	"\307\0143B\263i\365\361\003%,\303\336\314\333K\322N"
 1253      B369F5F1 
 1253      03252CC3 
 1253      DECCDB4B 
 1253      D24E
 1254 041d 09D7E0B4 		.ascii	"\011\327\340\264\271\261S\"\2754\246\267\227\245'-\331"
 1254      B9B15322 
 1254      BD34A6B7 
 1254      97A5272D 
ARM GAS  /tmp/ccZPpQTl.s 			page 35


 1254      D9
 1255 042e 54B753B9 		.ascii	"T\267S\271\203\307\036\363\345t\\\275\260n8s\230\272"
 1255      83C71EF3 
 1255      E5745CBD 
 1255      B06E3873 
 1255      98BA
 1256 0440 55FFE523 		.ascii	"U\377\345#X\257\036\200K\246\303\213\302\341\025t\370"
 1256      58AF1E80 
 1256      4BA6C38B 
 1256      C2E11574 
 1256      F8
 1257 0451 266578EF 		.ascii	"&ex\357\272\316&\201\357y\277\325\300{M\374\262\300"
 1257      BACE2681 
 1257      EF79BFD5 
 1257      C07B4DFC 
 1257      B2C0
 1258 0463 D7524253 		.ascii	"\327RBS\034_\\w\366%\376>\276\375\250\261\316\332\340"
 1258      1C5F5C77 
 1258      F625FE3E 
 1258      BEFDA8B1 
 1258      CEDAE0
 1259 0476 61F89F26 		.ascii	"a\370\237&\376\207\300\217!\336\307\361\276\215m\007"
 1259      FE87C08F 
 1259      21DEC7F1 
 1259      BE8D6D07 
 1260 0486 80F187D7 		.ascii	"\200\361\207\327\234\3526\274\367\233\370U\201\257\222"
 1260      9CEA36BC 
 1260      F79BF855 
 1260      81AF92
 1261 0495 19BA6BF1 		.ascii	"\031\272k\361\251?%\361\252Ow\177w\317\3267\205\363"
 1261      A93F25F1 
 1261      AA4F777F 
 1261      77CFD637 
 1261      85F3
 1262 04a7 01931E10 		.ascii	"\001\223\036\020t\033\247\227\354{\253\215\323\251#"
 1262      741BA797 
 1262      EC7BAB8D 
 1262      D3A923
 1263 04b6 679BDEE0 		.ascii	"g\233\336\340\347\002\341\353&|]\300\2032\241+,\344"
 1263      E702E1EB 
 1263      267C5DC0 
 1263      8332A12B 
 1263      2CE4
 1264 04c8 FE95FCAC 		.ascii	"\376\225\374\254\256iq,\302\177\302n\326Ro\002\034\003"
 1264      AE69712C 
 1264      C27FC26E 
 1264      D6526F02 
 1264      1C03
 1265 04da A32F13F8 		.ascii	"\243/\023\370\033\240z\306\";:\336\321\325t\303\226"
 1265      1BA07AC6 
 1265      223B3ADE 
 1265      D1D574C3 
 1265      96
 1266 04eb 6BBE3DB9 		.ascii	"k\276=\271\227<(^X\243\376\353\226\274\356|>\007\350"
 1266      973C285E 
 1266      58A3FEEB 
 1266      96BCEE7C 
ARM GAS  /tmp/ccZPpQTl.s 			page 36


 1266      3E07E8
 1267 04fe 1207DA5B 		.ascii	"\022\007\332[\216\367\320\034\320\235\003\026\261N1"
 1267      8EF7D01C 
 1267      D09D0316 
 1267      B14E31
 1268 050d 2CB93019 		.ascii	",\2710\031\255\326\302\211\005\301\312\200f\211\304"
 1268      ADD6C289 
 1268      05C1CA80 
 1268      6689C4
 1269 051c 6A92614B 		.ascii	"j\222aK\"\250Fc\326P\254ZK\304*i\324\037\242\341\244"
 1269      22A84663 
 1269      D650AC5A 
 1269      4BC42A69 
 1269      D41FA2E1 
 1270 0531 4643C16A 		.ascii	"FC\301j\232\214GmU\301huY(\036W\236\232\365\274{\332"
 1270      9A8C476D 
 1270      55C16875 
 1270      59281E57 
 1270      9E9AF5BC 
 1271 0547 8409BEC9 		.ascii	"\204\011\276\311\2444;W6i\276\357\321\340\304G&\222"
 1271      A4343B57 
 1271      3669BEEF 
 1271      D1E0C447 
 1271      2692
 1272 0559 613EDFBC 		.ascii	"a>\337\274H\"\034T\347\004\265p\2628\357\331\242\206"
 1272      48221C54 
 1272      E704B570 
 1272      B238EFD9 
 1272      A286
 1273 056b E7D7BC32 		.ascii	"\347\327\2742\326\253\006\265\240\367\211X\250\246*"
 1273      D6AB06B5 
 1273      A0F78958 
 1273      A8A62A
 1274 057a 5CAD25BD 		.ascii	"\\\255%\275\217\317\236\363L\340\345\312\350+\021\215"
 1274      8FCF9EF3 
 1274      4CE0E5CA 
 1274      E82B118D 
 1275 058a 38938990 		.ascii	"8\223\211\220W\343\222dY$\036'\3247\2058\202\211\252"
 1275      57E39264 
 1275      59241E27 
 1275      D4378538 
 1275      8289AA
 1276 059d 0553C30F 		.ascii	"\005S\303\017WMx9^\246\306\211\022\212%\264\360k\017"
 1276      574D7839 
 1276      5EA6C689 
 1276      128A25B4 
 1276      F06B0F
 1277 05b0 574D2532 		.ascii	"WM%2\213o\317n\002W\"\363\"\352\334\312p8^\246E\242"
 1277      8B6FCF6E 
 1277      025722F3 
 1277      22EADCCA 
 1277      70385EA6 
 1278 05c6 0935100F 		.ascii	"\0115\020\017&\264\205\336i\221\350\374\350ss\275\261"
 1278      26B485DE 
 1278      6991E8FC 
 1278      E87373BD 
 1278      B1
ARM GAS  /tmp/ccZPpQTl.s 			page 37


 1279 05d7 A437A179 		.ascii	"\2447\241y\243\325\241\312\0325\354\015E\314H\304\035"
 1279      A3D5A1CA 
 1279      1A35EC0D 
 1279      45CC48C4 
 1279      1D
 1280 05e8 A8F04D32 		.ascii	"\250\360M2~\006\222\032\252\346\314,HdX\301\342\010"
 1280      7E06921A 
 1280      AAE6CC2C 
 1280      486458C1 
 1280      E208
 1281 05fa C4FD589F 		.ascii	"\304\375X\237\200\232X\020\210VG\265\005%\371\277F\260"
 1281      809A5810 
 1281      885647B5 
 1281      0525F9BF 
 1281      46B0
 1282 060c 3442B1AA 		.ascii	"4B\261\252\244\367i\3774\236\007\027`!\363\004\371\277"
 1282      A4F769FF 
 1282      349E0717 
 1282      6021F304 
 1282      F9BF
 1283 061e 7282698F 		.ascii	"r\202i\217\315\342\202Q(\230\302\337\007\002\361\032"
 1283      CDE28251 
 1283      2898C2DF 
 1283      0702F11A 
 1284 062e 4D889CB7 		.ascii	"M\210\234\267\317\2144\205s\330\012\227\216F\351\324"
 1284      CF8C3485 
 1284      73D80A97 
 1284      8E46E9D4 
 1285 063e AA98164B 		.ascii	"\252\230\026K\004b5\232\251\0351d*\027u\366\013\317"
 1285      0462359A 
 1285      A91D3164 
 1285      2A1775F6 
 1285      0BCF
 1286 0650 72A93D14 		.ascii	"r\251=\024\231\2730\3714\256=\370\177\352\207g\010k"
 1286      99BB30F9 
 1286      34AE3DF8 
 1286      7FEA8767 
 1286      086B
 1287 0662 678D042B 		.ascii	"g\215\004+\231\344\201\177\221\340\262\251\301gT8\003"
 1287      99E4817F 
 1287      91E0B2A9 
 1287      C1675438 
 1287      03
 1288 0673 151593D9 		.ascii	"\025\025\223\331[{r\312\253\274\272E\342\366\017\324"
 1288      5B7B72CA 
 1288      ABBCBA45 
 1288      E2F60FD4 
 1289 0683 955231   		.ascii	"\225R1"
 1290              		.text
 1291              		.section	.gnu.lto_.symtab.ff840208a01a6982,"e",%progbits
 1292 0000 6D61696E 		.ascii	"main\000"
 1292      00
 1293 0005 00       		.ascii	"\000"
 1294 0006 00       		.ascii	"\000"
 1295 0007 00       		.ascii	"\000"
 1296 0008 00000000 		.ascii	"\000\000\000\000\000\000\000\000"
 1296      00000000 
ARM GAS  /tmp/ccZPpQTl.s 			page 38


 1297 0010 DD000000 		.ascii	"\335\000\000\000"
 1298 0014 63685468 		.ascii	"chThdSleep\000"
 1298      64536C65 
 1298      657000
 1299 001f 00       		.ascii	"\000"
 1300 0020 02       		.ascii	"\002"
 1301 0021 00       		.ascii	"\000"
 1302 0022 00000000 		.ascii	"\000\000\000\000\000\000\000\000"
 1302      00000000 
 1303 002a E1000000 		.ascii	"\341\000\000\000"
 1304 002e 5F5A3133 		.ascii	"_Z13threads_startRK11ThreadRates\000"
 1304      74687265 
 1304      6164735F 
 1304      73746172 
 1304      74524B31 
 1305 004f 00       		.ascii	"\000"
 1306 0050 02       		.ascii	"\002"
 1307 0051 00       		.ascii	"\000"
 1308 0052 00000000 		.ascii	"\000\000\000\000\000\000\000\000"
 1308      00000000 
 1309 005a EA000000 		.ascii	"\352\000\000\000"
 1310 005e 5F5A3132 		.ascii	"_Z12i2c_drv_initv\000"
 1310      6932635F 
 1310      6472765F 
 1310      696E6974 
 1310      7600
 1311 0070 00       		.ascii	"\000"
 1312 0071 02       		.ascii	"\002"
 1313 0072 00       		.ascii	"\000"
 1314 0073 00000000 		.ascii	"\000\000\000\000\000\000\000\000"
 1314      00000000 
 1315 007b EE000000 		.ascii	"\356\000\000\000"
 1316 007f 5F5A3132 		.ascii	"_Z12can_drv_initv\000"
 1316      63616E5F 
 1316      6472765F 
 1316      696E6974 
 1316      7600
 1317 0091 00       		.ascii	"\000"
 1318 0092 02       		.ascii	"\002"
 1319 0093 00       		.ascii	"\000"
 1320 0094 00000000 		.ascii	"\000\000\000\000\000\000\000\000"
 1320      00000000 
 1321 009c F1000000 		.ascii	"\361\000\000\000"
 1322 00a0 5F5A3136 		.ascii	"_Z16radio_input_initv\000"
 1322      72616469 
 1322      6F5F696E 
 1322      7075745F 
 1322      696E6974 
 1323 00b6 00       		.ascii	"\000"
 1324 00b7 02       		.ascii	"\002"
 1325 00b8 00       		.ascii	"\000"
 1326 00b9 00000000 		.ascii	"\000\000\000\000\000\000\000\000"
 1326      00000000 
 1327 00c1 F4000000 		.ascii	"\364\000\000\000"
 1328 00c5 5F5A3137 		.ascii	"_Z17motor_output_initv\000"
 1328      6D6F746F 
 1328      725F6F75 
ARM GAS  /tmp/ccZPpQTl.s 			page 39


 1328      74707574 
 1328      5F696E69 
 1329 00dc 00       		.ascii	"\000"
 1330 00dd 02       		.ascii	"\002"
 1331 00de 00       		.ascii	"\000"
 1332 00df 00000000 		.ascii	"\000\000\000\000\000\000\000\000"
 1332      00000000 
 1333 00e7 F7000000 		.ascii	"\367\000\000\000"
 1334 00eb 63685379 		.ascii	"chSysInit\000"
 1334      73496E69 
 1334      7400
 1335 00f5 00       		.ascii	"\000"
 1336 00f6 02       		.ascii	"\002"
 1337 00f7 00       		.ascii	"\000"
 1338 00f8 00000000 		.ascii	"\000\000\000\000\000\000\000\000"
 1338      00000000 
 1339 0100 F9000000 		.ascii	"\371\000\000\000"
 1340 0104 68616C49 		.ascii	"halInit\000"
 1340      6E697400 
 1341 010c 00       		.ascii	"\000"
 1342 010d 02       		.ascii	"\002"
 1343 010e 00       		.ascii	"\000"
 1344 010f 00000000 		.ascii	"\000\000\000\000\000\000\000\000"
 1344      00000000 
 1345 0117 FB000000 		.ascii	"\373\000\000\000"
 1346              		.text
 1347              		.section	.gnu.lto_.ext_symtab.ff840208a01a6982,"e",%progbits
 1348 0000 01       		.ascii	"\001"
 1349 0001 01       		.ascii	"\001"
 1350 0002 00       		.ascii	"\000"
 1351 0003 01       		.ascii	"\001"
 1352 0004 00       		.ascii	"\000"
 1353 0005 01       		.ascii	"\001"
 1354 0006 00       		.ascii	"\000"
 1355 0007 01       		.ascii	"\001"
 1356 0008 00       		.ascii	"\000"
 1357 0009 01       		.ascii	"\001"
 1358 000a 00       		.ascii	"\000"
 1359 000b 01       		.ascii	"\001"
 1360 000c 00       		.ascii	"\000"
 1361 000d 01       		.ascii	"\001"
 1362 000e 00       		.ascii	"\000"
 1363 000f 01       		.ascii	"\001"
 1364 0010 00       		.ascii	"\000"
 1365 0011 01       		.ascii	"\001"
 1366 0012 00       		.ascii	"\000"
 1367              		.text
 1368              		.section	.gnu.lto_.opts,"e",%progbits
 1369 0000 272D666E 		.ascii	"'-fno-openmp' '-fno-openacc' '-fno-pie' '-fcf-prote"
 1369      6F2D6F70 
 1369      656E6D70 
 1369      2720272D 
 1369      666E6F2D 
 1370 0033 6374696F 		.ascii	"ction=none' '-g' '-mcpu=cortex-m7' '-mthumb' '-mflo"
 1370      6E3D6E6F 
 1370      6E652720 
 1370      272D6727 
ARM GAS  /tmp/ccZPpQTl.s 			page 40


 1370      20272D6D 
 1371 0066 61742D61 		.ascii	"at-abi=hard' '-mfpu=fpv5-d16' '-march=armv7e-m+fp.d"
 1371      62693D68 
 1371      61726427 
 1371      20272D6D 
 1371      6670753D 
 1372 0099 70272027 		.ascii	"p' '-O2' '-fomit-frame-pointer' '-falign-functions="
 1372      2D4F3227 
 1372      20272D66 
 1372      6F6D6974 
 1372      2D667261 
 1373 00cc 31362720 		.ascii	"16' '-ffunction-sections' '-fdata-sections' '-fno-c"
 1373      272D6666 
 1373      756E6374 
 1373      696F6E2D 
 1373      73656374 
 1374 00ff 6F6D6D6F 		.ascii	"ommon' '-flto' '-Xassembler' '-alms=build/lst/main."
 1374      6E272027 
 1374      2D666C74 
 1374      6F272027 
 1374      2D586173 
 1375 0132 6C737427 		.ascii	"lst'\000"
 1375      00
 1376              		.text
 1377              		.comm	__gnu_lto_slim,1,1
 1378              		.ident	"GCC: (GNU Arm Embedded Toolchain 10-2020-q4-major) 10.2.1 20201103 (release)"
ARM GAS  /tmp/ccZPpQTl.s 			page 41


DEFINED SYMBOLS
                            *ABS*:0000000000000000 main.cpp
     /tmp/ccZPpQTl.s:26     .gnu.debuglto_.debug_info:0000000000000000 main.cpp.3b19a080
                            *COM*:0000000000000001 __gnu_lto_slim

NO UNDEFINED SYMBOLS
