ARM GAS  /tmp/ccGg91r8.s 			page 1


   1              		.cpu cortex-m7
   2              		.eabi_attribute 28, 1
   3              		.eabi_attribute 20, 1
   4              		.eabi_attribute 21, 1
   5              		.eabi_attribute 23, 3
   6              		.eabi_attribute 24, 1
   7              		.eabi_attribute 25, 1
   8              		.eabi_attribute 26, 1
   9              		.eabi_attribute 30, 2
  10              		.eabi_attribute 34, 1
  11              		.eabi_attribute 18, 4
  12              		.file	"memstreams.c"
  13              		.file 1 "/opt/gcc-arm-none-eabi-10-2020-q4-major/lib/gcc/arm-none-eabi/10.2.1/include/stddef.h"
  14              		.file 2 "/opt/gcc-arm-none-eabi-10-2020-q4-major/arm-none-eabi/include/machine/_default_types.h"
  15              		.file 3 "/opt/gcc-arm-none-eabi-10-2020-q4-major/arm-none-eabi/include/sys/_stdint.h"
  16              		.file 4 "third_party/ChibiOS/os/rt/include/chearly.h"
  17              		.file 5 "third_party/ChibiOS/os/hal/lib/streams/memstreams.h"
  18              		.file 6 "third_party/ChibiOS/os/hal/lib/streams/memstreams.c"
  19              		.section	.gnu.debuglto_.debug_info,"e",%progbits
  20              	.Ldebug_info0:
  21              		.hidden	memstreams.c.9c604a35
  22              		.weak	memstreams.c.9c604a35
  23              	memstreams.c.9c604a35:
  24 0000 56030000 		.4byte	0x356
  25 0004 0400     		.2byte	0x4
  26 0006 00000000 		.4byte	.Ldebug_abbrev0
  27 000a 04       		.byte	0x4
  28 000b 01       		.uleb128 0x1
  29 000c 45000000 		.4byte	.LASF30
  30 0010 0C       		.byte	0xc
  31 0011 11000000 		.4byte	.LASF31
  32 0015 6E010000 		.4byte	.LASF32
  33 0019 00000000 		.4byte	.Ldebug_line0
  34 001d 02       		.uleb128 0x2
  35 001e 04       		.byte	0x4
  36 001f 05       		.byte	0x5
  37 0020 696E7400 		.ascii	"int\000"
  38 0024 03       		.uleb128 0x3
  39 0025 0A000000 		.4byte	.LASF4
  40 0029 01       		.byte	0x1
  41 002a D1       		.byte	0xd1
  42 002b 17       		.byte	0x17
  43 002c 30000000 		.4byte	0x30
  44 0030 04       		.uleb128 0x4
  45 0031 04       		.byte	0x4
  46 0032 07       		.byte	0x7
  47 0033 2E010000 		.4byte	.LASF0
  48 0037 04       		.uleb128 0x4
  49 0038 08       		.byte	0x8
  50 0039 05       		.byte	0x5
  51 003a 11020000 		.4byte	.LASF1
  52 003e 04       		.uleb128 0x4
  53 003f 08       		.byte	0x8
  54 0040 04       		.byte	0x4
  55 0041 48010000 		.4byte	.LASF2
  56 0045 04       		.uleb128 0x4
  57 0046 01       		.byte	0x1
ARM GAS  /tmp/ccGg91r8.s 			page 2


  58 0047 06       		.byte	0x6
  59 0048 54010000 		.4byte	.LASF3
  60 004c 03       		.uleb128 0x3
  61 004d 00000000 		.4byte	.LASF5
  62 0051 02       		.byte	0x2
  63 0052 2B       		.byte	0x2b
  64 0053 18       		.byte	0x18
  65 0054 58000000 		.4byte	0x58
  66 0058 04       		.uleb128 0x4
  67 0059 01       		.byte	0x1
  68 005a 08       		.byte	0x8
  69 005b 60010000 		.4byte	.LASF6
  70 005f 04       		.uleb128 0x4
  71 0060 02       		.byte	0x2
  72 0061 05       		.byte	0x5
  73 0062 26020000 		.4byte	.LASF7
  74 0066 04       		.uleb128 0x4
  75 0067 02       		.byte	0x2
  76 0068 07       		.byte	0x7
  77 0069 8A010000 		.4byte	.LASF8
  78 006d 03       		.uleb128 0x3
  79 006e 24010000 		.4byte	.LASF9
  80 0072 02       		.byte	0x2
  81 0073 4D       		.byte	0x4d
  82 0074 18       		.byte	0x18
  83 0075 79000000 		.4byte	0x79
  84 0079 04       		.uleb128 0x4
  85 007a 04       		.byte	0x4
  86 007b 05       		.byte	0x5
  87 007c 37020000 		.4byte	.LASF10
  88 0080 04       		.uleb128 0x4
  89 0081 04       		.byte	0x4
  90 0082 07       		.byte	0x7
  91 0083 CA010000 		.4byte	.LASF11
  92 0087 04       		.uleb128 0x4
  93 0088 08       		.byte	0x8
  94 0089 07       		.byte	0x7
  95 008a 5A020000 		.4byte	.LASF12
  96 008e 05       		.uleb128 0x5
  97 008f 04       		.byte	0x4
  98 0090 04       		.uleb128 0x4
  99 0091 01       		.byte	0x1
 100 0092 08       		.byte	0x8
 101 0093 E7010000 		.4byte	.LASF13
 102 0097 03       		.uleb128 0x3
 103 0098 EC010000 		.4byte	.LASF14
 104 009c 03       		.byte	0x3
 105 009d 18       		.byte	0x18
 106 009e 13       		.byte	0x13
 107 009f 4C000000 		.4byte	0x4c
 108 00a3 06       		.uleb128 0x6
 109 00a4 97000000 		.4byte	0x97
 110 00a8 03       		.uleb128 0x3
 111 00a9 01020000 		.4byte	.LASF15
 112 00ad 03       		.byte	0x3
 113 00ae 2C       		.byte	0x2c
 114 00af 13       		.byte	0x13
ARM GAS  /tmp/ccGg91r8.s 			page 3


 115 00b0 6D000000 		.4byte	0x6d
 116 00b4 03       		.uleb128 0x3
 117 00b5 F4010000 		.4byte	.LASF16
 118 00b9 04       		.byte	0x4
 119 00ba 58       		.byte	0x58
 120 00bb 19       		.byte	0x19
 121 00bc A8000000 		.4byte	0xa8
 122 00c0 04       		.uleb128 0x4
 123 00c1 01       		.byte	0x1
 124 00c2 02       		.byte	0x2
 125 00c3 54020000 		.4byte	.LASF17
 126 00c7 07       		.uleb128 0x7
 127 00c8 04       		.byte	0x4
 128 00c9 97000000 		.4byte	0x97
 129 00cd 08       		.uleb128 0x8
 130 00ce 24000000 		.4byte	0x24
 131 00d2 E6000000 		.4byte	0xe6
 132 00d6 09       		.uleb128 0x9
 133 00d7 8E000000 		.4byte	0x8e
 134 00db 09       		.uleb128 0x9
 135 00dc E6000000 		.4byte	0xe6
 136 00e0 09       		.uleb128 0x9
 137 00e1 24000000 		.4byte	0x24
 138 00e5 00       		.byte	0
 139 00e6 07       		.uleb128 0x7
 140 00e7 04       		.byte	0x4
 141 00e8 A3000000 		.4byte	0xa3
 142 00ec 07       		.uleb128 0x7
 143 00ed 04       		.byte	0x4
 144 00ee CD000000 		.4byte	0xcd
 145 00f2 08       		.uleb128 0x8
 146 00f3 24000000 		.4byte	0x24
 147 00f7 0B010000 		.4byte	0x10b
 148 00fb 09       		.uleb128 0x9
 149 00fc 8E000000 		.4byte	0x8e
 150 0100 09       		.uleb128 0x9
 151 0101 C7000000 		.4byte	0xc7
 152 0105 09       		.uleb128 0x9
 153 0106 24000000 		.4byte	0x24
 154 010a 00       		.byte	0
 155 010b 07       		.uleb128 0x7
 156 010c 04       		.byte	0x4
 157 010d F2000000 		.4byte	0xf2
 158 0111 08       		.uleb128 0x8
 159 0112 B4000000 		.4byte	0xb4
 160 0116 25010000 		.4byte	0x125
 161 011a 09       		.uleb128 0x9
 162 011b 8E000000 		.4byte	0x8e
 163 011f 09       		.uleb128 0x9
 164 0120 97000000 		.4byte	0x97
 165 0124 00       		.byte	0
 166 0125 07       		.uleb128 0x7
 167 0126 04       		.byte	0x4
 168 0127 11010000 		.4byte	0x111
 169 012b 08       		.uleb128 0x8
 170 012c B4000000 		.4byte	0xb4
 171 0130 3A010000 		.4byte	0x13a
ARM GAS  /tmp/ccGg91r8.s 			page 4


 172 0134 09       		.uleb128 0x9
 173 0135 8E000000 		.4byte	0x8e
 174 0139 00       		.byte	0
 175 013a 07       		.uleb128 0x7
 176 013b 04       		.byte	0x4
 177 013c 2B010000 		.4byte	0x12b
 178 0140 0A       		.uleb128 0xa
 179 0141 3B010000 		.4byte	.LASF33
 180 0145 18       		.byte	0x18
 181 0146 05       		.byte	0x5
 182 0147 3D       		.byte	0x3d
 183 0148 08       		.byte	0x8
 184 0149 9C010000 		.4byte	0x19c
 185 014d 0B       		.uleb128 0xb
 186 014e B0010000 		.4byte	.LASF18
 187 0152 05       		.byte	0x5
 188 0153 3E       		.byte	0x3e
 189 0154 03       		.byte	0x3
 190 0155 24000000 		.4byte	0x24
 191 0159 00       		.byte	0
 192 015a 0B       		.uleb128 0xb
 193 015b 9D010000 		.4byte	.LASF19
 194 015f 05       		.byte	0x5
 195 0160 3E       		.byte	0x3e
 196 0161 03       		.byte	0x3
 197 0162 EC000000 		.4byte	0xec
 198 0166 04       		.byte	0x4
 199 0167 0B       		.uleb128 0xb
 200 0168 C5010000 		.4byte	.LASF20
 201 016c 05       		.byte	0x5
 202 016d 3E       		.byte	0x3e
 203 016e 03       		.byte	0x3
 204 016f 0B010000 		.4byte	0x10b
 205 0173 08       		.byte	0x8
 206 0174 0C       		.uleb128 0xc
 207 0175 70757400 		.ascii	"put\000"
 208 0179 05       		.byte	0x5
 209 017a 3E       		.byte	0x3e
 210 017b 03       		.byte	0x3
 211 017c 25010000 		.4byte	0x125
 212 0180 0C       		.byte	0xc
 213 0181 0C       		.uleb128 0xc
 214 0182 67657400 		.ascii	"get\000"
 215 0186 05       		.byte	0x5
 216 0187 3E       		.byte	0x3e
 217 0188 03       		.byte	0x3
 218 0189 3A010000 		.4byte	0x13a
 219 018d 10       		.byte	0x10
 220 018e 0B       		.uleb128 0xb
 221 018f DC010000 		.4byte	.LASF21
 222 0193 05       		.byte	0x5
 223 0194 3E       		.byte	0x3e
 224 0195 03       		.byte	0x3
 225 0196 25010000 		.4byte	0x125
 226 019a 14       		.byte	0x14
 227 019b 00       		.byte	0
 228 019c 06       		.uleb128 0x6
ARM GAS  /tmp/ccGg91r8.s 			page 5


 229 019d 40010000 		.4byte	0x140
 230 01a1 0D       		.uleb128 0xd
 231 01a2 14       		.byte	0x14
 232 01a3 05       		.byte	0x5
 233 01a4 46       		.byte	0x46
 234 01a5 09       		.byte	0x9
 235 01a6 EC010000 		.4byte	0x1ec
 236 01aa 0C       		.uleb128 0xc
 237 01ab 766D7400 		.ascii	"vmt\000"
 238 01af 05       		.byte	0x5
 239 01b0 48       		.byte	0x48
 240 01b1 1E       		.byte	0x1e
 241 01b2 EC010000 		.4byte	0x1ec
 242 01b6 00       		.byte	0
 243 01b7 0B       		.uleb128 0xb
 244 01b8 30020000 		.4byte	.LASF22
 245 01bc 05       		.byte	0x5
 246 01bd 49       		.byte	0x49
 247 01be 03       		.byte	0x3
 248 01bf C7000000 		.4byte	0xc7
 249 01c3 04       		.byte	0x4
 250 01c4 0B       		.uleb128 0xb
 251 01c5 E2010000 		.4byte	.LASF23
 252 01c9 05       		.byte	0x5
 253 01ca 49       		.byte	0x49
 254 01cb 03       		.byte	0x3
 255 01cc 24000000 		.4byte	0x24
 256 01d0 08       		.byte	0x8
 257 01d1 0C       		.uleb128 0xc
 258 01d2 656F7300 		.ascii	"eos\000"
 259 01d6 05       		.byte	0x5
 260 01d7 49       		.byte	0x49
 261 01d8 03       		.byte	0x3
 262 01d9 24000000 		.4byte	0x24
 263 01dd 0C       		.byte	0xc
 264 01de 0B       		.uleb128 0xb
 265 01df 1F020000 		.4byte	.LASF24
 266 01e3 05       		.byte	0x5
 267 01e4 49       		.byte	0x49
 268 01e5 03       		.byte	0x3
 269 01e6 24000000 		.4byte	0x24
 270 01ea 10       		.byte	0x10
 271 01eb 00       		.byte	0
 272 01ec 07       		.uleb128 0x7
 273 01ed 04       		.byte	0x4
 274 01ee 9C010000 		.4byte	0x19c
 275 01f2 03       		.uleb128 0x3
 276 01f3 40020000 		.4byte	.LASF25
 277 01f7 05       		.byte	0x5
 278 01f8 4A       		.byte	0x4a
 279 01f9 03       		.byte	0x3
 280 01fa A1010000 		.4byte	0x1a1
 281 01fe 0E       		.uleb128 0xe
 282 01ff 766D7400 		.ascii	"vmt\000"
 283 0203 06       		.byte	0x6
 284 0204 64       		.byte	0x64
 285 0205 22       		.byte	0x22
ARM GAS  /tmp/ccGg91r8.s 			page 6


 286 0206 9C010000 		.4byte	0x19c
 287 020a 0F       		.uleb128 0xf
 288 020b A3010000 		.4byte	.LASF34
 289 020f 06       		.byte	0x6
 290 0210 74       		.byte	0x74
 291 0211 06       		.byte	0x6
 292 0212 47020000 		.4byte	0x247
 293 0216 10       		.uleb128 0x10
 294 0217 6D737000 		.ascii	"msp\000"
 295 021b 06       		.byte	0x6
 296 021c 74       		.byte	0x74
 297 021d 21       		.byte	0x21
 298 021e 47020000 		.4byte	0x247
 299 0222 11       		.uleb128 0x11
 300 0223 30020000 		.4byte	.LASF22
 301 0227 06       		.byte	0x6
 302 0228 74       		.byte	0x74
 303 0229 2F       		.byte	0x2f
 304 022a C7000000 		.4byte	0xc7
 305 022e 11       		.uleb128 0x11
 306 022f E2010000 		.4byte	.LASF23
 307 0233 06       		.byte	0x6
 308 0234 75       		.byte	0x75
 309 0235 1A       		.byte	0x1a
 310 0236 24000000 		.4byte	0x24
 311 023a 10       		.uleb128 0x10
 312 023b 656F7300 		.ascii	"eos\000"
 313 023f 06       		.byte	0x6
 314 0240 75       		.byte	0x75
 315 0241 27       		.byte	0x27
 316 0242 24000000 		.4byte	0x24
 317 0246 00       		.byte	0
 318 0247 07       		.uleb128 0x7
 319 0248 04       		.byte	0x4
 320 0249 F2010000 		.4byte	0x1f2
 321 024d 12       		.uleb128 0x12
 322 024e 4D020000 		.4byte	.LASF26
 323 0252 06       		.byte	0x6
 324 0253 58       		.byte	0x58
 325 0254 0E       		.byte	0xe
 326 0255 B4000000 		.4byte	0xb4
 327 0259 7F020000 		.4byte	0x27f
 328 025d 10       		.uleb128 0x10
 329 025e 697000   		.ascii	"ip\000"
 330 0261 06       		.byte	0x6
 331 0262 58       		.byte	0x58
 332 0263 1B       		.byte	0x1b
 333 0264 8E000000 		.4byte	0x8e
 334 0268 10       		.uleb128 0x10
 335 0269 6200     		.ascii	"b\000"
 336 026b 06       		.byte	0x6
 337 026c 58       		.byte	0x58
 338 026d 27       		.byte	0x27
 339 026e 97000000 		.4byte	0x97
 340 0272 0E       		.uleb128 0xe
 341 0273 6D737000 		.ascii	"msp\000"
 342 0277 06       		.byte	0x6
ARM GAS  /tmp/ccGg91r8.s 			page 7


 343 0278 5A       		.byte	0x5a
 344 0279 11       		.byte	0x11
 345 027a 47020000 		.4byte	0x247
 346 027e 00       		.byte	0
 347 027f 12       		.uleb128 0x12
 348 0280 C0010000 		.4byte	.LASF27
 349 0284 06       		.byte	0x6
 350 0285 4D       		.byte	0x4d
 351 0286 0E       		.byte	0xe
 352 0287 B4000000 		.4byte	0xb4
 353 028b B1020000 		.4byte	0x2b1
 354 028f 10       		.uleb128 0x10
 355 0290 697000   		.ascii	"ip\000"
 356 0293 06       		.byte	0x6
 357 0294 4D       		.byte	0x4d
 358 0295 19       		.byte	0x19
 359 0296 8E000000 		.4byte	0x8e
 360 029a 0E       		.uleb128 0xe
 361 029b 6200     		.ascii	"b\000"
 362 029d 06       		.byte	0x6
 363 029e 4E       		.byte	0x4e
 364 029f 0B       		.byte	0xb
 365 02a0 97000000 		.4byte	0x97
 366 02a4 0E       		.uleb128 0xe
 367 02a5 6D737000 		.ascii	"msp\000"
 368 02a9 06       		.byte	0x6
 369 02aa 4F       		.byte	0x4f
 370 02ab 11       		.byte	0x11
 371 02ac 47020000 		.4byte	0x247
 372 02b0 00       		.byte	0
 373 02b1 12       		.uleb128 0x12
 374 02b2 1F010000 		.4byte	.LASF28
 375 02b6 06       		.byte	0x6
 376 02b7 43       		.byte	0x43
 377 02b8 0E       		.byte	0xe
 378 02b9 B4000000 		.4byte	0xb4
 379 02bd E3020000 		.4byte	0x2e3
 380 02c1 10       		.uleb128 0x10
 381 02c2 697000   		.ascii	"ip\000"
 382 02c5 06       		.byte	0x6
 383 02c6 43       		.byte	0x43
 384 02c7 19       		.byte	0x19
 385 02c8 8E000000 		.4byte	0x8e
 386 02cc 10       		.uleb128 0x10
 387 02cd 6200     		.ascii	"b\000"
 388 02cf 06       		.byte	0x6
 389 02d0 43       		.byte	0x43
 390 02d1 25       		.byte	0x25
 391 02d2 97000000 		.4byte	0x97
 392 02d6 0E       		.uleb128 0xe
 393 02d7 6D737000 		.ascii	"msp\000"
 394 02db 06       		.byte	0x6
 395 02dc 44       		.byte	0x44
 396 02dd 11       		.byte	0x11
 397 02de 47020000 		.4byte	0x247
 398 02e2 00       		.byte	0
 399 02e3 12       		.uleb128 0x12
ARM GAS  /tmp/ccGg91r8.s 			page 8


 400 02e4 FA010000 		.4byte	.LASF29
 401 02e8 06       		.byte	0x6
 402 02e9 39       		.byte	0x39
 403 02ea 0F       		.byte	0xf
 404 02eb 24000000 		.4byte	0x24
 405 02ef 20030000 		.4byte	0x320
 406 02f3 10       		.uleb128 0x10
 407 02f4 697000   		.ascii	"ip\000"
 408 02f7 06       		.byte	0x6
 409 02f8 39       		.byte	0x39
 410 02f9 1C       		.byte	0x1c
 411 02fa 8E000000 		.4byte	0x8e
 412 02fe 10       		.uleb128 0x10
 413 02ff 627000   		.ascii	"bp\000"
 414 0302 06       		.byte	0x6
 415 0303 39       		.byte	0x39
 416 0304 29       		.byte	0x29
 417 0305 C7000000 		.4byte	0xc7
 418 0309 10       		.uleb128 0x10
 419 030a 6E00     		.ascii	"n\000"
 420 030c 06       		.byte	0x6
 421 030d 39       		.byte	0x39
 422 030e 34       		.byte	0x34
 423 030f 24000000 		.4byte	0x24
 424 0313 0E       		.uleb128 0xe
 425 0314 6D737000 		.ascii	"msp\000"
 426 0318 06       		.byte	0x6
 427 0319 3A       		.byte	0x3a
 428 031a 11       		.byte	0x11
 429 031b 47020000 		.4byte	0x247
 430 031f 00       		.byte	0
 431 0320 13       		.uleb128 0x13
 432 0321 09020000 		.4byte	.LASF35
 433 0325 06       		.byte	0x6
 434 0326 2F       		.byte	0x2f
 435 0327 0F       		.byte	0xf
 436 0328 24000000 		.4byte	0x24
 437 032c 10       		.uleb128 0x10
 438 032d 697000   		.ascii	"ip\000"
 439 0330 06       		.byte	0x6
 440 0331 2F       		.byte	0x2f
 441 0332 1D       		.byte	0x1d
 442 0333 8E000000 		.4byte	0x8e
 443 0337 10       		.uleb128 0x10
 444 0338 627000   		.ascii	"bp\000"
 445 033b 06       		.byte	0x6
 446 033c 2F       		.byte	0x2f
 447 033d 30       		.byte	0x30
 448 033e E6000000 		.4byte	0xe6
 449 0342 10       		.uleb128 0x10
 450 0343 6E00     		.ascii	"n\000"
 451 0345 06       		.byte	0x6
 452 0346 2F       		.byte	0x2f
 453 0347 3B       		.byte	0x3b
 454 0348 24000000 		.4byte	0x24
 455 034c 0E       		.uleb128 0xe
 456 034d 6D737000 		.ascii	"msp\000"
ARM GAS  /tmp/ccGg91r8.s 			page 9


 457 0351 06       		.byte	0x6
 458 0352 30       		.byte	0x30
 459 0353 11       		.byte	0x11
 460 0354 47020000 		.4byte	0x247
 461 0358 00       		.byte	0
 462 0359 00       		.byte	0
 463              		.section	.gnu.debuglto_.debug_abbrev,"e",%progbits
 464              	.Ldebug_abbrev0:
 465 0000 01       		.uleb128 0x1
 466 0001 11       		.uleb128 0x11
 467 0002 01       		.byte	0x1
 468 0003 25       		.uleb128 0x25
 469 0004 0E       		.uleb128 0xe
 470 0005 13       		.uleb128 0x13
 471 0006 0B       		.uleb128 0xb
 472 0007 03       		.uleb128 0x3
 473 0008 0E       		.uleb128 0xe
 474 0009 1B       		.uleb128 0x1b
 475 000a 0E       		.uleb128 0xe
 476 000b 10       		.uleb128 0x10
 477 000c 17       		.uleb128 0x17
 478 000d 00       		.byte	0
 479 000e 00       		.byte	0
 480 000f 02       		.uleb128 0x2
 481 0010 24       		.uleb128 0x24
 482 0011 00       		.byte	0
 483 0012 0B       		.uleb128 0xb
 484 0013 0B       		.uleb128 0xb
 485 0014 3E       		.uleb128 0x3e
 486 0015 0B       		.uleb128 0xb
 487 0016 03       		.uleb128 0x3
 488 0017 08       		.uleb128 0x8
 489 0018 00       		.byte	0
 490 0019 00       		.byte	0
 491 001a 03       		.uleb128 0x3
 492 001b 16       		.uleb128 0x16
 493 001c 00       		.byte	0
 494 001d 03       		.uleb128 0x3
 495 001e 0E       		.uleb128 0xe
 496 001f 3A       		.uleb128 0x3a
 497 0020 0B       		.uleb128 0xb
 498 0021 3B       		.uleb128 0x3b
 499 0022 0B       		.uleb128 0xb
 500 0023 39       		.uleb128 0x39
 501 0024 0B       		.uleb128 0xb
 502 0025 49       		.uleb128 0x49
 503 0026 13       		.uleb128 0x13
 504 0027 00       		.byte	0
 505 0028 00       		.byte	0
 506 0029 04       		.uleb128 0x4
 507 002a 24       		.uleb128 0x24
 508 002b 00       		.byte	0
 509 002c 0B       		.uleb128 0xb
 510 002d 0B       		.uleb128 0xb
 511 002e 3E       		.uleb128 0x3e
 512 002f 0B       		.uleb128 0xb
 513 0030 03       		.uleb128 0x3
ARM GAS  /tmp/ccGg91r8.s 			page 10


 514 0031 0E       		.uleb128 0xe
 515 0032 00       		.byte	0
 516 0033 00       		.byte	0
 517 0034 05       		.uleb128 0x5
 518 0035 0F       		.uleb128 0xf
 519 0036 00       		.byte	0
 520 0037 0B       		.uleb128 0xb
 521 0038 0B       		.uleb128 0xb
 522 0039 00       		.byte	0
 523 003a 00       		.byte	0
 524 003b 06       		.uleb128 0x6
 525 003c 26       		.uleb128 0x26
 526 003d 00       		.byte	0
 527 003e 49       		.uleb128 0x49
 528 003f 13       		.uleb128 0x13
 529 0040 00       		.byte	0
 530 0041 00       		.byte	0
 531 0042 07       		.uleb128 0x7
 532 0043 0F       		.uleb128 0xf
 533 0044 00       		.byte	0
 534 0045 0B       		.uleb128 0xb
 535 0046 0B       		.uleb128 0xb
 536 0047 49       		.uleb128 0x49
 537 0048 13       		.uleb128 0x13
 538 0049 00       		.byte	0
 539 004a 00       		.byte	0
 540 004b 08       		.uleb128 0x8
 541 004c 15       		.uleb128 0x15
 542 004d 01       		.byte	0x1
 543 004e 27       		.uleb128 0x27
 544 004f 19       		.uleb128 0x19
 545 0050 49       		.uleb128 0x49
 546 0051 13       		.uleb128 0x13
 547 0052 01       		.uleb128 0x1
 548 0053 13       		.uleb128 0x13
 549 0054 00       		.byte	0
 550 0055 00       		.byte	0
 551 0056 09       		.uleb128 0x9
 552 0057 05       		.uleb128 0x5
 553 0058 00       		.byte	0
 554 0059 49       		.uleb128 0x49
 555 005a 13       		.uleb128 0x13
 556 005b 00       		.byte	0
 557 005c 00       		.byte	0
 558 005d 0A       		.uleb128 0xa
 559 005e 13       		.uleb128 0x13
 560 005f 01       		.byte	0x1
 561 0060 03       		.uleb128 0x3
 562 0061 0E       		.uleb128 0xe
 563 0062 0B       		.uleb128 0xb
 564 0063 0B       		.uleb128 0xb
 565 0064 3A       		.uleb128 0x3a
 566 0065 0B       		.uleb128 0xb
 567 0066 3B       		.uleb128 0x3b
 568 0067 0B       		.uleb128 0xb
 569 0068 39       		.uleb128 0x39
 570 0069 0B       		.uleb128 0xb
ARM GAS  /tmp/ccGg91r8.s 			page 11


 571 006a 01       		.uleb128 0x1
 572 006b 13       		.uleb128 0x13
 573 006c 00       		.byte	0
 574 006d 00       		.byte	0
 575 006e 0B       		.uleb128 0xb
 576 006f 0D       		.uleb128 0xd
 577 0070 00       		.byte	0
 578 0071 03       		.uleb128 0x3
 579 0072 0E       		.uleb128 0xe
 580 0073 3A       		.uleb128 0x3a
 581 0074 0B       		.uleb128 0xb
 582 0075 3B       		.uleb128 0x3b
 583 0076 0B       		.uleb128 0xb
 584 0077 39       		.uleb128 0x39
 585 0078 0B       		.uleb128 0xb
 586 0079 49       		.uleb128 0x49
 587 007a 13       		.uleb128 0x13
 588 007b 38       		.uleb128 0x38
 589 007c 0B       		.uleb128 0xb
 590 007d 00       		.byte	0
 591 007e 00       		.byte	0
 592 007f 0C       		.uleb128 0xc
 593 0080 0D       		.uleb128 0xd
 594 0081 00       		.byte	0
 595 0082 03       		.uleb128 0x3
 596 0083 08       		.uleb128 0x8
 597 0084 3A       		.uleb128 0x3a
 598 0085 0B       		.uleb128 0xb
 599 0086 3B       		.uleb128 0x3b
 600 0087 0B       		.uleb128 0xb
 601 0088 39       		.uleb128 0x39
 602 0089 0B       		.uleb128 0xb
 603 008a 49       		.uleb128 0x49
 604 008b 13       		.uleb128 0x13
 605 008c 38       		.uleb128 0x38
 606 008d 0B       		.uleb128 0xb
 607 008e 00       		.byte	0
 608 008f 00       		.byte	0
 609 0090 0D       		.uleb128 0xd
 610 0091 13       		.uleb128 0x13
 611 0092 01       		.byte	0x1
 612 0093 0B       		.uleb128 0xb
 613 0094 0B       		.uleb128 0xb
 614 0095 3A       		.uleb128 0x3a
 615 0096 0B       		.uleb128 0xb
 616 0097 3B       		.uleb128 0x3b
 617 0098 0B       		.uleb128 0xb
 618 0099 39       		.uleb128 0x39
 619 009a 0B       		.uleb128 0xb
 620 009b 01       		.uleb128 0x1
 621 009c 13       		.uleb128 0x13
 622 009d 00       		.byte	0
 623 009e 00       		.byte	0
 624 009f 0E       		.uleb128 0xe
 625 00a0 34       		.uleb128 0x34
 626 00a1 00       		.byte	0
 627 00a2 03       		.uleb128 0x3
ARM GAS  /tmp/ccGg91r8.s 			page 12


 628 00a3 08       		.uleb128 0x8
 629 00a4 3A       		.uleb128 0x3a
 630 00a5 0B       		.uleb128 0xb
 631 00a6 3B       		.uleb128 0x3b
 632 00a7 0B       		.uleb128 0xb
 633 00a8 39       		.uleb128 0x39
 634 00a9 0B       		.uleb128 0xb
 635 00aa 49       		.uleb128 0x49
 636 00ab 13       		.uleb128 0x13
 637 00ac 00       		.byte	0
 638 00ad 00       		.byte	0
 639 00ae 0F       		.uleb128 0xf
 640 00af 2E       		.uleb128 0x2e
 641 00b0 01       		.byte	0x1
 642 00b1 3F       		.uleb128 0x3f
 643 00b2 19       		.uleb128 0x19
 644 00b3 03       		.uleb128 0x3
 645 00b4 0E       		.uleb128 0xe
 646 00b5 3A       		.uleb128 0x3a
 647 00b6 0B       		.uleb128 0xb
 648 00b7 3B       		.uleb128 0x3b
 649 00b8 0B       		.uleb128 0xb
 650 00b9 39       		.uleb128 0x39
 651 00ba 0B       		.uleb128 0xb
 652 00bb 27       		.uleb128 0x27
 653 00bc 19       		.uleb128 0x19
 654 00bd 01       		.uleb128 0x1
 655 00be 13       		.uleb128 0x13
 656 00bf 00       		.byte	0
 657 00c0 00       		.byte	0
 658 00c1 10       		.uleb128 0x10
 659 00c2 05       		.uleb128 0x5
 660 00c3 00       		.byte	0
 661 00c4 03       		.uleb128 0x3
 662 00c5 08       		.uleb128 0x8
 663 00c6 3A       		.uleb128 0x3a
 664 00c7 0B       		.uleb128 0xb
 665 00c8 3B       		.uleb128 0x3b
 666 00c9 0B       		.uleb128 0xb
 667 00ca 39       		.uleb128 0x39
 668 00cb 0B       		.uleb128 0xb
 669 00cc 49       		.uleb128 0x49
 670 00cd 13       		.uleb128 0x13
 671 00ce 00       		.byte	0
 672 00cf 00       		.byte	0
 673 00d0 11       		.uleb128 0x11
 674 00d1 05       		.uleb128 0x5
 675 00d2 00       		.byte	0
 676 00d3 03       		.uleb128 0x3
 677 00d4 0E       		.uleb128 0xe
 678 00d5 3A       		.uleb128 0x3a
 679 00d6 0B       		.uleb128 0xb
 680 00d7 3B       		.uleb128 0x3b
 681 00d8 0B       		.uleb128 0xb
 682 00d9 39       		.uleb128 0x39
 683 00da 0B       		.uleb128 0xb
 684 00db 49       		.uleb128 0x49
ARM GAS  /tmp/ccGg91r8.s 			page 13


 685 00dc 13       		.uleb128 0x13
 686 00dd 00       		.byte	0
 687 00de 00       		.byte	0
 688 00df 12       		.uleb128 0x12
 689 00e0 2E       		.uleb128 0x2e
 690 00e1 01       		.byte	0x1
 691 00e2 03       		.uleb128 0x3
 692 00e3 0E       		.uleb128 0xe
 693 00e4 3A       		.uleb128 0x3a
 694 00e5 0B       		.uleb128 0xb
 695 00e6 3B       		.uleb128 0x3b
 696 00e7 0B       		.uleb128 0xb
 697 00e8 39       		.uleb128 0x39
 698 00e9 0B       		.uleb128 0xb
 699 00ea 27       		.uleb128 0x27
 700 00eb 19       		.uleb128 0x19
 701 00ec 49       		.uleb128 0x49
 702 00ed 13       		.uleb128 0x13
 703 00ee 01       		.uleb128 0x1
 704 00ef 13       		.uleb128 0x13
 705 00f0 00       		.byte	0
 706 00f1 00       		.byte	0
 707 00f2 13       		.uleb128 0x13
 708 00f3 2E       		.uleb128 0x2e
 709 00f4 01       		.byte	0x1
 710 00f5 03       		.uleb128 0x3
 711 00f6 0E       		.uleb128 0xe
 712 00f7 3A       		.uleb128 0x3a
 713 00f8 0B       		.uleb128 0xb
 714 00f9 3B       		.uleb128 0x3b
 715 00fa 0B       		.uleb128 0xb
 716 00fb 39       		.uleb128 0x39
 717 00fc 0B       		.uleb128 0xb
 718 00fd 27       		.uleb128 0x27
 719 00fe 19       		.uleb128 0x19
 720 00ff 49       		.uleb128 0x49
 721 0100 13       		.uleb128 0x13
 722 0101 00       		.byte	0
 723 0102 00       		.byte	0
 724 0103 00       		.byte	0
 725              		.section	.gnu.debuglto_.debug_line,"e",%progbits
 726              	.Ldebug_line0:
 727 0000 92010000 		.4byte	.LELT0-.LSLT0
 728              	.LSLT0:
 729 0004 0400     		.2byte	0x4
 730 0006 8C010000 		.4byte	.LELTP0-.LASLTP0
 731              	.LASLTP0:
 732 000a 01       		.byte	0x1
 733 000b 01       		.byte	0x1
 734 000c 01       		.byte	0x1
 735 000d F6       		.byte	0xf6
 736 000e F2       		.byte	0xf2
 737 000f 0D       		.byte	0xd
 738 0010 00       		.byte	0
 739 0011 01       		.byte	0x1
 740 0012 01       		.byte	0x1
 741 0013 01       		.byte	0x1
ARM GAS  /tmp/ccGg91r8.s 			page 14


 742 0014 01       		.byte	0x1
 743 0015 00       		.byte	0
 744 0016 00       		.byte	0
 745 0017 00       		.byte	0
 746 0018 01       		.byte	0x1
 747 0019 00       		.byte	0
 748 001a 00       		.byte	0
 749 001b 01       		.byte	0x1
 750 001c 74686972 		.ascii	"third_party/ChibiOS/os/hal/lib/streams"
 750      645F7061 
 750      7274792F 
 750      43686962 
 750      694F532F 
 751 0042 00       		.byte	0
 752 0043 74686972 		.ascii	"third_party/ChibiOS/os/rt/include"
 752      645F7061 
 752      7274792F 
 752      43686962 
 752      694F532F 
 753 0064 00       		.byte	0
 754 0065 2F6F7074 		.ascii	"/opt/gcc-arm-none-eabi-10-2020-q4-major/arm-none-ea"
 754      2F676363 
 754      2D61726D 
 754      2D6E6F6E 
 754      652D6561 
 755 0098 62692F69 		.ascii	"bi/include/machine"
 755      6E636C75 
 755      64652F6D 
 755      61636869 
 755      6E65
 756 00aa 00       		.byte	0
 757 00ab 2F6F7074 		.ascii	"/opt/gcc-arm-none-eabi-10-2020-q4-major/arm-none-ea"
 757      2F676363 
 757      2D61726D 
 757      2D6E6F6E 
 757      652D6561 
 758 00de 62692F69 		.ascii	"bi/include/sys"
 758      6E636C75 
 758      64652F73 
 758      7973
 759 00ec 00       		.byte	0
 760 00ed 2F6F7074 		.ascii	"/opt/gcc-arm-none-eabi-10-2020-q4-major/lib/gcc/arm"
 760      2F676363 
 760      2D61726D 
 760      2D6E6F6E 
 760      652D6561 
 761 0120 2D6E6F6E 		.ascii	"-none-eabi/10.2.1/include"
 761      652D6561 
 761      62692F31 
 761      302E322E 
 761      312F696E 
 762 0139 00       		.byte	0
 763 013a 00       		.byte	0
 764 013b 73746464 		.ascii	"stddef.h\000"
 764      65662E68 
 764      00
 765 0144 05       		.uleb128 0x5
ARM GAS  /tmp/ccGg91r8.s 			page 15


 766 0145 00       		.uleb128 0
 767 0146 00       		.uleb128 0
 768 0147 5F646566 		.ascii	"_default_types.h\000"
 768      61756C74 
 768      5F747970 
 768      65732E68 
 768      00
 769 0158 03       		.uleb128 0x3
 770 0159 00       		.uleb128 0
 771 015a 00       		.uleb128 0
 772 015b 5F737464 		.ascii	"_stdint.h\000"
 772      696E742E 
 772      6800
 773 0165 04       		.uleb128 0x4
 774 0166 00       		.uleb128 0
 775 0167 00       		.uleb128 0
 776 0168 63686561 		.ascii	"chearly.h\000"
 776      726C792E 
 776      6800
 777 0172 02       		.uleb128 0x2
 778 0173 00       		.uleb128 0
 779 0174 00       		.uleb128 0
 780 0175 6D656D73 		.ascii	"memstreams.h\000"
 780      74726561 
 780      6D732E68 
 780      00
 781 0182 01       		.uleb128 0x1
 782 0183 00       		.uleb128 0
 783 0184 00       		.uleb128 0
 784 0185 6D656D73 		.ascii	"memstreams.c\000"
 784      74726561 
 784      6D732E63 
 784      00
 785 0192 01       		.uleb128 0x1
 786 0193 00       		.uleb128 0
 787 0194 00       		.uleb128 0
 788 0195 00       		.byte	0
 789              	.LELTP0:
 790              	.LELT0:
 791              		.section	.gnu.debuglto_.debug_str,"eMS",%progbits,1
 792              	.LASF5:
 793 0000 5F5F7569 		.ascii	"__uint8_t\000"
 793      6E74385F 
 793      7400
 794              	.LASF4:
 795 000a 73697A65 		.ascii	"size_t\000"
 795      5F7400
 796              	.LASF31:
 797 0011 74686972 		.ascii	"third_party/ChibiOS/os/hal/lib/streams/memstreams.c"
 797      645F7061 
 797      7274792F 
 797      43686962 
 797      694F532F 
 798 0044 00       		.ascii	"\000"
 799              	.LASF30:
 800 0045 474E5520 		.ascii	"GNU C17 10.2.1 20201103 (release) -mcpu=cortex-m7 -"
 800      43313720 
ARM GAS  /tmp/ccGg91r8.s 			page 16


 800      31302E32 
 800      2E312032 
 800      30323031 
 801 0078 6D746875 		.ascii	"mthumb -mfloat-abi=hard -mfpu=fpv5-d16 -march=armv7"
 801      6D62202D 
 801      6D666C6F 
 801      61742D61 
 801      62693D68 
 802 00ab 652D6D2B 		.ascii	"e-m+fp.dp -ggdb -O2 -fomit-frame-pointer -falign-fu"
 802      66702E64 
 802      70202D67 
 802      67646220 
 802      2D4F3220 
 803 00de 6E637469 		.ascii	"nctions=16 -ffunction-sections -fdata-sections -fno"
 803      6F6E733D 
 803      3136202D 
 803      6666756E 
 803      6374696F 
 804 0111 2D636F6D 		.ascii	"-common -flto\000"
 804      6D6F6E20 
 804      2D666C74 
 804      6F00
 805              	.LASF28:
 806 011f 5F707574 		.ascii	"_put\000"
 806      00
 807              	.LASF9:
 808 0124 5F5F696E 		.ascii	"__int32_t\000"
 808      7433325F 
 808      7400
 809              	.LASF0:
 810 012e 756E7369 		.ascii	"unsigned int\000"
 810      676E6564 
 810      20696E74 
 810      00
 811              	.LASF33:
 812 013b 4D656D53 		.ascii	"MemStreamVMT\000"
 812      74726561 
 812      6D564D54 
 812      00
 813              	.LASF2:
 814 0148 6C6F6E67 		.ascii	"long double\000"
 814      20646F75 
 814      626C6500 
 815              	.LASF3:
 816 0154 7369676E 		.ascii	"signed char\000"
 816      65642063 
 816      68617200 
 817              	.LASF6:
 818 0160 756E7369 		.ascii	"unsigned char\000"
 818      676E6564 
 818      20636861 
 818      7200
 819              	.LASF32:
 820 016e 2F646174 		.ascii	"/data/Documents/BPRL_flight\000"
 820      612F446F 
 820      63756D65 
 820      6E74732F 
ARM GAS  /tmp/ccGg91r8.s 			page 17


 820      4250524C 
 821              	.LASF8:
 822 018a 73686F72 		.ascii	"short unsigned int\000"
 822      7420756E 
 822      7369676E 
 822      65642069 
 822      6E7400
 823              	.LASF19:
 824 019d 77726974 		.ascii	"write\000"
 824      6500
 825              	.LASF34:
 826 01a3 6D734F62 		.ascii	"msObjectInit\000"
 826      6A656374 
 826      496E6974 
 826      00
 827              	.LASF18:
 828 01b0 696E7374 		.ascii	"instance_offset\000"
 828      616E6365 
 828      5F6F6666 
 828      73657400 
 829              	.LASF27:
 830 01c0 5F676574 		.ascii	"_get\000"
 830      00
 831              	.LASF20:
 832 01c5 72656164 		.ascii	"read\000"
 832      00
 833              	.LASF11:
 834 01ca 6C6F6E67 		.ascii	"long unsigned int\000"
 834      20756E73 
 834      69676E65 
 834      6420696E 
 834      7400
 835              	.LASF21:
 836 01dc 756E6765 		.ascii	"unget\000"
 836      7400
 837              	.LASF23:
 838 01e2 73697A65 		.ascii	"size\000"
 838      00
 839              	.LASF13:
 840 01e7 63686172 		.ascii	"char\000"
 840      00
 841              	.LASF14:
 842 01ec 75696E74 		.ascii	"uint8_t\000"
 842      385F7400 
 843              	.LASF16:
 844 01f4 6D73675F 		.ascii	"msg_t\000"
 844      7400
 845              	.LASF29:
 846 01fa 5F726561 		.ascii	"_reads\000"
 846      647300
 847              	.LASF15:
 848 0201 696E7433 		.ascii	"int32_t\000"
 848      325F7400 
 849              	.LASF35:
 850 0209 5F777269 		.ascii	"_writes\000"
 850      74657300 
 851              	.LASF1:
ARM GAS  /tmp/ccGg91r8.s 			page 18


 852 0211 6C6F6E67 		.ascii	"long long int\000"
 852      206C6F6E 
 852      6720696E 
 852      7400
 853              	.LASF24:
 854 021f 6F666673 		.ascii	"offset\000"
 854      657400
 855              	.LASF7:
 856 0226 73686F72 		.ascii	"short int\000"
 856      7420696E 
 856      7400
 857              	.LASF22:
 858 0230 62756666 		.ascii	"buffer\000"
 858      657200
 859              	.LASF10:
 860 0237 6C6F6E67 		.ascii	"long int\000"
 860      20696E74 
 860      00
 861              	.LASF25:
 862 0240 4D656D6F 		.ascii	"MemoryStream\000"
 862      72795374 
 862      7265616D 
 862      00
 863              	.LASF26:
 864 024d 5F756E67 		.ascii	"_unget\000"
 864      657400
 865              	.LASF17:
 866 0254 5F426F6F 		.ascii	"_Bool\000"
 866      6C00
 867              	.LASF12:
 868 025a 6C6F6E67 		.ascii	"long long unsigned int\000"
 868      206C6F6E 
 868      6720756E 
 868      7369676E 
 868      65642069 
 869              		.text
 870              		.section	.gnu.lto_.profile.9add9fd0be367609,"e",%progbits
 871 0000 789C6362 		.ascii	"x\234cb\000\001\000\000\022\000\003"
 871      00010000 
 871      120003
 872              		.text
 873              		.section	.gnu.lto_.icf.9add9fd0be367609,"e",%progbits
 874 0000 789CD361 		.ascii	"x\234\323a@\000v\206\207\357\216\265s0\316\2741\273"
 874      40007686 
 874      87EF8EB5 
 874      7330CEBC 
 874      31BB
 875 0012 858DA97F 		.ascii	"\205\215\251\177\333\367O\234\314G\036\365w\262\261"
 875      DBF74F9C 
 875      CC471EF5 
 875      77B2B1
 876 0021 ECBDF1E9 		.ascii	"\354\275\361\351\003\023\353\353\2553\2161\263\275\231"
 876      0313EBEB 
 876      AD338E31 
 876      B3BD99
 877 0030 F068170B 		.ascii	"\360h\027\013\003\000\345\355\025\224"
 877      0300E5ED 
ARM GAS  /tmp/ccGg91r8.s 			page 19


 877      1594
 878              		.text
 879              		.section	.gnu.lto_.ipa_sra.9add9fd0be367609,"e",%progbits
 880 0000 789CCB63 		.ascii	"x\234\313c@\0006\006&\030\223\231\221\021L1!D\230\231"
 880      40003606 
 880      26189399 
 880      91114C31 
 880      21449899 
 881 0014 C1340703 		.ascii	"\3014\007\003;\204\313\330\310\003\221a\004\252adA\223"
 881      3B84CBD8 
 881      C8039161 
 881      04AA6164 
 881      4193
 882 0026 054B8054 		.ascii	"\005K\200T\200eYY\030\320\000#\003\000~\315\001\353"
 882      80655959 
 882      18D00023 
 882      03007ECD 
 882      01EB
 883              		.text
 884              		.section	.gnu.lto_.inline.9add9fd0be367609,"e",%progbits
 885 0000 789CCD92 		.ascii	"x\234\315\222\257N\003A\020\207\177;\263-\033\256MN"
 885      AF4E0341 
 885      10877F3B 
 885      B32D1BAE 
 885      4D4E
 886 0012 56204EF2 		.ascii	"V N\362\030<\001\206\027h\357Z\320\274\000\271&\204"
 886      183C0186 
 886      1768EF5A 
 886      D0BC00B9 
 886      2684
 887 0024 044142F1 		.ascii	"\004AB\361\020D\011\002\203 H(\301a\020$\004G\352\260"
 887      10440902 
 887      83204828 
 887      C1611024 
 887      0447EAB0 
 888 0038 3508A085 		.ascii	"5\010\240\205\271\241w{\374\021\3241g\276\235\335\271"
 888      B9A1777B 
 888      FC11D431 
 888      67BE9DDD 
 888      B9
 889 0049 F96EF656 		.ascii	"\371n\366V\030ET\201\372\366\321\353\204V\015\303\364"
 889      18455481 
 889      FAF6D1EB 
 889      84560DC3 
 889      F4
 890 005a 65879730 		.ascii	"e\207\2270\205\246\202\001G\230\257\366n\236\307\324"
 890      85A68201 
 890      4798AFF6 
 890      6E9EC7D4 
 891 006a 06DCE9F5 		.ascii	"\006\334\351\365\361;\265\011\004\223JPL\260\005\303"
 891      F13BB509 
 891      04934A50 
 891      4CB005C3 
 892 007a FAACF359 		.ascii	"\372\254\363Y\007\253\324F\015\346j\347`\314-BH9#\004"
 892      07ABD446 
 892      0DE66AE7 
 892      60CC2D42 
ARM GAS  /tmp/ccGg91r8.s 			page 20


 892      48392304 
 893 008e 29C56888 		.ascii	")\305h\210\223Am\377\254\367XRj\346J\251)9\261:%\300"
 893      93416DFF 
 893      ACF75852 
 893      6AE64AA9 
 893      2939B13A 
 894 00a4 DCC3F0EE 		.ascii	"\334\303\360\356\362\257N<\334\272\235H\325lN\204`\263"
 894      F2AF4E3C 
 894      DCBA9D48 
 894      D56C4E84 
 894      60B3
 895 00b6 7B72A14E 		.ascii	"{r\241N\353}\246=\026\037S\010}W\003\272\362\356\015"
 895      EB7DA63D 
 895      161F5308 
 895      7D5703BA 
 895      F2EE0D
 896 00c9 99EF678F 		.ascii	"\231\357g\217/j\"Q\021\034Hk'M\316\357_8\266p\242\251"
 896      2F6A2251 
 896      111C486B 
 896      274DCEEF 
 896      5F38B670 
 897 00df DCB26ACF 		.ascii	"\334\262j\317\243\247\364\215\022\213r>\314>k\272\222"
 897      A3A7F48D 
 897      128B723E 
 897      CC3E6BBA 
 897      92
 898 00f0 85AF6E58 		.ascii	"\205\257nX\221d\204Y\017^3\366\227\301\221\022\274e"
 898      91648459 
 898      0F5E33F6 
 898      97C19112 
 898      BC65
 899 0102 900F004E 		.ascii	"\220\017\000N\313f\276TRJd\2009-\370\223\221?\031\025"
 899      CB66BE54 
 899      524A6480 
 899      392DF893 
 899      913F1915 
 900 0116 FB8BD2DE 		.ascii	"\373\213\322\336\3263\325\335\345\354\261?\214K\177"
 900      D633D5DD 
 900      E5ECB13F 
 900      8C4B7F
 901 0125 DF7F14AE 		.ascii	"\337\177\024\256h\353\001wd\236\371%\"\0208\244Nf#\361"
 901      68EB0177 
 901      649EF925 
 901      221038A4 
 901      4E6623F1 
 902 0139 016970C1 		.ascii	"\001ip\301\337"
 902      DF
 903              		.text
 904              		.section	.gnu.lto_.jmpfuncs.9add9fd0be367609,"e",%progbits
 905 0000 789C854E 		.ascii	"x\234\205NA\012\2000\014K\326n\036\367c\367\231=\304"
 905      410A8030 
 905      0C4BD66E 
 905      1EF763F7 
 905      993DC4
 906 0013 9BCF72E9 		.ascii	"\233\317r\351\020\034\010\032\0104i\033r\342AA\"\255"
 906      101C081A 
 906      0834691B 
ARM GAS  /tmp/ccGg91r8.s 			page 21


 906      72E24141 
 906      22AD
 907 0025 750B3A85 		.ascii	"u\013:\205\230\323j\232\311\335B\261[\254Q|'\301\303"
 907      98D36A9A 
 907      C9DD42B1 
 907      5BAC517C 
 907      27C1C3
 908 0038 09F112AA 		.ascii	"\011\361\022\252\242\276\265\257)y\246\274N\376S\363"
 908      A2BEB5AF 
 908      2979A6BC 
 908      4EFE53F3 
 909 0048 AC58F55E 		.ascii	"\254X\365^\332]&\210\001\362\2104\031"
 909      DA5D2688 
 909      01F28834 
 909      19
 910              		.text
 911              		.section	.gnu.lto_.pureconst.9add9fd0be367609,"e",%progbits
 912 0000 789C1366 		.ascii	"x\234\023f```c\230\305\3028\213\205i\026\013\363,\026"
 912      60606063 
 912      98C5C238 
 912      8B856916 
 912      0BF32C16 
 913 0014 96592CAC 		.ascii	"\226Y,\254\263X\000%\275\003\335"
 913      B3580025 
 913      BD03DD
 914              		.text
 915              		.section	.gnu.lto_.lto.9add9fd0be367609,"e",%progbits
 916 0000 09000200 		.ascii	"\011\000\002\000\001\000\000\000"
 916      01000000 
 917              		.text
 918              		.section	.gnu.lto__writes.432.9add9fd0be367609,"e",%progbits
 919 0000 789C7D92 		.ascii	"x\234}\222Ah\023A\024\206\337?\263\331Ml\2437\275x\020"
 919      41681341 
 919      1486DF3F 
 919      B3D94D6C 
 919      A337BD78 
 920 0015 A488976E 		.ascii	"\244\210\227n\301V\360\"\242\036\025\305\0129\226$\215"
 920      C156F022 
 920      A21E15C5 
 920      0A399624 
 920      8D
 921 0026 2690A431 		.ascii	"&\220\2441\211\202\247N\253\344\220Kl\275\306P\226\245"
 921      8982A74E 
 921      ABE4904B 
 921      6CBDC650 
 921      96A5
 922 0038 58100451 		.ascii	"X\020\004QZ\265\325\250\010E\024\264\340AA\012B1z\220"
 922      5AB5D5A8 
 922      084514B4 
 922      E041410A 
 922      42317A90 
 923 004c 50100585 		.ascii	"P\020\005\205\372f6\320\006\254\207y;\357\315\367\346"
 923      FA6636D0 
 923      06AC8779 
 923      3BEFCDF7 
 923      E6
 924 005d FF67665B 		.ascii	"\377gf[\202\350\012\021\365\361\200$LOU\005)\245\216"
ARM GAS  /tmp/ccGg91r8.s 			page 22


 924      82E80A11 
 924      F5F18024 
 924      4C4F5505 
 924      29A58E
 925 0070 39021353 		.ascii	"9\002\023S\325\237\263\373\361\024&\007\215\013\214"
 925      D59FB3FB 
 925      F1142607 
 925      8D0B8C
 926 007f E3A6AC4B 		.ascii	"\343\246\254KLK\237Y\2533\003\366\035l*\365k\255\266"
 926      4C4B9F59 
 926      AB3303F6 
 926      1D6C2AF5 
 926      6BADB6
 927 0092 7AB47EBB 		.ascii	"z\264~\273i\371RP\203\327\037\000\367\301\373\022s\362"
 927      69F95250 
 927      83D71F00 
 927      F7C1FB12 
 927      73F2
 928 00a4 3C1D60E6 		.ascii	"<\035`\346\355\322\202R\021\362\245\304<\2660\\\210"
 928      EDD28252 
 928      11F2A5C4 
 928      3CB6305C 
 928      88
 929 00b5 DDB13597 		.ascii	"\335\2615\227\017\270V\207\263\360\260\233\263b\363"
 929      0FB85687 
 929      B3F0B09B 
 929      B362F3
 930 00c4 86BB1470 		.ascii	"\206\273\024p\277;\234\300\343nN\304\236\333\201rI\307"
 930      BF3B9CC0 
 930      E36E4EC4 
 930      9EDB8172 
 930      49C7
 931 00d6 3E86DBAD 		.ascii	">\206\333\255\225\302\262b{!,\241\313`\354\265m\023"
 931      95C2B262 
 931      7B212CA1 
 931      CB60ECB5 
 931      6D13
 932 00e8 9E40DBD6 		.ascii	"\236@\333\326\027\301\343\356J\250\251\376l\324\224"
 932      17C1E3EE 
 932      4AA8A9FE 
 932      6CD494
 933 00f7 DA58C397 		.ascii	"\332X\303\227\325\320.\360\246\266\320A\352`\021\026"
 933      D5D02EF0 
 933      A6B6D041 
 933      EA601116 
 934 0107 11E29963 		.ascii	"\021\342\231c\353\340\350ZX\207\010\260\200\036\360"
 934      EBE0E85A 
 934      588708B0 
 934      801EF0
 935 0116 6A2FF088 		.ascii	"j/\360\210\267\252I}\241\312\202j\022\335\220\"H&8\371"
 935      B7AA497D 
 935      A1CA826A 
 935      12DD9022 
 935      482638F9 
 936 012a 06F5F95D 		.ascii	"\006\365\371]\224?\2233\303\254\356\311\210)\275\217"
 936      943F9333 
 936      C3ACEEC9 
ARM GAS  /tmp/ccGg91r8.s 			page 23


 936      8829BD8F 
 937 013a D2774C2E 		.ascii	"\322wL.\316E=\211\316\025\207\240\0171\253_\"\354\313"
 937      CE453D89 
 937      CE1587A0 
 937      0F31AB5F 
 937      22ECCB
 938 014d 30936882 		.ascii	"0\223h\202\006\202T\340\031n\031\343\246m\217'\305\377"
 938      068254E0 
 938      196E19E3 
 938      A66D8F27 
 938      C5FF
 939 015f E0170CC3 		.ascii	"\340\027\014\303\300\327\032\2257\302\223\222u\270G"
 939      C0D71A95 
 939      37C29392 
 939      75B847
 940 016e 17D62B82 		.ascii	"\027\326+\202<i\231Z\017\233\021|\014\316\215\255\017"
 940      3C69995A 
 940      0F9B117C 
 940      0CCE8DAD 
 940      0F
 941 017f A7F95730 		.ascii	"\247\371W0\022_wz2\264\275\204\203\227,!\002\211{\225"
 941      125F777A 
 941      32B4BD84 
 941      83972C21 
 941      02897B95 
 942 0193 1F2C6173 		.ascii	"\037,as\203\226h\2432\343\320u\010_F\032\332\205Y\352"
 942      839668A3 
 942      32E3D075 
 942      085F461A 
 942      DA8559EA 
 943 01a7 65095FEE 		.ascii	"e\011_\3560*\037\003\2119\226p\376%a\336zy\363\010\365"
 943      302A1F03 
 943      89399670 
 943      FE2561DE 
 943      7A79F308 
 944 01bc 0A1B0C1B 		.ascii	"\012\033\014\033\317\216\356lW\261m\333\253\240\215"
 944      CF8EEE6C 
 944      57B16DDB 
 944      ABA08D
 945 01cb 7923F529 		.ascii	"y#\365)J\353|\365C\372\200\244\337\011\233\357D\264"
 945      4AEB7CF5 
 945      43FA80A4 
 945      DF099BEF 
 945      44B4
 946 01dd D71D8D97 		.ascii	"\327\035\215\227\343\356\311\261\344\345\\*_.\271\307"
 946      E3EEC9B1 
 946      E4E55C2A 
 946      5F2EB9C7 
 947 01ed CF9E3B35 		.ascii	"\317\236;5r!\233\271\230.\323`9\235)\216\216\024\342"
 947      72219BB9 
 947      982ED360 
 947      399D298E 
 947      8E14E2
 948 0200 C5F255F7 		.ascii	"\305\362U\367D:\223\310\234\031v\307Jn:\236u\263\231"
 948      443A93C8 
 948      9C1976C7 
 948      4A6E3A9E 
ARM GAS  /tmp/ccGg91r8.s 			page 24


 948      75B399
 949 0213 845B2A17 		.ascii	"\204[*\027S\361\\\311\315\245r\235i\177\222D\246\260"
 949      53F15CC9 
 949      CDA5729D 
 949      697F9244 
 949      A6B0
 950 0225 7B6BA1FF 		.ascii	"{k\241\377H\362\360\300`\374\320\020\211D\001y\231+"
 950      48F2F0C0 
 950      60FCD010 
 950      89440179 
 950      992B
 951 0237 15FE02A5 		.ascii	"\025\376\002\245\230\002\265"
 951      9802B5
 952              		.text
 953              		.section	.gnu.lto__reads.433.9add9fd0be367609,"e",%progbits
 954 0000 789C7D92 		.ascii	"x\234}\222Ah\023A\024\206\337?\263\233MhC/\322\223\007"
 954      41681341 
 954      1486DF3F 
 954      B39B4D68 
 954      432FD293 
 955 0015 2F2A5EBA 		.ascii	"/*^\272\005[\301\213\210\212'E\261B\216%I\243YH\322"
 955      055BC18B 
 955      888A2745 
 955      B1428E25 
 955      49A35948 
 956 002a 986C054F 		.ascii	"\230l\005O\235V\011\230KLs\361\020CY\202\350I\220\212"
 956      9D560998 
 956      4B4C73F1 
 956      10435982 
 956      E849908A 
 957 003e 55A346A4 		.ascii	"U\243F\244Z\274(\005\017^\005\205\212H\250\210V\264"
 957      5ABC2805 
 957      0F5E0585 
 957      8A48A888 
 957      56B4
 958 0050 FA6637D0 		.ascii	"\372f7\320\006\254\207}\273\363\346{\363\377o\336\256"
 958      06AC877D 
 958      BBF3E67B 
 958      F3FF6FDE 
 958      AE
 959 0061 0AA28B44 		.ascii	"\012\242\213D\264\207\037H\302\\\265,H)u\330\022\230"
 959      B4871F48 
 959      C25CB52C 
 959      482975D8 
 959      1298
 960 0073 A9965F5E 		.ascii	"\251\226_^_0\360\024~\0024-0\215\232\254K\314\311&\303"
 960      5F30F014 
 960      7E02342D 
 960      308D9AAC 
 960      4BCCC926 
 961 0088 46F70BD8 		.ascii	"F\367\013\330\265\257\255\324\217\017\225\365C\365["
 961      B5AFADD4 
 961      8F0F95F5 
 961      43F55B
 962 0097 6DA32905 		.ascii	"m\243)\0055x\377\036\260\000>\230\230\223gi/3oZ\213"
 962      3578FF1E 
 962      B0003E98 
ARM GAS  /tmp/ccGg91r8.s 			page 25


 962      98936769 
 962      2F336F5A 
 963 00ac 4A45A829 		.ascii	"JE\250)%\356c\013\303\211\330WSs\271\200{\327\345\014"
 963      25EE630B 
 963      C389D857 
 963      5373B980 
 963      7BD7E50C 
 964 00c0 3CE8E58C 		.ascii	"<\350\345\214\330\206\317]\010\270\317]N\340Q/'bWC\201"
 964      D886CF5D 
 964      08B8CF5D 
 964      4EE0512F 
 964      27625743 
 965 00d5 7251C7DD 		.ascii	"rQ\307\335\014w~\256\344\227\025\3333\361\030=\006c"
 965      0C777EAE 
 965      E49715DB 
 965      33F1183D 
 965      0663
 966 00e7 B55088F0 		.ascii	"\265P\210\360\004\332\266\276\011~\356\254\230m\365"
 966      04DAB6BE 
 966      097EEEAC 
 966      986DF5
 967 00f6 EB4F45A9 		.ascii	"\353OE\251\327\337\361\261v|\000|hH\350 u0\010-\230"
 967      D7DFF1B1 
 967      767C007C 
 967      6848E820 
 967      7530082D 
 968 010b DA504807 		.ascii	"\332PH\007K\347\302:D\200E\364\201w\373\201\207|TE\352"
 968      4BE7C23A 
 968      448045F4 
 968      8177FB81 
 968      877C5445 
 969 0120 1B550654 		.ascii	"\033U\006T\233\350\232\024\301b\206\027\237\240\336"
 969      9BE89A14 
 969      C1628617 
 969      9FA0DE
 970 012f 7F8BF26B 		.ascii	"\177\213\362kv~\214\325=\031\361S\353Q\372\202\331\326"
 970      767E8CD5 
 970      3D19F153 
 970      EB51FA82 
 970      D9D6
 971 0141 EDA827D1 		.ascii	"\355\250'\321\275b\023\272\211\233z\022\341\246\264"
 971      BD6213BA 
 971      899B7A12 
 971      E1A6B4
 972 0150 98441B34 		.ascii	"\230D\0334\034,\005\236\341\206o\\\227\255\016zR\374"
 972      1C2C059E 
 972      E1866F5C 
 972      97AD0E7A 
 972      52FC
 973 0162 0F7ECE30 		.ascii	"\017~\3160|\370r\243\264$<)Y\207ktb\255$\310\223\206"
 973      7CF872A3 
 973      B4243C29 
 973      59876B74 
 973      62AD24C8 
 974 0178 9FEB6333 		.ascii	"\237\353c3\202\333\340\265o\353\367I\376\025\002\211"
 974      82DBE0B5 
 974      6FEBF749 
ARM GAS  /tmp/ccGg91r8.s 			page 26


 974      FE150289 
 975 0188 1D9E34B7 		.ascii	"\035\2364\267\2270\260\304\022\"\220\270[z\313g\205"
 975      9730B0C4 
 975      122290B8 
 975      5B7ACB67 
 975      85
 976 0199 B8404B74 		.ascii	"\270@KtP\232\267\350\012DS\206\033\332\205'\373\375"
 976      509AB7E8 
 976      0A445386 
 976      1BDA8527 
 976      FBFD
 977 01ab 5D9E4AD0 		.ascii	"]\236J\320\374FWb\300\223\326\277$\374Y/o\266P/\261"
 977      FC465762 
 977      C093D6BF 
 977      24FC592F 
 977      6FB6502F 
 978 01c0 C1B0EFD9 		.ascii	"\301\260\357\331\322\225\2352\266-{\025\2241\357KU_"
 978      D2959D32 
 978      B62D7B15 
 978      9431EF4B 
 978      555F
 979 01d2 80D6F8EE 		.ascii	"\200\326\370\356Gu\207\244\007\205\315A\021\355\264"
 979      477587A4 
 979      0785CD41 
 979      11EDB4
 980 01e1 27E26EDC 		.ascii	"'\342n\334>6\231\234\312\246rn\321>r\372\314\211\361"
 980      3E36999C 
 980      CAA6726E 
 980      D13E72FA 
 980      CC89F1
 981 01f4 7319E77C 		.ascii	"s\031\347|\332\245\0217\355\024&\306\363\361\202{\311"
 981      DAA51137 
 981      ED1426C6 
 981      F3F1827B 
 981      C9
 982 0205 3E9A7612 		.ascii	">\232v\022\316\2511{\262h\247\343\031;\343$\354\242"
 982      CEA9317B 
 982      B268A7E3 
 982      193BE324 
 982      ECA2
 983 0217 5B48C5B3 		.ascii	"[H\305\263E;\233\312v?\207\222$\234\374\340\326\304"
 983      453B9BCA 
 983      763F8792 
 983      249CFCE0 
 983      D6C4
 984 0229 D0C1E481 		.ascii	"\320\301\344\201\341\221\370\376Q\022\211<r2[\314\377"
 984      E191F8FE 
 984      5112893C 
 984      72325BCC 
 984      FF
 985 023a 05796504 		.ascii	"\005ye\004X"
 985      58
 986              		.text
 987              		.section	.gnu.lto__put.434.9add9fd0be367609,"e",%progbits
 988 0000 789C7D52 		.ascii	"x\234}RMHTQ\024>\337=\357\315\233\301\232eED\264\211"
 988      4D485451 
 988      143EDF3D 
ARM GAS  /tmp/ccGg91r8.s 			page 27


 988      EFCD9BC1 
 988      9A654544 
 989 0016 08C22738 		.ascii	"\010\302'8\005\255\222~vA\221\201K\031\177j\006\034"
 989      05AD927E 
 989      76419181 
 989      4B197F6A 
 989      061C
 990 0028 1D9C69D1 		.ascii	"\035\234i\321&\257?\270\030\013\035kc\250\304k\010\333"
 990      26AF3FB8 
 990      180B1D6B 
 990      63A8C46B 
 990      08DB
 991 003a 149A9296 		.ascii	"\024\232\222\226\325\210d\020\011QP\356\302\242\320"
 991      D5886410 
 991      095150EE 
 991      C2A2D0
 992 0049 1621AD22 		.ascii	"\026!\255\"\354\347\334\367&5\310\026\357p\317\231\357"
 992      ECE7DCF7 
 992      2635C816 
 992      EF70CF99 
 992      EF
 993 005a EF9E3B1F 		.ascii	"\357\236;\037\024Q\206\210N\310\007\233\320\237\317"
 993      14518688 
 993      4EC8079B 
 993      D09FCF
 994 0069 29D25A57 		.ascii	")\322ZW9Ju\345{\024\036ad\370\200\325\231\217.,\276"
 994      394A75E5 
 994      7B141E61 
 994      64F880D5 
 994      998F2E2C 
 995 007e 3E6231AE 		.ascii	">b1\256\345so\007b>\302B\373\032\032\324\246\330B\033"
 995      E5736F07 
 995      623EC242 
 995      FB1A1AD4 
 995      A6D8421B 
 996 0092 AEF220A3 		.ascii	"\256\362 \243\237\013L\260J'`\317~\001}\373\330\333"
 996      9F0B4CB0 
 996      4A2760CF 
 996      7E017DFB 
 996      D8DB
 997 00a4 33EB0C8E 		.ascii	"3\353\014\216\024\255\002+\032\026\300\0040\0161&\001"
 997      14AD022B 
 997      1A16C004 
 997      300E3126 
 997      01
 998 00b5 F259DA57 		.ascii	"\362Y\332W\324\372\345\324\244\326\021*0\343>6`dP3c"
 998      D4FAE5D4 
 998      A4D6112A 
 998      30E33E36 
 998      60645033 
 999 00ca 1B5C7380 		.ascii	"\033\\s\200\233\037\327\232ela\312\307U\242\302\240"
 999      9B1FD79A 
 999      656C61CA 
 999      C755A2C2 
 999      A0
 1000 00db AC9A1776 		.ascii	"\254\232\027v\240\2276u\257@W.\337\314E\373\332\303"
 1000      A0973675 
ARM GAS  /tmp/ccGg91r8.s 			page 28


 1000      AF40572E 
 1000      DFCC45FB 
 1000      DAC3
 1001 00ed 05B6F110 		.ascii	"\005\266\361\020\177\371\326\274\261C\204i\2304f\001"
 1001      7FF9D6BC 
 1001      B1438469 
 1001      98346601 
 1002 00fd F2DD7D65 		.ascii	"\362\335}e\027\365\352\257^\255\337\355XX\375\024\216"
 1002      17F5EAAF 
 1002      5EADDFED 
 1002      5858FD14 
 1002      8E
 1003 010e 425443CA 		.ascii	"BTC\312\024c\347X\246\330\246\015\231\342HQ\021`\022"
 1003      1463E758 
 1003      A6D8A60D 
 1003      99E24851 
 1003      116012
 1004 0121 65C00311 		.ascii	"e\300\003\021\350e\263\020mA\027\211\372X\005M\2734"
 1004      E865B310 
 1004      6D411789 
 1004      FA58054D 
 1004      BB34
 1005 0133 9FA1DF0F 		.ascii	"\237\241\337\017\314Ed\243r\354\270Q-\276\036G\374\361"
 1005      CC4564A3 
 1005      72ECB851 
 1005      2DBE1E47 
 1005      FCF1
 1006 0145 D01CE80B 		.ascii	"\320\034\350\013:\246oo\365\030\245\255\3310\027\270"
 1006      3AA66F6F 
 1006      F518A5AD 
 1006      D93017B8 
 1007 0155 05E14BF4 		.ascii	"\005\341K\364\260@\361\030T\021\264\021<\301\220\237"
 1007      B040F118 
 1007      5411B411 
 1007      3CC1909F 
 1008 0165 D9A76DF7 		.ascii	"\331\247m\367X\375\017<#`s\271et-\315\356\024\017\301"
 1008      58FD0F3C 
 1008      236073B9 
 1008      65742DCD 
 1008      EE140FC1 
 1009 0179 1BB204E4 		.ascii	"\033\262\004\344\231+\303?x-\340\350\237$[<\346\315"
 1009      992BC33F 
 1009      782DE0E8 
 1009      9F245B3C 
 1009      E6CD
 1010 018b 251DCC8A 		.ascii	"%\035\314\212\244\362\375;\307\272\347\225\307\226\020"
 1010      A4F2FD3B 
 1010      C7BAE795 
 1010      C79610
 1011 019a 8CACB0AF 		.ascii	"\214\254\260\257/\357.]B\376\027\276\302\022\012\006"
 1011      2FEF2E5D 
 1011      42FE17BE 
 1011      C2120A06 
 1012 01aa 60E129C8 		.ascii	"`\341)\310\3432\337j,\0248E=\266\377\345D&\371\263R"
 1012      E332DF6A 
 1012      2C143845 
 1012      3DB6FFE5 
ARM GAS  /tmp/ccGg91r8.s 			page 29


 1012      4426F9B3 
 1013 01bf 72B119EC 		.ascii	"r\261\031\354\226\330!\001\033aY\271a\257\344\260)\365"
 1013      96D82101 
 1013      1B6159B9 
 1013      61AFE4B0 
 1013      29F5
 1014 01d1 7940158E 		.ascii	"y@\025\216o71\007\377\302\326\372\213|EG\225\374\356"
 1014      6F373107 
 1014      FFC2D6FA 
 1014      8B7C4547 
 1014      95FCEE
 1015 01e4 C8FC3B1C 		.ascii	"\310\374;\034#\253pI\375\034]\011\313#\005-\361\235"
 1015      23AB7049 
 1015      FD1C5D09 
 1015      CB23052D 
 1015      F19D
 1016 01f6 7B097954 		.ascii	"{\011yT\254?*\321.\267!\236\215\273\307[\352/\244\032"
 1016      AC3F2AD1 
 1016      2EB7219E 
 1016      8DBBC75B 
 1016      EA2FA41A 
 1017 020a 9BB319F7 		.ascii	"\233\263\031\367\350\3513'k\3175%\317'\262\024\313&"
 1017      E8E93327 
 1017      6BCF3525 
 1017      CF27B214 
 1017      CB26
 1018 021c 92AD0DB5 		.ascii	"\222\255\015\265\351xk\366\242{,\221\254K\236\252v["
 1018      E9786BF6 
 1018      A27B2C91 
 1018      AC4B9EAA 
 1018      765B
 1019 022e 326E22DE 		.ascii	"2n\"\336\3446%\353\334L\266\2651\236\312\270\251\306"
 1019      E43625EB 
 1019      DC4CB6B5 
 1019      319ECAB8 
 1019      A9C6
 1020 0240 54E9585E 		.ascii	"T\351X^O*\231\336\266qP~\270\376PE,^y\220P\307\251L"
 1020      4F2A99DE 
 1020      B671507E 
 1020      B8FE5045 
 1020      2C5E7990 
 1021 0258 FA374469 		.ascii	"\3727Di\014\262"
 1021      0CB2
 1022              		.text
 1023              		.section	.gnu.lto__get.435.9add9fd0be367609,"e",%progbits
 1024 0000 789C7D92 		.ascii	"x\234}\222_H\323Q\024\307\317\367\336\337o\177L}\024"
 1024      5F48D351 
 1024      14C7CFF7 
 1024      DEDF6F7F 
 1024      4C7D14
 1025 0013 8A1E7A89 		.ascii	"\212\036z\211\010\312\237\240\005=%\375y\013\212\014"
 1025      08CA9FA0 
 1025      053D25FD 
 1025      790B8A0C 
 1026 0023 7C946D5A 		.ascii	"|\224mZ\0338\225m=\364\222\327M\014&1g=\204\314\025"
 1026      1B38956D 
 1026      3DF492D7 
ARM GAS  /tmp/ccGg91r8.s 			page 30


 1026      4D0C2631 
 1026      673D84CC 
 1027 0038 BF46D84B 		.ascii	"\277F\330KE$i\251M$\3511\222\250(\004\213@\213r\364"
 1027      452469A9 
 1027      4D24E931 
 1027      92A82804 
 1027      8B408B72 
 1028 004d 14A1D4B9 		.ascii	"\024\241\324\271wK\015*\330\356\3569|\316\367|\317\271"
 1028      774B0D2A 
 1028      D8EEEE39 
 1028      7CCEF77C 
 1028      CFB9
 1029 005f 5B124471 		.ascii	"[\022Dq\":\316_\330\204\341lZ\220R\252\331+D\177vP`"
 1029      223ACE5F 
 1029      D884E16C 
 1029      5A9052AA 
 1029      D92B447F 
 1030 0076 1A63F97D 		.ascii	"\032c\371}V*[\373zi\341\260%q5\233^\035i2\204\205\276"
 1030      562A5BFB 
 1030      7A69E1B0 
 1030      2571359B 
 1030      5E1D6932 
 1031 008d 0D1AD42B 		.ascii	"\015\032\324+\244\205^\\\2219\211aY\220\004\253r\003"
 1031      A4855E5C 
 1031      91398961 
 1031      599004AB 
 1031      7203
 1032 009f 76ED65E8 		.ascii	"v\355e\350\373\307\314\350\23477V\264\012RP\236\201"
 1032      FBC7CCE8 
 1032      9C373756 
 1032      B40A5250 
 1032      9E81
 1033 00b1 71E001B8 		.ascii	"q\340\001\27011(\317\320\236\242R\317''\224\362SAJ<"
 1033      313128CF 
 1033      D09EA252 
 1033      CF272794 
 1033      F253414A 
 1034 00c6 C4168613 		.ascii	"\304\026\206\023\255\031\273Lv\351s7\303\245\3537\323"
 1034      AD19BB4C 
 1034      76E97337 
 1034      C3A5EB37 
 1034      D3
 1035 00d7 B5437DBE 		.ascii	"\265C}\276\002w\236\304\037\212\255\005[\243\261\015"
 1035      02779EC4 
 1035      1F8AAD05 
 1035      5BA3B10D 
 1036 00e7 34FF61A0 		.ascii	"4\377a\240\346\236b\324\306c\2036\242\301\200#\266\207"
 1036      E69E62D4 
 1036      C6638336 
 1036      A2C18023 
 1036      B687
 1037 00f9 30053C82 		.ascii	"0\005<\202\366\244\327\300\037N\334}a\027\325\332\317"
 1037      F6A4D7C0 
 1037      1F4EDC7D 
 1037      6117D5DA 
 1037      CF
 1038 010a 8C52ABDB 		.ascii	"\214R\253\333\247\337}\366\325\200Mx\204>$\037^K\037"
ARM GAS  /tmp/ccGg91r8.s 			page 31


 1038      A7DF7DF6 
 1038      D5804D78 
 1038      843E241F 
 1038      5E4B1F
 1039 011d B60E3D7C 		.ascii	"\266\016=|\010\0370\201*\255T\255C\242\214\324\233Q"
 1039      081F3081 
 1039      2AAD54AD 
 1039      43A28CD4 
 1039      9B51
 1040 012f 16549168 		.ascii	"\026T\221hH\212r\320\307\301'\250\367\323\363~^\255"
 1040      488A72D0 
 1040      C7C127A8 
 1040      F7D3F37E 
 1040      5EAD
 1041 0141 B9CE78F8 		.ascii	"\271\316x\370'y\243\205\035\270\322gR\013\363\240\257"
 1041      2779A385 
 1041      1DB8D267 
 1041      520BF3A0 
 1041      AF
 1042 0152 484EDDAE 		.ascii	"HN\335\256q%*[\264\240g\271\005\226\341)|\214b\006\324"
 1042      71252A5B 
 1042      B4A067B9 
 1042      0596E129 
 1042      7C8C6206 
 1043 0167 500EFD78 		.ascii	"P\016\375x\202Q\343^\227\255\324\271R\374\017\236eX"
 1043      8251E35E 
 1043      97ADD4B9 
 1043      52FC0F9E 
 1043      6558
 1044 0179 AF6905FD 		.ascii	"\257i\005\375\313s;\270\207\253\035\223\366)g/\347\327"
 1044      CB733BB8 
 1044      87AB1D93 
 1044      F629672F 
 1044      E7D7
 1045 018b E586CF57 		.ascii	"\345\206\317W\277\235\324\272R\376[\322\2139\226\024"
 1045      BF9DD4BA 
 1045      52FE5BD2 
 1045      8B399614 
 1046 019b A67FEAFE 		.ascii	"\246\177\352\376\300\027\341J\213\013\264,W_\033\334"
 1046      C017E14A 
 1046      8B0BB42C 
 1046      575F1BDC 
 1047 01ab EFCAAACA 		.ascii	"\357\312\252\312\034\374W1\"\313|\267\031\303S\220Y"
 1047      1CFC5731 
 1047      22CB7CB7 
 1047      19C35390 
 1047      59
 1048 01bc C036DE1D 		.ascii	"\3006\336\035c\246\355\033\3236\225\033X\347\024SBW"
 1048      63A6ED1B 
 1048      D336951B 
 1048      58E71453 
 1048      4257
 1049 01ce FA61BC94 		.ascii	"\372a\274\224\322\370\233\021\322\300\263\362`\\cd\336"
 1049      D2F89B11 
 1049      D2C0B3F2 
 1049      605C6364 
 1049      DE
ARM GAS  /tmp/ccGg91r8.s 			page 32


 1050 01df 96DDAF5D 		.ascii	"\226\335\257]z\3112\325Z\\\217hm>\3057$\233\231\366"
 1050      7AC932D5 
 1050      5A5C8F68 
 1050      6D3EC537 
 1050      249B99F6 
 1051 01f3 70FE073C 		.ascii	"p\376\007<\272\211\300Eqg\274\344\343\327\341\022\271"
 1051      BA89C045 
 1051      7167BCE4 
 1051      E3D7E112 
 1051      B9
 1052 0204 381EE697 		.ascii	"8\036\346\227\304\346K\022\355t\332\003\211\200s\254"
 1052      C4E64B12 
 1052      ED74DA03 
 1052      898073AC 
 1053 0214 3B743EDA 		.ascii	";t>\332\321\225\210;GN\235>\321v\2663r.\234\240\246"
 1053      D195883B 
 1053      474E9D3E 
 1053      D176B633 
 1053      722E9CA0 
 1054 0229 4438126B 		.ascii	"D8\022ko\353\011\304\022\027\234\243\341H0r\262\305"
 1054      6FEB09C4 
 1054      12179CA3 
 1054      E1483072 
 1054      B2C5
 1055 023b E98E3BE1 		.ascii	"\351\216;\341@\247\323\031\011:\361D\254#\020\215;\321"
 1055      40A7D319 
 1055      093AF144 
 1055      AC23108D 
 1055      3BD1
 1056 024d 8E68E55A 		.ascii	"\216h\345Z\037\"\021\351\251\333\232\250?\024:\330\320"
 1056      1F2211E9 
 1056      A9DB9AA8 
 1056      3F143AD8 
 1056      D0
 1057 025e 14683C40 		.ascii	"\024h<@2\032\357A\360\027n\030\021j"
 1057      321AEF41 
 1057      F0176E18 
 1057      116A
 1058              		.text
 1059              		.section	.gnu.lto__unget.436.9add9fd0be367609,"e",%progbits
 1060 0000 789C7592 		.ascii	"x\234u\222Oh\023A\024\306\33773\333MJ\2557\017\352\301"
 1060      4F681341 
 1060      14C6DF37 
 1060      33DB4D4A 
 1060      AD370FEA 
 1061 0015 83225EBA 		.ascii	"\203\"^\272\201F\301\223\305?7A\261J\216%I\253\0114"
 1061      8146C193 
 1061      C53F3741 
 1061      B14A8E25 
 1061      49AB0934 
 1062 0029 6DE8C683 		.ascii	"m\350\306\203\027;iK\017\361\220\246\366\240\022\213"
 1062      173B694B 
 1062      0FF190A6 
 1062      F6A0128B 
 1063 0039 C420D68B 		.ascii	"\304 \326\213 \325\376U#\301z\222\212\007o\012\012J"
 1063      20D5FE55 
 1063      23C17A92 
ARM GAS  /tmp/ccGg91r8.s 			page 33


 1063      8A076F0A 
 1063      0A4A
 1064 004b EA414A41 		.ascii	"\352AJA\320b\211ovc[A\027f\230\367\366\373\336\357\315"
 1064      D062896F 
 1064      76635B41 
 1064      176698F7 
 1064      F6FBDEEF 
 1065 0060 DBCD0922 		.ascii	"\333\315\011\"\227\210N\361\202E\030/\344\004i\255;"
 1065      97884EF1 
 1065      8245182F 
 1065      E40469AD 
 1065      3B
 1066 0071 6C21460A 		.ascii	"l!F\012\327\004\236\342\306\315\013j\270\320Z\373\362"
 1066      D7049EE2 
 1066      C6CD0B6A 
 1066      B8D05AFB 
 1066      F2
 1067 0082 E0989298 		.ascii	"\340\230\222\230(\344\226\213aO\241\220\335T\203\006"
 1067      28E4968B 
 1067      614FA190 
 1067      DD548306 
 1068 0092 855418C4 		.ascii	"\205T\030\304uY\224\030\227eIP\215\023\260\357\020\213"
 1068      75599418 
 1068      97654950 
 1068      8D13B0EF 
 1068      108B
 1069 00a4 7E7CCECF 		.ascii	"~|\316\317V\355\342\375\212*KA\223,x\014L\203\301\304"
 1069      56EDE2FD 
 1069      8A2A4B41 
 1069      932C780C 
 1069      4C83C1C4 
 1070 00b8 42799E0E 		.ascii	"By\236\016V\264~\2630\253u\220\312Rb\006\3334\234\210"
 1070      56B47EB3 
 1070      30AB7590 
 1070      CA526206 
 1070      DB349C88 
 1071 00cc BC370565 		.ascii	"\2747\005e\237\257[\236\326ZrZa\316\323\265#dT*RS~\275"
 1071      9FAF5B9E 
 1071      D65A725A 
 1071      61CED3B5 
 1071      2364542A 
 1072 00e4 B4D90FB0 		.ascii	"\264\331\017\260tu\376n\256u,\033(K\013\013\370\213"
 1072      7475FE6E 
 1072      AE752C1B 
 1072      284B0B0B 
 1072      F88B
 1073 00f6 1B59534D 		.ascii	"\033YSM\204E\230n\314\000x=|kU\364\257z^\353\345=\037"
 1073      8445986E 
 1073      CC00783D 
 1073      7C6B55F4 
 1073      AF7A5EEB 
 1074 010d 27EC1670 		.ascii	"'\354\026p\321&a6C\263\225\331,\336\204\015\314\242"
 1074      D1266136 
 1074      43B395D9 
 1074      2CDE840D 
 1074      CCA2
 1075 011f 19986757 		.ascii	"\031\230gW^\232)h\005]!\032\223\302\017\262\034|\205"
ARM GAS  /tmp/ccGg91r8.s 			page 34


 1075      5E9A2968 
 1075      055D211A 
 1075      93C20FB2 
 1075      1C7C85
 1076 0132 FEF47D29 		.ascii	"\376\364})\310c\344\343\320\235N\206\225\244\355\245"
 1076      C863E4E3 
 1076      D09D4E86 
 1076      95A4EDA5 
 1077 0142 7F2E81BE 		.ascii	"\177.\201\276ahqjGI\2421*\013\246\353{`?\367\033`)\236"
 1077      6168716A 
 1077      4749A231 
 1077      2A0BA6EB 
 1077      7B603FF7 
 1078 015a 81427E18 		.ascii	"\201B~\030\304s\334\366\032]\301H\255\272\273\344{\202"
 1078      C473DCF6 
 1078      1A5DC148 
 1078      ADBABBE4 
 1078      7B82
 1079 016c DE550C57 		.ascii	"\336U\014W\276x\362n]nr7<\300pqt\203\231bS]\347g\247"
 1079      BE78F26E 
 1079      5D6E7237 
 1079      3CC07071 
 1079      74839962 
 1080 0185 21AFE6F0 		.ascii	"!\257\346\360/\030\031Q\325'\261\317+U\377\323kKI\312"
 1080      2F181951 
 1080      D527B1CF 
 1080      2B55FFD3 
 1080      6B4B49CA 
 1081 0199 FF7768E3 		.ascii	"\377wh\343%\373L?\314}4\372\232\241\212\015\246\012"
 1081      25FB4C3F 
 1081      CC7D34FA 
 1081      9AA18A0D 
 1081      A60A
 1082 01ab BB6F4DED 		.ascii	"\273oM\355o\\\223\177\027\257B\015e#Px\005F5{\250q\333"
 1082      6F5C937F 
 1082      17AF420D 
 1082      65235078 
 1082      0546357B 
 1083 01c2 BB8BDA9A 		.ascii	"\273\213\332\232\341\032\206:\370\265\305\371uX\306"
 1083      E11A863A 
 1083      F8B5C5F9 
 1083      7558C6
 1084 01d1 2F70557C 		.ascii	"/pU|\230Y\015\360X\375\220\344\344\\\202?\003\266>\003"
 1084      98590DF0 
 1084      58FD90E4 
 1084      E45C823F 
 1084      03B63E03 
 1085 01e5 D15EA73B 		.ascii	"\321^\247;\232\211:'\373\343\227S=}\031\3279~\366\334"
 1085      9A893A27 
 1085      FBE39753 
 1085      3D7D19D7 
 1085      397EF6DC 
 1086 01f9 E9AE8BBD 		.ascii	"\351\256\213\275\311K\211\014\2053\211\344@wW::\220"
 1086      C94B890C 
 1086      853389E4 
 1086      4077573A 
 1086      3A90
ARM GAS  /tmp/ccGg91r8.s 			page 35


 1087 020b B9E29C48 		.ascii	"\271\342\234H$c\3113\235N\277\353$\242\275No2\346\270"
 1087      2463C933 
 1087      9D4EBFEB 
 1087      24A2BD4E 
 1087      6F32E6B8 
 1088 021f 99819E68 		.ascii	"\231\201\236h\312uR=\251\306\261-N\"\231\336\265=\321"
 1088      CA75523D 
 1088      A9C6B12D 
 1088      4E2299DE 
 1088      B53DD1
 1089 0232 76347E24 		.ascii	"v4~$\024\216\266\037&\304d\312M\377\006'\000\371\335"
 1089      148EB61F 
 1089      26C464CA 
 1089      4DFF0627 
 1089      00F9DD
 1090              		.text
 1091              		.section	.gnu.lto_vmt.437.9add9fd0be367609,"e",%progbits
 1092 0000 789C9BC4 		.ascii	"x\234\233\304\300\300\020\314\000\001s\230\031[\030"
 1092      C0C010CC 
 1092      00017398 
 1092      195B18
 1093 000f 9B1A1AFE 		.ascii	"\233\032\032\376|j\1776Q\224q\0113\303<f\204\350\213"
 1093      7C6A7F36 
 1093      51947109 
 1093      33C33C66 
 1093      84E88B
 1094 0022 B34011C6 		.ascii	"\263@\021\306y\314\214\010\221c\0205L\010\021\273%\314"
 1094      79CC8C08 
 1094      91631035 
 1094      4C0811BB 
 1094      25CC
 1095 0034 4CF39899 		.ascii	"L\363\230\231\341\002+\314\22603\317cf\001\011Lb^\302"
 1095      E1022BCC 
 1095      963033CF 
 1095      63660109 
 1095      4C625EC2 
 1096 0048 CCC2C860 		.ascii	"\314\302\310`\331\324\321 \261\204\231u.3\003\343N\306"
 1096      D9D4D120 
 1096      B1849975 
 1096      2E3303E3 
 1096      4EC6
 1097 005a B9CC8C8C 		.ascii	"\271\314\214\214;\200$\023\343v \311\314\270\015H\262"
 1097      3B802413 
 1097      E37620C9 
 1097      CCB80D48 
 1097      B2
 1098 006b 306E0592 		.ascii	"0n\005\222\254\214[\030\031d\364S\022K\022\365]\362"
 1098      AC8C5B18 
 1098      1964F453 
 1098      124B12F5 
 1098      5DF2
 1099 007d 934B7353 		.ascii	"\223KsS\363J\212\365\235\002\202|\342\323r2\3233J\030"
 1099      F34A8AF5 
 1099      9D02827C 
 1099      E2D37232 
 1099      D3334A18 
 1100 0091 4C4A3232 		.ascii	"LJ22\213R\342\013\022\213J*\365\23532\2232\375\203\365"
ARM GAS  /tmp/ccGg91r8.s 			page 36


 1100      8B52E20B 
 1100      128B4A2A 
 1100      F59D3332 
 1100      9332FD83 
 1101 00a6 F38BF533 		.ascii	"\363\213\3653\022s\364s2\223\364\213K\212R\023s\213"
 1101      1273F473 
 1101      3293F48B 
 1101      4B8A5213 
 1101      738B
 1102 00b8 F5735373 		.ascii	"\365sSs\241L\275d\006\000OaH-"
 1102      A14CBD64 
 1102      06004F61 
 1102      482D
 1103              		.text
 1104              		.section	.gnu.lto_msObjectInit.438.9add9fd0be367609,"e",%progbits
 1105 0000 789C8D92 		.ascii	"x\234\215\222\317k\023A\024\307\337w\337\354&E\320\213"
 1105      CF6B1341 
 1105      14C7DF77 
 1105      DFEC2645 
 1105      D08B
 1106 0012 78F220F4 		.ascii	"x\362 \364 ^\272\005\253\340MT\360RP\324Cne\223n\314"
 1106      205EBA05 
 1106      ABE04D54 
 1106      F05250D4 
 1106      436E6593 
 1107 0028 42624A76 		.ascii	"BbJv+\250\320NK)\222\203i\253x\020\365\020\026\311I"
 1107      2BA8D04E 
 1107      4B299283 
 1107      69AB7810 
 1107      F51016C9 
 1108 003d 4F6AADBF 		.ascii	"Oj\255\277V\242\224\"\242\370\017T\204@\025\025\255"
 1108      56A29422 
 1108      A2F80F54 
 1108      84401515 
 1108      AD
 1109 004e 880A159D 		.ascii	"\210\012\025\235\235]\251\365P\2720\360\276\217\357"
 1109      9D5DA9F5 
 1109      50BA30F0 
 1109      BE8FEF
 1110 005d 67DECC77 		.ascii	"g\336\314w\366\274A4BD\335j\201\0113\323u\203\244\224"
 1110      F6BC4134 
 1110      4244DD6A 
 1110      810933D3 
 1110      7583A494 
 1111 0071 FB3306C6 		.ascii	"\3733\006\306\246\353]x\014\255@\243\006Fq\221w)\371"
 1111      A6EB5D78 
 1111      0CAD40A3 
 1111      06467191 
 1111      7729F9
 1112 0084 A3D3F8D0 		.ascii	"\243\323\370\320\206lE\010\231\350\272Z\372\273\312"
 1112      866C4508 
 1112      99E8BA5A 
 1112      FABBCA
 1113 0093 98E19001 		.ascii	"\230\341\220\001\221V\006v\250\212O\320\316H\312W\013"
 1113      91560676 
 1113      A88A4FD0 
 1113      CE48CA57 
ARM GAS  /tmp/ccGg91r8.s 			page 37


 1113      0B
 1114 00a4 B3527651 		.ascii	"\263RvQ\310\214\273P\014\356\000\267Aq#w9&\270\232\370"
 1114      C88CBB50 
 1114      0CEE00B7 
 1114      41712377 
 1114      3926B89A 
 1115 00b9 16539FC0 		.ascii	"\026S\237\300\275\265>\221kj\337i\355\373\374\261}a"
 1115      BDB53E91 
 1115      6B6ADF69 
 1115      EDFBFCB1 
 1115      7D61
 1116 00cb F3943A81 		.ascii	"\363\224:\201\211\373k}f\356\246\366\235K\366{\231\356"
 1116      89FB6B7D 
 1116      66EEA6F6 
 1116      9D4BF67B 
 1116      99EE
 1117 00dd 67E2E1FF 		.ascii	"g\342\341\377\2769Ad\375\275\201\352\321\255\327f$W"
 1117      BE394164 
 1117      FDBD81EA 
 1117      D1ADD766 
 1117      2457
 1118 00ef 7E37A4EC 		.ascii	"~7\244\354t\260\322\275\311\000f!\2009X\300\003d\201"
 1118      74B0D2BD 
 1118      C9006621 
 1118      803958C0 
 1118      036481
 1119 0102 47CAD6E0 		.ascii	"G\312\326\3408\") #\242)6\0221\246\304{\310\267\213"
 1119      38222920 
 1119      23A22936 
 1119      1231A6C4 
 1119      7BC8B78B 
 1120 0116 F3A04F18 		.ascii	"\363\240O\030\277T\377\2054\007F\234\315\2158\311\226"
 1120      BF54FF85 
 1120      3407469C 
 1120      CD8D38C9 
 1120      96
 1121 0127 92565325 		.ascii	"\222VS%\023\201z\225\316\206\234\301\023\\\343\325\374"
 1121      13817A95 
 1121      CE869CC1 
 1121      135CE3D5 
 1121      FC
 1122 0138 32DA3D01 		.ascii	"2\332=\001K\225-\246\004\025!g\361\024h\203&0)\345\322"
 1122      4B952DA6 
 1122      04152167 
 1122      F1146883 
 1122      263029E5 
 1123 014d D6D8F80C 		.ascii	"\326\330\370\014\311\310/\311\310+\357\266\2543G`^\315"
 1123      C9C82FC9 
 1123      C82BEFB6 
 1123      AC334760 
 1123      5ECD
 1124 015f 51449385 		.ascii	"QD\223\205\246\276n\2042\261\240(#\246,M}\333\030\365"
 1124      A6BE6E84 
 1124      32B1A028 
 1124      23A62C4D 
 1124      7DDB18F5 
 1125 0173 5C511C53 		.ascii	"\\Q\034SYM}O\250\345\245\365\251\027\212Ro\022\307`"
ARM GAS  /tmp/ccGg91r8.s 			page 38


 1125      594D7D4F 
 1125      A8E5A5F5 
 1125      A9178A52 
 1125      6F12C760 
 1126 0187 AA932E63 		.ascii	"\252\223.c\374\315\317\303\372\347j0V3'\332n\017:\201"
 1126      FCCDCFC3 
 1126      FAE76A30 
 1126      563327DA 
 1126      6E0F3A81 
 1127 019b 631FAA16 		.ascii	"c\037\252\026\206+\356\251\300\267\017\034=\326?P,{"
 1127      862BEEA9 
 1127      C0B70F1C 
 1127      3DD63F50 
 1127      2C7B
 1128 01ad 274B01F5 		.ascii	"'K\001\365\005%\257680\344\324\2023\366\301\222\227"
 1128      0525AF36 
 1128      3830E4D4 
 1128      8233F6C1 
 1128      9297
 1129 01bf F78E1CB7 		.ascii	"\367\216\034\267\253\276]r\312v\331\313\333~Ps\235\212"
 1129      ABBE5D72 
 1129      CA76D9CB 
 1129      DB7E5073 
 1129      9D8A
 1130 01d1 6F57DC4A 		.ascii	"oW\334JZ\366\024\210+\376\320\266\177;=\373\012{{\373"
 1130      5AF61488 
 1130      2BFED0B6 
 1130      7F3B3DFB 
 1130      0A7B7BFB 
 1131 01e5 9CDD7BC8 		.ascii	"\234\335{\310\312\017\027\213nM\370\336Y\227\335\252"
 1131      CA0F178B 
 1131      6E4DF8DE 
 1131      5997DDAA 
 1132 01f5 FF078EBA 		.ascii	"\377\007\216\272\361\237"
 1132      F19F
 1133              		.text
 1134              		.section	.gnu.lto_.symbol_nodes.9add9fd0be367609,"e",%progbits
 1135 0000 789C75CF 		.ascii	"x\234u\317\335\015@@\020\004\340Ys(C\013j\320\330\336"
 1135      DD0D4040 
 1135      1004E059 
 1135      7328430B 
 1135      6AD0D8DE 
 1136 0014 250A5082 		.ascii	"%\012P\202\022\374\023E\250E\0078D\342\341\346i\223"
 1136      12FC1345 
 1136      A8450738 
 1136      44E2E1E6 
 1136      6993
 1137 0026 6FE66177 		.ascii	"o\346aw\\\211:*\354\025#\325\006(\260\324\316\345\020"
 1137      5C893A2A 
 1137      EC1523D5 
 1137      0628B0D4 
 1137      CEE510
 1138 0039 DCDA5325 		.ascii	"\334\332S%\254\0035\012kKeX\033\252\011\353D\215\177"
 1138      AC03350A 
 1138      6B4B6558 
 1138      1BAA09EB 
 1138      448D7F
ARM GAS  /tmp/ccGg91r8.s 			page 39


 1139 004c BA5A272F 		.ascii	"\272Z'/\306#a\013\2002S\223\343Mv7\341\177\36152}\366"
 1139      C623610B 
 1139      80325393 
 1139      E34D7637 
 1139      E17FF135 
 1140 0063 654AF39D 		.ascii	"eJ\363\2358\001\210\363@\374"
 1140      380188F3 
 1140      40FC
 1141              		.text
 1142              		.section	.gnu.lto_.refs.9add9fd0be367609,"e",%progbits
 1143 0000 789C05C1 		.ascii	"x\234\005\301\007\001\000\000\010\303\260\256\034\003"
 1143      07010000 
 1143      08C3B0AE 
 1143      1C03
 1144 000e F8F74A72 		.ascii	"\370\367Jr@\306\225Y\333\022\243<\003\360\000C"
 1144      40C69559 
 1144      DB12A33C 
 1144      03F00043 
 1145              		.text
 1146              		.section	.gnu.lto_.decls.9add9fd0be367609,"e",%progbits
 1147 0000 789C9D56 		.ascii	"x\234\235Vkp\023\327\025\276\347\336\325\303\213\202"
 1147      6B7013D7 
 1147      15BEE7DE 
 1147      D5C38B82 
 1148 0010 1D30259D 		.ascii	"\0350%\235d\250CI\342\231\216\0216\024\332_x\232N2\235"
 1148      64A84349 
 1148      E2998E11 
 1148      3614DA5F 
 1148      789A4E32 
 1149 0025 948449DA 		.ascii	"\224\204I\332\314\220N\307#\264\262-\306\222\034KNB"
 1149      CC904EC7 
 1149      23B4B22D 
 1149      C6921C4B 
 1149      4E42
 1150 0037 7E2D60DE 		.ascii	"~-`\336/\361\206\330\301\016\217B\200\020\036\246%\270"
 1150      2FF186D8 
 1150      C10E8F42 
 1150      80101EA6 
 1150      25B8
 1151 0049 0121D3C4 		.ascii	"\001!\323\304\341Q\210y\230$<c026`\2141\2064v\317\275"
 1151      E1518879 
 1151      98243C63 
 1151      30323660 
 1151      8C318634 
 1152 0060 BBDA956C 		.ascii	"\273\332\225l1\323t\355\263\273:\373\235\357|\367\334"
 1152      31D374ED 
 1152      B3BB3AFB 
 1152      9DEF7CF7 
 1152      DC
 1153 0071 E75F1C84 		.ascii	"\347_\034\204\244QB\256\241\365\341e'\204|\215fC\253"
 1153      A45142AE 
 1153      A1F5E165 
 1153      27847C8D 
 1153      6643AB
 1154 0084 438BA04D 		.ascii	"C\213\240MA+B;\204\026E;O\264\213c\256\243\265\242\265"
 1154      412B423B 
 1154      8416453B 
ARM GAS  /tmp/ccGg91r8.s 			page 40


 1154      4FB48B63 
 1154      AEA3B5A2 
 1155 0099 A1DD457B 		.ascii	"\241\335E{\200\006@\310\223h\370O\236\007\222t\335\301"
 1155      800640C8 
 1155      9368F84F 
 1155      9E079274 
 1155      DDC1
 1156 00ab DF83F039 		.ascii	"\337\203\3609\004-S\317Q\224\300;E\317\331\204\366\002"
 1156      042D53CF 
 1156      5194C03B 
 1156      45CFD984 
 1156      F602
 1157 00bd 6273D018 		.ascii	"bs\320\030\2767\352\272\316\242Q=\317\223\375\270\371"
 1157      BE37EABA 
 1157      CEA2513D 
 1157      CF93FDB8 
 1157      F9
 1158 00ce D58C3E39 		.ascii	"\325\214>9\005\177$\201\277?7\347=\235\300}\3671\334"
 1158      057F2481 
 1158      BF3F37E7 
 1158      3D9DC07D 
 1158      F731DC
 1159 00e1 C7FA7137 		.ascii	"\307\372q7'\324\245\277v\236\267\277n\320\353\325\377"
 1159      27D4A5BF 
 1159      769EB7BF 
 1159      6ED0EBD5 
 1159      FF
 1160 00f2 3AFD18DE 		.ascii	":\375\030\336\363:w*\336D\315\234\2675\005o\323O\324"
 1160      F33A772A 
 1160      DE44CD9C 
 1160      B735056F 
 1160      D34FD4
 1161 0105 4BFB71B6 		.ascii	"K\373q\266\245\340\234\204 +>\207#`\030\332\317\321"
 1161      A5E09C84 
 1161      202B3E87 
 1161      236018DA 
 1161      CFD1
 1162 0117 9E068DEB 		.ascii	"\236\006\215\3539\320\276\375\002\237#\321~\211\366"
 1162      39D0BEFD 
 1162      029F23D1 
 1162      7E89F6
 1163 0126 2CDA08B4 		.ascii	",\332\010\264Qh\026\235\263U\257C|\274\364\277\030\346"
 1163      5168169D 
 1163      B355AF43 
 1163      7CBCF4BF 
 1163      18E6
 1164 0138 48C36771 		.ascii	"H\303gq\202\366\363\272\326:]\357h\320\362q\3163\272"
 1164      82F6F3BA 
 1164      D63A5DEF 
 1164      68D0F271 
 1164      CE33BA
 1165 014b E678AD4F 		.ascii	"\346x\255O\353\372\3411cp9\203)\300\007{\272x\343\371"
 1165      EBFAE131 
 1165      63703983 
 1165      29C0077B 
 1165      BA78E3F9 
 1166 015f 9CAAB8A2 		.ascii	"\234\252\270\242O\023\370\273\206\2368\210\275\311\221"
ARM GAS  /tmp/ccGg91r8.s 			page 41


 1166      4F13F8BB 
 1166      869E3888 
 1166      BDC991
 1167 016e 4340C27B 		.ascii	"C@\302{&dU2\272\374\336\203\006\253\034Q\325\0165R\221"
 1167      26645532 
 1167      BAFCDE83 
 1167      06AB1C51 
 1167      D50E3552 
 1168 0183 46E000C0 		.ascii	"F\340\000\300g@`? \313?\000\366\001\324\002\202\237"
 1168      6740603F 
 1168      20CB3F00 
 1168      F601D402 
 1168      829F
 1169 0195 813EED41 		.ascii	"\201>\355A\330_\011\206\035\377bq\003\360\260\230\032"
 1169      D85F0986 
 1169      1DFF6271 
 1169      03F0B098 
 1169      1A
 1170 01a6 9DC1088C 		.ascii	"\235\301\010\214\2051\004\016\002\0020\350s\200\177"
 1170      8531040E 
 1170      020230E8 
 1170      73807F
 1171 01b5 0282BA8E 		.ascii	"\002\202\272\216l\3324\310!\270k\242\022\034\002\235"
 1171      6CDA34C8 
 1171      21B86BA2 
 1171      121C029D 
 1172 01c5 9D40046F 		.ascii	"\235@\004o\010h^\362is\272`\211<\236\345\362\222#\333"
 1172      08685EF2 
 1172      6973BA60 
 1172      893C9EE5 
 1172      F29223DB 
 1173 01d9 6493E5B0 		.ascii	"d\223\345\260\311\022\005\2425'C\334\355\314C\230\227"
 1173      C91205A2 
 1173      352743DC 
 1173      EDCC4398 
 1173      97
 1174 01ea 303F61E5 		.ascii	"0?a\345\204M\347\011\366.\375\244K\032\252\025\"\"\212"
 1174      844DE709 
 1174      F62EFDA4 
 1174      4B1AAA15 
 1174      22228A
 1175 01fd 005F011C 		.ascii	"\000_\001\034\005\344'B\301\341\316\373\2075@$5`\363"
 1175      05E42742 
 1175      C1E1CEFB 
 1175      87354024 
 1175      3560F3
 1176 0210 82353B9F 		.ascii	"\2025;\2370\263\0373\263\037\217g\317\024\305\254\001"
 1176      30B31F33 
 1176      B31F8F67 
 1176      CF14C5AC 
 1176      01
 1177 0221 360730C2 		.ascii	"6\0070\3021\247w6\033:\212_\310Z\201\304\022\201\177"
 1177      31A77736 
 1177      1B3A8A5F 
 1177      C85A81C4 
 1177      12817F
 1178 0234 039CE031 		.ascii	"\003\234\3401\24781\234\0018\013\320\010\3605\000\237"
ARM GAS  /tmp/ccGg91r8.s 			page 42


 1178      A738319C 
 1178      01380BD0 
 1178      08F03500 
 1178      9F
 1179 0245 2804E97B 		.ascii	"(\004\351{\352\026\334\332\360\374\356\375\252:\377"
 1179      EA16DCDA 
 1179      F0FCEEFD 
 1179      AA3AFF
 1180 0254 29A803F8 		.ascii	")\250\003\370\027pp<\327\021~;\000\034\030\256BF+\207"
 1180      1770703C 
 1180      D7117E3B 
 1180      001C18AE 
 1180      42462B87 
 1181 0268 7C311092 		.ascii	"|1\020\222\233\2148\231\204\2507\020\035k\353\227\016"
 1181      9B8C3899 
 1181      84A83710 
 1181      1D6BEB97 
 1181      0E
 1182 0279 0ECF60D8 		.ascii	"\016\317`\330\006hH\3028\015\310\272\346\322\206\010"
 1182      066848C2 
 1182      380DC8BA 
 1182      E6D28608 
 1183 0289 604FC197 		.ascii	"`O\301\227\003\020\250\204]\346\215\245gN\374\260\371"
 1183      0310A884 
 1183      5DE68DA5 
 1183      674EFCB0 
 1183      F9
 1184 029a 89A1FD1B 		.ascii	"\211\241\375\033\012\347\340qM\305\230s\221U\333,fI"
 1184      0AE7E071 
 1184      4DC59873 
 1184      9155DB2C 
 1184      6649
 1185 02ac 9B4CEEF3 		.ascii	"\233L\356\363\332\260\330\336\\w\321q\035\304\344\225"
 1185      DAB0D8DE 
 1185      5C77D171 
 1185      1DC4E495 
 1186 02bc 1400383F 		.ascii	"\024\0008?\036o2y\213\221L\225\252\324\2520*3\231)r"
 1186      1E6F3279 
 1186      8B914C95 
 1186      AAD4AA30 
 1186      2A339929 
 1187 02d1 038CC8EE 		.ascii	"\003\214\310\356b\371v\232\235.\333\267\326C\206l\261"
 1187      62F9769A 
 1187      9D2EDBB7 
 1187      D643866C 
 1187      B1
 1188 02e2 531AB329 		.ascii	"S\032\263)r\366#\330Ak\254Y\371\252\244,\032\026\263"
 1188      72F623D8 
 1188      416BAC59 
 1188      F9AAA42C 
 1188      1A16B3
 1189 02f5 A934FC6A 		.ascii	"\2514\374j\346\330|\274\307l\015\240`\324d\311\236\201"
 1189      E6D87CBC 
 1189      C76C0DA0 
 1189      60D464C9 
 1189      9E81
 1190 0307 6F319BDC 		.ascii	"o1\233\334\305j\026[\225\023t\336\013X\015Y\311\313"
ARM GAS  /tmp/ccGg91r8.s 			page 43


 1190      C56A165B 
 1190      951374DE 
 1190      0B580D59 
 1190      C9CB
 1191 0319 C4F6E4DB 		.ascii	"\304\366\344\333\355#\322\243,\312^\"\304n\337\265s"
 1191      ED23D2A3 
 1191      2CCA5E22 
 1191      C46EDFB5 
 1191      73
 1192 032a 981CB3A5 		.ascii	"\230\034\263\245#E\266\222\225\241d\2457\200EQ\344\314"
 1192      2345B692 
 1192      95A164A5 
 1192      37804551 
 1192      E4CC
 1193 033c 6C822294 		.ascii	"l\202\"\224\274\274|*#\263do\200<\006\216<\365j\333"
 1193      BCBC7C2A 
 1193      23B3646F 
 1193      803C068E 
 1193      3CF56ADB 
 1194 0350 70D922A7 		.ascii	"p\331\"\247\215\310\312&D!/Q\344e}\361\013l\230S1\177"
 1194      8DC8CA26 
 1194      44212F51 
 1194      E4657DF1 
 1194      0B6C9853 
 1195 0366 0264CB34 		.ascii	"\002d\3134\217\262Wb\270\373P\232E\210*\331\035\016"
 1195      8FB25762 
 1195      B8FB509A 
 1195      45882AD9 
 1195      1D0E
 1196 0378 50F19156 		.ascii	"P\361\221V\360\21229O&1\033\305O\231\022\250\024\314"
 1196      F08A3239 
 1196      4F26311B 
 1196      C54F9912 
 1196      A814CC
 1197 038b 48D98A0B 		.ascii	"H\331\212\013\302\005\033\026\\\374\361\033\3507\261"
 1197      C2051B16 
 1197      5CFCF11B 
 1197      E837B1
 1198 039a 5080B601 		.ascii	"P\200\266\001\306\323\010?\037\342TGs\210\3465\036\372"
 1198      C6D3083F 
 1198      1FE25447 
 1198      7388E635 
 1198      1EFA
 1199 03ac 3B07509D 		.ascii	";\007P\235\207\352k\214\276\366\350I\370=\201\334\200"
 1199      87EA6B8C 
 1199      BEF6E849 
 1199      F83D81DC 
 1199      80
 1200 03bd 800E89F3 		.ascii	"\200\016\211\363h1:\300\210\325_y\016\001\246\2111\""
 1200      68313AC0 
 1200      88D55F79 
 1200      0E01A689 
 1200      3122
 1201 03cf 2E49B849 		.ascii	".I\270II\014\332\270$\242\375\300qS}\260\351\375\026"
 1201      490CDAB8 
 1201      24A2FDC0 
 1201      71537DB0 
ARM GAS  /tmp/ccGg91r8.s 			page 44


 1201      E9FD16
 1202 03e2 2C9B5A53 		.ascii	",\233ZS=/\0152\302\371\004\330B\312\277TvV\357rH\034"
 1202      3D2F0D32 
 1202      C2F904D8 
 1202      42CABF54 
 1202      7656EF72 
 1203 03f8 8B8B5000 		.ascii	"\213\213P\000\035KW-\253\265\010G\021\\\0001\215\251"
 1203      1D4B572D 
 1203      ABB50847 
 1203      115C0031 
 1203      8DA9
 1204 040a 98C67C29 		.ascii	"\230\306|)\261\212\022\333\304\033_\032\336ca\301r\347"
 1204      B18A12DB 
 1204      C41B5F1A 
 1204      DE6361C1 
 1204      72E7
 1205 041c DCD9A855 		.ascii	"\334\331\250UV\373\257\225\337\003\342p\254_\005\270"
 1205      56FBAF95 
 1205      DF03E270 
 1205      AC5F05B8 
 1206 042c C217AC86 		.ascii	"\302\027\254\206\257\032\317\302p\204\265\253j&4\003"
 1206      AF1ACFC2 
 1206      7084B5AB 
 1206      6A263403 
 1207 043c 5C06B8C4 		.ascii	"\\\006\270\304\233p\015\301\027\371F\022^\253\366\\"
 1207      9B700DC1 
 1207      17F94612 
 1207      5EABF65C 
 1208 044c 58BEB0DE 		.ascii	"X\276\260\336\2063u&\002%\374\004\337\351\213\016\301"
 1208      86337526 
 1208      0225FC04 
 1208      DFE98B0E 
 1208      C1
 1209 045d 3702DF02 		.ascii	"7\002\337\002|\003\023w[\3301\221\272\265\247\242-]"
 1209      7C031377 
 1209      5BD83191 
 1209      BAB5A7A2 
 1209      2D5D
 1210 046f D7CBF5EF 		.ascii	"\327\313\365\357\373\346\314C\226*G\014co\3509v}8k\256"
 1210      FBE6CC43 
 1210      962A470C 
 1210      636FE839 
 1210      767D386B 
 1211 0484 9AA12588 		.ascii	"\232\241%\210\001\264\030\011Z\214\004}\022;E5\360~"
 1211      01B41809 
 1211      5A8C047D 
 1211      123B4535 
 1211      F07E
 1212 0496 138C6A6E 		.ascii	"\023\214jn\032\340\233\006\370\204\304\232\264r\036"
 1212      1AE09B06 
 1212      F884C49A 
 1212      B4721E
 1213 04a5 FA6C8B24 		.ascii	"\372l\213$\324\324i\345\274\330\336\272\232\012\007"
 1213      D4D469E5 
 1213      BCD8DEBA 
 1213      9A0A07
 1214 04b4 AE17B778 		.ascii	"\256\027\267x\021:\232\303MV]\360m\356\250;\273\261"
ARM GAS  /tmp/ccGg91r8.s 			page 45


 1214      113A9AC3 
 1214      4D565DF0 
 1214      6DEEA83B 
 1214      BBB1
 1215 04c6 513214D7 		.ascii	"Q2\024\327\231\212;\220\377\216\256\270\343\341\301"
 1215      998A3B90 
 1215      FF8EAEB8 
 1215      E3E1C1
 1216 04d5 D2AD7CF6 		.ascii	"\322\255|\366\241\027\332\015\011\355\206\204f\013\273"
 1216      A117DA0D 
 1216      09ED8684 
 1216      660BBB
 1217 04e4 945AC2F7 		.ascii	"\224Z\302\367+\273\017\333\205#\012p\217g\254\215-\334"
 1217      2BBB0FDB 
 1217      85230A70 
 1217      8F67AC8D 
 1217      2DDC
 1218 04f6 C374095D 		.ascii	"\303t\011]\334\261\342j\375\311\224\022\272\221\377"
 1218      DCB1E26A 
 1218      FDC99412 
 1218      BA91FF
 1219 0505 7EBC6897 		.ascii	"~\274h\227q\015\266\2102t\003t\032\032:\015\0155V\326"
 1219      710DB688 
 1219      32740374 
 1219      1A1A3A0D 
 1219      0D3556D6 
 1220 0519 925AC3AD 		.ascii	"\222Z\303\255\033\321\266\264\270\343!O\371\351\007"
 1220      1BD1B6B4 
 1220      B8E3214F 
 1220      F9E907
 1221 0528 33C3B678 		.ascii	"3\303\266xa\036q\317w\263w/\201\244-\211\300\177\314"
 1221      611E71CF 
 1221      77B3772F 
 1221      81A42D89 
 1221      C07FCC
 1222 053b FD664174 		.ascii	"\375fAt\373FK\362\216\205\213i\002\340\302\361=g\022"
 1222      FB464BF2 
 1222      8E858B69 
 1222      02E0C2F1 
 1222      3D6712
 1223 054e 36D51FCD 		.ascii	"6\325\037\315\325\263W[=\367-[\261G\353\213^\200\037"
 1223      D5B3575B 
 1223      3DF72D5B 
 1223      B147EB8B 
 1223      5E801F
 1224 0561 78CADE5D 		.ascii	"x\312\336]\325W\250\321\356b\243\331*\316\272>-\250"
 1224      D557A8D1 
 1224      EE62A3D9 
 1224      2ACEBA3E 
 1224      2DA8
 1225 0573 EB4ED77A 		.ascii	"\353N\327z\313\310\265\330\003\355\365ok=\200+M\217"
 1225      CBC8B5D8 
 1225      03EDF56F 
 1225      6B3D802B 
 1225      4D8F
 1226 0585 D1FA1EA3 		.ascii	"\321\372\036\243\365\013$v\217\022\366HT`We\313Q\336"
 1226      F50B2476 
ARM GAS  /tmp/ccGg91r8.s 			page 46


 1226      8F12F648 
 1226      54605765 
 1226      CB51DE
 1227 0598 3C98858B 		.ascii	"<\230\205\213\004\353\023\276\015\233\3277\362\"\300"
 1227      04EB13BE 
 1227      0D9BD737 
 1227      F222C0
 1228 05a7 6CA4AFA0 		.ascii	"l\244\257\240\251\352t\274eC\333 \341\360\302\\\216"
 1228      A9EA74BC 
 1228      6543DB20 
 1228      E1F0C25C 
 1228      8E
 1229 05b8 D8D25D71 		.ascii	"\330\322]q!M\357\252y\334qn\326\242\356\301\317\316"
 1229      214DEFAA 
 1229      79DC716E 
 1229      D6A2EEC1 
 1229      CFCE
 1230 05ca 6582F1F3 		.ascii	"e\202\361\363u\255{\265\370\005\230y>\343\276\273\325"
 1230      75AD7BB5 
 1230      F8059879 
 1230      3EE3BEBB 
 1230      D5
 1231 05db F7FEC6C7 		.ascii	"\367\376\306\307\027,\242\200s\234-\023\336\355k6\235"
 1231      172CA280 
 1231      739C2D13 
 1231      DEED6B36 
 1231      9D
 1232 05ec 127A9660 		.ascii	"\022z\226`\356\305\234\250\353\342\217\247\314\311X"
 1232      EEC59CA8 
 1232      EBE28FA7 
 1232      CCC958
 1233 05fb A4B51D96 		.ascii	"\244\265\035\226\342g\234\3230\237\212\326\237\336w"
 1233      E2679CD3 
 1233      309F8AD6 
 1233      9FDE77
 1234 060a FB288C5C 		.ascii	"\373(\214\\;O\355\351\374\366P^\225\032\235\251:\256"
 1234      3B4FEDE9 
 1234      FCF6505E 
 1234      951A9DA9 
 1234      3AAE
 1235 061c 3044C04C 		.ascii	"0D\300L**\000s\020<\223\352'\255!\360\224X+\"\300\256"
 1235      2A2A0073 
 1235      103C93EA 
 1235      27AD21F0 
 1235      94582B22 
 1236 0632 8AB43B2A 		.ascii	"\212\264;*\3676R\263Obf\237\254\342u\271.@\033N>\\\315"
 1236      F73652B3 
 1236      4F62669F 
 1236      ACE275B9 
 1236      2E401B4E 
 1237 0649 4CD03513 		.ascii	"L\3205\023\264\206\203Z\005h\357\365E\265\011\275\333"
 1237      B486835A 
 1237      0568EFF5 
 1237      45B509BD 
 1237      DB
 1238 065a 6182D671 		.ascii	"a\202\326q\320m\001\252n8\274d\260\011\3526A\225\034"
 1238      D06D01AA 
ARM GAS  /tmp/ccGg91r8.s 			page 47


 1238      6E38BC64 
 1238      B009EA36 
 1238      41951C
 1239 066d D4C508AB 		.ascii	"\324\305\010\253\220\0208\370\243\316\373\267\355\243"
 1239      901038F8 
 1239      A3CEFBB7 
 1239      EDA3
 1240 067b 4689D308 		.ascii	"F\211\323\010?c\324.\354\235cS\371\266\276\212\302J"
 1240      3F63D42E 
 1240      EC9D6353 
 1240      F9B6BE8A 
 1240      C24A
 1241 068d 0A3534C5 		.ascii	"\01254\305\341\300<>T%!\264\243\201\271\325\257\240"
 1241      E1C03C3E 
 1241      542521B4 
 1241      A381B9D5 
 1241      AFA0
 1242 069f B09C8AE3 		.ascii	"\260\234\212\343R\015/\022TS\330@a#\205\217(\254\247"
 1242      520D2F12 
 1242      5453D840 
 1242      6123858F 
 1242      28ACA7
 1243 06b2 B0896A07 		.ascii	"\260\211j\007\033\235n\015\205\325It\003\2174\225\024"
 1243      1B9D6E0D 
 1243      85D54974 
 1243      038F3495 
 1243      14
 1244 06c3 3E189031 		.ascii	">\030\2201\011\261\216\302\332\201$\271\311i>\034\330"
 1244      09B18EC2 
 1244      DA8124B9 
 1244      C9693E1C 
 1244      D8
 1245 06d4 AE03E2AC 		.ascii	"\256\003\342\254\0229v\377\201\230y\025\221\377\271"
 1245      123976FF 
 1245      81987915 
 1245      91FFB9
 1246 06e3 01CFAD0C 		.ascii	"\001\317\255\014\363\245\372x\375\220\031\030\003\233"
 1246      F3A5FA78 
 1246      FD901918 
 1246      039B
 1247 06f1 F94ECEB1 		.ascii	"\371N\316\261Z,\341\277\374\023{\031\262W\254\3518\226"
 1247      5A2CE1BF 
 1247      FC137B19 
 1247      B257ACE9 
 1247      3896
 1248 0703 6E764AD8 		.ascii	"nvJ\330\224\260E\033d\003f\301\275\355\225\275V\021"
 1248      94B0451B 
 1248      640366C1 
 1248      BDED95BD 
 1248      5611
 1249 0715 11E611D3 		.ascii	"\021\346\021\323\214\000\257\300_:\262\245Q\026\370"
 1249      8C00AFC0 
 1249      5F3AB2A5 
 1249      5116F8
 1250 0724 8F296CE5 		.ascii	"\217)l\345c\271\266\252\342JB@\261\021P\304\007)\002"
 1250      63B9B6AA 
 1250      E24A4240 
ARM GAS  /tmp/ccGg91r8.s 			page 48


 1250      B11150C4 
 1250      072902
 1251 0737 7A3A36DE 		.ascii	"z:6\336\327B\266S\330&\246\336\215\252Ci)\207\377'h"
 1251      D742B653 
 1251      D826A6DE 
 1251      8DAA4369 
 1251      2987FF27 
 1252 074c 3B3465ED 		.ascii	";4e\3557\267|\2310\2366\233\322w\362\032\214\015\025"
 1252      37B77C99 
 1252      309E369B 
 1252      D277F21A 
 1252      8C0D15
 1253 075f 7BCB9482 		.ascii	"{\313\224\202RWYh\272\363\305b\357T\357ko8\003Ag\261"
 1253      52575968 
 1253      BAF3C562 
 1253      EF54EF6B 
 1253      6F380341 
 1254 0775 ABC459E2 		.ascii	"\253\304Y\342\235\352\014\206\312<._\320\351\363\370"
 1254      9DEA0C86 
 1254      CA3C2E5F 
 1254      D0E9F3F8 
 1255 0785 F4D7D16E 		.ascii	"\364\327\321n\373\313\257\3769\353\305\334\011\344g"
 1255      FBCBAFFE 
 1255      39EBC5DC 
 1255      09E467
 1256 0794 89DED1BF 		.ascii	"\211\336\321\277u\217\0373\3165\366\327\304\032\364"
 1256      758F1F33 
 1256      CE35F6D7 
 1256      C41AF4
 1257 07a3 BEEF2908 		.ascii	"\276\357)\010\331\312\275\376\320o\012B\314\023\010"
 1257      D9CABDFE 
 1257      D06F0A42 
 1257      CC1308
 1258 07b2 4ADC659D 		.ascii	"J\334e\235Z^X\350)c\357\370B\216I\036\337\033\"\362"
 1258      5A5E58E8 
 1258      2963EFF8 
 1258      428E491E 
 1258      DF1B22F2 
 1259 07c6 CD497FB2 		.ascii	"\315I\177\262\006\012\013\203\236\320"
 1259      060A0B83 
 1259      9ED0
 1260 07d0 334EC515 		.ascii	"3N\305\025r9\177\037p\227\373<\376P\320\371\273\311"
 1260      72397F1F 
 1260      7097FB3C 
 1260      FE50D0F9 
 1260      BBC9
 1261 07e2 AFFFB1A0 		.ascii	"\257\377\261\240\260\304[T\034\"\343~\272\316b\302\263"
 1261      B0C45B54 
 1261      1C22E37E 
 1261      BACE62C2 
 1261      B3
 1262 07f3 04CAA66B 		.ascii	"\004\312\246k\211X\356x\222\356*\363\2753\301\223\343"
 1262      8958EE78 
 1262      92EE2AF3 
 1262      BD33C193 
 1262      E3
 1263 0804 FB5561E9 		.ascii	"\373Ua\351h\245\224\310\356@Y\310\363^\216o\002\221"
ARM GAS  /tmp/ccGg91r8.s 			page 49


 1263      68A594C8 
 1263      EE4059C8 
 1263      F35E8E6F 
 1263      0291
 1264 0816 0A4ACB43 		.ascii	"\012J\313C\026_\260\250 \364\177\344rc|\221'd-(\367"
 1264      165FB0A8 
 1264      20F47FE4 
 1264      72637C91 
 1264      27642D28 
 1265 082b 8B077A95 		.ascii	"\213\007z\225\240\255\340\3352o\310\023t\370\202\257"
 1265      A0ADE0DD 
 1265      326FC813 
 1265      74F882AF 
 1266 083b 4D9DE671 		.ascii	"M\235\346q\207\376\340\367\206\254\030\345.\235.\225"
 1266      87FEE0F7 
 1266      86AC18E5 
 1266      2E9D2E95 
 1267 084b 785C8536 		.ascii	"x\\\2056\177 T\\\026x\027rm\205\376\254`\251\307\215"
 1267      7F20545C 
 1267      16781772 
 1267      6D85FEAC 
 1267      60A9C78D 
 1268 085f 1EBFBFBC 		.ascii	"\036\277\277\274\244\344eg\2404\344,r\273sPq\016:=9"
 1268      A4E46567 
 1268      A034E42C 
 1268      72BB7350 
 1268      710E3A3D 
 1269 0874 1ED7546F 		.ascii	"\036\327ToN\356\230\234\2741ycr\336\036\227\343sM\013"
 1269      4EEE989C 
 1269      BC317963 
 1269      72DE1E97 
 1269      E3734D0B 
 1270 0888 9439933E 		.ascii	"\2249\223>;\275~wI\271\342\341\012\275\376\"\254\000"
 1270      3BBD7E77 
 1270      49B9E2E1 
 1270      0ABDFE22 
 1270      AC00
 1271 089a 43350C1B 		.ascii	"C5\014\033&qA\026!'\335\353\017\206\\~\267\247@+\273"
 1271      26714116 
 1271      2127DDEB 
 1271      0F865C7E 
 1271      B7A7402B 
 1272 08af 4548FE2F 		.ascii	"EH\376/\343\261\177\371"
 1272      E3B17FF9 
 1273              		.text
 1274              		.section	.gnu.lto_.symtab.9add9fd0be367609,"e",%progbits
 1275 0000 6D734F62 		.ascii	"msObjectInit\000"
 1275      6A656374 
 1275      496E6974 
 1275      00
 1276 000d 00       		.ascii	"\000"
 1277 000e 00       		.ascii	"\000"
 1278 000f 00       		.ascii	"\000"
 1279 0010 00000000 		.ascii	"\000\000\000\000\000\000\000\000"
 1279      00000000 
 1280 0018 01010000 		.ascii	"\001\001\000\000"
 1281              		.text
ARM GAS  /tmp/ccGg91r8.s 			page 50


 1282              		.section	.gnu.lto_.ext_symtab.9add9fd0be367609,"e",%progbits
 1283 0000 01       		.ascii	"\001"
 1284 0001 01       		.ascii	"\001"
 1285 0002 00       		.ascii	"\000"
 1286              		.text
 1287              		.section	.gnu.lto_.opts,"e",%progbits
 1288 0000 272D666E 		.ascii	"'-fno-openmp' '-fno-openacc' '-fno-pie' '-fcf-prote"
 1288      6F2D6F70 
 1288      656E6D70 
 1288      2720272D 
 1288      666E6F2D 
 1289 0033 6374696F 		.ascii	"ction=none' '-g' '-mcpu=cortex-m7' '-mthumb' '-mflo"
 1289      6E3D6E6F 
 1289      6E652720 
 1289      272D6727 
 1289      20272D6D 
 1290 0066 61742D61 		.ascii	"at-abi=hard' '-mfpu=fpv5-d16' '-march=armv7e-m+fp.d"
 1290      62693D68 
 1290      61726427 
 1290      20272D6D 
 1290      6670753D 
 1291 0099 70272027 		.ascii	"p' '-O2' '-fomit-frame-pointer' '-falign-functions="
 1291      2D4F3227 
 1291      20272D66 
 1291      6F6D6974 
 1291      2D667261 
 1292 00cc 31362720 		.ascii	"16' '-ffunction-sections' '-fdata-sections' '-fno-c"
 1292      272D6666 
 1292      756E6374 
 1292      696F6E2D 
 1292      73656374 
 1293 00ff 6F6D6D6F 		.ascii	"ommon' '-flto' '-Xassembler' '-alms=build/lst/memst"
 1293      6E272027 
 1293      2D666C74 
 1293      6F272027 
 1293      2D586173 
 1294 0132 7265616D 		.ascii	"reams.lst'\000"
 1294      732E6C73 
 1294      742700
 1295              		.text
 1296              		.comm	__gnu_lto_slim,1,1
 1297              		.ident	"GCC: (GNU Arm Embedded Toolchain 10-2020-q4-major) 10.2.1 20201103 (release)"
ARM GAS  /tmp/ccGg91r8.s 			page 51


DEFINED SYMBOLS
                            *ABS*:0000000000000000 memstreams.c
     /tmp/ccGg91r8.s:23     .gnu.debuglto_.debug_info:0000000000000000 memstreams.c.9c604a35
                            *COM*:0000000000000001 __gnu_lto_slim

NO UNDEFINED SYMBOLS
