ARM GAS  /tmp/cc42znBR.s 			page 1


   1              		.cpu cortex-m7
   2              		.eabi_attribute 28, 1
   3              		.eabi_attribute 20, 1
   4              		.eabi_attribute 21, 1
   5              		.eabi_attribute 23, 3
   6              		.eabi_attribute 24, 1
   7              		.eabi_attribute 25, 1
   8              		.eabi_attribute 26, 1
   9              		.eabi_attribute 30, 2
  10              		.eabi_attribute 34, 1
  11              		.eabi_attribute 18, 4
  12              		.file	"nullstreams.c"
  13              		.file 1 "/opt/gcc-arm-none-eabi-10-2020-q4-major/lib/gcc/arm-none-eabi/10.2.1/include/stddef.h"
  14              		.file 2 "/opt/gcc-arm-none-eabi-10-2020-q4-major/arm-none-eabi/include/machine/_default_types.h"
  15              		.file 3 "/opt/gcc-arm-none-eabi-10-2020-q4-major/arm-none-eabi/include/sys/_stdint.h"
  16              		.file 4 "third_party/ChibiOS/os/rt/include/chearly.h"
  17              		.file 5 "third_party/ChibiOS/os/hal/lib/streams/nullstreams.h"
  18              		.file 6 "third_party/ChibiOS/os/hal/lib/streams/nullstreams.c"
  19              		.section	.gnu.debuglto_.debug_info,"e",%progbits
  20              	.Ldebug_info0:
  21              		.hidden	nullstreams.c.6f1812ef
  22              		.weak	nullstreams.c.6f1812ef
  23              	nullstreams.c.6f1812ef:
  24 0000 B8020000 		.4byte	0x2b8
  25 0004 0400     		.2byte	0x4
  26 0006 00000000 		.4byte	.Ldebug_abbrev0
  27 000a 04       		.byte	0x4
  28 000b 01       		.uleb128 0x1
  29 000c 11000000 		.4byte	.LASF24
  30 0010 0C       		.byte	0xc
  31 0011 EB000000 		.4byte	.LASF25
  32 0015 81010000 		.4byte	.LASF26
  33 0019 00000000 		.4byte	.Ldebug_line0
  34 001d 02       		.uleb128 0x2
  35 001e 04       		.byte	0x4
  36 001f 05       		.byte	0x5
  37 0020 696E7400 		.ascii	"int\000"
  38 0024 03       		.uleb128 0x3
  39 0025 0A000000 		.4byte	.LASF4
  40 0029 01       		.byte	0x1
  41 002a D1       		.byte	0xd1
  42 002b 17       		.byte	0x17
  43 002c 30000000 		.4byte	0x30
  44 0030 04       		.uleb128 0x4
  45 0031 04       		.byte	0x4
  46 0032 07       		.byte	0x7
  47 0033 38010000 		.4byte	.LASF0
  48 0037 04       		.uleb128 0x4
  49 0038 08       		.byte	0x8
  50 0039 05       		.byte	0x5
  51 003a 04020000 		.4byte	.LASF1
  52 003e 04       		.uleb128 0x4
  53 003f 08       		.byte	0x8
  54 0040 04       		.byte	0x4
  55 0041 45010000 		.4byte	.LASF2
  56 0045 04       		.uleb128 0x4
  57 0046 01       		.byte	0x1
ARM GAS  /tmp/cc42znBR.s 			page 2


  58 0047 06       		.byte	0x6
  59 0048 67010000 		.4byte	.LASF3
  60 004c 03       		.uleb128 0x3
  61 004d 00000000 		.4byte	.LASF5
  62 0051 02       		.byte	0x2
  63 0052 2B       		.byte	0x2b
  64 0053 18       		.byte	0x18
  65 0054 58000000 		.4byte	0x58
  66 0058 04       		.uleb128 0x4
  67 0059 01       		.byte	0x1
  68 005a 08       		.byte	0x8
  69 005b 73010000 		.4byte	.LASF6
  70 005f 04       		.uleb128 0x4
  71 0060 02       		.byte	0x2
  72 0061 05       		.byte	0x5
  73 0062 12020000 		.4byte	.LASF7
  74 0066 04       		.uleb128 0x4
  75 0067 02       		.byte	0x2
  76 0068 07       		.byte	0x7
  77 0069 9D010000 		.4byte	.LASF8
  78 006d 03       		.uleb128 0x3
  79 006e 2E010000 		.4byte	.LASF9
  80 0072 02       		.byte	0x2
  81 0073 4D       		.byte	0x4d
  82 0074 18       		.byte	0x18
  83 0075 79000000 		.4byte	0x79
  84 0079 04       		.uleb128 0x4
  85 007a 04       		.byte	0x4
  86 007b 05       		.byte	0x5
  87 007c 27020000 		.4byte	.LASF10
  88 0080 04       		.uleb128 0x4
  89 0081 04       		.byte	0x4
  90 0082 07       		.byte	0x7
  91 0083 B6010000 		.4byte	.LASF11
  92 0087 04       		.uleb128 0x4
  93 0088 08       		.byte	0x8
  94 0089 07       		.byte	0x7
  95 008a 36020000 		.4byte	.LASF12
  96 008e 03       		.uleb128 0x3
  97 008f EE010000 		.4byte	.LASF13
  98 0093 03       		.byte	0x3
  99 0094 18       		.byte	0x18
 100 0095 13       		.byte	0x13
 101 0096 4C000000 		.4byte	0x4c
 102 009a 05       		.uleb128 0x5
 103 009b 8E000000 		.4byte	0x8e
 104 009f 03       		.uleb128 0x3
 105 00a0 FC010000 		.4byte	.LASF14
 106 00a4 03       		.byte	0x3
 107 00a5 2C       		.byte	0x2c
 108 00a6 13       		.byte	0x13
 109 00a7 6D000000 		.4byte	0x6d
 110 00ab 03       		.uleb128 0x3
 111 00ac F6010000 		.4byte	.LASF15
 112 00b0 04       		.byte	0x4
 113 00b1 58       		.byte	0x58
 114 00b2 19       		.byte	0x19
ARM GAS  /tmp/cc42znBR.s 			page 3


 115 00b3 9F000000 		.4byte	0x9f
 116 00b7 04       		.uleb128 0x4
 117 00b8 01       		.byte	0x1
 118 00b9 08       		.byte	0x8
 119 00ba E9010000 		.4byte	.LASF16
 120 00be 06       		.uleb128 0x6
 121 00bf 04       		.byte	0x4
 122 00c0 04       		.uleb128 0x4
 123 00c1 01       		.byte	0x1
 124 00c2 02       		.byte	0x2
 125 00c3 30020000 		.4byte	.LASF17
 126 00c7 07       		.uleb128 0x7
 127 00c8 04       		.byte	0x4
 128 00c9 8E000000 		.4byte	0x8e
 129 00cd 08       		.uleb128 0x8
 130 00ce 24000000 		.4byte	0x24
 131 00d2 E6000000 		.4byte	0xe6
 132 00d6 09       		.uleb128 0x9
 133 00d7 BE000000 		.4byte	0xbe
 134 00db 09       		.uleb128 0x9
 135 00dc E6000000 		.4byte	0xe6
 136 00e0 09       		.uleb128 0x9
 137 00e1 24000000 		.4byte	0x24
 138 00e5 00       		.byte	0
 139 00e6 07       		.uleb128 0x7
 140 00e7 04       		.byte	0x4
 141 00e8 9A000000 		.4byte	0x9a
 142 00ec 07       		.uleb128 0x7
 143 00ed 04       		.byte	0x4
 144 00ee CD000000 		.4byte	0xcd
 145 00f2 08       		.uleb128 0x8
 146 00f3 24000000 		.4byte	0x24
 147 00f7 0B010000 		.4byte	0x10b
 148 00fb 09       		.uleb128 0x9
 149 00fc BE000000 		.4byte	0xbe
 150 0100 09       		.uleb128 0x9
 151 0101 C7000000 		.4byte	0xc7
 152 0105 09       		.uleb128 0x9
 153 0106 24000000 		.4byte	0x24
 154 010a 00       		.byte	0
 155 010b 07       		.uleb128 0x7
 156 010c 04       		.byte	0x4
 157 010d F2000000 		.4byte	0xf2
 158 0111 08       		.uleb128 0x8
 159 0112 AB000000 		.4byte	0xab
 160 0116 25010000 		.4byte	0x125
 161 011a 09       		.uleb128 0x9
 162 011b BE000000 		.4byte	0xbe
 163 011f 09       		.uleb128 0x9
 164 0120 8E000000 		.4byte	0x8e
 165 0124 00       		.byte	0
 166 0125 07       		.uleb128 0x7
 167 0126 04       		.byte	0x4
 168 0127 11010000 		.4byte	0x111
 169 012b 08       		.uleb128 0x8
 170 012c AB000000 		.4byte	0xab
 171 0130 3A010000 		.4byte	0x13a
ARM GAS  /tmp/cc42znBR.s 			page 4


 172 0134 09       		.uleb128 0x9
 173 0135 BE000000 		.4byte	0xbe
 174 0139 00       		.byte	0
 175 013a 07       		.uleb128 0x7
 176 013b 04       		.byte	0x4
 177 013c 2B010000 		.4byte	0x12b
 178 0140 0A       		.uleb128 0xa
 179 0141 20010000 		.4byte	.LASF27
 180 0145 18       		.byte	0x18
 181 0146 05       		.byte	0x5
 182 0147 35       		.byte	0x35
 183 0148 08       		.byte	0x8
 184 0149 9C010000 		.4byte	0x19c
 185 014d 0B       		.uleb128 0xb
 186 014e C8010000 		.4byte	.LASF18
 187 0152 05       		.byte	0x5
 188 0153 36       		.byte	0x36
 189 0154 03       		.byte	0x3
 190 0155 24000000 		.4byte	0x24
 191 0159 00       		.byte	0
 192 015a 0B       		.uleb128 0xb
 193 015b B0010000 		.4byte	.LASF19
 194 015f 05       		.byte	0x5
 195 0160 36       		.byte	0x36
 196 0161 03       		.byte	0x3
 197 0162 EC000000 		.4byte	0xec
 198 0166 04       		.byte	0x4
 199 0167 0B       		.uleb128 0xb
 200 0168 DE010000 		.4byte	.LASF20
 201 016c 05       		.byte	0x5
 202 016d 36       		.byte	0x36
 203 016e 03       		.byte	0x3
 204 016f 0B010000 		.4byte	0x10b
 205 0173 08       		.byte	0x8
 206 0174 0C       		.uleb128 0xc
 207 0175 70757400 		.ascii	"put\000"
 208 0179 05       		.byte	0x5
 209 017a 36       		.byte	0x36
 210 017b 03       		.byte	0x3
 211 017c 25010000 		.4byte	0x125
 212 0180 0C       		.byte	0xc
 213 0181 0C       		.uleb128 0xc
 214 0182 67657400 		.ascii	"get\000"
 215 0186 05       		.byte	0x5
 216 0187 36       		.byte	0x36
 217 0188 03       		.byte	0x3
 218 0189 3A010000 		.4byte	0x13a
 219 018d 10       		.byte	0x10
 220 018e 0B       		.uleb128 0xb
 221 018f E3010000 		.4byte	.LASF21
 222 0193 05       		.byte	0x5
 223 0194 36       		.byte	0x36
 224 0195 03       		.byte	0x3
 225 0196 25010000 		.4byte	0x125
 226 019a 14       		.byte	0x14
 227 019b 00       		.byte	0
 228 019c 05       		.uleb128 0x5
ARM GAS  /tmp/cc42znBR.s 			page 5


 229 019d 40010000 		.4byte	0x140
 230 01a1 0D       		.uleb128 0xd
 231 01a2 04       		.byte	0x4
 232 01a3 05       		.byte	0x5
 233 01a4 3E       		.byte	0x3e
 234 01a5 09       		.byte	0x9
 235 01a6 B8010000 		.4byte	0x1b8
 236 01aa 0C       		.uleb128 0xc
 237 01ab 766D7400 		.ascii	"vmt\000"
 238 01af 05       		.byte	0x5
 239 01b0 40       		.byte	0x40
 240 01b1 1F       		.byte	0x1f
 241 01b2 B8010000 		.4byte	0x1b8
 242 01b6 00       		.byte	0
 243 01b7 00       		.byte	0
 244 01b8 07       		.uleb128 0x7
 245 01b9 04       		.byte	0x4
 246 01ba 9C010000 		.4byte	0x19c
 247 01be 03       		.uleb128 0x3
 248 01bf 1C020000 		.4byte	.LASF22
 249 01c3 05       		.byte	0x5
 250 01c4 42       		.byte	0x42
 251 01c5 03       		.byte	0x3
 252 01c6 A1010000 		.4byte	0x1a1
 253 01ca 0E       		.uleb128 0xe
 254 01cb 766D7400 		.ascii	"vmt\000"
 255 01cf 06       		.byte	0x6
 256 01d0 56       		.byte	0x56
 257 01d1 23       		.byte	0x23
 258 01d2 9C010000 		.4byte	0x19c
 259 01d6 0F       		.uleb128 0xf
 260 01d7 58010000 		.4byte	.LASF28
 261 01db 06       		.byte	0x6
 262 01dc 61       		.byte	0x61
 263 01dd 06       		.byte	0x6
 264 01de EF010000 		.4byte	0x1ef
 265 01e2 10       		.uleb128 0x10
 266 01e3 6E737000 		.ascii	"nsp\000"
 267 01e7 06       		.byte	0x6
 268 01e8 61       		.byte	0x61
 269 01e9 21       		.byte	0x21
 270 01ea EF010000 		.4byte	0x1ef
 271 01ee 00       		.byte	0
 272 01ef 07       		.uleb128 0x7
 273 01f0 04       		.byte	0x4
 274 01f1 BE010000 		.4byte	0x1be
 275 01f5 11       		.uleb128 0x11
 276 01f6 E3010000 		.4byte	.LASF21
 277 01fa 06       		.byte	0x6
 278 01fb 4D       		.byte	0x4d
 279 01fc 0E       		.byte	0xe
 280 01fd AB000000 		.4byte	0xab
 281 0201 1B020000 		.4byte	0x21b
 282 0205 10       		.uleb128 0x10
 283 0206 697000   		.ascii	"ip\000"
 284 0209 06       		.byte	0x6
 285 020a 4D       		.byte	0x4d
ARM GAS  /tmp/cc42znBR.s 			page 6


 286 020b 1A       		.byte	0x1a
 287 020c BE000000 		.4byte	0xbe
 288 0210 10       		.uleb128 0x10
 289 0211 6200     		.ascii	"b\000"
 290 0213 06       		.byte	0x6
 291 0214 4D       		.byte	0x4d
 292 0215 26       		.byte	0x26
 293 0216 8E000000 		.4byte	0x8e
 294 021a 00       		.byte	0
 295 021b 12       		.uleb128 0x12
 296 021c 67657400 		.ascii	"get\000"
 297 0220 06       		.byte	0x6
 298 0221 46       		.byte	0x46
 299 0222 0E       		.byte	0xe
 300 0223 AB000000 		.4byte	0xab
 301 0227 37020000 		.4byte	0x237
 302 022b 10       		.uleb128 0x10
 303 022c 697000   		.ascii	"ip\000"
 304 022f 06       		.byte	0x6
 305 0230 46       		.byte	0x46
 306 0231 18       		.byte	0x18
 307 0232 BE000000 		.4byte	0xbe
 308 0236 00       		.byte	0
 309 0237 12       		.uleb128 0x12
 310 0238 70757400 		.ascii	"put\000"
 311 023c 06       		.byte	0x6
 312 023d 3E       		.byte	0x3e
 313 023e 0E       		.byte	0xe
 314 023f AB000000 		.4byte	0xab
 315 0243 5D020000 		.4byte	0x25d
 316 0247 10       		.uleb128 0x10
 317 0248 697000   		.ascii	"ip\000"
 318 024b 06       		.byte	0x6
 319 024c 3E       		.byte	0x3e
 320 024d 18       		.byte	0x18
 321 024e BE000000 		.4byte	0xbe
 322 0252 10       		.uleb128 0x10
 323 0253 6200     		.ascii	"b\000"
 324 0255 06       		.byte	0x6
 325 0256 3E       		.byte	0x3e
 326 0257 24       		.byte	0x24
 327 0258 8E000000 		.4byte	0x8e
 328 025c 00       		.byte	0
 329 025d 11       		.uleb128 0x11
 330 025e D8010000 		.4byte	.LASF23
 331 0262 06       		.byte	0x6
 332 0263 35       		.byte	0x35
 333 0264 0F       		.byte	0xf
 334 0265 24000000 		.4byte	0x24
 335 0269 8E020000 		.4byte	0x28e
 336 026d 10       		.uleb128 0x10
 337 026e 697000   		.ascii	"ip\000"
 338 0271 06       		.byte	0x6
 339 0272 35       		.byte	0x35
 340 0273 1B       		.byte	0x1b
 341 0274 BE000000 		.4byte	0xbe
 342 0278 10       		.uleb128 0x10
ARM GAS  /tmp/cc42znBR.s 			page 7


 343 0279 627000   		.ascii	"bp\000"
 344 027c 06       		.byte	0x6
 345 027d 35       		.byte	0x35
 346 027e 28       		.byte	0x28
 347 027f C7000000 		.4byte	0xc7
 348 0283 10       		.uleb128 0x10
 349 0284 6E00     		.ascii	"n\000"
 350 0286 06       		.byte	0x6
 351 0287 35       		.byte	0x35
 352 0288 33       		.byte	0x33
 353 0289 24000000 		.4byte	0x24
 354 028d 00       		.byte	0
 355 028e 13       		.uleb128 0x13
 356 028f 51010000 		.4byte	.LASF29
 357 0293 06       		.byte	0x6
 358 0294 2D       		.byte	0x2d
 359 0295 0F       		.byte	0xf
 360 0296 24000000 		.4byte	0x24
 361 029a 10       		.uleb128 0x10
 362 029b 697000   		.ascii	"ip\000"
 363 029e 06       		.byte	0x6
 364 029f 2D       		.byte	0x2d
 365 02a0 1C       		.byte	0x1c
 366 02a1 BE000000 		.4byte	0xbe
 367 02a5 10       		.uleb128 0x10
 368 02a6 627000   		.ascii	"bp\000"
 369 02a9 06       		.byte	0x6
 370 02aa 2D       		.byte	0x2d
 371 02ab 2F       		.byte	0x2f
 372 02ac E6000000 		.4byte	0xe6
 373 02b0 10       		.uleb128 0x10
 374 02b1 6E00     		.ascii	"n\000"
 375 02b3 06       		.byte	0x6
 376 02b4 2D       		.byte	0x2d
 377 02b5 3A       		.byte	0x3a
 378 02b6 24000000 		.4byte	0x24
 379 02ba 00       		.byte	0
 380 02bb 00       		.byte	0
 381              		.section	.gnu.debuglto_.debug_abbrev,"e",%progbits
 382              	.Ldebug_abbrev0:
 383 0000 01       		.uleb128 0x1
 384 0001 11       		.uleb128 0x11
 385 0002 01       		.byte	0x1
 386 0003 25       		.uleb128 0x25
 387 0004 0E       		.uleb128 0xe
 388 0005 13       		.uleb128 0x13
 389 0006 0B       		.uleb128 0xb
 390 0007 03       		.uleb128 0x3
 391 0008 0E       		.uleb128 0xe
 392 0009 1B       		.uleb128 0x1b
 393 000a 0E       		.uleb128 0xe
 394 000b 10       		.uleb128 0x10
 395 000c 17       		.uleb128 0x17
 396 000d 00       		.byte	0
 397 000e 00       		.byte	0
 398 000f 02       		.uleb128 0x2
 399 0010 24       		.uleb128 0x24
ARM GAS  /tmp/cc42znBR.s 			page 8


 400 0011 00       		.byte	0
 401 0012 0B       		.uleb128 0xb
 402 0013 0B       		.uleb128 0xb
 403 0014 3E       		.uleb128 0x3e
 404 0015 0B       		.uleb128 0xb
 405 0016 03       		.uleb128 0x3
 406 0017 08       		.uleb128 0x8
 407 0018 00       		.byte	0
 408 0019 00       		.byte	0
 409 001a 03       		.uleb128 0x3
 410 001b 16       		.uleb128 0x16
 411 001c 00       		.byte	0
 412 001d 03       		.uleb128 0x3
 413 001e 0E       		.uleb128 0xe
 414 001f 3A       		.uleb128 0x3a
 415 0020 0B       		.uleb128 0xb
 416 0021 3B       		.uleb128 0x3b
 417 0022 0B       		.uleb128 0xb
 418 0023 39       		.uleb128 0x39
 419 0024 0B       		.uleb128 0xb
 420 0025 49       		.uleb128 0x49
 421 0026 13       		.uleb128 0x13
 422 0027 00       		.byte	0
 423 0028 00       		.byte	0
 424 0029 04       		.uleb128 0x4
 425 002a 24       		.uleb128 0x24
 426 002b 00       		.byte	0
 427 002c 0B       		.uleb128 0xb
 428 002d 0B       		.uleb128 0xb
 429 002e 3E       		.uleb128 0x3e
 430 002f 0B       		.uleb128 0xb
 431 0030 03       		.uleb128 0x3
 432 0031 0E       		.uleb128 0xe
 433 0032 00       		.byte	0
 434 0033 00       		.byte	0
 435 0034 05       		.uleb128 0x5
 436 0035 26       		.uleb128 0x26
 437 0036 00       		.byte	0
 438 0037 49       		.uleb128 0x49
 439 0038 13       		.uleb128 0x13
 440 0039 00       		.byte	0
 441 003a 00       		.byte	0
 442 003b 06       		.uleb128 0x6
 443 003c 0F       		.uleb128 0xf
 444 003d 00       		.byte	0
 445 003e 0B       		.uleb128 0xb
 446 003f 0B       		.uleb128 0xb
 447 0040 00       		.byte	0
 448 0041 00       		.byte	0
 449 0042 07       		.uleb128 0x7
 450 0043 0F       		.uleb128 0xf
 451 0044 00       		.byte	0
 452 0045 0B       		.uleb128 0xb
 453 0046 0B       		.uleb128 0xb
 454 0047 49       		.uleb128 0x49
 455 0048 13       		.uleb128 0x13
 456 0049 00       		.byte	0
ARM GAS  /tmp/cc42znBR.s 			page 9


 457 004a 00       		.byte	0
 458 004b 08       		.uleb128 0x8
 459 004c 15       		.uleb128 0x15
 460 004d 01       		.byte	0x1
 461 004e 27       		.uleb128 0x27
 462 004f 19       		.uleb128 0x19
 463 0050 49       		.uleb128 0x49
 464 0051 13       		.uleb128 0x13
 465 0052 01       		.uleb128 0x1
 466 0053 13       		.uleb128 0x13
 467 0054 00       		.byte	0
 468 0055 00       		.byte	0
 469 0056 09       		.uleb128 0x9
 470 0057 05       		.uleb128 0x5
 471 0058 00       		.byte	0
 472 0059 49       		.uleb128 0x49
 473 005a 13       		.uleb128 0x13
 474 005b 00       		.byte	0
 475 005c 00       		.byte	0
 476 005d 0A       		.uleb128 0xa
 477 005e 13       		.uleb128 0x13
 478 005f 01       		.byte	0x1
 479 0060 03       		.uleb128 0x3
 480 0061 0E       		.uleb128 0xe
 481 0062 0B       		.uleb128 0xb
 482 0063 0B       		.uleb128 0xb
 483 0064 3A       		.uleb128 0x3a
 484 0065 0B       		.uleb128 0xb
 485 0066 3B       		.uleb128 0x3b
 486 0067 0B       		.uleb128 0xb
 487 0068 39       		.uleb128 0x39
 488 0069 0B       		.uleb128 0xb
 489 006a 01       		.uleb128 0x1
 490 006b 13       		.uleb128 0x13
 491 006c 00       		.byte	0
 492 006d 00       		.byte	0
 493 006e 0B       		.uleb128 0xb
 494 006f 0D       		.uleb128 0xd
 495 0070 00       		.byte	0
 496 0071 03       		.uleb128 0x3
 497 0072 0E       		.uleb128 0xe
 498 0073 3A       		.uleb128 0x3a
 499 0074 0B       		.uleb128 0xb
 500 0075 3B       		.uleb128 0x3b
 501 0076 0B       		.uleb128 0xb
 502 0077 39       		.uleb128 0x39
 503 0078 0B       		.uleb128 0xb
 504 0079 49       		.uleb128 0x49
 505 007a 13       		.uleb128 0x13
 506 007b 38       		.uleb128 0x38
 507 007c 0B       		.uleb128 0xb
 508 007d 00       		.byte	0
 509 007e 00       		.byte	0
 510 007f 0C       		.uleb128 0xc
 511 0080 0D       		.uleb128 0xd
 512 0081 00       		.byte	0
 513 0082 03       		.uleb128 0x3
ARM GAS  /tmp/cc42znBR.s 			page 10


 514 0083 08       		.uleb128 0x8
 515 0084 3A       		.uleb128 0x3a
 516 0085 0B       		.uleb128 0xb
 517 0086 3B       		.uleb128 0x3b
 518 0087 0B       		.uleb128 0xb
 519 0088 39       		.uleb128 0x39
 520 0089 0B       		.uleb128 0xb
 521 008a 49       		.uleb128 0x49
 522 008b 13       		.uleb128 0x13
 523 008c 38       		.uleb128 0x38
 524 008d 0B       		.uleb128 0xb
 525 008e 00       		.byte	0
 526 008f 00       		.byte	0
 527 0090 0D       		.uleb128 0xd
 528 0091 13       		.uleb128 0x13
 529 0092 01       		.byte	0x1
 530 0093 0B       		.uleb128 0xb
 531 0094 0B       		.uleb128 0xb
 532 0095 3A       		.uleb128 0x3a
 533 0096 0B       		.uleb128 0xb
 534 0097 3B       		.uleb128 0x3b
 535 0098 0B       		.uleb128 0xb
 536 0099 39       		.uleb128 0x39
 537 009a 0B       		.uleb128 0xb
 538 009b 01       		.uleb128 0x1
 539 009c 13       		.uleb128 0x13
 540 009d 00       		.byte	0
 541 009e 00       		.byte	0
 542 009f 0E       		.uleb128 0xe
 543 00a0 34       		.uleb128 0x34
 544 00a1 00       		.byte	0
 545 00a2 03       		.uleb128 0x3
 546 00a3 08       		.uleb128 0x8
 547 00a4 3A       		.uleb128 0x3a
 548 00a5 0B       		.uleb128 0xb
 549 00a6 3B       		.uleb128 0x3b
 550 00a7 0B       		.uleb128 0xb
 551 00a8 39       		.uleb128 0x39
 552 00a9 0B       		.uleb128 0xb
 553 00aa 49       		.uleb128 0x49
 554 00ab 13       		.uleb128 0x13
 555 00ac 00       		.byte	0
 556 00ad 00       		.byte	0
 557 00ae 0F       		.uleb128 0xf
 558 00af 2E       		.uleb128 0x2e
 559 00b0 01       		.byte	0x1
 560 00b1 3F       		.uleb128 0x3f
 561 00b2 19       		.uleb128 0x19
 562 00b3 03       		.uleb128 0x3
 563 00b4 0E       		.uleb128 0xe
 564 00b5 3A       		.uleb128 0x3a
 565 00b6 0B       		.uleb128 0xb
 566 00b7 3B       		.uleb128 0x3b
 567 00b8 0B       		.uleb128 0xb
 568 00b9 39       		.uleb128 0x39
 569 00ba 0B       		.uleb128 0xb
 570 00bb 27       		.uleb128 0x27
ARM GAS  /tmp/cc42znBR.s 			page 11


 571 00bc 19       		.uleb128 0x19
 572 00bd 01       		.uleb128 0x1
 573 00be 13       		.uleb128 0x13
 574 00bf 00       		.byte	0
 575 00c0 00       		.byte	0
 576 00c1 10       		.uleb128 0x10
 577 00c2 05       		.uleb128 0x5
 578 00c3 00       		.byte	0
 579 00c4 03       		.uleb128 0x3
 580 00c5 08       		.uleb128 0x8
 581 00c6 3A       		.uleb128 0x3a
 582 00c7 0B       		.uleb128 0xb
 583 00c8 3B       		.uleb128 0x3b
 584 00c9 0B       		.uleb128 0xb
 585 00ca 39       		.uleb128 0x39
 586 00cb 0B       		.uleb128 0xb
 587 00cc 49       		.uleb128 0x49
 588 00cd 13       		.uleb128 0x13
 589 00ce 00       		.byte	0
 590 00cf 00       		.byte	0
 591 00d0 11       		.uleb128 0x11
 592 00d1 2E       		.uleb128 0x2e
 593 00d2 01       		.byte	0x1
 594 00d3 03       		.uleb128 0x3
 595 00d4 0E       		.uleb128 0xe
 596 00d5 3A       		.uleb128 0x3a
 597 00d6 0B       		.uleb128 0xb
 598 00d7 3B       		.uleb128 0x3b
 599 00d8 0B       		.uleb128 0xb
 600 00d9 39       		.uleb128 0x39
 601 00da 0B       		.uleb128 0xb
 602 00db 27       		.uleb128 0x27
 603 00dc 19       		.uleb128 0x19
 604 00dd 49       		.uleb128 0x49
 605 00de 13       		.uleb128 0x13
 606 00df 01       		.uleb128 0x1
 607 00e0 13       		.uleb128 0x13
 608 00e1 00       		.byte	0
 609 00e2 00       		.byte	0
 610 00e3 12       		.uleb128 0x12
 611 00e4 2E       		.uleb128 0x2e
 612 00e5 01       		.byte	0x1
 613 00e6 03       		.uleb128 0x3
 614 00e7 08       		.uleb128 0x8
 615 00e8 3A       		.uleb128 0x3a
 616 00e9 0B       		.uleb128 0xb
 617 00ea 3B       		.uleb128 0x3b
 618 00eb 0B       		.uleb128 0xb
 619 00ec 39       		.uleb128 0x39
 620 00ed 0B       		.uleb128 0xb
 621 00ee 27       		.uleb128 0x27
 622 00ef 19       		.uleb128 0x19
 623 00f0 49       		.uleb128 0x49
 624 00f1 13       		.uleb128 0x13
 625 00f2 01       		.uleb128 0x1
 626 00f3 13       		.uleb128 0x13
 627 00f4 00       		.byte	0
ARM GAS  /tmp/cc42znBR.s 			page 12


 628 00f5 00       		.byte	0
 629 00f6 13       		.uleb128 0x13
 630 00f7 2E       		.uleb128 0x2e
 631 00f8 01       		.byte	0x1
 632 00f9 03       		.uleb128 0x3
 633 00fa 0E       		.uleb128 0xe
 634 00fb 3A       		.uleb128 0x3a
 635 00fc 0B       		.uleb128 0xb
 636 00fd 3B       		.uleb128 0x3b
 637 00fe 0B       		.uleb128 0xb
 638 00ff 39       		.uleb128 0x39
 639 0100 0B       		.uleb128 0xb
 640 0101 27       		.uleb128 0x27
 641 0102 19       		.uleb128 0x19
 642 0103 49       		.uleb128 0x49
 643 0104 13       		.uleb128 0x13
 644 0105 00       		.byte	0
 645 0106 00       		.byte	0
 646 0107 00       		.byte	0
 647              		.section	.gnu.debuglto_.debug_line,"e",%progbits
 648              	.Ldebug_line0:
 649 0000 94010000 		.4byte	.LELT0-.LSLT0
 650              	.LSLT0:
 651 0004 0400     		.2byte	0x4
 652 0006 8E010000 		.4byte	.LELTP0-.LASLTP0
 653              	.LASLTP0:
 654 000a 01       		.byte	0x1
 655 000b 01       		.byte	0x1
 656 000c 01       		.byte	0x1
 657 000d F6       		.byte	0xf6
 658 000e F2       		.byte	0xf2
 659 000f 0D       		.byte	0xd
 660 0010 00       		.byte	0
 661 0011 01       		.byte	0x1
 662 0012 01       		.byte	0x1
 663 0013 01       		.byte	0x1
 664 0014 01       		.byte	0x1
 665 0015 00       		.byte	0
 666 0016 00       		.byte	0
 667 0017 00       		.byte	0
 668 0018 01       		.byte	0x1
 669 0019 00       		.byte	0
 670 001a 00       		.byte	0
 671 001b 01       		.byte	0x1
 672 001c 74686972 		.ascii	"third_party/ChibiOS/os/hal/lib/streams"
 672      645F7061 
 672      7274792F 
 672      43686962 
 672      694F532F 
 673 0042 00       		.byte	0
 674 0043 74686972 		.ascii	"third_party/ChibiOS/os/rt/include"
 674      645F7061 
 674      7274792F 
 674      43686962 
 674      694F532F 
 675 0064 00       		.byte	0
 676 0065 2F6F7074 		.ascii	"/opt/gcc-arm-none-eabi-10-2020-q4-major/arm-none-ea"
ARM GAS  /tmp/cc42znBR.s 			page 13


 676      2F676363 
 676      2D61726D 
 676      2D6E6F6E 
 676      652D6561 
 677 0098 62692F69 		.ascii	"bi/include/machine"
 677      6E636C75 
 677      64652F6D 
 677      61636869 
 677      6E65
 678 00aa 00       		.byte	0
 679 00ab 2F6F7074 		.ascii	"/opt/gcc-arm-none-eabi-10-2020-q4-major/arm-none-ea"
 679      2F676363 
 679      2D61726D 
 679      2D6E6F6E 
 679      652D6561 
 680 00de 62692F69 		.ascii	"bi/include/sys"
 680      6E636C75 
 680      64652F73 
 680      7973
 681 00ec 00       		.byte	0
 682 00ed 2F6F7074 		.ascii	"/opt/gcc-arm-none-eabi-10-2020-q4-major/lib/gcc/arm"
 682      2F676363 
 682      2D61726D 
 682      2D6E6F6E 
 682      652D6561 
 683 0120 2D6E6F6E 		.ascii	"-none-eabi/10.2.1/include"
 683      652D6561 
 683      62692F31 
 683      302E322E 
 683      312F696E 
 684 0139 00       		.byte	0
 685 013a 00       		.byte	0
 686 013b 73746464 		.ascii	"stddef.h\000"
 686      65662E68 
 686      00
 687 0144 05       		.uleb128 0x5
 688 0145 00       		.uleb128 0
 689 0146 00       		.uleb128 0
 690 0147 5F646566 		.ascii	"_default_types.h\000"
 690      61756C74 
 690      5F747970 
 690      65732E68 
 690      00
 691 0158 03       		.uleb128 0x3
 692 0159 00       		.uleb128 0
 693 015a 00       		.uleb128 0
 694 015b 5F737464 		.ascii	"_stdint.h\000"
 694      696E742E 
 694      6800
 695 0165 04       		.uleb128 0x4
 696 0166 00       		.uleb128 0
 697 0167 00       		.uleb128 0
 698 0168 63686561 		.ascii	"chearly.h\000"
 698      726C792E 
 698      6800
 699 0172 02       		.uleb128 0x2
 700 0173 00       		.uleb128 0
ARM GAS  /tmp/cc42znBR.s 			page 14


 701 0174 00       		.uleb128 0
 702 0175 6E756C6C 		.ascii	"nullstreams.h\000"
 702      73747265 
 702      616D732E 
 702      6800
 703 0183 01       		.uleb128 0x1
 704 0184 00       		.uleb128 0
 705 0185 00       		.uleb128 0
 706 0186 6E756C6C 		.ascii	"nullstreams.c\000"
 706      73747265 
 706      616D732E 
 706      6300
 707 0194 01       		.uleb128 0x1
 708 0195 00       		.uleb128 0
 709 0196 00       		.uleb128 0
 710 0197 00       		.byte	0
 711              	.LELTP0:
 712              	.LELT0:
 713              		.section	.gnu.debuglto_.debug_str,"eMS",%progbits,1
 714              	.LASF5:
 715 0000 5F5F7569 		.ascii	"__uint8_t\000"
 715      6E74385F 
 715      7400
 716              	.LASF4:
 717 000a 73697A65 		.ascii	"size_t\000"
 717      5F7400
 718              	.LASF24:
 719 0011 474E5520 		.ascii	"GNU C17 10.2.1 20201103 (release) -mcpu=cortex-m7 -"
 719      43313720 
 719      31302E32 
 719      2E312032 
 719      30323031 
 720 0044 6D746875 		.ascii	"mthumb -mfloat-abi=hard -mfpu=fpv5-d16 -march=armv7"
 720      6D62202D 
 720      6D666C6F 
 720      61742D61 
 720      62693D68 
 721 0077 652D6D2B 		.ascii	"e-m+fp.dp -ggdb -O2 -fomit-frame-pointer -falign-fu"
 721      66702E64 
 721      70202D67 
 721      67646220 
 721      2D4F3220 
 722 00aa 6E637469 		.ascii	"nctions=16 -ffunction-sections -fdata-sections -fno"
 722      6F6E733D 
 722      3136202D 
 722      6666756E 
 722      6374696F 
 723 00dd 2D636F6D 		.ascii	"-common -flto\000"
 723      6D6F6E20 
 723      2D666C74 
 723      6F00
 724              	.LASF25:
 725 00eb 74686972 		.ascii	"third_party/ChibiOS/os/hal/lib/streams/nullstreams."
 725      645F7061 
 725      7274792F 
 725      43686962 
 725      694F532F 
ARM GAS  /tmp/cc42znBR.s 			page 15


 726 011e 6300     		.ascii	"c\000"
 727              	.LASF27:
 728 0120 4E756C6C 		.ascii	"NullStreamVMT\000"
 728      53747265 
 728      616D564D 
 728      5400
 729              	.LASF9:
 730 012e 5F5F696E 		.ascii	"__int32_t\000"
 730      7433325F 
 730      7400
 731              	.LASF0:
 732 0138 756E7369 		.ascii	"unsigned int\000"
 732      676E6564 
 732      20696E74 
 732      00
 733              	.LASF2:
 734 0145 6C6F6E67 		.ascii	"long double\000"
 734      20646F75 
 734      626C6500 
 735              	.LASF29:
 736 0151 77726974 		.ascii	"writes\000"
 736      657300
 737              	.LASF28:
 738 0158 6E756C6C 		.ascii	"nullObjectInit\000"
 738      4F626A65 
 738      6374496E 
 738      697400
 739              	.LASF3:
 740 0167 7369676E 		.ascii	"signed char\000"
 740      65642063 
 740      68617200 
 741              	.LASF6:
 742 0173 756E7369 		.ascii	"unsigned char\000"
 742      676E6564 
 742      20636861 
 742      7200
 743              	.LASF26:
 744 0181 2F646174 		.ascii	"/data/Documents/BPRL_flight\000"
 744      612F446F 
 744      63756D65 
 744      6E74732F 
 744      4250524C 
 745              	.LASF8:
 746 019d 73686F72 		.ascii	"short unsigned int\000"
 746      7420756E 
 746      7369676E 
 746      65642069 
 746      6E7400
 747              	.LASF19:
 748 01b0 77726974 		.ascii	"write\000"
 748      6500
 749              	.LASF11:
 750 01b6 6C6F6E67 		.ascii	"long unsigned int\000"
 750      20756E73 
 750      69676E65 
 750      6420696E 
 750      7400
ARM GAS  /tmp/cc42znBR.s 			page 16


 751              	.LASF18:
 752 01c8 696E7374 		.ascii	"instance_offset\000"
 752      616E6365 
 752      5F6F6666 
 752      73657400 
 753              	.LASF23:
 754 01d8 72656164 		.ascii	"reads\000"
 754      7300
 755              	.LASF20:
 756 01de 72656164 		.ascii	"read\000"
 756      00
 757              	.LASF21:
 758 01e3 756E6765 		.ascii	"unget\000"
 758      7400
 759              	.LASF16:
 760 01e9 63686172 		.ascii	"char\000"
 760      00
 761              	.LASF13:
 762 01ee 75696E74 		.ascii	"uint8_t\000"
 762      385F7400 
 763              	.LASF15:
 764 01f6 6D73675F 		.ascii	"msg_t\000"
 764      7400
 765              	.LASF14:
 766 01fc 696E7433 		.ascii	"int32_t\000"
 766      325F7400 
 767              	.LASF1:
 768 0204 6C6F6E67 		.ascii	"long long int\000"
 768      206C6F6E 
 768      6720696E 
 768      7400
 769              	.LASF7:
 770 0212 73686F72 		.ascii	"short int\000"
 770      7420696E 
 770      7400
 771              	.LASF22:
 772 021c 4E756C6C 		.ascii	"NullStream\000"
 772      53747265 
 772      616D00
 773              	.LASF10:
 774 0227 6C6F6E67 		.ascii	"long int\000"
 774      20696E74 
 774      00
 775              	.LASF17:
 776 0230 5F426F6F 		.ascii	"_Bool\000"
 776      6C00
 777              	.LASF12:
 778 0236 6C6F6E67 		.ascii	"long long unsigned int\000"
 778      206C6F6E 
 778      6720756E 
 778      7369676E 
 778      65642069 
 779              		.text
 780              		.section	.gnu.lto_.profile.1cadbb65dbe1d48,"e",%progbits
 781 0000 789C6362 		.ascii	"x\234cb\000\001\000\000\022\000\003"
 781      00010000 
 781      120003
ARM GAS  /tmp/cc42znBR.s 			page 17


 782              		.text
 783              		.section	.gnu.lto_.icf.1cadbb65dbe1d48,"e",%progbits
 784 0000 789CD366 		.ascii	"x\234\323f@\000v\206[\373'\356ba\374\365\363\375\006"
 784      40007686 
 784      5BFB27EE 
 784      6261FCF5 
 784      F3FD06
 785 0013 7EA6EE27 		.ascii	"~\246\356'o\227\2622w\375\232\270\211\213\005\314f\235"
 785      6F97B232 
 785      77FD9AB8 
 785      898B05CC 
 785      669D
 786 0025 F0EC3C1F 		.ascii	"\360\354<\037\333\233\011\217v\2610\000\000\333\347"
 786      DB9B098F 
 786      76B13000 
 786      00DBE7
 787 0034 151D     		.ascii	"\025\035"
 788              		.text
 789              		.section	.gnu.lto_.ipa_sra.1cadbb65dbe1d48,"e",%progbits
 790 0000 789C7361 		.ascii	"x\234sa@\0006\006f \311\312\300\301\300\016\34223\""
 790      40003606 
 790      6620C9CA 
 790      C0C1C00E 
 790      E2323322 
 791 0014 73199999 		.ascii	"s\031\231\231\230\300\\\020\223\231\021\304dfA\210\260"
 791      98C05C10 
 791      939911C4 
 791      64664188 
 791      B0
 792 0025 82441818 		.ascii	"\202D\030\030\031\000%\326\000\260"
 792      190025D6 
 792      00B0
 793              		.text
 794              		.section	.gnu.lto_.inline.1cadbb65dbe1d48,"e",%progbits
 795 0000 789C3BC7 		.ascii	"x\234;\307\200\000l\014\014\314\015@\300\224\302\310"
 795      80006C0C 
 795      0CCC0D40 
 795      C094C2C8 
 796 0010 C0C4C0D0 		.ascii	"\300\304\300\320\010d\326\001E!BL !\006F\202*\230\010"
 796      0864D601 
 796      4521424C 
 796      20210646 
 796      822A9808 
 797 0024 AA6026A8 		.ascii	"\252`&\250\202\205\240\012V\006\026\020\227\031\244"
 797      8285A00A 
 797      56061610 
 797      9719A4
 798 0033 82112C91 		.ascii	"\202\021,\221\304\300\300\016\244\017\300T0\000\000"
 798      C4C0C00E 
 798      A40FC054 
 798      300000
 799 0042 D4482D2F 		.ascii	"\324H-/"
 800              		.text
 801              		.section	.gnu.lto_.jmpfuncs.1cadbb65dbe1d48,"e",%progbits
 802 0000 789C4D8B 		.ascii	"x\234M\213\201\011\0000\010\303Z\253\273o\037\355\031"
 802      81090030 
 802      08C35AAB 
ARM GAS  /tmp/cc42znBR.s 			page 18


 802      BB6F1FED 
 802      19
 803 0011 0F9D03C1 		.ascii	"\017\235\003\301\025\002%\220\215\331\202H:R(xR\306"
 803      15022590 
 803      8DD98248 
 803      3A522878 
 803      52C6
 804 0023 67D04685 		.ascii	"g\320F\205\231\215p\365\367_F%\325\006.\204\312\011"
 804      998D70F5 
 804      F75F4625 
 804      D5062E84 
 804      CA09
 805 0035 6A       		.ascii	"j"
 806              		.text
 807              		.section	.gnu.lto_.pureconst.1cadbb65dbe1d48,"e",%progbits
 808 0000 789C1366 		.ascii	"x\234\023f```ch`al`aj`an`ai`a\235\305\002\000 '\003"
 808      60606063 
 808      6860616C 
 808      60616A60 
 808      616E6061 
 809 001e 5B       		.ascii	"["
 810              		.text
 811              		.section	.gnu.lto_.lto.1cadbb65dbe1d48,"e",%progbits
 812 0000 09000200 		.ascii	"\011\000\002\000\001\000\000\000"
 812      01000000 
 813              		.text
 814              		.section	.gnu.lto_writes.432.1cadbb65dbe1d48,"e",%progbits
 815 0000 789C558F 		.ascii	"x\234U\217\275K\003A\020\305gv/\212\205\265\205\026"
 815      BD4B0341 
 815      10C56776 
 815      2F8A85B5 
 815      8516
 816 0012 8288D864 		.ascii	"\202\210\330d\211\020\261\022QKAQ\204t\341\362\345\035"
 816      8910B112 
 816      514B4151 
 816      8474E1F2 
 816      E51D
 817 0024 5C9223B7 		.ascii	"\\\222#\267)\2542\261\2649\023;\011\"\022\305N\013E"
 817      29AC32B1 
 817      B439133B 
 817      092212C5 
 817      4E0B45
 818 0037 C588F727 		.ascii	"\305\210\367'\004\021\254D\020DPl\254D\004\335\273\034"
 818      0411AC44 
 818      1044506C 
 818      AC4404DD 
 818      BB1C
 819 0049 688A61E6 		.ascii	"h\212a\346\275\375\3152o\020\001$\000\214\252B\016X"
 819      BDFDCD32 
 819      6F100124 
 819      008CAA42 
 819      0E58
 820 005b AF6D3220 		.ascii	"\257m2 \242\231^\206\325\332\346\375\341\010^c\240\021"
 820      A2995E86 
 820      D5DAE6FD 
 820      E1085E63 
 820      A011
ARM GAS  /tmp/cc42znBR.s 			page 19


 821 006d 2A0C2BB8 		.ascii	"*\014+\270\315\033\034\353\274\251X-\234\020\207\307"
 821      CD1B1CEB 
 821      BCA9582D 
 821      9C1087C7 
 822 007d 3DA2CF67 		.ascii	"=\242\317g\367a\272q\344iM\316`W\275\237!\236\252\357"
 822      F761BA71 
 822      E4694DCE 
 822      6057BD9F 
 822      219EAAEF 
 823 0091 0114C757 		.ascii	"\001\024\307WaL1\355\326\005Q\03749\307s\374\307(#\261"
 823      614C31ED 
 823      D605511F 
 823      3439C773 
 823      FCC72823 
 824 00a6 13F139BB 		.ascii	"\023\3619\273\303=\206\234\206\227\335\234\2268\010"
 824      C33D869C 
 824      8697DD9C 
 824      963808
 825 00b5 38A7C37D 		.ascii	"8\247\303}\205\034\303\253n\216%N\"\000=\340_\342gS"
 825      851CC3AB 
 825      6E8E254E 
 825      22003DE0 
 825      5FE26753 
 826 00c9 757C1BF1 		.ascii	"u|\033\361\350\373\307%z\177\3017\246\356\306\226\362"
 826      E8FBC725 
 826      7A7FC137 
 826      A6EEC696 
 826      F2
 827 00da 5DEE0726 		.ascii	"]\356\007&\015\311\003\330\342\254#\252J\274\"=\335"
 827      0DC903D8 
 827      E2AC23AA 
 827      4ABC223D 
 827      DD
 828 00eb F407AD8D 		.ascii	"\364\007\255\215A\273C\370\300\215\275\370>\017\202"
 828      41BB43F8 
 828      C08DBDF8 
 828      3E0F82
 829 00fa B91CFF56 		.ascii	"\271\034\377V\001\206DF\227\272\230/\246\313\371lA:"
 829      01864446 
 829      97BA982F 
 829      A6CBF96C 
 829      413A
 830 010c 62766979 		.ascii	"bviy!\231\263\3145CB\\\032f)\223\264\365\222\\\027s"
 830      2199B3CC 
 830      3543425C 
 830      1A662993 
 830      B4F5925C 
 831 0122 86993217 		.ascii	"\206\2312\027WD\321\021\206n\011\313L\011G\226\262z"
 831      5744D111 
 831      866E09CB 
 831      4C094796 
 831      B27A
 832 0134 DE1185B2 		.ascii	"\336\021\205\262e\205s4\015\314\264\007\272\234\350"
 832      65857334 
 832      0DCCB407 
 832      BA9CE8
 833 0143 642E3615 		.ascii	"d.6\025\233\310\346\200\245l,\374\002\204\364\206]"
ARM GAS  /tmp/cc42znBR.s 			page 20


 833      9BC8E680 
 833      A56C2CFC 
 833      0284F486 
 833      5D
 834              		.text
 835              		.section	.gnu.lto_reads.433.1cadbb65dbe1d48,"e",%progbits
 836 0000 789C558F 		.ascii	"x\234U\217\275K\003A\020\305gv/\212\205\265\215\205"
 836      BD4B0341 
 836      10C56776 
 836      2F8A85B5 
 836      8D85
 837 0012 22223659 		.ascii	"\"\"6Y\"D\254D\324RP\024!]\270|y\007\227\344\310m\012"
 837      2244AC44 
 837      D4525014 
 837      215DB87C 
 837      790797E4 
 838 0029 AB4CB44B 		.ascii	"\253L\264K\023\023\333 \026\001\355l\024\225 \334\237"
 838      1313DB20 
 838      1601ED6C 
 838      149520DC 
 838      9F
 839 003a 20567601 		.ascii	" Vv\001A\013% \001%E@\367>@S\014o\336\354\217\307\276"
 839      410B2520 
 839      01254540 
 839      F73E4053 
 839      0C6FDEEC 
 840 0051 59049000 		.ascii	"Y\004\220\0000\257\0069`\263Qc@Dk\343\014\253\215Z\367"
 840      30AF0639 
 840      60B35163 
 840      40446BE3 
 840      0CAB8D5A 
 841 0066 620E1FD0 		.ascii	"b\016\037\320\367\010\025\206\025<\345-\216M\336V\254"
 841      F7081586 
 841      153CE52D 
 841      8E4DDE56 
 841      AC
 842 0077 166E8833 		.ascii	"\026n\2103\213.\321\340\265\336[m]\272Z\23338S\3577"
 842      8B2ED1E0 
 842      B5DE5B6D 
 842      5DBA5A9B 
 842      333853EF 
 843 008c 88D72A1E 		.ascii	"\210\327*\036@q|\037\026\024\363\330\271#\232\2006\347"
 843      40717C1F 
 843      1614F3D8 
 843      B9239A80 
 843      36E7
 844 009e 788BFF18 		.ascii	"x\213\377\030uH\364\274<n\007\334s\310ix?\312i\211\201"
 844      7548F4BC 
 844      3C6E07DC 
 844      73C86978 
 844      3FCA6989 
 845 00b3 CF3901F7 		.ascii	"\3179\001\367\021r\014;\243\034K\034G\000\306\300\373"
 845      11720C3B 
 845      A31C4B1C 
 845      4700C6C0 
 845      FB
 846 00c4 89D74DCD 		.ascii	"\211\327M\315\325S\304\245\341O\235\350\353\015\207"
ARM GAS  /tmp/cc42znBR.s 			page 21


 846      D553C4A5 
 846      E14F9DE8 
 846      EB0D87
 847 00d3 8C01D4B9 		.ascii	"\214\001\324\271\327\2254$\027\340\204\263\300T\225"
 847      D7953424 
 847      17E084B3 
 847      C05495
 848 00e2 79477AE9 		.ascii	"yGz\351N\372\362\211\276\364\003\371F\350\343\321y\334"
 848      4EFAF289 
 848      BEF403F9 
 848      46E8E3D1 
 848      79DC
 849 00f4 2BCEFC76 		.ascii	"+\316\374v*\005\377R\000\246EF\227\272\330,\246\313"
 849      2A05FF52 
 849      00A64546 
 849      97BAD82C 
 849      A6CB
 850 0106 F96C413A 		.ascii	"\371lA:b}gw+\231\263\314\003CB\\\032f)\223\264\365\222"
 850      627D6777 
 850      2B99B3CC 
 850      0343425C 
 850      1A662993 
 851 011d 3C141B86 		.ascii	"<\024\033\206\2312\267\367D\321\021\206n\011\313L\011"
 851      9932B7F7 
 851      44D11186 
 851      6E09CB4C 
 851      09
 852 012e 4796B27A 		.ascii	"G\226\262z\336\021\205\262e\205{4\015\314\264\247F."
 852      DE1185B2 
 852      65857B34 
 852      0DCCB4A7 
 852      462E
 853 0140 D1E55C6C 		.ascii	"\321\345\\l%\266\224\315\001K\331X\370\005\227\344\212"
 853      25B694CD 
 853      014BD958 
 853      F80597E4 
 853      8A
 854 0151 6E       		.ascii	"n"
 855              		.text
 856              		.section	.gnu.lto_put.434.1cadbb65dbe1d48,"e",%progbits
 857 0000 789CFBC8 		.ascii	"x\234\373\310\300\300P\010\304j@\314\310\314\3008ib"
 857      C0C05008 
 857      C46A40CC 
 857      C8CCC038 
 857      6962
 858 0012 17134343 		.ascii	"\027\023CCC\203\003;\023c\343\304\256\3733\266\2600"
 858      4383033B 
 858      1363E3C4 
 858      AEFB33B6 
 858      B030
 859 0024 EE66040B 		.ascii	"\356f\004\01302\32431\3263Nf\236\303\3148\211y\011P"
 859      3032D433 
 859      31D6334E 
 859      669EC3CC 
 859      38897909 
 860 0039 310B94C5 		.ascii	"1\013\224\305\310\250\240\011T\362\343i\377?\2339+\016"
 860      C8A8A009 
ARM GAS  /tmp/cc42znBR.s 			page 22


 860      54F2E369 
 860      FF3F9B39 
 860      2B0E
 861 004b B02C6166 		.ascii	"\260,afb\230\007\224\337\312\310\270\205\021h0\003P"
 861      62980794 
 861      DFCAC8B8 
 861      85116830 
 861      0350
 862 005d 1D732883 		.ascii	"\035s(\203\372\201\206\206\013;v44p2,aff\334\316\210"
 862      FA818686 
 862      0B3B7634 
 862      3470322C 
 862      616666DC 
 863 0073 A4062810 		.ascii	"\244\006(\020q\034d\036s\001D\335\231-\015\015\314@"
 863      711C641E 
 863      730144DD 
 863      992D0D0D 
 863      CC40
 864 0085 6116C69D 		.ascii	"a\026\306\235`u\306\214\006 U,\021\227X\030\030\330"
 864      6075C68C 
 864      0620552C 
 864      11975818 
 864      18D8
 865 0097 1840E683 		.ascii	"\030@\346\203\234\014\304\353/\261\036h\370\363\277"
 865      9C0CC4EB 
 865      2FB11E68 
 865      F8F3BF
 866 00a6 BFA1E1EF 		.ascii	"\277\241\341\357\023\306\036e&\006\206~f\220\027\032"
 866      13C61E65 
 866      2606867E 
 866      6690171A 
 867 00b6 58181B0E 		.ascii	"X\030\033\01600L`f\202p\032\201\234W\214\015\217&\036"
 867      30304C60 
 867      6682701A 
 867      819C578C 
 867      0D8F261E 
 868 00ca 6304D393 		.ascii	"c\004\323\223\330\300\32446\206O\214M\013LA\036a\002"
 868      D8C0D434 
 868      36864F8C 
 868      4D0B4C41 
 868      1E6102
 869 00dd BB16A89F 		.ascii	"\273\026\250\237\021\241\237\201AF?%\261$Q\337%?\271"
 869      11A19F81 
 869      41463F25 
 869      B12451DF 
 869      253FB9
 870 00f0 343735AF 		.ascii	"475\257\244X\337) \310'>-'3=\243\204\301\264$#\263("
 870      A458DF29 
 870      20C8273E 
 870      2D27333D 
 870      A384C1B4 
 871 0108 25BE20B1 		.ascii	"%\276 \261\250\244R\3379#3)\323?X?\277X?#1G?'3I\277"
 871      A8A452DF 
 871      39233329 
 871      D33F583F 
 871      BF583F23 
 872 0123 B8A42835 		.ascii	"\270\244(51\267X?\2574'\007\312\326Kf`\312,\020G\021"
ARM GAS  /tmp/cc42znBR.s 			page 23


 872      31B7583F 
 872      AF342707 
 872      CAD64B66 
 872      60CA2C10 
 873 0139 D1334B33 		.ascii	"\3213K3\26404JMc`L\002\000\002\227y\372"
 873      B430344A 
 873      4D63604C 
 873      02000297 
 873      79FA
 874              		.text
 875              		.section	.gnu.lto_get.435.1cadbb65dbe1d48,"e",%progbits
 876 0000 789C3BCA 		.ascii	"x\234;\312\300\300\220\017\304j@\314\310\314\3008ib"
 876      C0C0900F 
 876      C46A40CC 
 876      C8CCC038 
 876      6962
 877 0012 17134343 		.ascii	"\027\023CCC\203\003;\023c\343\304\256\3533\267\2600"
 877      4383033B 
 877      1363E3C4 
 877      AEEB33B7 
 877      B030
 878 0024 EE64040B 		.ascii	"\356d\004\01302\32431\3263Nf\236\303\3148\211y\011P"
 878      3032D433 
 878      31D6334E 
 878      669EC3CC 
 878      38897909 
 879 0039 310B94C5 		.ascii	"1\013\224\305\310\250\240\011T\362\343i\177\337a\366"
 879      C8A8A009 
 879      54F2E369 
 879      7FDF61F6 
 880 0049 392B0EB0 		.ascii	"9+\016\260,afb\230\007T\260\225\221q\013#\320d\006\240"
 880      2C616662 
 880      980754B0 
 880      9591710B 
 880      23D06406 
 881 005e 42E65006 		.ascii	"B\346P\006\365\003\015\015\027v\354hh\340dX\302\314"
 881      F5030D0D 
 881      1776EC68 
 881      68E06458 
 881      C2CC
 882 0070 CCB89D11 		.ascii	"\314\270\235\021I\015P b5\013\003\003\033\003H'\310"
 882      490D5020 
 882      62350B03 
 882      031B0348 
 882      27C8
 883 0082 3540BCFE 		.ascii	"5@\274\376\022\353\201\206?\377\373\033\032\236>f\234"
 883      12EB8186 
 883      3FFFFB1B 
 883      1A9E3E66 
 883      9C
 884 0093 ADCCC4C0 		.ascii	"\255\314\304\300\320\317\014r]\003\013c\303\001\006"
 884      D0CF0C72 
 884      5D030B63 
 884      C30106
 885 00a2 8609CC4C 		.ascii	"\206\011\314L\020N#\220\363\212\261\341\321\306c\214"
 885      104E2390 
 885      F38AB1E1 
ARM GAS  /tmp/cc42znBR.s 			page 24


 885      D1C6638C 
 886 00b2 607A0B1B 		.ascii	"`z\013\033\303'\306\246\005\246 \30711\262\200\214\353"
 886      C327C6A6 
 886      05A620C7 
 886      3131B280 
 886      8CEB
 887 00c4 67664468 		.ascii	"gfDhd`\220\321OI,I\324w\311O.\315M\315+)\326w\012\010"
 887      646090D1 
 887      4F492C49 
 887      D477C94F 
 887      2ECD4DCD 
 888 00de F2894FCB 		.ascii	"\362\211O\313\311L\317(a0-\311\310,J\211/H,*\251\324"
 888      C94CCF28 
 888      61302DC9 
 888      C82C4A89 
 888      2F482C2A 
 889 00f4 77CEC84C 		.ascii	"w\316\310L\312\364\017\326\317/\326\317H\314\321\317"
 889      CAF40FD6 
 889      CF2FD6CF 
 889      48CCD1CF 
 890 0104 C94CD22F 		.ascii	"\311L\322/.)JM\314-\326\317+\315\311\201\262\365\222"
 890      2E294A4D 
 890      CC2DD6CF 
 890      2BCDC981 
 890      B2F592
 891 0117 1998320B 		.ascii	"\031\2302\013\304QD\364\314\322\014-\014\215R\323\030"
 891      C45144F4 
 891      CCD20C2D 
 891      0C8D52D3 
 891      18
 892 0128 00E7726C 		.ascii	"\000\347rl#"
 892      23
 893              		.text
 894              		.section	.gnu.lto_unget.436.1cadbb65dbe1d48,"e",%progbits
 895 0000 789C558F 		.ascii	"x\234U\217;K\003Q\020\205g\356\275n\360\027\210`a\245"
 895      3B4B0351 
 895      108567EE 
 895      BD6EF017 
 895      886061A5 
 896 0014 D8E41A25 		.ascii	"\330\344\032%b)j)(\212\220.l^\356\302&Y\263\233\302"
 896      62296A29 
 896      288A902E 
 896      6C5EEEC2 
 896      2659B39B 
 897 0029 2A13C126 		.ascii	"*\023\301&M\036v\022\305b\013;\233\210\257fA\260\024"
 897      4D1E7612 
 897      C5620B3B 
 897      9B88AF66 
 897      41B014
 898 003c 4D2176A2 		.ascii	"M!v\242`c\231F\013A\357n\002jq\230\231\3037\207\231"
 898      60639946 
 898      0B41EF6E 
 898      026A7198 
 898      99C33787 
 899 0051 1E006C2B 		.ascii	"\036\000l+M(!\007l5k\014\210h!\302\260\332\254=\037"
 899      4D282107 
 899      6C356B0C 
ARM GAS  /tmp/cc42znBR.s 			page 25


 899      886821C2 
 899      B0DAAC3D 
 900 0066 74045E63 		.ascii	"t\004^ch T\030Vp\237\2679\266\270\247`1\350\020\307"
 900      68205418 
 900      56709FB7 
 900      39B6B8A7 
 900      6031E810 
 901 007b A714F2F9 		.ascii	"\247\024\362\371V?\274\211\264O|\341q\006G\0128C\354"
 901      563FBC89 
 901      B44F7CE1 
 901      7106470A 
 901      3843EC
 902 008e A04A0605 		.ascii	"\240J\006\005\362M\230\364\211\356\257.\210\206\301"
 902      F24D98F4 
 902      89EEAF2E 
 902      8886C1
 903 009d E31CCFF1 		.ascii	"\343\034\317\361\017\243\214\304^\020\310\355>w\327"
 903      0FA38CC4 
 903      5E10C8ED 
 903      3E77D7
 904 00ac 21E2CA16 		.ascii	"!\342\312\026x\031r\2638\035P\"\321\020\000\032\004"
 904      781972B3 
 904      381D5022 
 904      D110001A 
 904      04
 905 00bd F9C1CD4A 		.ascii	"\371\301\315J\247\335!\237\276\276\353D\037\243/O\032"
 905      A7DD219F 
 905      BEBEEB44 
 905      1FA32F4F 
 905      1A
 906 00ce 03A8F3E0 		.ascii	"\003\250\363\340\007\022H>@\203\263\376PU\303;\322\353"
 906      0712483E 
 906      4083B3FE 
 906      5055C33B 
 906      D2EB
 907 00e0 C32D86B5 		.ascii	"\303-\206\265\253\205\345Q\203\036\356\036\307\203O"
 907      AB85E551 
 907      831EEE1E 
 907      C7834F
 908 00ef 5878ADDA 		.ascii	"Xx\255\332\307\337}\2001\231\321]].\027\323\345|\266"
 908      C7DF7D80 
 908      3199D15D 
 908      5D2E17D3 
 908      E57CB6
 909 0102 E03A7271 		.ascii	"\340:rqm}%\231\263\314-\303\205\270k\230\245L\322\326"
 909      6D7D2599 
 909      B3CC2DC3 
 909      85B86B98 
 909      A54CD2D6 
 910 0116 4BEE8E5C 		.ascii	"K\356\216\\2\314\224\271\272!\213\2164tKZfJ:n)\253\347"
 910      32CC94B9 
 910      BA218B8E 
 910      34744B5A 
 910      664A3A6E 
 911 012d 1D59285B 		.ascii	"\035Y([\326\240\217\246\201\231\366\310?':\227\213\315"
 911      D6A08FA6 
 911      8199F6C8 
ARM GAS  /tmp/cc42znBR.s 			page 26


 911      3F273A97 
 911      8BCD
 912 013f C766B239 		.ascii	"\307f\2629\300\324\017}\241z\250"
 912      C0D40F7D 
 912      A17AA8
 913              		.text
 914              		.section	.gnu.lto_vmt.437.1cadbb65dbe1d48,"e",%progbits
 915 0000 789C9BC4 		.ascii	"x\234\233\304\300\300\020\302\000\001s\230\031[\030"
 915      C0C010C2 
 915      00017398 
 915      195B18
 916 000f 9B1A1AFE 		.ascii	"\233\032\032\376|j\277\376P\230q\0113\303<f\204\350"
 916      7C6ABFFE 
 916      50987109 
 916      33C33C66 
 916      84E8
 917 0021 8B334011 		.ascii	"\2133@\021\306y\314\214p\221\025\307 j\230\020j\354"
 917      C679CC8C 
 917      709115C7 
 917      206A9810 
 917      6AEC
 918 0033 963033CD 		.ascii	"\22603\315cfF\010\230-af\236\307\314\002\022\230\304"
 918      63664608 
 918      982D6166 
 918      9EC7CC02 
 918      1298C4
 919 0046 BC849985 		.ascii	"\274\204\231\205\221\301\262\251\243Ab\0113\353\\f\006"
 919      91C1B2A9 
 919      A3416209 
 919      33EB5C66 
 919      06
 920 0057 C69D8C73 		.ascii	"\306\235\214s\231\031\031w\000I&\306\355@\222\231q\033"
 920      99191977 
 920      004926C6 
 920      ED409299 
 920      711B
 921 0069 906461DC 		.ascii	"\220da\334\012$Y\031\26702\310\350\247$\226$\352\273"
 921      0A245919 
 921      B73032C8 
 921      E8A72496 
 921      24EABB
 922 007c E42797E6 		.ascii	"\344'\227\346\246\346\225\024\353;\005\004\371\304\247"
 922      A6E69514 
 922      EB3B0504 
 922      F9C4A7
 923 008b E564A667 		.ascii	"\345d\246g\2240\230\226dd\026\245\304\027$\026\225T"
 923      94309896 
 923      646416A5 
 923      C4172416 
 923      9554
 924 009d EA3B6764 		.ascii	"\352;gd&e\372\007\353\347\027\353g$\346\350\347d&\351"
 924      2665FA07 
 924      EBE717EB 
 924      6724E6E8 
 924      E76426E9 
 925 00b1 179714A5 		.ascii	"\027\227\024\245&\346\026\353\347\225\346\344@\331z"
 925      26E616EB 
ARM GAS  /tmp/cc42znBR.s 			page 27


 925      E795E6E4 
 925      40D97A
 926 00c0 C90C00C6 		.ascii	"\311\014\000\306\252H\351"
 926      AA48E9
 927              		.text
 928              		.section	.gnu.lto_nullObjectInit.438.1cadbb65dbe1d48,"e",%progbits
 929 0000 789C558F 		.ascii	"x\234U\217\317+DQ\024\307\317\367\2357\203\225\245\215"
 929      CF2B4451 
 929      14C7CFF7 
 929      9D378395 
 929      A58D
 930 0012 859A249B 		.ascii	"\205\232$\233\271(\262\024\312F\021YX\351\315\2301\257"
 930      B928B214 
 930      CA461159 
 930      58E9CD98 
 930      31AF
 931 0024 9E31CD7B 		.ascii	"\2361\315{\026Vsg\232,f3\006%\205\205^\232\235\225\337"
 931      16567367 
 931      9A2C6633 
 931      06258585 
 931      5E9A9D95 
 932 0039 61CA42CA 		.ascii	"a\312B\312B\376\002\211\215\205\205R\026\2123c$\267"
 932      42FE0289 
 932      8D858552 
 932      168A3363 
 932      24B7
 933 004b 4E7DBFDF 		.ascii	"N}\277\337\3169\367s\332A\224\"\242\220\024\230\260"
 933      CE39F773 
 933      DA419422 
 933      A2901498 
 933      B0
 934 005c 5A2A18A4 		.ascii	"Z*\030\244\265\036h0\220-\025\232p\202\232\003e\014"
 934      B51E6830 
 934      902D159A 
 934      70829A03 
 934      650C
 935 006e 64B0C69D 		.ascii	"d\260\306\235b?\236\2137W\320\345\012|&\332\221\252"
 935      623F9E8B 
 935      3757D0E5 
 935      0A7C26DA 
 935      91AA
 936 0080 BD2DC62A 		.ascii	"\275-\306*\373\014\230ue\240M\024OQGE\353\273\233c\255"
 936      FB0C9875 
 936      65A04D14 
 936      4F514745 
 936      EBBB9B63 
 937 0095 9BC867C6 		.ascii	"\233\310g\306\021d\006\207\300\201\374.\301\364\243"
 937      11640687 
 937      C081FC2E 
 937      C1F4A3
 938 00a4 AC08FE6E 		.ascii	"\254\010\376n\222\214\366\357\003\025\375\371U\324\372"
 938      928CF6EF 
 938      0315FDF9 
 938      55D4FA
 939 00b3 FD09B721 		.ascii	"\375\011\267!\323\000\216%/r\225M\233\320\025\242\025"
 939      D3008E25 
 939      2F72954D 
ARM GAS  /tmp/cc42znBR.s 			page 28


 939      9BD015A2 
 939      15
 940 00c4 367E4C56 		.ascii	"6~LV\314\013\364\343\3065\350\025\271\365\3023\352\000"
 940      CC0BF4E3 
 940      C635E815 
 940      B9F5C233 
 940      EA00
 941 00d6 8C2AD45E 		.ascii	"\214*\324^\365\204\262XsW\220NA]\342\033}\016\340\014"
 941      F584B258 
 941      7357904E 
 941      415DE21B 
 941      7D0EE00C 
 942 00ea DBFC071E 		.ascii	"\333\374\007\036\250u\347\021\024Yf\372\0315}\016\342"
 942      A875E711 
 942      145966FA 
 942      19357D0E 
 942      E2
 943 00fb 023807E5 		.ascii	"\0028\007\345\261,{\232\253\215\227\002\363\206\334"
 943      B12C7B9A 
 943      AB8D9702 
 943      F386DC
 944 010a C3E648ED 		.ascii	"\303\346H\355\362\"\343\217\213\250U\315Z\236\245\206"
 944      F222E38F 
 944      8BA855CD 
 944      5A9EA586 
 945 011a 17A28BF3 		.ascii	"\027\242\213\363\261\244\347\252\301\361\211\321\231"
 945      B1A4E7AA 
 945      C1F189D1 
 945      99
 946 0127 B863CF25 		.ascii	"\270c\317%<\352\365\022vzv&e\245\275%5\224\260#\366"
 946      3CEAF512 
 946      767A7626 
 946      65A5BD25 
 946      3594B023 
 947 013c D8A45A70 		.ascii	"\330\244ZpU\302r\224cG\224\353\245c\326\274\253\222"
 947      55C27294 
 947      634794EB 
 947      A563D6BC 
 947      AB92
 948 014e 8B8E53D7 		.ascii	"\213\216S\327\341(q\322M\265\374\213\302}\361\356\376"
 948      E12871D2 
 948      4DB5FC8B 
 948      C27DF1EE 
 948      FE
 949 015f EE9E589C 		.ascii	"\356\236X\234\276\0018\201\200\370"
 949      BE013881 
 949      80F8
 950              		.text
 951              		.section	.gnu.lto_.symbol_nodes.1cadbb65dbe1d48,"e",%progbits
 952 0000 789C75C9 		.ascii	"x\234u\311;\021\2000\020\004\320\275l\342\007\015\030"
 952      3B118030 
 952      1004D0BD 
 952      6CE2070D 
 952      18
 953 0011 DBC40112 		.ascii	"\333\304\001\022\220\000\3413\014\005\022\320D\206\241"
 953      9000E133 
 953      0C0512D0 
ARM GAS  /tmp/cc42znBR.s 			page 29


 953      4486A1
 954 0020 A1B8D7BE 		.ascii	"\241\270\327\276\013M\230(\344&\332p\003\002\216\261"
 954      0B4D9828 
 954      E426DA70 
 954      03028EB1 
 955 0030 940E8677 		.ascii	"\224\016\206wg\312\374\255T\360w\241\350\357JE\177w"
 955      67CAFCAD 
 955      54F077A1 
 955      E8EF4A45 
 955      7F77
 956 0042 2AFDF6CC 		.ascii	"*\375\366\314\305\276L\033\221{\200x\000\347e/X"
 956      C5BE4C1B 
 956      917B8078 
 956      00E7652F 
 956      58
 957              		.text
 958              		.section	.gnu.lto_.refs.1cadbb65dbe1d48,"e",%progbits
 959 0000 789C1366 		.ascii	"x\234\023f```debcb`\005b&F&&&f&\026\006\000\003\320"
 959      60606064 
 959      65626362 
 959      60056226 
 959      46262626 
 960 001b 0043     		.ascii	"\000C"
 961              		.text
 962              		.section	.gnu.lto_.decls.1cadbb65dbe1d48,"e",%progbits
 963 0000 789C9D56 		.ascii	"x\234\235V}l\024E\024\2377\263\367\321\245p\015\224"
 963      7D6C1445 
 963      149F37B3 
 963      F7D1A570 
 963      0D94
 964 0012 4022210D 		.ascii	"@\"!\015\301\330\304\300\331\242\300_\346\"\006cP \242"
 964      C1D8C4C0 
 964      D9A2C05F 
 964      E6220663 
 964      5020A2
 965 0025 46FCA796 		.ascii	"F\374\247\226\356\265=\355\227\275-\"\177m\241X#P*\002"
 965      EEB53DED 
 965      97BD2D22 
 965      7F6DA158 
 965      23502A02 
 966 0039 21165222 		.ascii	"!\026R\"$ \362\245\264@K\201\353\025\341\240 \202\264"
 966      2420F2A5 
 966      B4404B81 
 966      EB15E1A0 
 966      2082B4
 967 004c 05DB8AA5 		.ascii	"\005\333\212\245\024\016\312\367G)\025\3017\263{\273"
 967      140ECAF7 
 967      472915C1 
 967      37B37BBB 
 968 005c 77702486 		.ascii	"wp$\206m\336\354\334\314\357\367\336of\337\274iu\002"
 968      6DDEECDC 
 968      CCEFF7DE 
 968      6F66DFBC 
 968      697502
 969 006f 21738190 		.ascii	"!s\201\220\221\224\220\307\3708\011!'\321\354h9h\015"
 969      919490C7 
 969      F8380921 
ARM GAS  /tmp/cc42znBR.s 			page 30


 969      27D1EC68 
 969      39680D
 970 0082 6801B420 		.ascii	"h\001\264 Z#\3321\242?|\276\025\255\003\255\007\355"
 970      5A23DA31 
 970      A23F7CBE 
 970      15AD03AD 
 970      07ED
 971 0094 325A2FDA 		.ascii	"2Z/\332m4\340\363@b\236\255\370\333\206\357\241h\311"
 971      6D34E0F3 
 971      40629EAD 
 971      F8DB86EF 
 971      A168C9
 972 00a7 86CF887F 		.ascii	"\206\317\210\177bpZ\311\323O\3353x\301(^G\034^\363\023"
 972      62705AC9 
 972      D34FDD33 
 972      78C1285E 
 972      471C5EF3 
 973 00bc BC6E83D7 		.ascii	"\274n\203\327\030\305\353\211\303\373\003'\2448\274"
 973      18C5EB89 
 973      C3FB0327 
 973      A438BC
 974 00cb 08E7721C 		.ascii	"\010\347r\034N\333\377\210\325\033\2077\230\352\373"
 974      4EDBFF88 
 974      D51B8737 
 974      98EAFB
 975 00da D88FD687 		.ascii	"\330\217\326\2076\200\366\020m6\232\015\364\271\307"
 975      3680F610 
 975      6D369A0D 
 975      F4B9C7
 976 00e9 6814FB0C 		.ascii	"h\024\373\014\015\320\036\341o\311\210\327k\350\351"
 976      0DD01EE1 
 976      6FC988D7 
 976      6BE8E9
 977 00f8 31F620DE 		.ascii	"1\366 \336\376\365 \326\201\357\334(}\374\0336\2439"
 977      FEF520D6 
 977      81EFDC28 
 977      7DFC1B36 
 977      A339
 978 010a 408FC3F5 		.ascii	"@\217\303\365\0351t>\353\373-g0\024$l\223!\005\333Q"
 978      1D31743E 
 978      EBFB2D67 
 978      3014246C 
 978      932105DB 
 979 011f F018C48B 		.ascii	"\360\030\304\2130J\334\232x\316\277@`\217N\363\014b"
 979      304ADC9A 
 979      78CEBF40 
 979      608F4EF3 
 979      0C62
 980 0131 1F912A46 		.ascii	"\037\221*F\273+\266w\273\344\200\246\205\003\301RF`"
 980      BB2BB677 
 980      BBE480A6 
 980      8503C152 
 980      4660
 981 0143 02BC42A0 		.ascii	"\002\274B\240\036\220W\007\260\033`\027 \350\\\305\301"
 981      1E905707 
 981      B01B6017 
 981      20E85CC5 
ARM GAS  /tmp/cc42znBR.s 			page 31


 981      C1
 982 0154 CD722282 		.ascii	"\315r\"\202nj\353\202\022\354\005\250\005\250\341\272"
 982      6E6AEB82 
 982      12EC05A8 
 982      05A8E1BA 
 983 0164 1A40049E 		.ascii	"\032@\004\236\015<3]\242G\330'\334\361\362;\367CvYp"
 983      0D3C335D 
 983      A247D827 
 983      DCF1F23B 
 983      F7437659 
 984 0179 026509C4 		.ascii	"\002e\011\304`\300\001@\010\272\336\017\260\217\273"
 984      60C00140 
 984      08BADE0F 
 984      B08FBB
 985 0188 3E766869 		.ascii	">vhi\010D|\355\331\361\357\036\334\260a\220\025\277"
 985      08447CED 
 985      D9F1EF1E 
 985      DCB06190 
 985      15BF
 986 019a D18A1FE4 		.ascii	"\321\212\037\344\033\237C\330g<dh\331\202^\030\246/"
 986      1B9F43D8 
 986      673C6468 
 986      D9825E18 
 986      A62F
 987 01ac 35209609 		.ascii	"5 \226\011\007\001~\005\340)\312\001\033{\232w%\012"
 987      07017E05 
 987      E029CA01 
 987      1B7B9A77 
 987      250A
 988 01be 40203EA0 		.ascii	"@ >\240\271z\313~\227\025\350\220\025\3500p\200\324"
 988      B97ACB7E 
 988      9715E890 
 988      15E83070 
 988      80D4
 989 01d0 B7F0607D 		.ascii	"\267\360`}\302\260\261\032Gh\001\211\230\363!\356\004"
 989      C2B0B11A 
 989      47680189 
 989      98F321EE 
 989      04
 990 01e1 8E703F48 		.ascii	"\216p?H\357\277S\336\266`\314\255\362r\255\262\224!"
 990      EFBF53DE 
 990      B660CCAD 
 990      F272ADB2 
 990      9421
 991 01f3 179A8023 		.ascii	"\027\232\200#\"`7Z\032a\307\200\307\254\\\277\372G\241"
 991      2260375A 
 991      1A61C780 
 991      C7AC5CBF 
 991      FA47A1
 992 0206 3AC6231C 		.ascii	":\306#\034\205h\237\210\253m_\334\221`ik\266\334\035"
 992      85689F88 
 992      AB6D5FDC 
 992      9160696B 
 992      B6DC1D
 993 0219 13DAE84F 		.ascii	"\023\332\350O\335{;\0231\233(O@\005\000\316L\304F&\037"
 993      DD7B3B13 
 993      319B284F 
ARM GAS  /tmp/cc42znBR.s 			page 32


 993      400500CE 
 993      4CC44626 
 994 022e 3392AC51 		.ascii	"3\222\254Q\215\332\025Fe&3E\016\301\350\324\273\314"
 994      8DDA1546 
 994      65263345 
 994      0EC1E8D4 
 994      BBCC
 995 0240 E3A4A92E 		.ascii	"\343\244\251.\331\271\251\011\222d\233\223\322\260C"
 995      D9B9A909 
 995      92649B93 
 995      D2B043
 996 024f 91530760 		.ascii	"\221S\007`\013]gO\361h\222\262dx\330\241\321\312\351"
 996      0B5D674F 
 996      F16892B2 
 996      6478D8A1 
 996      D1CAE9
 997 0262 C9133CD8 		.ascii	"\311\023<\330\206\035!P\2205Sr&a/\354\220\357\262uK"
 997      861D2150 
 997      90355372 
 997      26612FEC 
 997      90EFB275 
 998 0277 EDCA71FA 		.ascii	"\355\312q\372\365K\250TV\322\223q\015\036\247s\264+"
 998      F54BA854 
 998      56D29371 
 998      0D1EA773 
 998      B42B
 999 0289 C8826C2A 		.ascii	"\310\202l*!N\347\216m\303\345\260\303\205.R\225\224"
 999      214EE78E 
 999      6DC3E5B0 
 999      C3852E52 
 999      9594
 1000 029b 2425C515 		.ascii	"$%\305\025\002\233\242\310\311\251\004E(\351\351\036"
 1000      029BA2C8 
 1000      C9A90445 
 1000      28E9E91E 
 1001 02ab 2AA367C9 		.ascii	"*\243g\311\031\202t\006\211\351ZW\357\010\331&'\214"
 1001      19827406 
 1001      89E95A57 
 1001      EF08D926 
 1001      278C
 1002 02bd 4E492544 		.ascii	"NI%D!S)\372e\217#\01780\246b\375\004H\225i:e\323\302"
 1002      215329FA 
 1002      658F230F 
 1002      3830A662 
 1002      FD044895 
 1003 02d6 787A284D 		.ascii	"xz(M!D\223\234\211\211\240\341+!c\23223]&a\007\305\251"
 1003      2144939C 
 1003      8989A0E1 
 1003      2B21639A 
 1003      32335D26 
 1004 02ee 6409340A 		.ascii	"d\0114\012\026S\266\343A\335\216gK\377\343\015\030\015"
 1004      1653B6E3 
 1004      41DD8E67 
 1004      4BFFE30D 
 1004      180D
 1005 0300 1887383A 		.ascii	"\030\2078:\214\030\347\271B\0154\207\350\243\346\313"
 1005      8C18E7B9 
ARM GAS  /tmp/cc42znBR.s 			page 33


 1005      420D3487 
 1005      E8A3E6CB 
 1006 0310 E8730035 		.ascii	"\350s\0005\374\320Hm\3219F\020\336F97!`@\"~t\216\001"
 1006      FCD0486D 
 1006      D1394610 
 1006      DE463937 
 1006      21604022 
 1007 0328 30B94697 		.ascii	"0\271F\227\307\020`\032\315\021\274\030\341\226Kb\272"
 1007      C710601A 
 1007      CD11BC18 
 1007      E1964B62 
 1007      BA
 1008 0339 8D4822FA 		.ascii	"\215H\"\372\017\314\233\352\375m\363/\342\266iW\327"
 1008      0FCC9BEA 
 1008      FD6DF32F 
 1008      E2B66957 
 1008      D7
 1009 034a B63B20A9 		.ascii	"\266; \251\322C\200\365\211\324\254:P\267Q\342\265\026"
 1009      D24380F5 
 1009      89D4AC3A 
 1009      50B751E2 
 1009      B516
 1010 035c 02008538 		.ascii	"\002\000\2058p~E_\243S\0144\000\374\316\217fMx\361/"
 1010      707E455F 
 1010      A3530C34 
 1010      00FCCE8F 
 1010      664D78F1 
 1011 0371 4C8CE4C0 		.ascii	"L\214\344\300I\0205\210\212\032\224\204\223\337u5\235"
 1011      49103588 
 1011      8A1A9484 
 1011      93DF7535 
 1011      9D
 1012 0382 904670CF 		.ascii	"\220Fp\317\232\226\314}\234\006\340\345\033ZP\320)\354"
 1012      9A96CC7D 
 1012      9C06E0E5 
 1012      1B5A50D0 
 1012      29EC
 1013 0394 8C59B15A 		.ascii	"\214Y\261Z\353\037X\326\371\372\032-\260\000q\022\316"
 1013      EB1F58D6 
 1013      F9FA1A2D 
 1013      B0007112 
 1013      CE
 1014 03a5 C009E33C 		.ascii	"\300\011\343<\022\354\021\370\015\3408x*ll'\215+\251"
 1014      12EC11F8 
 1014      0DE03878 
 1014      2A6C6C27 
 1014      8D2BA9
 1015 03b8 F3EAE555 		.ascii	"\363\352\345UT\014\0041\343\271\244\233\335\225mvC\322"
 1015      540C0431 
 1015      E3B9A49B 
 1015      DD956D76 
 1015      43D2
 1016 03ca 593EB0B7 		.ascii	"Y>\260\267e\375\251\2702\332\321\377\237\206\214\035"
 1016      65FDA9B8 
 1016      32DAD1FF 
 1016      9F868C1D 
 1017 03da D7F6689A 		.ascii	"\327\366h\232Mhh\007h35\264\231\032:%V\247k\270]\275"
ARM GAS  /tmp/cc42znBR.s 			page 34


 1017      4D686807 
 1017      683335B4 
 1017      991A3A25 
 1017      56A76BB8 
 1018 03f0 23510468 		.ascii	"#Q\004h\3245,[\371m\215\315\210\370\027\337\004\273"
 1018      D4352C5B 
 1018      F96D8DCD 
 1018      88F817DF 
 1018      04BB
 1019 0402 C83687E8 		.ascii	"\3106\207\350\361r3\217\355\023\314\033\255-A\273\254"
 1019      F172338F 
 1019      ED13CC1B 
 1019      AD2D41BB 
 1019      AC
 1020 0413 3D5914CF 		.ascii	"=Y\024\317\003\342\360\250w\001\374\315\005\207\216"
 1020      03E2F0A8 
 1020      7701FCCD 
 1020      05878E
 1021 0422 9C6A0153 		.ascii	"\234j\001Sp\267%\370\002\202\317\031\202o>j(\332\304"
 1021      70B725F8 
 1021      0282CF19 
 1021      826F3E6A 
 1021      28DAC4
 1022 0435 8F1C8E42 		.ascii	"\217\034\216B\247\251\267\323\324\273[bM\"\352\345\376"
 1022      A7A9B7D3 
 1022      D4BB5B62 
 1022      4D22EAE5 
 1022      FE
 1023 0446 B25E9721 		.ascii	"\262^\227!\217\313\255={\372\001\213\347>\214\334K\221"
 1023      8FCBAD3D 
 1023      7BFA018B 
 1023      E73E8CDC 
 1023      4B91
 1024 0458 FDA85858 		.ascii	"\375\250XX\256%\351\037%\014p\321\014p\321\014P%\261"
 1024      AE25E91F 
 1024      250C70D1 
 1024      0C70D10C 
 1024      5025B1
 1025 046b C35407AF 		.ascii	"\303T\007\257\265\300\250\346\212\011\276b\202\3571"
 1025      B5C0A8E6 
 1025      8A09BE62 
 1025      82EF31
 1026 047a 765CA869 		.ascii	"v\\\250i_\364sEl\225&p\315*\301\337\267\035^o\217-\342"
 1026      5FF47345 
 1026      6C952670 
 1026      CD2AC1DF 
 1026      B71D5E6F 
 1027 0491 580AA300 		.ascii	"X\012\243\000\327\227\324\267:\255:x\335\252\2037\364"
 1027      D797D4B7 
 1027      3AAD3A78 
 1027      DDAA8337 
 1027      F4
 1028 04a2 3AB8E6F8 		.ascii	":\270\346\370\375\225\372ro\350\237g[\375\346.\233\271"
 1028      FD95FA72 
 1028      6FE89F67 
 1028      5BFDE62E 
 1028      9BB9
ARM GAS  /tmp/cc42znBR.s 			page 35


 1029 04b4 DE5C73B9 		.ascii	"\336\\s\271\267P\334M\235S\272'\270\3306f5\356\352\221"
 1029      B750DC4D 
 1029      9D53BA27 
 1029      B8D83666 
 1029      35EEEA91 
 1030 04c8 A6CFF55D 		.ascii	"\246\317\365]\275\005p\325\\\307Us\035\255L$\371H\221"
 1030      BD0570D5 
 1030      5CC75573 
 1030      1DAD4C24 
 1030      F94891
 1031 04db E4013DE3 		.ascii	"\344\001=\343y\256o\251\332y\212Z\262\302\226\254>0"
 1031      79AE6FA9 
 1031      DA798A5A 
 1031      B2C296AC 
 1031      3E30
 1032 04ed 2E6727C2 		.ascii	".g'\302~8\361`\025\263`\027,X?\277\312:\304\026\355"
 1032      7E38F160 
 1032      15B36017 
 1032      2C583FBF 
 1032      CA3AC416 
 1033 0502 EC595213 		.ascii	"\354YR\023u\337\265[\240\001\016\352\022\240\352Pc\305"
 1033      75DFB55B 
 1033      A0010EEA 
 1033      12A0EA50 
 1033      63C5
 1034 0514 100BD462 		.ascii	"\020\013\324b\201\036r\320%\016\032\262pU]\227c\354"
 1034      811E72D0 
 1034      250E1AB2 
 1034      70555D97 
 1034      63EC
 1035 0526 D86163F1 		.ascii	"\330ac\361\341\367R\3077\327\277rh!<\003}\342\233b]"
 1035      E1F752C7 
 1035      37D7BF72 
 1035      68213C03 
 1035      7DE29B62 
 1036 053b 8CB0EE81 		.ascii	"\214\260\356\201\270\225\020U\211\247Q\262\363\203\362"
 1036      B8951055 
 1036      89A751B2 
 1036      F383F2
 1037 054a 6F0C42BF 		.ascii	"o\014B\277\266ps\312\364\233\352.\300\035\020W(\202"
 1037      B67073CA 
 1037      F49BEA2E 
 1037      C01D1057 
 1037      2882
 1038 055c 307DB1E6 		.ascii	"0}\261\346,\240\260\220B)\205G\000eT\277\014\015w\375"
 1038      2CA0B090 
 1038      42298547 
 1038      006554BF 
 1038      0C0D77FD 
 1039 0570 224BA3DC 		.ascii	"\"K\243\334\335\347M-DA\036\002\374\363T\304\030\304"
 1039      DDE74D2D 
 1039      44411E02 
 1039      FCF354C4 
 1039      18C4
 1040 0582 00C083A7 		.ascii	"\000\300\203\247\235\244\305\206\271\362\364\272jE="
 1040      9DA4C586 
 1040      B9F2F4BA 
ARM GAS  /tmp/cc42znBR.s 			page 36


 1040      6A453D
 1041 0591 7B545573 		.ascii	"{TUsF\244^Y\340\177/\340\305\025\225\274Dm\353\036Z"
 1041      46A45E59 
 1041      E07F2FE0 
 1041      C51595BC 
 1041      446DEB1E 
 1042 05a6 8A1C5844 		.ascii	"\212\034XD\371]\216X\235K\370\257\002\317Q\206\336\257"
 1042      F95D8E58 
 1042      9D4BF8AF 
 1042      02CF5186 
 1042      DEAF
 1043 05b8 6C2DDF17 		.ascii	"l-\337\027\365\317\303\"KB9w\364\252\232\353+V2\212"
 1043      F5CFC322 
 1043      4B423977 
 1043      F4AA9AEB 
 1043      2B56328A 
 1044 05cc 328BD52F 		.ascii	"2\213\325/\335Sr}s|3f\271\013\375\356\334\314<w\236"
 1044      DD53727D 
 1044      737C3366 
 1044      B90BFDEE 
 1044      DCCC3C77 
 1045 05e1 6F8EDBAF 		.ascii	"o\216\333\257\026{3\363\375\356\202\222\274<\243?>\313"
 1045      167B33F3 
 1045      FDEE8292 
 1045      BC3CA33F 
 1045      3ECB
 1046 05f3 F9D6F40F 		.ascii	"\371\326\364\017R\246\244M\"#b\206\307O\314N\233\234"
 1046      52A6A44D 
 1046      22236286 
 1046      C74FCC4E 
 1046      9B9C
 1047 0605 96EECD26 		.ascii	"\226\356\315&\216\022_\201:9C\265\373}\363\275\031*"
 1047      8E125F81 
 1047      3A3943B5 
 1047      FB7DF3BD 
 1047      192A
 1048 0617 9B9BAF0E 		.ascii	"\233\233\257\016\236\216\320Y\002\372\341\273\357\217"
 1048      9E8ED059 
 1048      02FAE1BB 
 1048      EF8F
 1049 0625 722B996A 		.ascii	"r+\231j\246\373\315\302\254\222|o\201\352w\2771\363"
 1049      A6FBCDC2 
 1049      AC927C6F 
 1049      81EA77BF 
 1049      31F3
 1050 0637 BD7732B2 		.ascii	"\275w2\262\363|9\271*y\35594\345\022\331\012\300\322"
 1050      F37C39B9 
 1050      2A79ED39 
 1050      34E512D9 
 1050      0AC0D2
 1051 064a 26125766 		.ascii	"&\022Wfq\376\334I\336q\371/g\027\215W\212\210\234UX"
 1051      71FEDC49 
 1051      DE71F92F 
 1051      67178D57 
 1051      8A889C55 
 1052 065f AC7AE78D 		.ascii	"\254z\347\215\313\237D\354_\024\373T\257\377y\302d\021"
 1052      CB9F44EC 
ARM GAS  /tmp/cc42znBR.s 			page 37


 1052      5F14FB54 
 1052      AFFF79C2 
 1052      6411
 1053 0671 1B76143F 		.ascii	"\033v\024?+*Qm\371\376\034\\[\216W\265\225\024`;\204"
 1053      2B2A516D 
 1053      F9FE1C5C 
 1053      5B8E57B5 
 1053      9514603B 
 1054 0686 0367CCF9 		.ascii	"\003g\314\371\324\233\245\276]\340S%\016\264\211P._"
 1054      D49BA5BE 
 1054      5DE05325 
 1054      0EB48950 
 1054      2E5F
 1055 0698 815FCD2C 		.ascii	"\201_\315,\310\362f\024fg\373\275\352\177\254pla"
 1055      C8F26614 
 1055      6667FBBD 
 1055      EA7FAC70 
 1055      6C61
 1056              		.text
 1057              		.section	.gnu.lto_.symtab.1cadbb65dbe1d48,"e",%progbits
 1058 0000 6E756C6C 		.ascii	"nullObjectInit\000"
 1058      4F626A65 
 1058      6374496E 
 1058      697400
 1059 000f 00       		.ascii	"\000"
 1060 0010 00       		.ascii	"\000"
 1061 0011 00       		.ascii	"\000"
 1062 0012 00000000 		.ascii	"\000\000\000\000\000\000\000\000"
 1062      00000000 
 1063 001a F2000000 		.ascii	"\362\000\000\000"
 1064              		.text
 1065              		.section	.gnu.lto_.ext_symtab.1cadbb65dbe1d48,"e",%progbits
 1066 0000 01       		.ascii	"\001"
 1067 0001 01       		.ascii	"\001"
 1068 0002 00       		.ascii	"\000"
 1069              		.text
 1070              		.section	.gnu.lto_.opts,"e",%progbits
 1071 0000 272D666E 		.ascii	"'-fno-openmp' '-fno-openacc' '-fno-pie' '-fcf-prote"
 1071      6F2D6F70 
 1071      656E6D70 
 1071      2720272D 
 1071      666E6F2D 
 1072 0033 6374696F 		.ascii	"ction=none' '-g' '-mcpu=cortex-m7' '-mthumb' '-mflo"
 1072      6E3D6E6F 
 1072      6E652720 
 1072      272D6727 
 1072      20272D6D 
 1073 0066 61742D61 		.ascii	"at-abi=hard' '-mfpu=fpv5-d16' '-march=armv7e-m+fp.d"
 1073      62693D68 
 1073      61726427 
 1073      20272D6D 
 1073      6670753D 
 1074 0099 70272027 		.ascii	"p' '-O2' '-fomit-frame-pointer' '-falign-functions="
 1074      2D4F3227 
 1074      20272D66 
 1074      6F6D6974 
 1074      2D667261 
ARM GAS  /tmp/cc42znBR.s 			page 38


 1075 00cc 31362720 		.ascii	"16' '-ffunction-sections' '-fdata-sections' '-fno-c"
 1075      272D6666 
 1075      756E6374 
 1075      696F6E2D 
 1075      73656374 
 1076 00ff 6F6D6D6F 		.ascii	"ommon' '-flto' '-Xassembler' '-alms=build/lst/nulls"
 1076      6E272027 
 1076      2D666C74 
 1076      6F272027 
 1076      2D586173 
 1077 0132 74726561 		.ascii	"treams.lst'\000"
 1077      6D732E6C 
 1077      73742700 
 1078              		.text
 1079              		.comm	__gnu_lto_slim,1,1
 1080              		.ident	"GCC: (GNU Arm Embedded Toolchain 10-2020-q4-major) 10.2.1 20201103 (release)"
ARM GAS  /tmp/cc42znBR.s 			page 39


DEFINED SYMBOLS
                            *ABS*:0000000000000000 nullstreams.c
     /tmp/cc42znBR.s:23     .gnu.debuglto_.debug_info:0000000000000000 nullstreams.c.6f1812ef
                            *COM*:0000000000000001 __gnu_lto_slim

NO UNDEFINED SYMBOLS
