ARM GAS  /tmp/cciizlKE.s 			page 1


   1              		.cpu cortex-m7
   2              		.eabi_attribute 28, 1
   3              		.eabi_attribute 20, 1
   4              		.eabi_attribute 21, 1
   5              		.eabi_attribute 23, 3
   6              		.eabi_attribute 24, 1
   7              		.eabi_attribute 25, 1
   8              		.eabi_attribute 26, 1
   9              		.eabi_attribute 30, 2
  10              		.eabi_attribute 34, 1
  11              		.eabi_attribute 18, 4
  12              		.file	"osal.c"
  13              		.section	.gnu.debuglto_.debug_info,"e",%progbits
  14              	.Ldebug_info0:
  15              		.hidden	osal.c.6cfe93af
  16              		.weak	osal.c.6cfe93af
  17              	osal.c.6cfe93af:
  18 0000 75000000 		.4byte	0x75
  19 0004 0400     		.2byte	0x4
  20 0006 00000000 		.4byte	.Ldebug_abbrev0
  21 000a 04       		.byte	0x4
  22 000b 01       		.uleb128 0x1
  23 000c 72000000 		.4byte	.LASF12
  24 0010 0C       		.byte	0xc
  25 0011 1B000000 		.4byte	.LASF13
  26 0015 5A010000 		.4byte	.LASF14
  27 0019 00000000 		.4byte	.Ldebug_line0
  28 001d 02       		.uleb128 0x2
  29 001e 04       		.byte	0x4
  30 001f 05       		.byte	0x5
  31 0020 696E7400 		.ascii	"int\000"
  32 0024 03       		.uleb128 0x3
  33 0025 04       		.byte	0x4
  34 0026 07       		.byte	0x7
  35 0027 0E000000 		.4byte	.LASF0
  36 002b 03       		.uleb128 0x3
  37 002c 08       		.byte	0x8
  38 002d 05       		.byte	0x5
  39 002e 00000000 		.4byte	.LASF1
  40 0032 03       		.uleb128 0x3
  41 0033 08       		.byte	0x8
  42 0034 04       		.byte	0x4
  43 0035 A4010000 		.4byte	.LASF2
  44 0039 03       		.uleb128 0x3
  45 003a 01       		.byte	0x1
  46 003b 06       		.byte	0x6
  47 003c 98010000 		.4byte	.LASF3
  48 0040 03       		.uleb128 0x3
  49 0041 01       		.byte	0x1
  50 0042 08       		.byte	0x8
  51 0043 4C010000 		.4byte	.LASF4
  52 0047 03       		.uleb128 0x3
  53 0048 02       		.byte	0x2
  54 0049 05       		.byte	0x5
  55 004a B0010000 		.4byte	.LASF5
  56 004e 03       		.uleb128 0x3
  57 004f 02       		.byte	0x2
ARM GAS  /tmp/cciizlKE.s 			page 2


  58 0050 07       		.byte	0x7
  59 0051 85010000 		.4byte	.LASF6
  60 0055 03       		.uleb128 0x3
  61 0056 04       		.byte	0x4
  62 0057 05       		.byte	0x5
  63 0058 76010000 		.4byte	.LASF7
  64 005c 03       		.uleb128 0x3
  65 005d 04       		.byte	0x4
  66 005e 07       		.byte	0x7
  67 005f 49000000 		.4byte	.LASF8
  68 0063 03       		.uleb128 0x3
  69 0064 08       		.byte	0x8
  70 0065 07       		.byte	0x7
  71 0066 5B000000 		.4byte	.LASF9
  72 006a 03       		.uleb128 0x3
  73 006b 01       		.byte	0x1
  74 006c 08       		.byte	0x8
  75 006d BA010000 		.4byte	.LASF10
  76 0071 03       		.uleb128 0x3
  77 0072 01       		.byte	0x1
  78 0073 02       		.byte	0x2
  79 0074 7F010000 		.4byte	.LASF11
  80 0078 00       		.byte	0
  81              		.section	.gnu.debuglto_.debug_abbrev,"e",%progbits
  82              	.Ldebug_abbrev0:
  83 0000 01       		.uleb128 0x1
  84 0001 11       		.uleb128 0x11
  85 0002 01       		.byte	0x1
  86 0003 25       		.uleb128 0x25
  87 0004 0E       		.uleb128 0xe
  88 0005 13       		.uleb128 0x13
  89 0006 0B       		.uleb128 0xb
  90 0007 03       		.uleb128 0x3
  91 0008 0E       		.uleb128 0xe
  92 0009 1B       		.uleb128 0x1b
  93 000a 0E       		.uleb128 0xe
  94 000b 10       		.uleb128 0x10
  95 000c 17       		.uleb128 0x17
  96 000d 00       		.byte	0
  97 000e 00       		.byte	0
  98 000f 02       		.uleb128 0x2
  99 0010 24       		.uleb128 0x24
 100 0011 00       		.byte	0
 101 0012 0B       		.uleb128 0xb
 102 0013 0B       		.uleb128 0xb
 103 0014 3E       		.uleb128 0x3e
 104 0015 0B       		.uleb128 0xb
 105 0016 03       		.uleb128 0x3
 106 0017 08       		.uleb128 0x8
 107 0018 00       		.byte	0
 108 0019 00       		.byte	0
 109 001a 03       		.uleb128 0x3
 110 001b 24       		.uleb128 0x24
 111 001c 00       		.byte	0
 112 001d 0B       		.uleb128 0xb
 113 001e 0B       		.uleb128 0xb
 114 001f 3E       		.uleb128 0x3e
ARM GAS  /tmp/cciizlKE.s 			page 3


 115 0020 0B       		.uleb128 0xb
 116 0021 03       		.uleb128 0x3
 117 0022 0E       		.uleb128 0xe
 118 0023 00       		.byte	0
 119 0024 00       		.byte	0
 120 0025 00       		.byte	0
 121              		.section	.gnu.debuglto_.debug_line,"e",%progbits
 122              	.Ldebug_line0:
 123 0000 1A000000 		.4byte	.LELT0-.LSLT0
 124              	.LSLT0:
 125 0004 0400     		.2byte	0x4
 126 0006 14000000 		.4byte	.LELTP0-.LASLTP0
 127              	.LASLTP0:
 128 000a 01       		.byte	0x1
 129 000b 01       		.byte	0x1
 130 000c 01       		.byte	0x1
 131 000d F6       		.byte	0xf6
 132 000e F2       		.byte	0xf2
 133 000f 0D       		.byte	0xd
 134 0010 00       		.byte	0
 135 0011 01       		.byte	0x1
 136 0012 01       		.byte	0x1
 137 0013 01       		.byte	0x1
 138 0014 01       		.byte	0x1
 139 0015 00       		.byte	0
 140 0016 00       		.byte	0
 141 0017 00       		.byte	0
 142 0018 01       		.byte	0x1
 143 0019 00       		.byte	0
 144 001a 00       		.byte	0
 145 001b 01       		.byte	0x1
 146 001c 00       		.byte	0
 147 001d 00       		.byte	0
 148              	.LELTP0:
 149              	.LELT0:
 150              		.section	.gnu.debuglto_.debug_str,"eMS",%progbits,1
 151              	.LASF1:
 152 0000 6C6F6E67 		.ascii	"long long int\000"
 152      206C6F6E 
 152      6720696E 
 152      7400
 153              	.LASF0:
 154 000e 756E7369 		.ascii	"unsigned int\000"
 154      676E6564 
 154      20696E74 
 154      00
 155              	.LASF13:
 156 001b 74686972 		.ascii	"third_party/ChibiOS/os/hal/osal/rt-nil/osal.c\000"
 156      645F7061 
 156      7274792F 
 156      43686962 
 156      694F532F 
 157              	.LASF8:
 158 0049 6C6F6E67 		.ascii	"long unsigned int\000"
 158      20756E73 
 158      69676E65 
 158      6420696E 
ARM GAS  /tmp/cciizlKE.s 			page 4


 158      7400
 159              	.LASF9:
 160 005b 6C6F6E67 		.ascii	"long long unsigned int\000"
 160      206C6F6E 
 160      6720756E 
 160      7369676E 
 160      65642069 
 161              	.LASF12:
 162 0072 474E5520 		.ascii	"GNU C17 10.2.1 20201103 (release) -mcpu=cortex-m7 -"
 162      43313720 
 162      31302E32 
 162      2E312032 
 162      30323031 
 163 00a5 6D746875 		.ascii	"mthumb -mfloat-abi=hard -mfpu=fpv5-d16 -march=armv7"
 163      6D62202D 
 163      6D666C6F 
 163      61742D61 
 163      62693D68 
 164 00d8 652D6D2B 		.ascii	"e-m+fp.dp -ggdb -O2 -fomit-frame-pointer -falign-fu"
 164      66702E64 
 164      70202D67 
 164      67646220 
 164      2D4F3220 
 165 010b 6E637469 		.ascii	"nctions=16 -ffunction-sections -fdata-sections -fno"
 165      6F6E733D 
 165      3136202D 
 165      6666756E 
 165      6374696F 
 166 013e 2D636F6D 		.ascii	"-common -flto\000"
 166      6D6F6E20 
 166      2D666C74 
 166      6F00
 167              	.LASF4:
 168 014c 756E7369 		.ascii	"unsigned char\000"
 168      676E6564 
 168      20636861 
 168      7200
 169              	.LASF14:
 170 015a 2F646174 		.ascii	"/data/Documents/BPRL_flight\000"
 170      612F446F 
 170      63756D65 
 170      6E74732F 
 170      4250524C 
 171              	.LASF7:
 172 0176 6C6F6E67 		.ascii	"long int\000"
 172      20696E74 
 172      00
 173              	.LASF11:
 174 017f 5F426F6F 		.ascii	"_Bool\000"
 174      6C00
 175              	.LASF6:
 176 0185 73686F72 		.ascii	"short unsigned int\000"
 176      7420756E 
 176      7369676E 
 176      65642069 
 176      6E7400
 177              	.LASF3:
ARM GAS  /tmp/cciizlKE.s 			page 5


 178 0198 7369676E 		.ascii	"signed char\000"
 178      65642063 
 178      68617200 
 179              	.LASF2:
 180 01a4 6C6F6E67 		.ascii	"long double\000"
 180      20646F75 
 180      626C6500 
 181              	.LASF5:
 182 01b0 73686F72 		.ascii	"short int\000"
 182      7420696E 
 182      7400
 183              	.LASF10:
 184 01ba 63686172 		.ascii	"char\000"
 184      00
 185              		.text
 186              		.section	.gnu.lto_.profile.ad2d4d63428b58f8,"e",%progbits
 187 0000 789C6362 		.ascii	"x\234cb\000\001\000\000\022\000\003"
 187      00010000 
 187      120003
 188              		.text
 189              		.section	.gnu.lto_.icf.ad2d4d63428b58f8,"e",%progbits
 190 0000 789C6362 		.ascii	"x\234cb@\006\000\000*\000\003"
 190      40060000 
 190      2A0003
 191              		.text
 192              		.section	.gnu.lto_.ipa_sra.ad2d4d63428b58f8,"e",%progbits
 193 0000 789C6362 		.ascii	"x\234cb@\006\000\000*\000\003"
 193      40060000 
 193      2A0003
 194              		.text
 195              		.section	.gnu.lto_.inline.ad2d4d63428b58f8,"e",%progbits
 196 0000 789C6362 		.ascii	"x\234cb@\006\000\000*\000\003"
 196      40060000 
 196      2A0003
 197              		.text
 198              		.section	.gnu.lto_.jmpfuncs.ad2d4d63428b58f8,"e",%progbits
 199 0000 789C6362 		.ascii	"x\234cb@\006\000\000*\000\003"
 199      40060000 
 199      2A0003
 200              		.text
 201              		.section	.gnu.lto_.pureconst.ad2d4d63428b58f8,"e",%progbits
 202 0000 789C6364 		.ascii	"x\234cd\000\002\000\000\012\000\002"
 202      00020000 
 202      0A0002
 203              		.text
 204              		.section	.gnu.lto_.lto.ad2d4d63428b58f8,"e",%progbits
 205 0000 09000200 		.ascii	"\011\000\002\000\001\000\000\000"
 205      01000000 
 206              		.text
 207              		.section	.gnu.lto_.symbol_nodes.ad2d4d63428b58f8,"e",%progbits
 208 0000 789C6362 		.ascii	"x\234cb\000\001\000\000\022\000\003"
 208      00010000 
 208      120003
 209              		.text
 210              		.section	.gnu.lto_.refs.ad2d4d63428b58f8,"e",%progbits
 211 0000 789C6364 		.ascii	"x\234cd\000\002\000\000\012\000\002"
 211      00020000 
ARM GAS  /tmp/cciizlKE.s 			page 6


 211      0A0002
 212              		.text
 213              		.section	.gnu.lto_.decls.ad2d4d63428b58f8,"e",%progbits
 214 0000 789C6360 		.ascii	"x\234c````\004b\025 \376\017\004 \366E\006\002\000\000"
 214      60606004 
 214      621520FE 
 214      0F0420F6 
 214      45060200 
 215 0015 BF3204F4 		.ascii	"\2772\004\364"
 216              		.text
 217              		.section	.gnu.lto_.symtab.ad2d4d63428b58f8,"e",%progbits
 218              		.text
 219              		.section	.gnu.lto_.ext_symtab.ad2d4d63428b58f8,"e",%progbits
 220 0000 01       		.ascii	"\001"
 221              		.text
 222              		.section	.gnu.lto_.opts,"e",%progbits
 223 0000 272D666E 		.ascii	"'-fno-openmp' '-fno-openacc' '-fno-pie' '-fcf-prote"
 223      6F2D6F70 
 223      656E6D70 
 223      2720272D 
 223      666E6F2D 
 224 0033 6374696F 		.ascii	"ction=none' '-g' '-mcpu=cortex-m7' '-mthumb' '-mflo"
 224      6E3D6E6F 
 224      6E652720 
 224      272D6727 
 224      20272D6D 
 225 0066 61742D61 		.ascii	"at-abi=hard' '-mfpu=fpv5-d16' '-march=armv7e-m+fp.d"
 225      62693D68 
 225      61726427 
 225      20272D6D 
 225      6670753D 
 226 0099 70272027 		.ascii	"p' '-O2' '-fomit-frame-pointer' '-falign-functions="
 226      2D4F3227 
 226      20272D66 
 226      6F6D6974 
 226      2D667261 
 227 00cc 31362720 		.ascii	"16' '-ffunction-sections' '-fdata-sections' '-fno-c"
 227      272D6666 
 227      756E6374 
 227      696F6E2D 
 227      73656374 
 228 00ff 6F6D6D6F 		.ascii	"ommon' '-flto' '-Xassembler' '-alms=build/lst/osal."
 228      6E272027 
 228      2D666C74 
 228      6F272027 
 228      2D586173 
 229 0132 6C737427 		.ascii	"lst'\000"
 229      00
 230              		.text
 231              		.comm	__gnu_lto_slim,1,1
 232              		.ident	"GCC: (GNU Arm Embedded Toolchain 10-2020-q4-major) 10.2.1 20201103 (release)"
ARM GAS  /tmp/cciizlKE.s 			page 7


DEFINED SYMBOLS
                            *ABS*:0000000000000000 osal.c
     /tmp/cciizlKE.s:17     .gnu.debuglto_.debug_info:0000000000000000 osal.c.6cfe93af
                            *COM*:0000000000000001 __gnu_lto_slim

NO UNDEFINED SYMBOLS
