ARM GAS  /tmp/ccSIfHes.s 			page 1


   1              		.cpu cortex-m7
   2              		.eabi_attribute 28, 1
   3              		.eabi_attribute 20, 1
   4              		.eabi_attribute 21, 1
   5              		.eabi_attribute 23, 3
   6              		.eabi_attribute 24, 1
   7              		.eabi_attribute 25, 1
   8              		.eabi_attribute 26, 1
   9              		.eabi_attribute 30, 2
  10              		.eabi_attribute 34, 1
  11              		.eabi_attribute 18, 4
  12              		.file	"stm32_exti.c"
  13              		.section	.gnu.debuglto_.debug_info,"e",%progbits
  14              	.Ldebug_info0:
  15              		.hidden	stm32_exti.c.9ee5c558
  16              		.weak	stm32_exti.c.9ee5c558
  17              	stm32_exti.c.9ee5c558:
  18 0000 75000000 		.4byte	0x75
  19 0004 0400     		.2byte	0x4
  20 0006 00000000 		.4byte	.Ldebug_abbrev0
  21 000a 04       		.byte	0x4
  22 000b 01       		.uleb128 0x1
  23 000c 83000000 		.4byte	.LASF12
  24 0010 0C       		.byte	0xc
  25 0011 2D000000 		.4byte	.LASF13
  26 0015 6B010000 		.4byte	.LASF14
  27 0019 00000000 		.4byte	.Ldebug_line0
  28 001d 02       		.uleb128 0x2
  29 001e 04       		.byte	0x4
  30 001f 05       		.byte	0x5
  31 0020 696E7400 		.ascii	"int\000"
  32 0024 03       		.uleb128 0x3
  33 0025 04       		.byte	0x4
  34 0026 07       		.byte	0x7
  35 0027 0E000000 		.4byte	.LASF0
  36 002b 03       		.uleb128 0x3
  37 002c 08       		.byte	0x8
  38 002d 05       		.byte	0x5
  39 002e 00000000 		.4byte	.LASF1
  40 0032 03       		.uleb128 0x3
  41 0033 08       		.byte	0x8
  42 0034 04       		.byte	0x4
  43 0035 B5010000 		.4byte	.LASF2
  44 0039 03       		.uleb128 0x3
  45 003a 01       		.byte	0x1
  46 003b 06       		.byte	0x6
  47 003c A9010000 		.4byte	.LASF3
  48 0040 03       		.uleb128 0x3
  49 0041 01       		.byte	0x1
  50 0042 08       		.byte	0x8
  51 0043 5D010000 		.4byte	.LASF4
  52 0047 03       		.uleb128 0x3
  53 0048 02       		.byte	0x2
  54 0049 05       		.byte	0x5
  55 004a C1010000 		.4byte	.LASF5
  56 004e 03       		.uleb128 0x3
  57 004f 02       		.byte	0x2
ARM GAS  /tmp/ccSIfHes.s 			page 2


  58 0050 07       		.byte	0x7
  59 0051 96010000 		.4byte	.LASF6
  60 0055 03       		.uleb128 0x3
  61 0056 04       		.byte	0x4
  62 0057 05       		.byte	0x5
  63 0058 87010000 		.4byte	.LASF7
  64 005c 03       		.uleb128 0x3
  65 005d 04       		.byte	0x4
  66 005e 07       		.byte	0x7
  67 005f 1B000000 		.4byte	.LASF8
  68 0063 03       		.uleb128 0x3
  69 0064 08       		.byte	0x8
  70 0065 07       		.byte	0x7
  71 0066 6C000000 		.4byte	.LASF9
  72 006a 03       		.uleb128 0x3
  73 006b 01       		.byte	0x1
  74 006c 08       		.byte	0x8
  75 006d CB010000 		.4byte	.LASF10
  76 0071 03       		.uleb128 0x3
  77 0072 01       		.byte	0x1
  78 0073 02       		.byte	0x2
  79 0074 90010000 		.4byte	.LASF11
  80 0078 00       		.byte	0
  81              		.section	.gnu.debuglto_.debug_abbrev,"e",%progbits
  82              	.Ldebug_abbrev0:
  83 0000 01       		.uleb128 0x1
  84 0001 11       		.uleb128 0x11
  85 0002 01       		.byte	0x1
  86 0003 25       		.uleb128 0x25
  87 0004 0E       		.uleb128 0xe
  88 0005 13       		.uleb128 0x13
  89 0006 0B       		.uleb128 0xb
  90 0007 03       		.uleb128 0x3
  91 0008 0E       		.uleb128 0xe
  92 0009 1B       		.uleb128 0x1b
  93 000a 0E       		.uleb128 0xe
  94 000b 10       		.uleb128 0x10
  95 000c 17       		.uleb128 0x17
  96 000d 00       		.byte	0
  97 000e 00       		.byte	0
  98 000f 02       		.uleb128 0x2
  99 0010 24       		.uleb128 0x24
 100 0011 00       		.byte	0
 101 0012 0B       		.uleb128 0xb
 102 0013 0B       		.uleb128 0xb
 103 0014 3E       		.uleb128 0x3e
 104 0015 0B       		.uleb128 0xb
 105 0016 03       		.uleb128 0x3
 106 0017 08       		.uleb128 0x8
 107 0018 00       		.byte	0
 108 0019 00       		.byte	0
 109 001a 03       		.uleb128 0x3
 110 001b 24       		.uleb128 0x24
 111 001c 00       		.byte	0
 112 001d 0B       		.uleb128 0xb
 113 001e 0B       		.uleb128 0xb
 114 001f 3E       		.uleb128 0x3e
ARM GAS  /tmp/ccSIfHes.s 			page 3


 115 0020 0B       		.uleb128 0xb
 116 0021 03       		.uleb128 0x3
 117 0022 0E       		.uleb128 0xe
 118 0023 00       		.byte	0
 119 0024 00       		.byte	0
 120 0025 00       		.byte	0
 121              		.section	.gnu.debuglto_.debug_line,"e",%progbits
 122              	.Ldebug_line0:
 123 0000 1A000000 		.4byte	.LELT0-.LSLT0
 124              	.LSLT0:
 125 0004 0400     		.2byte	0x4
 126 0006 14000000 		.4byte	.LELTP0-.LASLTP0
 127              	.LASLTP0:
 128 000a 01       		.byte	0x1
 129 000b 01       		.byte	0x1
 130 000c 01       		.byte	0x1
 131 000d F6       		.byte	0xf6
 132 000e F2       		.byte	0xf2
 133 000f 0D       		.byte	0xd
 134 0010 00       		.byte	0
 135 0011 01       		.byte	0x1
 136 0012 01       		.byte	0x1
 137 0013 01       		.byte	0x1
 138 0014 01       		.byte	0x1
 139 0015 00       		.byte	0
 140 0016 00       		.byte	0
 141 0017 00       		.byte	0
 142 0018 01       		.byte	0x1
 143 0019 00       		.byte	0
 144 001a 00       		.byte	0
 145 001b 01       		.byte	0x1
 146 001c 00       		.byte	0
 147 001d 00       		.byte	0
 148              	.LELTP0:
 149              	.LELT0:
 150              		.section	.gnu.debuglto_.debug_str,"eMS",%progbits,1
 151              	.LASF1:
 152 0000 6C6F6E67 		.ascii	"long long int\000"
 152      206C6F6E 
 152      6720696E 
 152      7400
 153              	.LASF0:
 154 000e 756E7369 		.ascii	"unsigned int\000"
 154      676E6564 
 154      20696E74 
 154      00
 155              	.LASF8:
 156 001b 6C6F6E67 		.ascii	"long unsigned int\000"
 156      20756E73 
 156      69676E65 
 156      6420696E 
 156      7400
 157              	.LASF13:
 158 002d 74686972 		.ascii	"third_party/ChibiOS/os/hal/ports/STM32/LLD/EXTIv1/s"
 158      645F7061 
 158      7274792F 
 158      43686962 
ARM GAS  /tmp/ccSIfHes.s 			page 4


 158      694F532F 
 159 0060 746D3332 		.ascii	"tm32_exti.c\000"
 159      5F657874 
 159      692E6300 
 160              	.LASF9:
 161 006c 6C6F6E67 		.ascii	"long long unsigned int\000"
 161      206C6F6E 
 161      6720756E 
 161      7369676E 
 161      65642069 
 162              	.LASF12:
 163 0083 474E5520 		.ascii	"GNU C17 10.2.1 20201103 (release) -mcpu=cortex-m7 -"
 163      43313720 
 163      31302E32 
 163      2E312032 
 163      30323031 
 164 00b6 6D746875 		.ascii	"mthumb -mfloat-abi=hard -mfpu=fpv5-d16 -march=armv7"
 164      6D62202D 
 164      6D666C6F 
 164      61742D61 
 164      62693D68 
 165 00e9 652D6D2B 		.ascii	"e-m+fp.dp -ggdb -O2 -fomit-frame-pointer -falign-fu"
 165      66702E64 
 165      70202D67 
 165      67646220 
 165      2D4F3220 
 166 011c 6E637469 		.ascii	"nctions=16 -ffunction-sections -fdata-sections -fno"
 166      6F6E733D 
 166      3136202D 
 166      6666756E 
 166      6374696F 
 167 014f 2D636F6D 		.ascii	"-common -flto\000"
 167      6D6F6E20 
 167      2D666C74 
 167      6F00
 168              	.LASF4:
 169 015d 756E7369 		.ascii	"unsigned char\000"
 169      676E6564 
 169      20636861 
 169      7200
 170              	.LASF14:
 171 016b 2F646174 		.ascii	"/data/Documents/BPRL_flight\000"
 171      612F446F 
 171      63756D65 
 171      6E74732F 
 171      4250524C 
 172              	.LASF7:
 173 0187 6C6F6E67 		.ascii	"long int\000"
 173      20696E74 
 173      00
 174              	.LASF11:
 175 0190 5F426F6F 		.ascii	"_Bool\000"
 175      6C00
 176              	.LASF6:
 177 0196 73686F72 		.ascii	"short unsigned int\000"
 177      7420756E 
 177      7369676E 
ARM GAS  /tmp/ccSIfHes.s 			page 5


 177      65642069 
 177      6E7400
 178              	.LASF3:
 179 01a9 7369676E 		.ascii	"signed char\000"
 179      65642063 
 179      68617200 
 180              	.LASF2:
 181 01b5 6C6F6E67 		.ascii	"long double\000"
 181      20646F75 
 181      626C6500 
 182              	.LASF5:
 183 01c1 73686F72 		.ascii	"short int\000"
 183      7420696E 
 183      7400
 184              	.LASF10:
 185 01cb 63686172 		.ascii	"char\000"
 185      00
 186              		.text
 187              		.section	.gnu.lto_.profile.6c34182024e7b297,"e",%progbits
 188 0000 789C6362 		.ascii	"x\234cb\000\001\000\000\022\000\003"
 188      00010000 
 188      120003
 189              		.text
 190              		.section	.gnu.lto_.icf.6c34182024e7b297,"e",%progbits
 191 0000 789C6362 		.ascii	"x\234cb@\006\000\000*\000\003"
 191      40060000 
 191      2A0003
 192              		.text
 193              		.section	.gnu.lto_.ipa_sra.6c34182024e7b297,"e",%progbits
 194 0000 789C6362 		.ascii	"x\234cb@\006\000\000*\000\003"
 194      40060000 
 194      2A0003
 195              		.text
 196              		.section	.gnu.lto_.inline.6c34182024e7b297,"e",%progbits
 197 0000 789C6362 		.ascii	"x\234cb@\006\000\000*\000\003"
 197      40060000 
 197      2A0003
 198              		.text
 199              		.section	.gnu.lto_.jmpfuncs.6c34182024e7b297,"e",%progbits
 200 0000 789C6362 		.ascii	"x\234cb@\006\000\000*\000\003"
 200      40060000 
 200      2A0003
 201              		.text
 202              		.section	.gnu.lto_.pureconst.6c34182024e7b297,"e",%progbits
 203 0000 789C6364 		.ascii	"x\234cd\000\002\000\000\012\000\002"
 203      00020000 
 203      0A0002
 204              		.text
 205              		.section	.gnu.lto_.lto.6c34182024e7b297,"e",%progbits
 206 0000 09000200 		.ascii	"\011\000\002\000\001\000\000\000"
 206      01000000 
 207              		.text
 208              		.section	.gnu.lto_.symbol_nodes.6c34182024e7b297,"e",%progbits
 209 0000 789C6362 		.ascii	"x\234cb\000\001\000\000\022\000\003"
 209      00010000 
 209      120003
 210              		.text
ARM GAS  /tmp/ccSIfHes.s 			page 6


 211              		.section	.gnu.lto_.refs.6c34182024e7b297,"e",%progbits
 212 0000 789C6364 		.ascii	"x\234cd\000\002\000\000\012\000\002"
 212      00020000 
 212      0A0002
 213              		.text
 214              		.section	.gnu.lto_.decls.6c34182024e7b297,"e",%progbits
 215 0000 789C6360 		.ascii	"x\234c````\004b\025 \376\017\004 \366E\006\002\000\000"
 215      60606004 
 215      621520FE 
 215      0F0420F6 
 215      45060200 
 216 0015 BF3204F4 		.ascii	"\2772\004\364"
 217              		.text
 218              		.section	.gnu.lto_.symtab.6c34182024e7b297,"e",%progbits
 219              		.text
 220              		.section	.gnu.lto_.ext_symtab.6c34182024e7b297,"e",%progbits
 221 0000 01       		.ascii	"\001"
 222              		.text
 223              		.section	.gnu.lto_.opts,"e",%progbits
 224 0000 272D666E 		.ascii	"'-fno-openmp' '-fno-openacc' '-fno-pie' '-fcf-prote"
 224      6F2D6F70 
 224      656E6D70 
 224      2720272D 
 224      666E6F2D 
 225 0033 6374696F 		.ascii	"ction=none' '-g' '-mcpu=cortex-m7' '-mthumb' '-mflo"
 225      6E3D6E6F 
 225      6E652720 
 225      272D6727 
 225      20272D6D 
 226 0066 61742D61 		.ascii	"at-abi=hard' '-mfpu=fpv5-d16' '-march=armv7e-m+fp.d"
 226      62693D68 
 226      61726427 
 226      20272D6D 
 226      6670753D 
 227 0099 70272027 		.ascii	"p' '-O2' '-fomit-frame-pointer' '-falign-functions="
 227      2D4F3227 
 227      20272D66 
 227      6F6D6974 
 227      2D667261 
 228 00cc 31362720 		.ascii	"16' '-ffunction-sections' '-fdata-sections' '-fno-c"
 228      272D6666 
 228      756E6374 
 228      696F6E2D 
 228      73656374 
 229 00ff 6F6D6D6F 		.ascii	"ommon' '-flto' '-Xassembler' '-alms=build/lst/stm32"
 229      6E272027 
 229      2D666C74 
 229      6F272027 
 229      2D586173 
 230 0132 5F657874 		.ascii	"_exti.lst'\000"
 230      692E6C73 
 230      742700
 231              		.text
 232              		.comm	__gnu_lto_slim,1,1
 233              		.ident	"GCC: (GNU Arm Embedded Toolchain 10-2020-q4-major) 10.2.1 20201103 (release)"
ARM GAS  /tmp/ccSIfHes.s 			page 7


DEFINED SYMBOLS
                            *ABS*:0000000000000000 stm32_exti.c
     /tmp/ccSIfHes.s:17     .gnu.debuglto_.debug_info:0000000000000000 stm32_exti.c.9ee5c558
                            *COM*:0000000000000001 __gnu_lto_slim

NO UNDEFINED SYMBOLS
