ARM GAS  /tmp/ccHDHpB6.s 			page 1


   1              		.cpu cortex-m7
   2              		.eabi_attribute 28, 1
   3              		.eabi_attribute 20, 1
   4              		.eabi_attribute 21, 1
   5              		.eabi_attribute 23, 3
   6              		.eabi_attribute 24, 1
   7              		.eabi_attribute 25, 1
   8              		.eabi_attribute 26, 1
   9              		.eabi_attribute 30, 2
  10              		.eabi_attribute 34, 1
  11              		.eabi_attribute 18, 4
  12              		.file	"stm32_isr.c"
  13              		.file 1 "third_party/ChibiOS/os/hal/ports/STM32/STM32H7xx/stm32_isr.c"
  14              		.file 2 "third_party/ChibiOS/os/hal/ports/STM32/LLD/TIMv1/stm32_tim8_12_13_14.inc"
  15              		.file 3 "third_party/ChibiOS/os/hal/ports/STM32/LLD/TIMv1/stm32_tim7.inc"
  16              		.file 4 "third_party/ChibiOS/os/hal/ports/STM32/LLD/TIMv1/stm32_tim6.inc"
  17              		.file 5 "third_party/ChibiOS/os/hal/ports/STM32/LLD/TIMv1/stm32_tim5.inc"
  18              		.file 6 "third_party/ChibiOS/os/hal/ports/STM32/LLD/TIMv1/stm32_tim4.inc"
  19              		.file 7 "third_party/ChibiOS/os/hal/ports/STM32/LLD/TIMv1/stm32_tim3.inc"
  20              		.file 8 "third_party/ChibiOS/os/hal/ports/STM32/LLD/TIMv1/stm32_tim2.inc"
  21              		.file 9 "third_party/ChibiOS/os/hal/ports/STM32/LLD/TIMv1/stm32_tim1.inc"
  22              		.file 10 "third_party/ChibiOS/os/hal/ports/STM32/LLD/USART/stm32_lpuart1.inc"
  23              		.file 11 "third_party/ChibiOS/os/hal/ports/STM32/LLD/USART/stm32_usart10.inc"
  24              		.file 12 "third_party/ChibiOS/os/hal/ports/STM32/LLD/USART/stm32_uart9.inc"
  25              		.file 13 "third_party/ChibiOS/os/hal/ports/STM32/LLD/USART/stm32_uart8.inc"
  26              		.file 14 "third_party/ChibiOS/os/hal/ports/STM32/LLD/USART/stm32_uart7.inc"
  27              		.file 15 "third_party/ChibiOS/os/hal/ports/STM32/LLD/USART/stm32_usart6.inc"
  28              		.file 16 "third_party/ChibiOS/os/hal/ports/STM32/LLD/USART/stm32_uart5.inc"
  29              		.file 17 "third_party/ChibiOS/os/hal/ports/STM32/LLD/USART/stm32_uart4.inc"
  30              		.file 18 "third_party/ChibiOS/os/hal/ports/STM32/LLD/USART/stm32_usart3.inc"
  31              		.file 19 "third_party/ChibiOS/os/hal/ports/STM32/LLD/USART/stm32_usart2.inc"
  32              		.file 20 "third_party/ChibiOS/os/hal/ports/STM32/LLD/USART/stm32_usart1.inc"
  33              		.file 21 "third_party/ChibiOS/os/hal/ports/STM32/LLD/SDMMCv2/stm32_sdmmc2.inc"
  34              		.file 22 "third_party/ChibiOS/os/hal/ports/STM32/LLD/SDMMCv2/stm32_sdmmc1.inc"
  35              		.file 23 "third_party/ChibiOS/os/hal/ports/STM32/LLD/QUADSPIv2/stm32_quadspi1.inc"
  36              		.file 24 "third_party/ChibiOS/os/hal/ports/STM32/LLD/FDCANv1/stm32_fdcan2.inc"
  37              		.file 25 "third_party/ChibiOS/os/hal/ports/STM32/LLD/FDCANv1/stm32_fdcan1.inc"
  38              		.file 26 "third_party/ChibiOS/os/hal/ports/STM32/LLD/EXTIv1/stm32_exti20_21.inc"
  39              		.file 27 "third_party/ChibiOS/os/hal/ports/STM32/LLD/EXTIv1/stm32_exti19.inc"
  40              		.file 28 "third_party/ChibiOS/os/hal/ports/STM32/LLD/EXTIv1/stm32_exti18.inc"
  41              		.file 29 "third_party/ChibiOS/os/hal/ports/STM32/LLD/EXTIv1/stm32_exti17.inc"
  42              		.file 30 "third_party/ChibiOS/os/hal/ports/STM32/LLD/EXTIv1/stm32_exti16.inc"
  43              		.file 31 "third_party/ChibiOS/os/hal/ports/STM32/LLD/EXTIv1/stm32_exti10_15.inc"
  44              		.file 32 "third_party/ChibiOS/os/hal/ports/STM32/LLD/EXTIv1/stm32_exti5_9.inc"
  45              		.file 33 "third_party/ChibiOS/os/hal/ports/STM32/LLD/EXTIv1/stm32_exti4.inc"
  46              		.file 34 "third_party/ChibiOS/os/hal/ports/STM32/LLD/EXTIv1/stm32_exti3.inc"
  47              		.file 35 "third_party/ChibiOS/os/hal/ports/STM32/LLD/EXTIv1/stm32_exti2.inc"
  48              		.file 36 "third_party/ChibiOS/os/hal/ports/STM32/LLD/EXTIv1/stm32_exti1.inc"
  49              		.file 37 "third_party/ChibiOS/os/hal/ports/STM32/LLD/EXTIv1/stm32_exti0.inc"
  50              		.section	.gnu.debuglto_.debug_info,"e",%progbits
  51              	.Ldebug_info0:
  52              		.hidden	stm32_isr.c.bbe5500d
  53              		.weak	stm32_isr.c.bbe5500d
  54              	stm32_isr.c.bbe5500d:
  55 0000 F5020000 		.4byte	0x2f5
  56 0004 0400     		.2byte	0x4
  57 0006 00000000 		.4byte	.Ldebug_abbrev0
ARM GAS  /tmp/ccHDHpB6.s 			page 2


  58 000a 04       		.byte	0x4
  59 000b 01       		.uleb128 0x1
  60 000c 82010000 		.4byte	.LASF86
  61 0010 0C       		.byte	0xc
  62 0011 E7000000 		.4byte	.LASF87
  63 0015 C2040000 		.4byte	.LASF88
  64 0019 00000000 		.4byte	.Ldebug_line0
  65 001d 02       		.uleb128 0x2
  66 001e 04       		.byte	0x4
  67 001f 05       		.byte	0x5
  68 0020 696E7400 		.ascii	"int\000"
  69 0024 03       		.uleb128 0x3
  70 0025 04       		.byte	0x4
  71 0026 07       		.byte	0x7
  72 0027 47040000 		.4byte	.LASF0
  73 002b 03       		.uleb128 0x3
  74 002c 08       		.byte	0x8
  75 002d 05       		.byte	0x5
  76 002e 8F020000 		.4byte	.LASF1
  77 0032 03       		.uleb128 0x3
  78 0033 08       		.byte	0x8
  79 0034 04       		.byte	0x4
  80 0035 5C020000 		.4byte	.LASF2
  81 0039 03       		.uleb128 0x3
  82 003a 01       		.byte	0x1
  83 003b 06       		.byte	0x6
  84 003c 24040000 		.4byte	.LASF3
  85 0040 03       		.uleb128 0x3
  86 0041 01       		.byte	0x1
  87 0042 08       		.byte	0x8
  88 0043 9D030000 		.4byte	.LASF4
  89 0047 03       		.uleb128 0x3
  90 0048 02       		.byte	0x2
  91 0049 05       		.byte	0x5
  92 004a 0F030000 		.4byte	.LASF5
  93 004e 03       		.uleb128 0x3
  94 004f 02       		.byte	0x2
  95 0050 07       		.byte	0x7
  96 0051 9A040000 		.4byte	.LASF6
  97 0055 03       		.uleb128 0x3
  98 0056 04       		.byte	0x4
  99 0057 05       		.byte	0x5
 100 0058 E5020000 		.4byte	.LASF7
 101 005c 03       		.uleb128 0x3
 102 005d 04       		.byte	0x4
 103 005e 07       		.byte	0x7
 104 005f 4A050000 		.4byte	.LASF8
 105 0063 03       		.uleb128 0x3
 106 0064 08       		.byte	0x8
 107 0065 07       		.byte	0x7
 108 0066 30040000 		.4byte	.LASF9
 109 006a 03       		.uleb128 0x3
 110 006b 01       		.byte	0x1
 111 006c 08       		.byte	0x8
 112 006d BD040000 		.4byte	.LASF10
 113 0071 04       		.uleb128 0x4
 114 0072 6A000000 		.4byte	0x6a
ARM GAS  /tmp/ccHDHpB6.s 			page 3


 115 0076 03       		.uleb128 0x3
 116 0077 01       		.byte	0x1
 117 0078 02       		.byte	0x2
 118 0079 F7040000 		.4byte	.LASF11
 119 007d 05       		.uleb128 0x5
 120 007e 66010000 		.4byte	.LASF12
 121 0082 01       		.byte	0x1
 122 0083 A7       		.byte	0xa7
 123 0084 06       		.byte	0x6
 124 0085 05       		.uleb128 0x5
 125 0086 FD030000 		.4byte	.LASF13
 126 008a 01       		.byte	0x1
 127 008b 6E       		.byte	0x6e
 128 008c 06       		.byte	0x6
 129 008d 06       		.uleb128 0x6
 130 008e 9D050000 		.4byte	.LASF14
 131 0092 02       		.byte	0x2
 132 0093 B8       		.byte	0xb8
 133 0094 14       		.byte	0x14
 134 0095 06       		.uleb128 0x6
 135 0096 BF050000 		.4byte	.LASF15
 136 009a 02       		.byte	0x2
 137 009b A5       		.byte	0xa5
 138 009c 14       		.byte	0x14
 139 009d 06       		.uleb128 0x6
 140 009e 3A050000 		.4byte	.LASF16
 141 00a2 03       		.byte	0x3
 142 00a3 57       		.byte	0x57
 143 00a4 14       		.byte	0x14
 144 00a5 06       		.uleb128 0x6
 145 00a6 64000000 		.4byte	.LASF17
 146 00aa 03       		.byte	0x3
 147 00ab 51       		.byte	0x51
 148 00ac 14       		.byte	0x14
 149 00ad 06       		.uleb128 0x6
 150 00ae 7B030000 		.4byte	.LASF18
 151 00b2 04       		.byte	0x4
 152 00b3 57       		.byte	0x57
 153 00b4 14       		.byte	0x14
 154 00b5 06       		.uleb128 0x6
 155 00b6 1C050000 		.4byte	.LASF19
 156 00ba 04       		.byte	0x4
 157 00bb 51       		.byte	0x51
 158 00bc 14       		.byte	0x14
 159 00bd 06       		.uleb128 0x6
 160 00be 7D060000 		.4byte	.LASF20
 161 00c2 05       		.byte	0x5
 162 00c3 57       		.byte	0x57
 163 00c4 14       		.byte	0x14
 164 00c5 06       		.uleb128 0x6
 165 00c6 5F060000 		.4byte	.LASF21
 166 00ca 05       		.byte	0x5
 167 00cb 51       		.byte	0x51
 168 00cc 14       		.byte	0x14
 169 00cd 06       		.uleb128 0x6
 170 00ce AD040000 		.4byte	.LASF22
 171 00d2 06       		.byte	0x6
ARM GAS  /tmp/ccHDHpB6.s 			page 4


 172 00d3 57       		.byte	0x57
 173 00d4 14       		.byte	0x14
 174 00d5 06       		.uleb128 0x6
 175 00d6 51060000 		.4byte	.LASF23
 176 00da 06       		.byte	0x6
 177 00db 51       		.byte	0x51
 178 00dc 14       		.byte	0x14
 179 00dd 06       		.uleb128 0x6
 180 00de 63040000 		.4byte	.LASF24
 181 00e2 07       		.byte	0x7
 182 00e3 57       		.byte	0x57
 183 00e4 14       		.byte	0x14
 184 00e5 06       		.uleb128 0x6
 185 00e6 D6030000 		.4byte	.LASF25
 186 00ea 07       		.byte	0x7
 187 00eb 51       		.byte	0x51
 188 00ec 14       		.byte	0x14
 189 00ed 07       		.uleb128 0x7
 190 00ee 3C030000 		.4byte	.LASF89
 191 00f2 08       		.byte	0x8
 192 00f3 67       		.byte	0x67
 193 00f4 01       		.byte	0x1
 194 00f5 03010000 		.4byte	0x103
 195 00f9 08       		.uleb128 0x8
 196 00fa AB030000 		.4byte	.LASF90
 197 00fe 13010000 		.4byte	0x113
 198 0102 00       		.byte	0
 199 0103 09       		.uleb128 0x9
 200 0104 71000000 		.4byte	0x71
 201 0108 13010000 		.4byte	0x113
 202 010c 0A       		.uleb128 0xa
 203 010d 24000000 		.4byte	0x24
 204 0111 08       		.byte	0x8
 205 0112 00       		.byte	0
 206 0113 04       		.uleb128 0x4
 207 0114 03010000 		.4byte	0x103
 208 0118 06       		.uleb128 0x6
 209 0119 23000000 		.4byte	.LASF26
 210 011d 08       		.byte	0x8
 211 011e 57       		.byte	0x57
 212 011f 14       		.byte	0x14
 213 0120 06       		.uleb128 0x6
 214 0121 56000000 		.4byte	.LASF27
 215 0125 08       		.byte	0x8
 216 0126 51       		.byte	0x51
 217 0127 14       		.byte	0x14
 218 0128 06       		.uleb128 0x6
 219 0129 13000000 		.4byte	.LASF28
 220 012d 09       		.byte	0x9
 221 012e 60       		.byte	0x60
 222 012f 14       		.byte	0x14
 223 0130 06       		.uleb128 0x6
 224 0131 0E050000 		.4byte	.LASF29
 225 0135 09       		.byte	0x9
 226 0136 59       		.byte	0x59
 227 0137 14       		.byte	0x14
 228 0138 06       		.uleb128 0x6
ARM GAS  /tmp/ccHDHpB6.s 			page 5


 229 0139 C1020000 		.4byte	.LASF30
 230 013d 0A       		.byte	0xa
 231 013e 45       		.byte	0x45
 232 013f 14       		.byte	0x14
 233 0140 06       		.uleb128 0x6
 234 0141 AC060000 		.4byte	.LASF31
 235 0145 0A       		.byte	0xa
 236 0146 3F       		.byte	0x3f
 237 0147 14       		.byte	0x14
 238 0148 06       		.uleb128 0x6
 239 0149 9D020000 		.4byte	.LASF32
 240 014d 0B       		.byte	0xb
 241 014e 45       		.byte	0x45
 242 014f 14       		.byte	0x14
 243 0150 06       		.uleb128 0x6
 244 0151 30060000 		.4byte	.LASF33
 245 0155 0B       		.byte	0xb
 246 0156 3F       		.byte	0x3f
 247 0157 14       		.byte	0x14
 248 0158 06       		.uleb128 0x6
 249 0159 0F060000 		.4byte	.LASF34
 250 015d 0C       		.byte	0xc
 251 015e 45       		.byte	0x45
 252 015f 14       		.byte	0x14
 253 0160 06       		.uleb128 0x6
 254 0161 05040000 		.4byte	.LASF35
 255 0165 0C       		.byte	0xc
 256 0166 3F       		.byte	0x3f
 257 0167 14       		.byte	0x14
 258 0168 06       		.uleb128 0x6
 259 0169 DF050000 		.4byte	.LASF36
 260 016d 0D       		.byte	0xd
 261 016e 45       		.byte	0x45
 262 016f 14       		.byte	0x14
 263 0170 06       		.uleb128 0x6
 264 0171 BD060000 		.4byte	.LASF37
 265 0175 0D       		.byte	0xd
 266 0176 3F       		.byte	0x3f
 267 0177 14       		.byte	0x14
 268 0178 06       		.uleb128 0x6
 269 0179 FD040000 		.4byte	.LASF38
 270 017d 0E       		.byte	0xe
 271 017e 45       		.byte	0x45
 272 017f 14       		.byte	0x14
 273 0180 06       		.uleb128 0x6
 274 0181 D8000000 		.4byte	.LASF39
 275 0185 0E       		.byte	0xe
 276 0186 3F       		.byte	0x3f
 277 0187 14       		.byte	0x14
 278 0188 06       		.uleb128 0x6
 279 0189 5C050000 		.4byte	.LASF40
 280 018d 0F       		.byte	0xf
 281 018e 45       		.byte	0x45
 282 018f 14       		.byte	0x14
 283 0190 06       		.uleb128 0x6
 284 0191 F0050000 		.4byte	.LASF41
 285 0195 0F       		.byte	0xf
ARM GAS  /tmp/ccHDHpB6.s 			page 6


 286 0196 3F       		.byte	0x3f
 287 0197 14       		.byte	0x14
 288 0198 06       		.uleb128 0x6
 289 0199 24010000 		.4byte	.LASF42
 290 019d 10       		.byte	0x10
 291 019e 45       		.byte	0x45
 292 019f 14       		.byte	0x14
 293 01a0 06       		.uleb128 0x6
 294 01a1 8E050000 		.4byte	.LASF43
 295 01a5 10       		.byte	0x10
 296 01a6 3F       		.byte	0x3f
 297 01a7 14       		.byte	0x14
 298 01a8 06       		.uleb128 0x6
 299 01a9 C7000000 		.4byte	.LASF44
 300 01ad 11       		.byte	0x11
 301 01ae 45       		.byte	0x45
 302 01af 14       		.byte	0x14
 303 01b0 06       		.uleb128 0x6
 304 01b1 00030000 		.4byte	.LASF45
 305 01b5 11       		.byte	0x11
 306 01b6 3F       		.byte	0x3f
 307 01b7 14       		.byte	0x14
 308 01b8 06       		.uleb128 0x6
 309 01b9 A6000000 		.4byte	.LASF46
 310 01bd 12       		.byte	0x12
 311 01be 45       		.byte	0x45
 312 01bf 14       		.byte	0x14
 313 01c0 06       		.uleb128 0x6
 314 01c1 56010000 		.4byte	.LASF47
 315 01c5 12       		.byte	0x12
 316 01c6 3F       		.byte	0x3f
 317 01c7 14       		.byte	0x14
 318 01c8 06       		.uleb128 0x6
 319 01c9 45030000 		.4byte	.LASF48
 320 01cd 13       		.byte	0x13
 321 01ce 45       		.byte	0x45
 322 01cf 14       		.byte	0x14
 323 01d0 06       		.uleb128 0x6
 324 01d1 41060000 		.4byte	.LASF49
 325 01d5 13       		.byte	0x13
 326 01d6 3F       		.byte	0x3f
 327 01d7 14       		.byte	0x14
 328 01d8 06       		.uleb128 0x6
 329 01d9 44000000 		.4byte	.LASF50
 330 01dd 14       		.byte	0x14
 331 01de 45       		.byte	0x45
 332 01df 14       		.byte	0x14
 333 01e0 06       		.uleb128 0x6
 334 01e1 B4030000 		.4byte	.LASF51
 335 01e5 14       		.byte	0x14
 336 01e6 3F       		.byte	0x3f
 337 01e7 14       		.byte	0x14
 338 01e8 06       		.uleb128 0x6
 339 01e9 69030000 		.4byte	.LASF52
 340 01ed 15       		.byte	0x15
 341 01ee 4C       		.byte	0x4c
 342 01ef 14       		.byte	0x14
ARM GAS  /tmp/ccHDHpB6.s 			page 7


 343 01f0 06       		.uleb128 0x6
 344 01f1 14040000 		.4byte	.LASF53
 345 01f5 15       		.byte	0x15
 346 01f6 46       		.byte	0x46
 347 01f7 14       		.byte	0x14
 348 01f8 06       		.uleb128 0x6
 349 01f9 2A030000 		.4byte	.LASF54
 350 01fd 16       		.byte	0x16
 351 01fe 4C       		.byte	0x4c
 352 01ff 14       		.byte	0x14
 353 0200 06       		.uleb128 0x6
 354 0201 8D060000 		.4byte	.LASF55
 355 0205 16       		.byte	0x16
 356 0206 46       		.byte	0x46
 357 0207 14       		.byte	0x14
 358 0208 06       		.uleb128 0x6
 359 0209 86040000 		.4byte	.LASF56
 360 020d 17       		.byte	0x17
 361 020e 4C       		.byte	0x4c
 362 020f 14       		.byte	0x14
 363 0210 06       		.uleb128 0x6
 364 0211 82000000 		.4byte	.LASF57
 365 0215 17       		.byte	0x17
 366 0216 46       		.byte	0x46
 367 0217 14       		.byte	0x14
 368 0218 06       		.uleb128 0x6
 369 0219 C4030000 		.4byte	.LASF58
 370 021d 18       		.byte	0x18
 371 021e 4C       		.byte	0x4c
 372 021f 14       		.byte	0x14
 373 0220 06       		.uleb128 0x6
 374 0221 35010000 		.4byte	.LASF59
 375 0225 18       		.byte	0x18
 376 0226 46       		.byte	0x46
 377 0227 14       		.byte	0x14
 378 0228 06       		.uleb128 0x6
 379 0229 8B030000 		.4byte	.LASF60
 380 022d 19       		.byte	0x19
 381 022e 4C       		.byte	0x4c
 382 022f 14       		.byte	0x14
 383 0230 06       		.uleb128 0x6
 384 0231 20060000 		.4byte	.LASF61
 385 0235 19       		.byte	0x19
 386 0236 46       		.byte	0x46
 387 0237 14       		.byte	0x14
 388 0238 06       		.uleb128 0x6
 389 0239 E4030000 		.4byte	.LASF62
 390 023d 1A       		.byte	0x1a
 391 023e 3D       		.byte	0x3d
 392 023f 14       		.byte	0x14
 393 0240 06       		.uleb128 0x6
 394 0241 78020000 		.4byte	.LASF63
 395 0245 1A       		.byte	0x1a
 396 0246 37       		.byte	0x37
 397 0247 14       		.byte	0x14
 398 0248 06       		.uleb128 0x6
 399 0249 57030000 		.4byte	.LASF64
ARM GAS  /tmp/ccHDHpB6.s 			page 8


 400 024d 1B       		.byte	0x1b
 401 024e 3D       		.byte	0x3d
 402 024f 14       		.byte	0x14
 403 0250 06       		.uleb128 0x6
 404 0251 72000000 		.4byte	.LASF65
 405 0255 1B       		.byte	0x1b
 406 0256 37       		.byte	0x37
 407 0257 14       		.byte	0x14
 408 0258 06       		.uleb128 0x6
 409 0259 EE020000 		.4byte	.LASF66
 410 025d 1C       		.byte	0x1c
 411 025e 3D       		.byte	0x3d
 412 025f 14       		.byte	0x14
 413 0260 06       		.uleb128 0x6
 414 0261 2A050000 		.4byte	.LASF67
 415 0265 1C       		.byte	0x1c
 416 0266 37       		.byte	0x37
 417 0267 14       		.byte	0x14
 418 0268 06       		.uleb128 0x6
 419 0269 94000000 		.4byte	.LASF68
 420 026d 1D       		.byte	0x1d
 421 026e 3D       		.byte	0x3d
 422 026f 14       		.byte	0x14
 423 0270 06       		.uleb128 0x6
 424 0271 68020000 		.4byte	.LASF69
 425 0275 1D       		.byte	0x1d
 426 0276 37       		.byte	0x37
 427 0277 14       		.byte	0x14
 428 0278 06       		.uleb128 0x6
 429 0279 70010000 		.4byte	.LASF70
 430 027d 1E       		.byte	0x1e
 431 027e 3D       		.byte	0x3d
 432 027f 14       		.byte	0x14
 433 0280 06       		.uleb128 0x6
 434 0281 6D060000 		.4byte	.LASF71
 435 0285 1E       		.byte	0x1e
 436 0286 37       		.byte	0x37
 437 0287 14       		.byte	0x14
 438 0288 06       		.uleb128 0x6
 439 0289 E2040000 		.4byte	.LASF72
 440 028d 1F       		.byte	0x1f
 441 028e 3D       		.byte	0x3d
 442 028f 14       		.byte	0x14
 443 0290 06       		.uleb128 0x6
 444 0291 73040000 		.4byte	.LASF73
 445 0295 1F       		.byte	0x1f
 446 0296 37       		.byte	0x37
 447 0297 14       		.byte	0x14
 448 0298 06       		.uleb128 0x6
 449 0299 00000000 		.4byte	.LASF74
 450 029d 20       		.byte	0x20
 451 029e 3D       		.byte	0x3d
 452 029f 14       		.byte	0x14
 453 02a0 06       		.uleb128 0x6
 454 02a1 B0020000 		.4byte	.LASF75
 455 02a5 20       		.byte	0x20
 456 02a6 37       		.byte	0x37
ARM GAS  /tmp/ccHDHpB6.s 			page 9


 457 02a7 14       		.byte	0x14
 458 02a8 06       		.uleb128 0x6
 459 02a9 19030000 		.4byte	.LASF76
 460 02ad 21       		.byte	0x21
 461 02ae 3D       		.byte	0x3d
 462 02af 14       		.byte	0x14
 463 02b0 06       		.uleb128 0x6
 464 02b1 9D060000 		.4byte	.LASF77
 465 02b5 21       		.byte	0x21
 466 02b6 37       		.byte	0x37
 467 02b7 14       		.byte	0x14
 468 02b8 06       		.uleb128 0x6
 469 02b9 D4020000 		.4byte	.LASF78
 470 02bd 22       		.byte	0x22
 471 02be 3D       		.byte	0x3d
 472 02bf 14       		.byte	0x14
 473 02c0 06       		.uleb128 0x6
 474 02c1 54040000 		.4byte	.LASF79
 475 02c5 22       		.byte	0x22
 476 02c6 37       		.byte	0x37
 477 02c7 14       		.byte	0x14
 478 02c8 06       		.uleb128 0x6
 479 02c9 33000000 		.4byte	.LASF80
 480 02cd 23       		.byte	0x23
 481 02ce 3D       		.byte	0x3d
 482 02cf 14       		.byte	0x14
 483 02d0 06       		.uleb128 0x6
 484 02d1 B8000000 		.4byte	.LASF81
 485 02d5 23       		.byte	0x23
 486 02d6 37       		.byte	0x37
 487 02d7 14       		.byte	0x14
 488 02d8 06       		.uleb128 0x6
 489 02d9 45010000 		.4byte	.LASF82
 490 02dd 24       		.byte	0x24
 491 02de 3D       		.byte	0x3d
 492 02df 14       		.byte	0x14
 493 02e0 06       		.uleb128 0x6
 494 02e1 7F050000 		.4byte	.LASF83
 495 02e5 24       		.byte	0x24
 496 02e6 37       		.byte	0x37
 497 02e7 14       		.byte	0x14
 498 02e8 06       		.uleb128 0x6
 499 02e9 6E050000 		.4byte	.LASF84
 500 02ed 25       		.byte	0x25
 501 02ee 3D       		.byte	0x3d
 502 02ef 14       		.byte	0x14
 503 02f0 06       		.uleb128 0x6
 504 02f1 00060000 		.4byte	.LASF85
 505 02f5 25       		.byte	0x25
 506 02f6 37       		.byte	0x37
 507 02f7 14       		.byte	0x14
 508 02f8 00       		.byte	0
 509              		.section	.gnu.debuglto_.debug_abbrev,"e",%progbits
 510              	.Ldebug_abbrev0:
 511 0000 01       		.uleb128 0x1
 512 0001 11       		.uleb128 0x11
 513 0002 01       		.byte	0x1
ARM GAS  /tmp/ccHDHpB6.s 			page 10


 514 0003 25       		.uleb128 0x25
 515 0004 0E       		.uleb128 0xe
 516 0005 13       		.uleb128 0x13
 517 0006 0B       		.uleb128 0xb
 518 0007 03       		.uleb128 0x3
 519 0008 0E       		.uleb128 0xe
 520 0009 1B       		.uleb128 0x1b
 521 000a 0E       		.uleb128 0xe
 522 000b 10       		.uleb128 0x10
 523 000c 17       		.uleb128 0x17
 524 000d 00       		.byte	0
 525 000e 00       		.byte	0
 526 000f 02       		.uleb128 0x2
 527 0010 24       		.uleb128 0x24
 528 0011 00       		.byte	0
 529 0012 0B       		.uleb128 0xb
 530 0013 0B       		.uleb128 0xb
 531 0014 3E       		.uleb128 0x3e
 532 0015 0B       		.uleb128 0xb
 533 0016 03       		.uleb128 0x3
 534 0017 08       		.uleb128 0x8
 535 0018 00       		.byte	0
 536 0019 00       		.byte	0
 537 001a 03       		.uleb128 0x3
 538 001b 24       		.uleb128 0x24
 539 001c 00       		.byte	0
 540 001d 0B       		.uleb128 0xb
 541 001e 0B       		.uleb128 0xb
 542 001f 3E       		.uleb128 0x3e
 543 0020 0B       		.uleb128 0xb
 544 0021 03       		.uleb128 0x3
 545 0022 0E       		.uleb128 0xe
 546 0023 00       		.byte	0
 547 0024 00       		.byte	0
 548 0025 04       		.uleb128 0x4
 549 0026 26       		.uleb128 0x26
 550 0027 00       		.byte	0
 551 0028 49       		.uleb128 0x49
 552 0029 13       		.uleb128 0x13
 553 002a 00       		.byte	0
 554 002b 00       		.byte	0
 555 002c 05       		.uleb128 0x5
 556 002d 2E       		.uleb128 0x2e
 557 002e 00       		.byte	0
 558 002f 3F       		.uleb128 0x3f
 559 0030 19       		.uleb128 0x19
 560 0031 03       		.uleb128 0x3
 561 0032 0E       		.uleb128 0xe
 562 0033 3A       		.uleb128 0x3a
 563 0034 0B       		.uleb128 0xb
 564 0035 3B       		.uleb128 0x3b
 565 0036 0B       		.uleb128 0xb
 566 0037 39       		.uleb128 0x39
 567 0038 0B       		.uleb128 0xb
 568 0039 27       		.uleb128 0x27
 569 003a 19       		.uleb128 0x19
 570 003b 00       		.byte	0
ARM GAS  /tmp/ccHDHpB6.s 			page 11


 571 003c 00       		.byte	0
 572 003d 06       		.uleb128 0x6
 573 003e 2E       		.uleb128 0x2e
 574 003f 00       		.byte	0
 575 0040 03       		.uleb128 0x3
 576 0041 0E       		.uleb128 0xe
 577 0042 3A       		.uleb128 0x3a
 578 0043 0B       		.uleb128 0xb
 579 0044 3B       		.uleb128 0x3b
 580 0045 0B       		.uleb128 0xb
 581 0046 39       		.uleb128 0x39
 582 0047 0B       		.uleb128 0xb
 583 0048 27       		.uleb128 0x27
 584 0049 19       		.uleb128 0x19
 585 004a 00       		.byte	0
 586 004b 00       		.byte	0
 587 004c 07       		.uleb128 0x7
 588 004d 2E       		.uleb128 0x2e
 589 004e 01       		.byte	0x1
 590 004f 3F       		.uleb128 0x3f
 591 0050 19       		.uleb128 0x19
 592 0051 03       		.uleb128 0x3
 593 0052 0E       		.uleb128 0xe
 594 0053 3A       		.uleb128 0x3a
 595 0054 0B       		.uleb128 0xb
 596 0055 3B       		.uleb128 0x3b
 597 0056 0B       		.uleb128 0xb
 598 0057 39       		.uleb128 0x39
 599 0058 0B       		.uleb128 0xb
 600 0059 27       		.uleb128 0x27
 601 005a 19       		.uleb128 0x19
 602 005b 01       		.uleb128 0x1
 603 005c 13       		.uleb128 0x13
 604 005d 00       		.byte	0
 605 005e 00       		.byte	0
 606 005f 08       		.uleb128 0x8
 607 0060 34       		.uleb128 0x34
 608 0061 00       		.byte	0
 609 0062 03       		.uleb128 0x3
 610 0063 0E       		.uleb128 0xe
 611 0064 49       		.uleb128 0x49
 612 0065 13       		.uleb128 0x13
 613 0066 34       		.uleb128 0x34
 614 0067 19       		.uleb128 0x19
 615 0068 00       		.byte	0
 616 0069 00       		.byte	0
 617 006a 09       		.uleb128 0x9
 618 006b 01       		.uleb128 0x1
 619 006c 01       		.byte	0x1
 620 006d 49       		.uleb128 0x49
 621 006e 13       		.uleb128 0x13
 622 006f 01       		.uleb128 0x1
 623 0070 13       		.uleb128 0x13
 624 0071 00       		.byte	0
 625 0072 00       		.byte	0
 626 0073 0A       		.uleb128 0xa
 627 0074 21       		.uleb128 0x21
ARM GAS  /tmp/ccHDHpB6.s 			page 12


 628 0075 00       		.byte	0
 629 0076 49       		.uleb128 0x49
 630 0077 13       		.uleb128 0x13
 631 0078 2F       		.uleb128 0x2f
 632 0079 0B       		.uleb128 0xb
 633 007a 00       		.byte	0
 634 007b 00       		.byte	0
 635 007c 00       		.byte	0
 636              		.section	.gnu.debuglto_.debug_line,"e",%progbits
 637              	.Ldebug_line0:
 638 0000 53040000 		.4byte	.LELT0-.LSLT0
 639              	.LSLT0:
 640 0004 0400     		.2byte	0x4
 641 0006 4D040000 		.4byte	.LELTP0-.LASLTP0
 642              	.LASLTP0:
 643 000a 01       		.byte	0x1
 644 000b 01       		.byte	0x1
 645 000c 01       		.byte	0x1
 646 000d F6       		.byte	0xf6
 647 000e F2       		.byte	0xf2
 648 000f 0D       		.byte	0xd
 649 0010 00       		.byte	0
 650 0011 01       		.byte	0x1
 651 0012 01       		.byte	0x1
 652 0013 01       		.byte	0x1
 653 0014 01       		.byte	0x1
 654 0015 00       		.byte	0
 655 0016 00       		.byte	0
 656 0017 00       		.byte	0
 657 0018 01       		.byte	0x1
 658 0019 00       		.byte	0
 659 001a 00       		.byte	0
 660 001b 01       		.byte	0x1
 661 001c 74686972 		.ascii	"third_party/ChibiOS/os/hal/ports/STM32/LLD/EXTIv1"
 661      645F7061 
 661      7274792F 
 661      43686962 
 661      694F532F 
 662 004d 00       		.byte	0
 663 004e 74686972 		.ascii	"third_party/ChibiOS/os/hal/ports/STM32/LLD/FDCANv1"
 663      645F7061 
 663      7274792F 
 663      43686962 
 663      694F532F 
 664 0080 00       		.byte	0
 665 0081 74686972 		.ascii	"third_party/ChibiOS/os/hal/ports/STM32/LLD/QUADSPIv"
 665      645F7061 
 665      7274792F 
 665      43686962 
 665      694F532F 
 666 00b4 32       		.ascii	"2"
 667 00b5 00       		.byte	0
 668 00b6 74686972 		.ascii	"third_party/ChibiOS/os/hal/ports/STM32/LLD/SDMMCv2"
 668      645F7061 
 668      7274792F 
 668      43686962 
 668      694F532F 
ARM GAS  /tmp/ccHDHpB6.s 			page 13


 669 00e8 00       		.byte	0
 670 00e9 74686972 		.ascii	"third_party/ChibiOS/os/hal/ports/STM32/LLD/TIMv1"
 670      645F7061 
 670      7274792F 
 670      43686962 
 670      694F532F 
 671 0119 00       		.byte	0
 672 011a 74686972 		.ascii	"third_party/ChibiOS/os/hal/ports/STM32/LLD/USART"
 672      645F7061 
 672      7274792F 
 672      43686962 
 672      694F532F 
 673 014a 00       		.byte	0
 674 014b 74686972 		.ascii	"third_party/ChibiOS/os/hal/ports/STM32/STM32H7xx"
 674      645F7061 
 674      7274792F 
 674      43686962 
 674      694F532F 
 675 017b 00       		.byte	0
 676 017c 00       		.byte	0
 677 017d 73746D33 		.ascii	"stm32_isr.c\000"
 677      325F6973 
 677      722E6300 
 678 0189 07       		.uleb128 0x7
 679 018a 00       		.uleb128 0
 680 018b 00       		.uleb128 0
 681 018c 73746D33 		.ascii	"stm32_tim8_12_13_14.inc\000"
 681      325F7469 
 681      6D385F31 
 681      325F3133 
 681      5F31342E 
 682 01a4 05       		.uleb128 0x5
 683 01a5 00       		.uleb128 0
 684 01a6 00       		.uleb128 0
 685 01a7 73746D33 		.ascii	"stm32_tim7.inc\000"
 685      325F7469 
 685      6D372E69 
 685      6E6300
 686 01b6 05       		.uleb128 0x5
 687 01b7 00       		.uleb128 0
 688 01b8 00       		.uleb128 0
 689 01b9 73746D33 		.ascii	"stm32_tim6.inc\000"
 689      325F7469 
 689      6D362E69 
 689      6E6300
 690 01c8 05       		.uleb128 0x5
 691 01c9 00       		.uleb128 0
 692 01ca 00       		.uleb128 0
 693 01cb 73746D33 		.ascii	"stm32_tim5.inc\000"
 693      325F7469 
 693      6D352E69 
 693      6E6300
 694 01da 05       		.uleb128 0x5
 695 01db 00       		.uleb128 0
 696 01dc 00       		.uleb128 0
 697 01dd 73746D33 		.ascii	"stm32_tim4.inc\000"
 697      325F7469 
ARM GAS  /tmp/ccHDHpB6.s 			page 14


 697      6D342E69 
 697      6E6300
 698 01ec 05       		.uleb128 0x5
 699 01ed 00       		.uleb128 0
 700 01ee 00       		.uleb128 0
 701 01ef 73746D33 		.ascii	"stm32_tim3.inc\000"
 701      325F7469 
 701      6D332E69 
 701      6E6300
 702 01fe 05       		.uleb128 0x5
 703 01ff 00       		.uleb128 0
 704 0200 00       		.uleb128 0
 705 0201 73746D33 		.ascii	"stm32_tim2.inc\000"
 705      325F7469 
 705      6D322E69 
 705      6E6300
 706 0210 05       		.uleb128 0x5
 707 0211 00       		.uleb128 0
 708 0212 00       		.uleb128 0
 709 0213 73746D33 		.ascii	"stm32_tim1.inc\000"
 709      325F7469 
 709      6D312E69 
 709      6E6300
 710 0222 05       		.uleb128 0x5
 711 0223 00       		.uleb128 0
 712 0224 00       		.uleb128 0
 713 0225 73746D33 		.ascii	"stm32_lpuart1.inc\000"
 713      325F6C70 
 713      75617274 
 713      312E696E 
 713      6300
 714 0237 06       		.uleb128 0x6
 715 0238 00       		.uleb128 0
 716 0239 00       		.uleb128 0
 717 023a 73746D33 		.ascii	"stm32_usart10.inc\000"
 717      325F7573 
 717      61727431 
 717      302E696E 
 717      6300
 718 024c 06       		.uleb128 0x6
 719 024d 00       		.uleb128 0
 720 024e 00       		.uleb128 0
 721 024f 73746D33 		.ascii	"stm32_uart9.inc\000"
 721      325F7561 
 721      7274392E 
 721      696E6300 
 722 025f 06       		.uleb128 0x6
 723 0260 00       		.uleb128 0
 724 0261 00       		.uleb128 0
 725 0262 73746D33 		.ascii	"stm32_uart8.inc\000"
 725      325F7561 
 725      7274382E 
 725      696E6300 
 726 0272 06       		.uleb128 0x6
 727 0273 00       		.uleb128 0
 728 0274 00       		.uleb128 0
 729 0275 73746D33 		.ascii	"stm32_uart7.inc\000"
ARM GAS  /tmp/ccHDHpB6.s 			page 15


 729      325F7561 
 729      7274372E 
 729      696E6300 
 730 0285 06       		.uleb128 0x6
 731 0286 00       		.uleb128 0
 732 0287 00       		.uleb128 0
 733 0288 73746D33 		.ascii	"stm32_usart6.inc\000"
 733      325F7573 
 733      61727436 
 733      2E696E63 
 733      00
 734 0299 06       		.uleb128 0x6
 735 029a 00       		.uleb128 0
 736 029b 00       		.uleb128 0
 737 029c 73746D33 		.ascii	"stm32_uart5.inc\000"
 737      325F7561 
 737      7274352E 
 737      696E6300 
 738 02ac 06       		.uleb128 0x6
 739 02ad 00       		.uleb128 0
 740 02ae 00       		.uleb128 0
 741 02af 73746D33 		.ascii	"stm32_uart4.inc\000"
 741      325F7561 
 741      7274342E 
 741      696E6300 
 742 02bf 06       		.uleb128 0x6
 743 02c0 00       		.uleb128 0
 744 02c1 00       		.uleb128 0
 745 02c2 73746D33 		.ascii	"stm32_usart3.inc\000"
 745      325F7573 
 745      61727433 
 745      2E696E63 
 745      00
 746 02d3 06       		.uleb128 0x6
 747 02d4 00       		.uleb128 0
 748 02d5 00       		.uleb128 0
 749 02d6 73746D33 		.ascii	"stm32_usart2.inc\000"
 749      325F7573 
 749      61727432 
 749      2E696E63 
 749      00
 750 02e7 06       		.uleb128 0x6
 751 02e8 00       		.uleb128 0
 752 02e9 00       		.uleb128 0
 753 02ea 73746D33 		.ascii	"stm32_usart1.inc\000"
 753      325F7573 
 753      61727431 
 753      2E696E63 
 753      00
 754 02fb 06       		.uleb128 0x6
 755 02fc 00       		.uleb128 0
 756 02fd 00       		.uleb128 0
 757 02fe 73746D33 		.ascii	"stm32_sdmmc2.inc\000"
 757      325F7364 
 757      6D6D6332 
 757      2E696E63 
 757      00
ARM GAS  /tmp/ccHDHpB6.s 			page 16


 758 030f 04       		.uleb128 0x4
 759 0310 00       		.uleb128 0
 760 0311 00       		.uleb128 0
 761 0312 73746D33 		.ascii	"stm32_sdmmc1.inc\000"
 761      325F7364 
 761      6D6D6331 
 761      2E696E63 
 761      00
 762 0323 04       		.uleb128 0x4
 763 0324 00       		.uleb128 0
 764 0325 00       		.uleb128 0
 765 0326 73746D33 		.ascii	"stm32_quadspi1.inc\000"
 765      325F7175 
 765      61647370 
 765      69312E69 
 765      6E6300
 766 0339 03       		.uleb128 0x3
 767 033a 00       		.uleb128 0
 768 033b 00       		.uleb128 0
 769 033c 73746D33 		.ascii	"stm32_fdcan2.inc\000"
 769      325F6664 
 769      63616E32 
 769      2E696E63 
 769      00
 770 034d 02       		.uleb128 0x2
 771 034e 00       		.uleb128 0
 772 034f 00       		.uleb128 0
 773 0350 73746D33 		.ascii	"stm32_fdcan1.inc\000"
 773      325F6664 
 773      63616E31 
 773      2E696E63 
 773      00
 774 0361 02       		.uleb128 0x2
 775 0362 00       		.uleb128 0
 776 0363 00       		.uleb128 0
 777 0364 73746D33 		.ascii	"stm32_exti20_21.inc\000"
 777      325F6578 
 777      74693230 
 777      5F32312E 
 777      696E6300 
 778 0378 01       		.uleb128 0x1
 779 0379 00       		.uleb128 0
 780 037a 00       		.uleb128 0
 781 037b 73746D33 		.ascii	"stm32_exti19.inc\000"
 781      325F6578 
 781      74693139 
 781      2E696E63 
 781      00
 782 038c 01       		.uleb128 0x1
 783 038d 00       		.uleb128 0
 784 038e 00       		.uleb128 0
 785 038f 73746D33 		.ascii	"stm32_exti18.inc\000"
 785      325F6578 
 785      74693138 
 785      2E696E63 
 785      00
 786 03a0 01       		.uleb128 0x1
ARM GAS  /tmp/ccHDHpB6.s 			page 17


 787 03a1 00       		.uleb128 0
 788 03a2 00       		.uleb128 0
 789 03a3 73746D33 		.ascii	"stm32_exti17.inc\000"
 789      325F6578 
 789      74693137 
 789      2E696E63 
 789      00
 790 03b4 01       		.uleb128 0x1
 791 03b5 00       		.uleb128 0
 792 03b6 00       		.uleb128 0
 793 03b7 73746D33 		.ascii	"stm32_exti16.inc\000"
 793      325F6578 
 793      74693136 
 793      2E696E63 
 793      00
 794 03c8 01       		.uleb128 0x1
 795 03c9 00       		.uleb128 0
 796 03ca 00       		.uleb128 0
 797 03cb 73746D33 		.ascii	"stm32_exti10_15.inc\000"
 797      325F6578 
 797      74693130 
 797      5F31352E 
 797      696E6300 
 798 03df 01       		.uleb128 0x1
 799 03e0 00       		.uleb128 0
 800 03e1 00       		.uleb128 0
 801 03e2 73746D33 		.ascii	"stm32_exti5_9.inc\000"
 801      325F6578 
 801      7469355F 
 801      392E696E 
 801      6300
 802 03f4 01       		.uleb128 0x1
 803 03f5 00       		.uleb128 0
 804 03f6 00       		.uleb128 0
 805 03f7 73746D33 		.ascii	"stm32_exti4.inc\000"
 805      325F6578 
 805      7469342E 
 805      696E6300 
 806 0407 01       		.uleb128 0x1
 807 0408 00       		.uleb128 0
 808 0409 00       		.uleb128 0
 809 040a 73746D33 		.ascii	"stm32_exti3.inc\000"
 809      325F6578 
 809      7469332E 
 809      696E6300 
 810 041a 01       		.uleb128 0x1
 811 041b 00       		.uleb128 0
 812 041c 00       		.uleb128 0
 813 041d 73746D33 		.ascii	"stm32_exti2.inc\000"
 813      325F6578 
 813      7469322E 
 813      696E6300 
 814 042d 01       		.uleb128 0x1
 815 042e 00       		.uleb128 0
 816 042f 00       		.uleb128 0
 817 0430 73746D33 		.ascii	"stm32_exti1.inc\000"
 817      325F6578 
ARM GAS  /tmp/ccHDHpB6.s 			page 18


 817      7469312E 
 817      696E6300 
 818 0440 01       		.uleb128 0x1
 819 0441 00       		.uleb128 0
 820 0442 00       		.uleb128 0
 821 0443 73746D33 		.ascii	"stm32_exti0.inc\000"
 821      325F6578 
 821      7469302E 
 821      696E6300 
 822 0453 01       		.uleb128 0x1
 823 0454 00       		.uleb128 0
 824 0455 00       		.uleb128 0
 825 0456 00       		.byte	0
 826              	.LELTP0:
 827              	.LELT0:
 828              		.section	.gnu.debuglto_.debug_str,"eMS",%progbits,1
 829              	.LASF74:
 830 0000 65787469 		.ascii	"exti5_9_irq_deinit\000"
 830      355F395F 
 830      6972715F 
 830      6465696E 
 830      697400
 831              	.LASF28:
 832 0013 74696D31 		.ascii	"tim1_irq_deinit\000"
 832      5F697271 
 832      5F646569 
 832      6E697400 
 833              	.LASF26:
 834 0023 74696D32 		.ascii	"tim2_irq_deinit\000"
 834      5F697271 
 834      5F646569 
 834      6E697400 
 835              	.LASF80:
 836 0033 65787469 		.ascii	"exti2_irq_deinit\000"
 836      325F6972 
 836      715F6465 
 836      696E6974 
 836      00
 837              	.LASF50:
 838 0044 75736172 		.ascii	"usart1_irq_deinit\000"
 838      74315F69 
 838      72715F64 
 838      65696E69 
 838      7400
 839              	.LASF27:
 840 0056 74696D32 		.ascii	"tim2_irq_init\000"
 840      5F697271 
 840      5F696E69 
 840      7400
 841              	.LASF17:
 842 0064 74696D37 		.ascii	"tim7_irq_init\000"
 842      5F697271 
 842      5F696E69 
 842      7400
 843              	.LASF65:
 844 0072 65787469 		.ascii	"exti19_irq_init\000"
 844      31395F69 
ARM GAS  /tmp/ccHDHpB6.s 			page 19


 844      72715F69 
 844      6E697400 
 845              	.LASF57:
 846 0082 71756164 		.ascii	"quadspi1_irq_init\000"
 846      73706931 
 846      5F697271 
 846      5F696E69 
 846      7400
 847              	.LASF68:
 848 0094 65787469 		.ascii	"exti17_irq_deinit\000"
 848      31375F69 
 848      72715F64 
 848      65696E69 
 848      7400
 849              	.LASF46:
 850 00a6 75736172 		.ascii	"usart3_irq_deinit\000"
 850      74335F69 
 850      72715F64 
 850      65696E69 
 850      7400
 851              	.LASF81:
 852 00b8 65787469 		.ascii	"exti2_irq_init\000"
 852      325F6972 
 852      715F696E 
 852      697400
 853              	.LASF44:
 854 00c7 75617274 		.ascii	"uart4_irq_deinit\000"
 854      345F6972 
 854      715F6465 
 854      696E6974 
 854      00
 855              	.LASF39:
 856 00d8 75617274 		.ascii	"uart7_irq_init\000"
 856      375F6972 
 856      715F696E 
 856      697400
 857              	.LASF87:
 858 00e7 74686972 		.ascii	"third_party/ChibiOS/os/hal/ports/STM32/STM32H7xx/st"
 858      645F7061 
 858      7274792F 
 858      43686962 
 858      694F532F 
 859 011a 6D33325F 		.ascii	"m32_isr.c\000"
 859      6973722E 
 859      6300
 860              	.LASF42:
 861 0124 75617274 		.ascii	"uart5_irq_deinit\000"
 861      355F6972 
 861      715F6465 
 861      696E6974 
 861      00
 862              	.LASF59:
 863 0135 66646361 		.ascii	"fdcan2_irq_init\000"
 863      6E325F69 
 863      72715F69 
 863      6E697400 
 864              	.LASF82:
ARM GAS  /tmp/ccHDHpB6.s 			page 20


 865 0145 65787469 		.ascii	"exti1_irq_deinit\000"
 865      315F6972 
 865      715F6465 
 865      696E6974 
 865      00
 866              	.LASF47:
 867 0156 75736172 		.ascii	"usart3_irq_init\000"
 867      74335F69 
 867      72715F69 
 867      6E697400 
 868              	.LASF12:
 869 0166 69727144 		.ascii	"irqDeinit\000"
 869      65696E69 
 869      7400
 870              	.LASF70:
 871 0170 65787469 		.ascii	"exti16_irq_deinit\000"
 871      31365F69 
 871      72715F64 
 871      65696E69 
 871      7400
 872              	.LASF86:
 873 0182 474E5520 		.ascii	"GNU C17 10.2.1 20201103 (release) -mcpu=cortex-m7 -"
 873      43313720 
 873      31302E32 
 873      2E312032 
 873      30323031 
 874 01b5 6D746875 		.ascii	"mthumb -mfloat-abi=hard -mfpu=fpv5-d16 -march=armv7"
 874      6D62202D 
 874      6D666C6F 
 874      61742D61 
 874      62693D68 
 875 01e8 652D6D2B 		.ascii	"e-m+fp.dp -ggdb -O2 -fomit-frame-pointer -falign-fu"
 875      66702E64 
 875      70202D67 
 875      67646220 
 875      2D4F3220 
 876 021b 6E637469 		.ascii	"nctions=16 -ffunction-sections -fdata-sections -fno"
 876      6F6E733D 
 876      3136202D 
 876      6666756E 
 876      6374696F 
 877 024e 2D636F6D 		.ascii	"-common -flto\000"
 877      6D6F6E20 
 877      2D666C74 
 877      6F00
 878              	.LASF2:
 879 025c 6C6F6E67 		.ascii	"long double\000"
 879      20646F75 
 879      626C6500 
 880              	.LASF69:
 881 0268 65787469 		.ascii	"exti17_irq_init\000"
 881      31375F69 
 881      72715F69 
 881      6E697400 
 882              	.LASF63:
 883 0278 65787469 		.ascii	"exti20_exti21_irq_init\000"
 883      32305F65 
ARM GAS  /tmp/ccHDHpB6.s 			page 21


 883      78746932 
 883      315F6972 
 883      715F696E 
 884              	.LASF1:
 885 028f 6C6F6E67 		.ascii	"long long int\000"
 885      206C6F6E 
 885      6720696E 
 885      7400
 886              	.LASF32:
 887 029d 75736172 		.ascii	"usart10_irq_deinit\000"
 887      7431305F 
 887      6972715F 
 887      6465696E 
 887      697400
 888              	.LASF75:
 889 02b0 65787469 		.ascii	"exti5_9_irq_init\000"
 889      355F395F 
 889      6972715F 
 889      696E6974 
 889      00
 890              	.LASF30:
 891 02c1 6C707561 		.ascii	"lpuart1_irq_deinit\000"
 891      7274315F 
 891      6972715F 
 891      6465696E 
 891      697400
 892              	.LASF78:
 893 02d4 65787469 		.ascii	"exti3_irq_deinit\000"
 893      335F6972 
 893      715F6465 
 893      696E6974 
 893      00
 894              	.LASF7:
 895 02e5 6C6F6E67 		.ascii	"long int\000"
 895      20696E74 
 895      00
 896              	.LASF66:
 897 02ee 65787469 		.ascii	"exti18_irq_deinit\000"
 897      31385F69 
 897      72715F64 
 897      65696E69 
 897      7400
 898              	.LASF45:
 899 0300 75617274 		.ascii	"uart4_irq_init\000"
 899      345F6972 
 899      715F696E 
 899      697400
 900              	.LASF5:
 901 030f 73686F72 		.ascii	"short int\000"
 901      7420696E 
 901      7400
 902              	.LASF76:
 903 0319 65787469 		.ascii	"exti4_irq_deinit\000"
 903      345F6972 
 903      715F6465 
 903      696E6974 
 903      00
ARM GAS  /tmp/ccHDHpB6.s 			page 22


 904              	.LASF54:
 905 032a 73646D6D 		.ascii	"sdmmc1_irq_deinit\000"
 905      63315F69 
 905      72715F64 
 905      65696E69 
 905      7400
 906              	.LASF89:
 907 033c 56656374 		.ascii	"VectorB0\000"
 907      6F724230 
 907      00
 908              	.LASF48:
 909 0345 75736172 		.ascii	"usart2_irq_deinit\000"
 909      74325F69 
 909      72715F64 
 909      65696E69 
 909      7400
 910              	.LASF64:
 911 0357 65787469 		.ascii	"exti19_irq_deinit\000"
 911      31395F69 
 911      72715F64 
 911      65696E69 
 911      7400
 912              	.LASF52:
 913 0369 73646D6D 		.ascii	"sdmmc2_irq_deinit\000"
 913      63325F69 
 913      72715F64 
 913      65696E69 
 913      7400
 914              	.LASF18:
 915 037b 74696D36 		.ascii	"tim6_irq_deinit\000"
 915      5F697271 
 915      5F646569 
 915      6E697400 
 916              	.LASF60:
 917 038b 66646361 		.ascii	"fdcan1_irq_deinit\000"
 917      6E315F69 
 917      72715F64 
 917      65696E69 
 917      7400
 918              	.LASF4:
 919 039d 756E7369 		.ascii	"unsigned char\000"
 919      676E6564 
 919      20636861 
 919      7200
 920              	.LASF90:
 921 03ab 5F5F6675 		.ascii	"__func__\000"
 921      6E635F5F 
 921      00
 922              	.LASF51:
 923 03b4 75736172 		.ascii	"usart1_irq_init\000"
 923      74315F69 
 923      72715F69 
 923      6E697400 
 924              	.LASF58:
 925 03c4 66646361 		.ascii	"fdcan2_irq_deinit\000"
 925      6E325F69 
 925      72715F64 
ARM GAS  /tmp/ccHDHpB6.s 			page 23


 925      65696E69 
 925      7400
 926              	.LASF25:
 927 03d6 74696D33 		.ascii	"tim3_irq_init\000"
 927      5F697271 
 927      5F696E69 
 927      7400
 928              	.LASF62:
 929 03e4 65787469 		.ascii	"exti20_exti21_irq_deinit\000"
 929      32305F65 
 929      78746932 
 929      315F6972 
 929      715F6465 
 930              	.LASF13:
 931 03fd 69727149 		.ascii	"irqInit\000"
 931      6E697400 
 932              	.LASF35:
 933 0405 75617274 		.ascii	"uart9_irq_init\000"
 933      395F6972 
 933      715F696E 
 933      697400
 934              	.LASF53:
 935 0414 73646D6D 		.ascii	"sdmmc2_irq_init\000"
 935      63325F69 
 935      72715F69 
 935      6E697400 
 936              	.LASF3:
 937 0424 7369676E 		.ascii	"signed char\000"
 937      65642063 
 937      68617200 
 938              	.LASF9:
 939 0430 6C6F6E67 		.ascii	"long long unsigned int\000"
 939      206C6F6E 
 939      6720756E 
 939      7369676E 
 939      65642069 
 940              	.LASF0:
 941 0447 756E7369 		.ascii	"unsigned int\000"
 941      676E6564 
 941      20696E74 
 941      00
 942              	.LASF79:
 943 0454 65787469 		.ascii	"exti3_irq_init\000"
 943      335F6972 
 943      715F696E 
 943      697400
 944              	.LASF24:
 945 0463 74696D33 		.ascii	"tim3_irq_deinit\000"
 945      5F697271 
 945      5F646569 
 945      6E697400 
 946              	.LASF73:
 947 0473 65787469 		.ascii	"exti10_15_irq_init\000"
 947      31305F31 
 947      355F6972 
 947      715F696E 
 947      697400
ARM GAS  /tmp/ccHDHpB6.s 			page 24


 948              	.LASF56:
 949 0486 71756164 		.ascii	"quadspi1_irq_deinit\000"
 949      73706931 
 949      5F697271 
 949      5F646569 
 949      6E697400 
 950              	.LASF6:
 951 049a 73686F72 		.ascii	"short unsigned int\000"
 951      7420756E 
 951      7369676E 
 951      65642069 
 951      6E7400
 952              	.LASF22:
 953 04ad 74696D34 		.ascii	"tim4_irq_deinit\000"
 953      5F697271 
 953      5F646569 
 953      6E697400 
 954              	.LASF10:
 955 04bd 63686172 		.ascii	"char\000"
 955      00
 956              	.LASF88:
 957 04c2 2F686F6D 		.ascii	"/home/ian/Documents/BPRL_flight\000"
 957      652F6961 
 957      6E2F446F 
 957      63756D65 
 957      6E74732F 
 958              	.LASF72:
 959 04e2 65787469 		.ascii	"exti10_15_irq_deinit\000"
 959      31305F31 
 959      355F6972 
 959      715F6465 
 959      696E6974 
 960              	.LASF11:
 961 04f7 5F426F6F 		.ascii	"_Bool\000"
 961      6C00
 962              	.LASF38:
 963 04fd 75617274 		.ascii	"uart7_irq_deinit\000"
 963      375F6972 
 963      715F6465 
 963      696E6974 
 963      00
 964              	.LASF29:
 965 050e 74696D31 		.ascii	"tim1_irq_init\000"
 965      5F697271 
 965      5F696E69 
 965      7400
 966              	.LASF19:
 967 051c 74696D36 		.ascii	"tim6_irq_init\000"
 967      5F697271 
 967      5F696E69 
 967      7400
 968              	.LASF67:
 969 052a 65787469 		.ascii	"exti18_irq_init\000"
 969      31385F69 
 969      72715F69 
 969      6E697400 
 970              	.LASF16:
ARM GAS  /tmp/ccHDHpB6.s 			page 25


 971 053a 74696D37 		.ascii	"tim7_irq_deinit\000"
 971      5F697271 
 971      5F646569 
 971      6E697400 
 972              	.LASF8:
 973 054a 6C6F6E67 		.ascii	"long unsigned int\000"
 973      20756E73 
 973      69676E65 
 973      6420696E 
 973      7400
 974              	.LASF40:
 975 055c 75736172 		.ascii	"usart6_irq_deinit\000"
 975      74365F69 
 975      72715F64 
 975      65696E69 
 975      7400
 976              	.LASF84:
 977 056e 65787469 		.ascii	"exti0_irq_deinit\000"
 977      305F6972 
 977      715F6465 
 977      696E6974 
 977      00
 978              	.LASF83:
 979 057f 65787469 		.ascii	"exti1_irq_init\000"
 979      315F6972 
 979      715F696E 
 979      697400
 980              	.LASF43:
 981 058e 75617274 		.ascii	"uart5_irq_init\000"
 981      355F6972 
 981      715F696E 
 981      697400
 982              	.LASF14:
 983 059d 74696D38 		.ascii	"tim8_tim12_tim13_tim14_irq_deinit\000"
 983      5F74696D 
 983      31325F74 
 983      696D3133 
 983      5F74696D 
 984              	.LASF15:
 985 05bf 74696D38 		.ascii	"tim8_tim12_tim13_tim14_irq_init\000"
 985      5F74696D 
 985      31325F74 
 985      696D3133 
 985      5F74696D 
 986              	.LASF36:
 987 05df 75617274 		.ascii	"uart8_irq_deinit\000"
 987      385F6972 
 987      715F6465 
 987      696E6974 
 987      00
 988              	.LASF41:
 989 05f0 75736172 		.ascii	"usart6_irq_init\000"
 989      74365F69 
 989      72715F69 
 989      6E697400 
 990              	.LASF85:
 991 0600 65787469 		.ascii	"exti0_irq_init\000"
ARM GAS  /tmp/ccHDHpB6.s 			page 26


 991      305F6972 
 991      715F696E 
 991      697400
 992              	.LASF34:
 993 060f 75617274 		.ascii	"uart9_irq_deinit\000"
 993      395F6972 
 993      715F6465 
 993      696E6974 
 993      00
 994              	.LASF61:
 995 0620 66646361 		.ascii	"fdcan1_irq_init\000"
 995      6E315F69 
 995      72715F69 
 995      6E697400 
 996              	.LASF33:
 997 0630 75736172 		.ascii	"usart10_irq_init\000"
 997      7431305F 
 997      6972715F 
 997      696E6974 
 997      00
 998              	.LASF49:
 999 0641 75736172 		.ascii	"usart2_irq_init\000"
 999      74325F69 
 999      72715F69 
 999      6E697400 
 1000              	.LASF23:
 1001 0651 74696D34 		.ascii	"tim4_irq_init\000"
 1001      5F697271 
 1001      5F696E69 
 1001      7400
 1002              	.LASF21:
 1003 065f 74696D35 		.ascii	"tim5_irq_init\000"
 1003      5F697271 
 1003      5F696E69 
 1003      7400
 1004              	.LASF71:
 1005 066d 65787469 		.ascii	"exti16_irq_init\000"
 1005      31365F69 
 1005      72715F69 
 1005      6E697400 
 1006              	.LASF20:
 1007 067d 74696D35 		.ascii	"tim5_irq_deinit\000"
 1007      5F697271 
 1007      5F646569 
 1007      6E697400 
 1008              	.LASF55:
 1009 068d 73646D6D 		.ascii	"sdmmc1_irq_init\000"
 1009      63315F69 
 1009      72715F69 
 1009      6E697400 
 1010              	.LASF77:
 1011 069d 65787469 		.ascii	"exti4_irq_init\000"
 1011      345F6972 
 1011      715F696E 
 1011      697400
 1012              	.LASF31:
 1013 06ac 6C707561 		.ascii	"lpuart1_irq_init\000"
ARM GAS  /tmp/ccHDHpB6.s 			page 27


 1013      7274315F 
 1013      6972715F 
 1013      696E6974 
 1013      00
 1014              	.LASF37:
 1015 06bd 75617274 		.ascii	"uart8_irq_init\000"
 1015      385F6972 
 1015      715F696E 
 1015      697400
 1016              		.text
 1017              		.section	.gnu.lto_.profile.1fc22f5bc908b32,"e",%progbits
 1018 0000 789C6362 		.ascii	"x\234cb\000\001\000\000\022\000\003"
 1018      00010000 
 1018      120003
 1019              		.text
 1020              		.section	.gnu.lto_.icf.1fc22f5bc908b32,"e",%progbits
 1021 0000 789C9362 		.ascii	"x\234\223b@\000\026\206\343\235\027/\2602^Y\274\245"
 1021      40001686 
 1021      E39D172F 
 1021      B0325E59 
 1021      BCA5
 1022 0012 8F97E9F4 		.ascii	"\217\227\351\364\261\217\227X\231W/\275\376\235\217"
 1022      B18F9758 
 1022      99572FBD 
 1022      FE9D8F
 1023 0021 0100A5A2 		.ascii	"\001\000\245\242\014f"
 1023      0C66
 1024              		.text
 1025              		.section	.gnu.lto_.ipa_sra.1fc22f5bc908b32,"e",%progbits
 1026 0000 789C9366 		.ascii	"x\234\223f@\000f\006\006F\030d\202P\314P>\000\005\\"
 1026      40006606 
 1026      06461864 
 1026      8250CC50 
 1026      3E00055C 
 1027 0014 002F     		.ascii	"\000/"
 1028              		.text
 1029              		.section	.gnu.lto_.inline.1fc22f5bc908b32,"e",%progbits
 1030 0000 789C5BC0 		.ascii	"x\234[\300\200\000\314\014\014\234\015\015\015\017\230"
 1030      8000CC0C 
 1030      0C9C0D0D 
 1030      0D0F98
 1031 000f 32181998 		.ascii	"2\030\031\230\030\030\032\201\354:\006\0066 \325\300"
 1031      18181A81 
 1031      EC3A0606 
 1031      3620D5C0 
 1032 001f 94C20412 		.ascii	"\224\302\004\022b`\344\002)d\342\0061Q9L`\275\013\230"
 1032      6260E402 
 1032      2964E206 
 1032      3151394C 
 1032      60BD0B98 
 1033 0033 D371EA65 		.ascii	"\323q\352e\346\001\251F\242\031\330A\322xt\300\214\206"
 1033      E601A946 
 1033      A219D841 
 1033      D27874C0 
 1033      8C86
 1034 0045 500C0064 		.ascii	"P\014\000d\250\027\306"
 1034      A817C6
ARM GAS  /tmp/ccHDHpB6.s 			page 28


 1035              		.text
 1036              		.section	.gnu.lto_.jmpfuncs.1fc22f5bc908b32,"e",%progbits
 1037 0000 789C6D8D 		.ascii	"x\234m\215A\012\2000\014\004w\323B\351\311\017\364\325"
 1037      410A8030 
 1037      0C0477D3 
 1037      42E9C90F 
 1037      F4D5
 1038 0012 BEC1830F 		.ascii	"\276\301\203\017P\361\330w\025!\266\251b\017\006\222"
 1038      50F1D877 
 1038      1521B6A9 
 1038      620F0692 
 1039 0022 C030D964 		.ascii	"\3000\331d|\345\332\020\267\326\315\354\211\332\227"
 1039      7CE5DA10 
 1039      B7D6CDEC 
 1039      89DA97
 1040 0031 AA4E94D9 		.ascii	"\252N\224\331-\016d_\332\330\277\307\215\334)\200\267"
 1040      2D0E645F 
 1040      DAD8BFC7 
 1040      8DDC2980 
 1040      B7
 1041 0042 13329991 		.ascii	"\0232\231\221\232\205\007\005C\301\320\253\225\236T"
 1041      9A850705 
 1041      43C1D0AB 
 1041      959E54
 1042 0051 308AD158 		.ascii	"0\212\321X4T_\211\360\340\030'<9\236\341\006I\317(n"
 1042      34545F89 
 1042      F0E01827 
 1042      3C399EE1 
 1042      0649CF28 
 1043              		.text
 1044              		.section	.gnu.lto_.pureconst.1fc22f5bc908b32,"e",%progbits
 1045 0000 789CE362 		.ascii	"x\234\343b```f\230\301\3024\203\205y\006\013\000\011"
 1045      60606066 
 1045      98C1C234 
 1045      83857906 
 1045      0B0009
 1046 0013 E501E7   		.ascii	"\345\001\347"
 1047              		.text
 1048              		.section	.gnu.lto_.lto.1fc22f5bc908b32,"e",%progbits
 1049 0000 09000200 		.ascii	"\011\000\002\000\001\000\000\000"
 1049      01000000 
 1050              		.text
 1051              		.section	.gnu.lto_VectorB0.492.1fc22f5bc908b32,"e",%progbits
 1052 0000 789C6D90 		.ascii	"x\234m\220\317KBA\020\307gv\236\366\343\257\220\244"
 1052      CF4B4241 
 1052      10C76776 
 1052      9EF6E3AF 
 1052      90A4
 1053 0012 439796F4 		.ascii	"C\227\226\364\037\220\362R(Ez\0151\263\336\206\317'"
 1053      1F90F252 
 1053      28457A0D 
 1053      31B3DE86 
 1053      CF27
 1054 0024 FA0A3AB9 		.ascii	"\372\012:\271\226t\360\220\251\267(\017\361\010o\035"
 1054      9674F090 
 1054      A9B7280F 
 1054      F1086F1D 
ARM GAS  /tmp/ccHDHpB6.s 			page 29


 1055 0034 22AA43E1 		.ascii	"\"\252C\341-\350\022\364\027D\324\245S\004A\207\240"
 1055      2DE812F4 
 1055      1744D4A5 
 1055      53044187 
 1055      A0
 1056 0045 F63D8D4C 		.ascii	"\366=\215L\\\230\335\3712\263\337\0173\353\010\220\002"
 1056      5C98DDF9 
 1056      32B3DF0F 
 1056      33EB0890 
 1056      02
 1057 0056 00BF0A24 		.ascii	"\000\277\012$\300z\255\302@J\031\032bX\252UF\360\034"
 1057      C07AADC2 
 1057      404A191A 
 1057      6258AA55 
 1057      46F01C
 1058 0069 5D855064 		.ascii	"]\205PdX\304\006M(\371\371R\277\367\313V\033m\002h\252"
 1058      58C4064D 
 1058      28F9F952 
 1058      BFF7CB56 
 1058      1B6D0268 
 1059 007e E81EEFAF 		.ascii	"\350\036\357\257R\246\330\"8}\360\264\345\327wU\312"
 1059      52A6D822 
 1059      387DF0B4 
 1059      E5D77755 
 1059      CA
 1060 008f 8F67DC1B 		.ascii	"\217g\334\033W\345*9\346RC\331\006\330'\326\021%%^Q"
 1060      57E52A39 
 1060      E65243D9 
 1060      06D827D6 
 1060      1125255E 
 1061 00a4 3E9DDDA2 		.ascii	">\235\335\242\363\216\365_oX\366A\031\231M\330$\345"
 1061      F38EF55F 
 1061      6F58F641 
 1061      19994DD8 
 1061      24E5
 1062 00b6 7D485827 		.ascii	"}HX'\233\030:Y\031\275*U4G\234\240f\023\341%\342\005"
 1062      9B183A59 
 1062      19BD2A55 
 1062      34479CA0 
 1062      6613E125 
 1063 00cc AA1FBB52 		.ascii	"\252\037\273R\016;}W\250\346\260Is\354\216\227\\V\343"
 1063      0E3B7D57 
 1063      A8E6B049 
 1063      73EC8E97 
 1063      5C56E3
 1064 00df 0E95EF4E 		.ascii	"\016\225\357N\327\327\323$\006`\223\327\255\035\214"
 1064      D7D7D324 
 1064      066093D7 
 1064      AD1D8C
 1065 00ee 0EE07600 		.ascii	"\016\340v\000\203h\327}\264\233\036\332\3771zpZ\007"
 1065      8368D77D 
 1065      B49B1EDA 
 1065      FF317A70 
 1065      5A07
 1066 0100 F78EDB8F 		.ascii	"\367\216\333\217Gs\356\366\252\204\177\273\001\360q"
 1066      4773EEF6 
 1066      AA847FBB 
ARM GAS  /tmp/ccHDHpB6.s 			page 30


 1066      01F071
 1067 010f DD34D25C 		.ascii	"\3354\322\\$\263<l\2466\214t\326*\360\351\205\305Hb"
 1067      24B33C6C 
 1067      A6368C74 
 1067      D62AF0E9 
 1067      85C54862 
 1068 0123 3523D674 		.ascii	"5#\326t\013B\226.\362+\211\\2om\361\031],\213\371\030"
 1068      0B42962E 
 1068      F22B895C 
 1068      326F6DF1 
 1068      195D2C8B 
 1069 0139 370B5C4F 		.ascii	"7\013\\Ofx\316\314\253\356X<\032\014\360H$\314\343\263"
 1069      6678CECC 
 1069      ABEE583C 
 1069      1A0CF048 
 1069      24CCE3B3 
 1070 014d D1CD295E 		.ascii	"\321\315)^\260\214` a\011#0)\262)\370\001y\243\214q"
 1070      B08C6020 
 1070      61092330 
 1070      29B229F8 
 1070      0179A38C 
 1071              		.text
 1072              		.section	.gnu.lto_irqInit.505.1fc22f5bc908b32,"e",%progbits
 1073 0000 789CAD95 		.ascii	"x\234\255\225KL\023A\030\200g\272 \251G\316\232\220"
 1073      4B4C1341 
 1073      188067BA 
 1073      20A947CE 
 1073      9A90
 1074 0012 78F2C2F6 		.ascii	"x\362\302\366Ay\034L(-\204F\252H!\361\266\251<\354&"
 1074      41791C4C 
 1074      282D8446 
 1074      AA4821F1 
 1074      B6A93CEC 
 1075 0027 F4212D04 		.ascii	"\364!-\004O\254U/\034Dj\202\007\011\206\322\032M\250"
 1075      4FAC552F 
 1075      1C446A82 
 1075      070986D2 
 1075      1A4DA8
 1076 003a 869A8A1C 		.ascii	"\206\232\212\034\010\265>\270\030\214E$FA(\020#\001"
 1076      08B53EB8 
 1076      188C4524 
 1076      46412810 
 1076      2301
 1077 004c 852A410D 		.ascii	"\205*A\015\004\367\325\0168\027\313t\223v\366\337o\346"
 1077      04F7D50E 
 1077      3817CB74 
 1077      9376F6DF 
 1077      6FE6
 1078 005e 9B7F67FE 		.ascii	"\233\177g\376\335\255\314\005`^\011\300\011\000\000"
 1078      DDADCC05 
 1078      605E09C0 
 1078      090000
 1079 006d A400F4F5 		.ascii	"\244\000\364\365v+\000\307q\345y\012x\245\267[\011#"
 1079      762B00C7 
 1079      71E5790A 
 1079      78A5B75B 
 1079      0923
ARM GAS  /tmp/ccHDHpB6.s 			page 31


 1080 007f 508C20E8 		.ascii	"P\214 \350R\300.x\213:\311\207\277V|\363\317!w?\012"
 1080      52C02E78 
 1080      8B3AC987 
 1080      BF567CF3 
 1080      CF21773F 
 1081 0094 03140003 		.ascii	"\003\024\000\003\374O>\216\310\021\354\247\240x\016"
 1081      FC4F3E8E 
 1081      C811ECA7 
 1081      A0780E
 1082 00a3 E1130884 		.ascii	"\341\023\010\204@\0305\245\001\274\216\277(\364\203"
 1082      401835A5 
 1082      01BC8EBF 
 1082      28F483
 1083 00b2 A322837C 		.ascii	"\243\"\203|\357G\361\334(\267\263\327\303q\333\307\207"
 1083      EF47F1DC 
 1083      28B7B3D7 
 1083      C371DBC7 
 1083      87
 1084 00c3 FBC3CA1C 		.ascii	"\373\303\312\034\000z(!\011.\007rQ\000nR\012)\270\312"
 1084      007A2821 
 1084      092E0772 
 1084      51006E52 
 1084      0A29B8CA 
 1085 00d7 07AB904B 		.ascii	"\007\253\220K\274\235\204B\373#xc~D)]\332\316\025\232"
 1085      BC9D8442 
 1085      FB237863 
 1085      7E44295D 
 1085      DACE159A 
 1086 00eb 64C8375E 		.ascii	"d\3107^\303\317!\322\221>\214\372\021\035\037\300h\030"
 1086      C3CF21D2 
 1086      913E8CFA 
 1086      111D1FC0 
 1086      6818
 1087 00fd D1AFF730 		.ascii	"\321\257\3670\032Ct\353!F\343\210\016\216b4\201hd\002"
 1087      1A4374EB 
 1087      2146E388 
 1087      0E8E6234 
 1087      81686402 
 1088 0111 A3494437 		.ascii	"\243ID7'\027\357\364\301\203\330;\201\324\357p\354C"
 1088      2717EFF4 
 1088      C183D83B 
 1088      81D4EF70 
 1088      EC43
 1089 0123 78E4138E 		.ascii	"x\344\023\216\375\010/.\3438\214\360\346\032\216\343"
 1089      FD082F2E 
 1089      E3388CF0 
 1089      E61A8EE3 
 1090 0133 0887B69E 		.ascii	"\010\207\266\236--\344K8R%\337\327>\371.\216\275oE\274"
 1090      2D2DE44B 
 1090      385225DF 
 1090      D73EF92E 
 1090      8EBD6F45 
 1091 0148 01AF1780 		.ascii	"\001\257\027\200kP\021\240\370\315W\000\340\243\002"
 1091      6B5011A0 
 1091      F8CD5700 
 1091      E0A302
 1092 0157 9402FE91 		.ascii	"\224\002\376\221[e\200\242\304Q}G\245\305}\031\303D"
ARM GAS  /tmp/ccHDHpB6.s 			page 32


 1092      5B6580A2 
 1092      C4517D47 
 1092      A5C57D19 
 1092      C344
 1093 0169 BEE9F43C 		.ascii	"\276\351\364<cS8\366#\274\376\036\3071\204\007?\373"
 1093      635338F6 
 1093      23BCFE1E 
 1093      C7318407 
 1093      3FFB
 1094 017b BFA5F0AE 		.ascii	"\277\245\360\256\214\343\010\007\277\370W\027\362\371"
 1094      8CE30807 
 1094      BFF85717 
 1094      F2F9
 1095 0189 D2143BCC 		.ascii	"\322\024;\314\276R\302\247\377\246/@)\361cR\223'\347"
 1095      BE52C2A7 
 1095      FFA62F40 
 1095      29F16352 
 1095      9327E7
 1096 019c 9F1C4E4C 		.ascii	"\237\034NL\347\244D\017\276\013\"i\236\217\362<I4Oh"
 1096      E7A4440F 
 1096      BE0B2269 
 1096      9E8FF23C 
 1096      49344F68 
 1097 01b0 1BC7DE19 		.ascii	"\033\307\336\031\264\217{8\366!\034\231\034\302\260"
 1097      B48F7B38 
 1097      F6211C99 
 1097      1CC2B0
 1098 01bf 1FE1B137 		.ascii	"\037\341\26178\016#<>;\364xQ\306s\247\345%@8\270\274"
 1098      380E233C 
 1098      3E3BF478 
 1098      51C673A7 
 1098      E5254038 
 1099 01d5 74375505 		.ascii	"t7U\005\267S\333\274/\2655\034'\367\311\177\342\330"
 1099      B753DBBC 
 1099      2FB5351C 
 1099      27F7C97F 
 1099      E2D8
 1100 01e7 3B8B1EAB 		.ascii	";\213\036\253\035\034\373\020\336|\261\214a?\302\277"
 1100      1D1CFB10 
 1100      DE7CB18C 
 1100      613FC2BF 
 1101 01f7 5FE3388C 		.ascii	"_\3438\214pp\006\3071\204Cs8\216#\034Y\301q\002\341"
 1101      707006C7 
 1101      31844373 
 1101      388E231C 
 1101      59C17102 
 1102 020c F1751C27 		.ascii	"\361u\034'\021^\337:\200\223\320\2731\354\375 \226\203"
 1102      115EDF3A 
 1102      8093D0BB 
 1102      31ECFD20 
 1102      9683
 1103 021e 70F45050 		.ascii	"p\364PPz\203y\243BX@\333\234\366f\232\265:h\243\263"
 1103      7A8379A3 
 1103      425840DB 
 1103      9CF6669A 
 1103      B53A68A3 
 1104 0233 B1DDDEEC 		.ascii	"\261\335\336\354\360\270\351\212\332\272\032\246\245"
ARM GAS  /tmp/ccHDHpB6.s 			page 33


 1104      F0B8E98A 
 1104      DABA1AA6 
 1104      A5
 1105 0240 95BD68F3 		.ascii	"\225\275h\363\200S\036\033\333\326\304\270\254m\236"
 1105      80531E1B 
 1105      DBD6C4B8 
 1105      AC6D9E
 1106 024f CBB4C1C6 		.ascii	"\313\264\301\306^`\317Zh\247\233\266Y[i\227\263\215"
 1106      5E60CF5A 
 1106      68A79BB6 
 1106      595B6997 
 1106      B38D
 1107 0261 EF6DA937 		.ascii	"\357m\2517k5\322\177uIg'\355\366\330\265\032\206u\267"
 1107      6B35D27F 
 1107      75496727 
 1107      EDF6D8B5 
 1107      1A8675B7 
 1108 0275 1536828A 		.ascii	"\0256\202\212\377\034]Sc\244+\317\327\233:\324\362\360"
 1108      FF1C5D53 
 1108      63A42BCF 
 1108      D79B3AD4 
 1108      F2F0
 1109 0287 E64E0FAB 		.ascii	"\346N\017\253*d\035\204\0125\271BC\256\320\222+\212"
 1109      2A641D84 
 1109      0A35B942 
 1109      43AED092 
 1109      2B8A
 1110 0299 44859144 		.ascii	"D\205\221D\241c\312DI\025\321\202\252\030\265N\324\030"
 1110      A163CA44 
 1110      4915D182 
 1110      AA18B54E 
 1110      D418
 1111 02ab 8834C559 		.ascii	"\2104\305Yp\224d\301Q\232\005G\026\226U\243b4\352\214"
 1111      709464C1 
 1111      519A0547 
 1111      169655A3 
 1111      6234EA8C 
 1112 02bf B7B8CA68 		.ascii	"\267\270\312h\320\237I{Z\232\032\255\216\254H\244\222"
 1112      D09F497B 
 1112      5A9A1AAD 
 1112      8EAC48A4 
 1112      92
 1113 02d0 AFCE4072 		.ascii	"\257\316@r\256Ao\264\324\232:4\262\346R\273\265\311"
 1113      AE416FB4 
 1113      D49A3A34 
 1113      B2E652BB 
 1113      B5C9
 1114 02e2 ED6233CF 		.ascii	"\355b3\317\306b4\233\015i\215\273\311no\314\212D\272"
 1114      C662349B 
 1114      0D698DBB 
 1114      C96E6FCC 
 1114      8A44BA
 1115 02f5 A5F20C24 		.ascii	"\245\362\014$\365&szU<\254]M* \316@K*(\"\025\350H\005"
 1115      F526737A 
 1115      553CAC5D 
 1115      4D2A20CE 
 1115      404B2A28 
ARM GAS  /tmp/ccHDHpB6.s 			page 34


 1116 030e C5A402E9 		.ascii	"\305\244\002\351\2217\035^P\312\2505\214Z\313\250\213"
 1116      91371D5E 
 1116      50CAA835 
 1116      8C5ACBA8 
 1116      8B
 1117 031f 327E2737 		.ascii	"2~'7X\364u\365\262\251\335\315\217\310\374\343\202)"
 1117      58F475F5 
 1117      B2A9DDCD 
 1117      8FC8FCE3 
 1117      8229
 1118 0331 32FFB860 		.ascii	"2\377\270`\012\251,\364\207U\360\003\212\210\015:\362"
 1118      0AA92CF4 
 1118      8755F003 
 1118      8A880D3A 
 1118      F2
 1119 0342 DB28264E 		.ascii	"\333(&N\242\204\330PJl(\313\370s\202W\225\212\310\321"
 1119      A284D850 
 1119      4A6C28CB 
 1119      F8738257 
 1119      958AC8D1 
 1120 0356 EA6A4F97 		.ascii	"\352jO\227\346_\251\373\272z"
 1120      E65FA9FB 
 1120      BA7A
 1121              		.text
 1122              		.section	.gnu.lto_irqDeinit.506.1fc22f5bc908b32,"e",%progbits
 1123 0000 789CAD95 		.ascii	"x\234\255\225_LRQ\030\300\317\341j\215\365\346s\017"
 1123      5F4C5251 
 1123      18C0CFE1 
 1123      6A8DF5E6 
 1123      730F
 1124 0012 6E3DB535 		.ascii	"n=\2655\257\200\212>\264\211\220\351\246f\202[ow\004"
 1124      AF808A3E 
 1124      B48990E9 
 1124      A666825B 
 1124      6F7704
 1125 0025 1A771334 		.ascii	"\032w\0234\001gO^\321'\0372q\363\245f\203\260\325\246"
 1125      01674F5E 
 1125      D1271F32 
 1125      71F3A566 
 1125      83B0D5A6 
 1126 0039 3670A46E 		.ascii	"6p\244nY\316e>\324r\261\376<\224\251\250s\226\226`\014"
 1126      59CE653E 
 1126      D472B1FE 
 1126      3C94A9A8 
 1126      73969660 
 1127 004e 7336BB7F 		.ascii	"s6\273\177\200\203\235\227\360p7\270|\367w\316\357|"
 1127      80839D97 
 1127      F07037B8 
 1127      7CF777CE 
 1127      EF7C
 1128 0060 E79C8F7B 		.ascii	"\347\234\217{\324\271\000|\225\003p\016\000\000)\000"
 1128      D4B9007C 
 1128      9503700E 
 1128      00002900 
 1129 0070 DD037D32 		.ascii	"\335\003}2\300q\\\371i\031\354\036\350\223\303 \024"
 1129      C0715CF9 
 1129      6919EC1E 
ARM GAS  /tmp/ccHDHpB6.s 			page 35


 1129      E893C320 
 1129      14
 1130 0081 2308BA64 		.ascii	"#\010\272d\260\013\016R\347\371p\177\303\2758\017\271"
 1130      B00B0E52 
 1130      E7F9707F 
 1130      C3BD380F 
 1130      B9
 1131 0092 47B3D047 		.ascii	"G\263\320G\0010\314\177\022\327\251D\004\357QP\374\015"
 1131      0130CC7F 
 1131      12D7A944 
 1131      04EF5150 
 1131      FC0D
 1132 00a4 E1530884 		.ascii	"\341S\010\204\200\3575\265\240\002\274\216\177(\264"
 1132      80EF35B5 
 1132      A002BC8E 
 1132      7F28B4
 1133 00b3 83932283 		.ascii	"\203\223\"\203|\353'\241\334Y\356\360\250\237\343\216"
 1133      7CEB27A1 
 1133      DC59EEF0 
 1133      A89FE38E 
 1134 00c3 2E8C3FFB 		.ascii	".\214?\373!\317\001\240\237\022\222\340r 7\013\300\035"
 1134      21CF01A0 
 1134      9F1292E0 
 1134      7220370B 
 1134      C01D
 1135 00d5 4A26053D 		.ascii	"J&\005=|\360\015r\341\211\327P\270\357\215\334>\360"
 1135      7CF00D72 
 1135      E189D750 
 1135      B8EF8DDC 
 1135      3EF0
 1136 00e7 CBA54783 		.ascii	"\313\245G\203\225\302-:\346\375\\\303\217!R\377\020"
 1136      95C22D3A 
 1136      E6FD5CC3 
 1136      8F2152FF 
 1136      10
 1137 00f8 460388CE 		.ascii	"F\003\210\316\014ct\016\321\255\207\030\015!\032\033"
 1137      0C63740E 
 1137      D1AD8718 
 1137      0D211A1B 
 1138 0108 C7681851 		.ascii	"\307h\030Q\317$F\243\210\006_`\324\265\224\242\221\005"
 1138      CF2446A3 
 1138      88065F60 
 1138      D4B594A2 
 1138      9105
 1139 011a CFFD2178 		.ascii	"\317\375!x\034\273\021\366\274\307\261\027a\377\027"
 1139      1CBB11F6 
 1139      BCC7B117 
 1139      61FF17
 1140 0129 1C07105E 		.ascii	"\034\007\020^]\307\361\\\332\330\3338\016#<\026\353"
 1140      5DC7F15C 
 1140      DAD8DB38 
 1140      0E233C16 
 1140      EB
 1141 013a DE5CC993 		.ascii	"\336\\\311\223\360\273\344\274\322\344\177p\354^\026"
 1141      F0BBE4BC 
 1141      D2E47F70 
 1141      EC5E16
ARM GAS  /tmp/ccHDHpB6.s 			page 36


 1142 0149 F12EECCD 		.ascii	"\361.\354\315\007\275P\346\243\370\315\227\001\340\246"
 1142      07BD50E6 
 1142      A3F8CD97 
 1142      01E0A6
 1143 0158 7C940C1E 		.ascii	"|\224\014\036\000\037E\211\315\367\317H\253:\357\302"
 1143      001F4589 
 1143      CDF7CF48 
 1143      AB3AEFC2 
 1144 0168 0CDE486A 		.ascii	"\014\336Hj\200\351\2678\016 \274\363\021\307!\204=\313"
 1144      80E9B738 
 1144      0E20BCF3 
 1144      11C72184 
 1144      3DCB
 1145 017a AE6812DF 		.ascii	"\256h\022\337\275\234\230\034\302#\233\341\357+y|M\212"
 1145      BD9C981C 
 1145      C2239BE1 
 1145      EF2B797C 
 1145      4D8A
 1146 018c 0DF65EC9 		.ascii	"\015\366^\311\341\324\277y\013P\312\374l\"\361\350h"
 1146      E1D4BF79 
 1146      0B50CAFC 
 1146      6C22F1E8 
 1146      68
 1147 019d 34929334 		.ascii	"4\222\2234<\376)\030\244\001\342\311\215\335C\253\027"
 1147      3CFE2918 
 1147      A401E2C9 
 1147      8DDD43AB 
 1147      17
 1148 01ae C7B11B61 		.ascii	"\307\261\033a\377\021\216\275\010\007\027\3260\034@"
 1148      FF118EBD 
 1148      080717D6 
 1148      301C40
 1149 01bd 787A11C7 		.ascii	"xz\021\307s\010\317|\352y\276\232\234{]b\356\010\217"
 1149      7308CF7C 
 1149      EA79BE9A 
 1149      9C7B5D62 
 1149      EE088F
 1150 01d0 AC3F584B 		.ascii	"\254?XK\366\236HnlZj\3338v\305\220\374\027\216\335\010"
 1150      F69E486E 
 1150      6C5A6ADB 
 1150      3876C590 
 1150      FC178EDD 
 1151 01e5 6F1DE2D8 		.ascii	"o\035\342\330\213p\344\245\017\303\001\204\177\277\301"
 1151      8B70E4A5 
 1151      0FC30184 
 1151      7FBFC1
 1152 01f4 F11CC223 		.ascii	"\361\034\302#\037p\034Bxl\011\307a\204\203\0338\216"
 1152      1F701C42 
 1152      786C09C7 
 1152      6184831B 
 1152      388E
 1153 0206 A64D6C07 		.ascii	"\246Ml\007\307\2568\252\267\3301\034\205\256\335Qw\\"
 1153      C7AE38AA 
 1153      B7D8311C 
 1153      85AEDD51 
 1153      775C
 1154 0218 2C07E1EA 		.ascii	",\007\341\352\247\240\364\316r\315\012a>mi\2656\321"
ARM GAS  /tmp/ccHDHpB6.s 			page 37


 1154      A7A0F4CE 
 1154      72CD0A61 
 1154      3E6D69B5 
 1154      36D1
 1155 022a ACD146EB 		.ascii	"\254\321F\353ZMNk\223\315a\247+\352\033j\230\346\026"
 1155      5A4D4E6B 
 1155      93CD61A7 
 1155      2BEA1B6A 
 1155      98E616
 1156 023d F686C501 		.ascii	"\366\206\305\001.:,l\273\231i3\266;n\321Z\013{\235\275"
 1156      2E3A2C6C 
 1156      BB996933 
 1156      B63B6ED1 
 1156      5A0B7B9D 
 1157 0252 A2A75BED 		.ascii	"\242\247[\355\264\305\330B\267\265\266\363\255\365\206"
 1157      B4C5D842 
 1157      B7B5B6F3 
 1157      ADF586
 1158 0261 5A9552FA 		.ascii	"Z\225R\372\256Rwv\322v\207U\245dX{{\201\011T\374g\357"
 1158      AE527776 
 1158      D2768755 
 1158      A564587B 
 1158      7B810954 
 1159 0278 9A1A1D7D 		.ascii	"\232\032\035}\351\232\241\272C\221\350\336\324\351`"
 1159      E99AA1BA 
 1159      4391E8DE 
 1159      D4E960
 1160 0287 0B0B581B 		.ascii	"\013\013X\033\241BA\256P\222+T\344\212\"Q\241#Q\024"
 1160      A14241AE 
 1160      50922B54 
 1160      E48A2251 
 1160      A1235114 
 1161 029b 3365A2A4 		.ascii	"3e\242\244\222hA\013\031E\261\250\321\022iJ\262\340"
 1161      9268410B 
 1161      1945B1A8 
 1161      D112694A 
 1161      B2E0
 1162 02ad 5067C151 		.ascii	"Pg\301Q\232\005G\026\226UY\310(\025\031oq\245N\253\251"
 1162      9A054716 
 1162      965559C8 
 1162      2815196F 
 1162      71A54EAB 
 1163 02c2 4B799ACD 		.ascii	"Ky\232\315&\243-+\022\251\344\2532\220\\m\324\350\364"
 1163      26A32D2B 
 1163      12A9E4AB 
 1163      32905C6D 
 1163      D4E8F4
 1164 02d5 F5D51DCA 		.ascii	"\365\325\035\312\204\346\246\323h\266\267\261\231g\243"
 1164      84E6A6D3 
 1164      68B6B7B1 
 1164      9967A3
 1165 02e4 D7D5D66A 		.ascii	"\327\325\326jS\032\273\331j5eE\"M\251<\003\211\241\272"
 1165      531ABBD9 
 1165      6A356545 
 1165      224DA93C 
 1165      0389A1BA 
 1166 02f8 36B52A0E 		.ascii	"6\265*\016\326\252 \025\020g\240\"\025\024\221\012\212"
ARM GAS  /tmp/ccHDHpB6.s 			page 38


 1166      D6AA2015 
 1166      1067A022 
 1166      1514910A 
 1166      8A
 1167 0309 490525A4 		.ascii	"I\005%\244\002\351/_}rA)\243P2\012\025\243(\312\370"
 1167      02E92F5F 
 1167      7D724129 
 1167      A350320A 
 1167      15A328CA 
 1168 031e 9DDCA8D7 		.ascii	"\235\334\250\3274\030\022&\247\235\357\221\371\341\202"
 1168      34181226 
 1168      A79DEF91 
 1168      F9E182
 1169 032d 29323F5C 		.ascii	")2?\\0\205T\026\232\223*\370\016E\304\206b\362i\224"
 1169      30855416 
 1169      9A932AF8 
 1169      0E45C486 
 1169      62F26994 
 1170 0341 1027A126 		.ascii	"\020'\241&6\224\022\033\3122>N\360\252*$r\264\2649S"
 1170      3694121B 
 1170      CA323E4E 
 1170      F0AA2A24 
 1170      72B4B439 
 1171 0356 A5F91758 		.ascii	"\245\371\027X\237\300\261"
 1171      9FC0B1
 1172              		.text
 1173              		.section	.gnu.lto_.symbol_nodes.1fc22f5bc908b32,"e",%progbits
 1174 0000 789C75CF 		.ascii	"x\234u\317\313\015\0021\014E\321\347\274|\006\032`\231"
 1174      CB0D0231 
 1174      0C45D1E7 
 1174      BC7C061A 
 1174      6099
 1175 0012 5E288546 		.ascii	"^(\205F\234\221(`\212\230*X\263\246\022\032\340;\020"
 1175      9C912860 
 1175      8A982A58 
 1175      B3A6121A 
 1175      E03B10
 1176 0025 120D2B7B 		.ascii	"\022\015+{u\225c\311\312A\000\270+\025\345;^\246\013"
 1176      759563C9 
 1176      CA4100B8 
 1176      2B15E53B 
 1176      5EA60B
 1177 0038 A0C0A98C 		.ascii	"\240\300\251\214\202J@x\022e\017\320\335\250bm\271;"
 1177      824A4078 
 1177      12650FD0 
 1177      DDA8626D 
 1177      B93B
 1178 004a D559280B 		.ascii	"\325Y(\013\225K\237\374[@\275WU\336To\331\213\032,{"
 1178      954B9FFC 
 1178      5B40BD57 
 1178      55DE546F 
 1178      D98B1A2C 
 1179 005f 50A365C5 		.ascii	"P\243e\305k\262l\364:\030F\244\366\205\263\020\261\345"
 1179      6BB26CF4 
 1179      3A1846A4 
 1179      F685B310 
 1179      B1E5
ARM GAS  /tmp/ccHDHpB6.s 			page 39


 1180 0071 1C89D0F2 		.ascii	"\034\211\320\362\230\010\337sK7\364\334\3753\223\233"
 1180      9808DF73 
 1180      4B37F4DC 
 1180      FD33939B 
 1181 0081 F575CD8C 		.ascii	"\365u\315\214\017x\304v\363"
 1181      0F78C476 
 1181      F3
 1182              		.text
 1183              		.section	.gnu.lto_.refs.1fc22f5bc908b32,"e",%progbits
 1184 0000 789CE366 		.ascii	"x\234\343f```b`bd\003b\036\006\006\000\001@\000&"
 1184      60606062 
 1184      60626403 
 1184      621E0606 
 1184      00014000 
 1185              		.text
 1186              		.section	.gnu.lto_.decls.1fc22f5bc908b32,"e",%progbits
 1187 0000 789CA554 		.ascii	"x\234\245Tkl\024U\024\276\347\316lwv(\264b\221\037&"
 1187      6B6C1455 
 1187      14BEE7CE 
 1187      6C777628 
 1187      B462911F 
 1188 0015 B892189A 		.ascii	"\270\222\030\232(\335\262\0154&\232T@\224@\221\000\232"
 1188      28DDB20D 
 1188      34269A54 
 1188      40944091 
 1188      009A
 1189 0027 E89FB1DD 		.ascii	"\350\237\261\335\031\330M\272\273u\273m\252\211\311"
 1189      19D84DBA 
 1189      BB75BB6D 
 1189      AA89C9
 1190 0036 85820511 		.ascii	"\205\202\005\021X\010\232\032 ]b\010\317H\001\225J\221"
 1190      58089A1A 
 1190      205D6208 
 1190      CF480195 
 1190      4A91
 1191 0048 6E8B402D 		.ascii	"n\213@-\024Z)\320\326R(\010./\251\244T\024\004\317\235"
 1191      145A29D0 
 1191      D6522808 
 1191      2E2FA9A4 
 1191      541404CF 
 1192 005d 999D2DA4 		.ascii	"\231\235-\244D\215w\367\334\271s\346\373\276s\316}\225"
 1192      448D77F7 
 1192      DCB973E6 
 1192      FBBE73CE 
 1192      7D95
 1193 006f DA0969A5 		.ascii	"\332\011i\245\2048\201\220\007\330DBH\033\032\272H\003"
 1193      84388190 
 1193      07D84442 
 1193      481B1ABA 
 1193      4803
 1194 0081 DA116234 		.ascii	"\332\021b4\007\332q\264V\264\037\321\332\321:\321~B"
 1194      07DA71B4 
 1194      56B41FD1 
 1194      DAD13AD1 
 1194      7E42
 1195 0093 3B8B7601 		.ascii	";\213v\001\3552\032\312\220\253\344\341\266\001\235"
 1195      ED321ACA 
ARM GAS  /tmp/ccHDHpB6.s 			page 40


 1195      90ABE4E1 
 1195      B6019D
 1196 00a2 188678D1 		.ascii	"\030\206x\321\256\231\2721\264\016\264\353h-&\316f\306"
 1196      AE99BA31 
 1196      B40EB4EB 
 1196      682D26CE 
 1196      66C6
 1197 00b4 386BEA76 		.ascii	"8k\352v\232q\206\322\334\210N\321\324\274a\346\331k"
 1197      9A7186D2 
 1197      DC884ED1 
 1197      D4BC61E6 
 1197      D96B
 1198 00c6 7E13CC3C 		.ascii	"~\023\314<o\232y=\3326\015\342\366\231\334K\203\270"
 1198      6F9A793D 
 1198      DA360DE2 
 1198      F699DC4B 
 1198      83B8
 1199 00d8 BCBE5B66 		.ascii	"\274\276[f=\217\2665\002\214\004\021\373\014p\352ci"
 1199      3D8FB635 
 1199      028C0411 
 1199      FB0C70EA 
 1199      6369
 1200 00ea 9D406F57 		.ascii	"\235@oW\357\254\025e\306X\037\213-v\240\363k\200\257"
 1200      EFAC1565 
 1200      C6581F8B 
 1200      2D76A0F3 
 1200      6B80AF
 1201 00fd 3008EC05 		.ascii	"0\010\354\005\002.\370\006t\244Cg5\021\201\222uB\312"
 1201      022EF806 
 1201      74A44367 
 1201      35118192 
 1201      7542CA
 1202 0110 5FEDA75A 		.ascii	"_\355\247Z\355\362\323\000\370\2171\026g\215\013\005"
 1202      EDF2D300 
 1202      F88F3116 
 1202      678D0B05 
 1203 0120 0239904D 		.ascii	"\0029\220M`\037@\035\022\367\003|\007\024\207\213\030"
 1203      601F401D 
 1203      12F7037C 
 1203      0714878B 
 1203      18
 1204 0131 BBF70C3E 		.ascii	"\273\367\014>1\322\216\363{\266\213#1\322b\306\336E"
 1204      31D28EF3 
 1204      7BB68B23 
 1204      31D262C6 
 1204      DE45
 1205 0143 177C0B50 		.ascii	"\027|\013P\313#\035\000=\032*\323\350\375\326\255\303"
 1205      CB231D00 
 1205      3D1A2AD3 
 1205      E8FDD6AD 
 1205      C3
 1206 0154 64AE191B 		.ascii	"d\256\031\033Z\0231\335\003W\217\246X:\365C\352\334"
 1206      5A1331DD 
 1206      03578FA6 
 1206      583AF543 
 1206      EADC
 1207 0166 B9D9B444 		.ascii	"\271\331\264DJ\215\361\252\242\215\"\304\300*\253\001"
ARM GAS  /tmp/ccHDHpB6.s 			page 41


 1207      4A8DF1AA 
 1207      A28D22C4 
 1207      C02AAB01 
 1208 0176 F4891807 		.ascii	"\364\211\030\007|\307\244\351#\"\330\211\213\351m\221"
 1208      7CC7A4E9 
 1208      2322D889 
 1208      8BE96D91 
 1209 0186 87C0F7A0 		.ascii	"\207\300\367\240\317V\3760\301\303\245\256\037\272r"
 1209      CF56FE30 
 1209      C1C3A5AE 
 1209      1FBA72
 1210 0195 6CB81C33 		.ascii	"l\270\0343'\210\230Bp\030\220y\010\340 @#\317j\373\305"
 1210      27889842 
 1210      70189079 
 1210      08E02040 
 1210      23CF6AFB 
 1211 01aa BAB3A997 		.ascii	"\272\263\251\227@\337|\242\012\000\035\223\260\223\311"
 1211      40DF7CA2 
 1211      0A001D93 
 1211      B093C9
 1212 01b9 3B02C960 		.ascii	";\002\311`\224\321\024U\240\262 \013\252\334\004c2\373"
 1212      94D11455 
 1212      A0B2200B 
 1212      AADC0463 
 1212      32FB
 1213 01cb 853C8966 		.ascii	"\205<\211f\246\311\322\226\203\220.\333$J\343vU\316"
 1213      A6C9D296 
 1213      83902EDB 
 1213      244AE376 
 1213      55CE
 1214 01dd FC1376D0 		.ascii	"\374\023v\320h\2123\217\211\352'\243\342vF#\2632r\362"
 1214      688A338F 
 1214      89EA27A3 
 1214      E2764623 
 1214      B33272F2 
 1215 01f1 B08FDB9B 		.ascii	"\260\217\333\233@E\326lQJ\307Q\334.\367\013\321\025"
 1215      4045D66C 
 1215      514AC751 
 1215      DC2EF70B 
 1215      D115
 1216 0203 296A0B5D 		.ascii	")j\013]:\016\232@V\335\031\230}\236$\215Ik\024\032\205"
 1216      3A0E9A40 
 1216      56DD1998 
 1216      7D9E248D 
 1216      496B141A 
 1217 0218 69844852 		.ascii	"i\204HR\315\227\243\344\270=\015%2Ug\272\352Lk\002\233"
 1217      CD97A3E4 
 1217      B83D0D25 
 1217      325567BA 
 1217      EA4C6B02 
 1218 022d AACA1999 		.ascii	"\252\312\031\231\004\223P\335\356<*\243\262(5\201[\200"
 1218      049350DD 
 1218      EE3C2AA3 
 1218      B2283581 
 1218      5B80
 1219 023f 5437EBBD 		.ascii	"T7\353\2756Z\266\311\2161\316LBT2\215\242\256\360 \321"
 1219      365AB6C9 
ARM GAS  /tmp/ccHDHpB6.s 			page 42


 1219      8E31CE4C 
 1219      4254328D 
 1219      A2AEF020 
 1220 0254 C08E31D5 		.ascii	"\300\2161\325\344+@\246L\335T\230\021\307\323A\251\223"
 1220      E42B40A6 
 1220      4CDD5498 
 1220      11C7D341 
 1220      A993
 1221 0266 10264AA9 		.ascii	"\020&J\251\251\300\360\341Pf\250\263\3352\211\333)~"
 1221      A9C0F0E1 
 1221      5066A8B3 
 1221      DD3289DB 
 1221      297E
 1222 0278 CA108151 		.ascii	"\312\020\201QH2\345\024\002\320-\340\024\352?\336\201"
 1222      4832E514 
 1222      02D02DE0 
 1222      14EA3FDE 
 1222      81
 1223 0289 D9017F35 		.ascii	"\331\001\1775\017s\"\214\356\347\007\211\232h\0161\274"
 1223      0F73228C 
 1223      EEE70789 
 1223      9A680E31 
 1223      BC
 1224 029a D6C31C73 		.ascii	"\326\303\034s\0005u\250\271\347\301\340\230Ax?H\334"
 1224      003575A8 
 1224      B9E7C1E0 
 1224      9841783F 
 1224      48DC
 1225 02ac 82800949 		.ascii	"\202\200\011I\350\030\034\023`q\315!\217\241\203\351"
 1225      E8181C13 
 1225      6071CD21 
 1225      8FA183E9 
 1226 02bc 608ECE7B 		.ascii	"`\216\316{(\361\244$\261d\023)\021\343\005\367M\365"
 1226      28F1A424 
 1226      B1641329 
 1226      11E305F7 
 1226      4DF5
 1227 02ce 81331F5C 		.ascii	"\2013\037\\\306ic\321UKm\220\036\311# ,\007\343\254"
 1227      C66963D1 
 1227      554B6D90 
 1227      1EC92320 
 1227      2C07E3AC 
 1228 02e2 52FDD4A5 		.ascii	"R\375\324\245#\252\262n\345Qy4\242\2563\226\001^8\006"
 1228      23AAB26E 
 1228      E5517934 
 1228      A2AE3396 
 1228      015E3806 
 1229 02f6 70940768 		.ascii	"p\224\007hA\355\240\256\263\371\350\246\373\342\330"
 1229      41EDA0AE 
 1229      B3F9E8A6 
 1229      FBE2D8
 1230 0305 AA2A76A7 		.ascii	"\252*v\247\263y\340B\316\352Z\306\226 ^\342\030h\006"
 1230      B379E042 
 1230      CEEA5AC6 
 1230      96205EE2 
 1230      186806
 1231 0318 DCAA7AEC 		.ascii	"\334\252z\354f$\374\000\270\264\3717@\030\000\316<R"
ARM GAS  /tmp/ccHDHpB6.s 			page 43


 1231      6624FC00 
 1231      B8B4F937 
 1231      401800CE 
 1231      3C52
 1232 032a D1BDCBA1 		.ascii	"\321\275\313\2413\357\255\3529\010\353Y\014\017-\023"
 1232      33EFADEA 
 1232      3908EB59 
 1232      0C0F2D13 
 1233 033a 39EF84C5 		.ascii	"9\357\204\305;a\361\226\200\260\237\337\002t\315\335"
 1233      3B61F196 
 1233      80B09FDF 
 1233      0274CDDD 
 1234 034a B67D94F3 		.ascii	"\266}\224\363jN,\251d\351\026\251\315\"\265Y\244\017"
 1234      6A4E2CA9 
 1234      64E916A9 
 1234      CD22B559 
 1234      A40F
 1235 035c 85C33AA7 		.ascii	"\205\303:\247rw\375\357\251c\253\030\273\323\377\331"
 1235      7277FDEF 
 1235      A963AB18 
 1235      BBD3FFD9 
 1236 036c F1BDCE86 		.ascii	"\361\275\316\206\212h&\247\234\264('\365\207\020\021"
 1236      8A6826A7 
 1236      9CB42827 
 1236      F5871011 
 1237 037c 38FADC86 		.ascii	"8\372\334\206\352\325\251\311S\\\237<\305\247\215c~"
 1237      EAD5A9C9 
 1237      535C9F3C 
 1237      C5A78D63 
 1237      7E
 1238 038d F8CCE19D 		.ascii	"\370\314\341\235\016~\035\242\003\202\350\330{sW]\352"
 1238      0E7E1DA2 
 1238      0382E8D8 
 1238      7B73575D 
 1238      EA
 1239 039e 10F3D481 		.ascii	"\020\363\324\201\231\23418\037m\276\275;\215\247P\273"
 1239      999C3138 
 1239      1F6DBEBD 
 1239      3B8DA750 
 1239      BB
 1240 03af 76DD834A 		.ascii	"v\335\203J;&\320\001p\312J\340\224\221\300\011=\201"
 1240      3B26D001 
 1240      70CA4AE0 
 1240      9491C009 
 1240      3D81
 1241 03c1 079BD67F 		.ascii	"\007\233\326\177\341\320\261\353\253\267\275\270\236"
 1241      E1D0B1EB 
 1241      ABB7BDB8 
 1241      9E
 1242 03ce 35529E6D 		.ascii	"5R\236m\227\005\3562\300[E\016\336Vs\254]6\205\357'"
 1242      9705EE32 
 1242      C05B450E 
 1242      DE5673AC 
 1242      5D3685EF 
 1243 03e3 84BB2D6C 		.ascii	"\204\273-l\267\201\255\323\261\221\245\355\223\364\274"
 1243      B781ADD3 
 1243      B191A5ED 
ARM GAS  /tmp/ccHDHpB6.s 			page 44


 1243      93F4BC
 1244 03f2 8F187937 		.ascii	"\217\030y77\306b#\022\216s\374>\351:\035;o\037\242\222"
 1244      37C66223 
 1244      128E73FC 
 1244      3EE93A1D 
 1244      3B6F1FA2 
 1245 0407 5EACE4BC 		.ascii	"^\254\344\274Q\311\345\226\376\217E=`\355\345\276\034"
 1245      51C9E596 
 1245      FE8F453D 
 1245      60EDE5BE 
 1245      1C
 1246 0418 3DBB5E80 		.ascii	"=\273^\200\036+b\217\021\261\3026T\304\256\025\237/"
 1246      1E2B628F 
 1246      11B1C236 
 1246      54C4AE15 
 1246      9F2F
 1247 042a 1B4A1FAF 		.ascii	"\033J\037\2570\370\331\320?\322\261\254\207r\375\232"
 1247      30F8D9D0 
 1247      3FD2B1AC 
 1247      8772FD9A 
 1248 043a 2D1595B1 		.ascii	"-\025\225\261t\212\337\340\242\245~\021\314\035\\\277"
 1248      748ADFE0 
 1248      A2A57E11 
 1248      CC1D5CBF 
 1249 044a 2F1219F1 		.ascii	"/\022\031\361\354\2476\212\327\254Pm#\3026\033ynm\204"
 1249      ECA7368A 
 1249      D7AC506D 
 1249      23C2361B 
 1249      796E6D84 
 1250 045e DDE95ADE 		.ascii	"\335\351Z\336\351Y\030\215-v\362\373\367\012\300\361"
 1250      E959188D 
 1250      2D76F2FB 
 1250      F70AC0F1 
 1251 046e E4551D07 		.ascii	"\344U\035\007\370\005\362\377\340\205\266\357\351\030"
 1251      F805F2FF 
 1251      E085B6EF 
 1251      E918
 1252 047c 189E5CE4 		.ascii	"\030\236\\\344\216\344\"_3\322h\356\256\271;\350.oI"
 1252      8EE4225F 
 1252      33D268EE 
 1252      AEB93BE8 
 1252      2E6F49
 1253 048f 02AE1B80 		.ascii	"\002\256\033\200\253\375\321\255)I@o\022p\003;a\217"
 1253      ABFDD1AD 
 1253      2949406F 
 1253      1270033B 
 1253      618F
 1254 04a1 8D8C8D54 		.ascii	"\215\214\215T\261\276\255\025\313G\264\3429\213\000"
 1254      B1BEAD15 
 1254      CB47B4E2 
 1254      398B00
 1255 04b0 D7F8D52C 		.ascii	"\327\370\325,\004n\362qb\237F)\352m\354Y\271}PF\227"
 1255      046EF271 
 1255      629F4629 
 1255      EA6DEC59 
 1255      B97D5046 
 1256 04c5 927A7D5C 		.ascii	"\222z}\\\257\301\320\253\331Ya\354\372\006=\247\337"
ARM GAS  /tmp/ccHDHpB6.s 			page 45


 1256      AFC1D0AB 
 1256      D95961EC 
 1256      FA063DA7 
 1256      DF
 1257 04d6 127AB7F8 		.ascii	"\022z\267\3708\241WE\211\350\361\026\204^\012{}!U)."
 1257      38A15745 
 1257      89E8F116 
 1257      845E0A7B 
 1257      7D215529 
 1258 04eb 0885DF77 		.ascii	"\010\205\337wM\361\372\012}o\314u\005K\\\336\202\"W"
 1258      4DF1FA0A 
 1258      7D6FCC75 
 1258      054B5CDE 
 1258      822257
 1259 04fe 7130142E 		.ascii	"q0\024.q\315\235\227\237\3436\372\327s\313\313]%a\177"
 1259      71CD9D97 
 1259      9FE336FA 
 1259      D773CBCB 
 1259      5D25617F 
 1260 0512 8E5BF195 		.ascii	"\216[\361\225\204\262<\322k\263\336tN\231\220KF\015"
 1260      84B23CD2 
 1260      6BB3DE74 
 1260      4E99904B 
 1260      460D
 1261 0524 72661516 		.ascii	"rf\025\026j\023'fg\253D*\365\005\302\350\016\013\023"
 1261      6A132766 
 1261      67AB442A 
 1261      F505C2E8 
 1261      0E0B13
 1262 0537 2691B482 		.ascii	"&\221\264\202\220\277,W\033\357\177~~q\226ZLd\017\252"
 1262      90BF2C57 
 1262      1BEF7F7E 
 1262      7E71965A 
 1262      4C640FAA 
 1263 054b 6BE5E3FD 		.ascii	"k\345\343\375\271DzK\363\204\203\241\311\331N\2277\350"
 1263      B9447A4B 
 1263      F38483A1 
 1263      C9D94E97 
 1263      37E8
 1264 055d D75CBE82 		.ascii	"\327\\\276\202\200kj\320S\352\327\002\030\177\362\354"
 1264      806B6AD0 
 1264      53EAD702 
 1264      187FF2EC 
 1265 056d 393395F9 		.ascii	"93\225\371E\276\005\3360\311\373\227\331\316\2349\325"
 1265      45BE05DE 
 1265      30C9FB97 
 1265      D9CE9C39 
 1265      D5
 1266 057e 356F7A7E 		.ascii	"5oz~\331\0043\333\260\317\357\316\362\005<\304\356\013"
 1266      D90433DB 
 1266      B0CFEFCE 
 1266      F2053CC4 
 1266      EE0B
 1267 0590 BD373DE0 		.ascii	"\2757=\340\013\277\374\177\312&\016T\231\252\371P\347"
 1267      0BBFFC7F 
 1267      CA260E54 
 1267      99AAF950 
ARM GAS  /tmp/ccHDHpB6.s 			page 46


 1267      E7
 1268 05a1 4945E170 		.ascii	"IE\341p\005\035\212V\354+\012.(\325&>F\333\023\364\373"
 1268      051D8A56 
 1268      EC2B0A2E 
 1268      28D5263E 
 1268      46DB13F4 
 1269 05b6 830153FE 		.ascii	"\203\001S\376\2259\371e\271\343\363]\036/\316\203\226"
 1269      9539F965 
 1269      B9E3F35D 
 1269      1E2FCE83 
 1269      96
 1270 05c7 E5254F28 		.ascii	"\345%O(J8T\340\321x\010\245H+(\323^x\214N(\354\302R"
 1270      4A3854E0 
 1270      D17808A5 
 1270      482B28D3 
 1270      5E788C4E 
 1271 05df 8A4A550D 		.ascii	"\212JU\015\331:\007\351O\225\204\225\242\"U)\321Be\250"
 1271      D93A07E9 
 1271      4F958495 
 1271      A2225529 
 1271      D14265A8 
 1272 05f3 11086BA1 		.ascii	"\021\010k\241Piqx\362\177\230\260\271o\317\2357}\312"
 1272      50697178 
 1272      F27F98B0 
 1272      B96FCF9D 
 1272      377DCA
 1273 0606 0C9C34FC 		.ascii	"\014\2344\374\252\030z\217&\246q\341\364@\231\317\363"
 1273      AA187A8F 
 1273      26A671E1 
 1273      F44099CF 
 1273      F3
 1274 0617 6AA0A0B0 		.ascii	"j\240\240\260H3Vn\322?F1k\307\252\247\344\227\2738\237"
 1274      4833566E 
 1274      D23F4631 
 1274      6BC7AAA7 
 1274      E497BB38 
 1275 062c 2BF3E754 		.ascii	"+\363\347T_IR\310\221\330\011DV\224\371\245\001\217"
 1275      5F4952C8 
 1275      91D80944 
 1275      5694F9A5 
 1275      018F
 1276 063e A264654B 		.ascii	"\242deK\211\341p\276\214\372T\363\251O\263\336T})\376"
 1276      89E170BE 
 1276      8CFA54F3 
 1276      A94FB3DE 
 1276      547D29FE 
 1277 0652 067A3A3E 		.ascii	"\006z:>V"
 1277      56
 1278              		.text
 1279              		.section	.gnu.lto_.symtab.1fc22f5bc908b32,"e",%progbits
 1280 0000 56656374 		.ascii	"VectorB0\000"
 1280      6F724230 
 1280      00
 1281 0009 00       		.ascii	"\000"
 1282 000a 00       		.ascii	"\000"
 1283 000b 00       		.ascii	"\000"
 1284 000c 00000000 		.ascii	"\000\000\000\000\000\000\000\000"
ARM GAS  /tmp/ccHDHpB6.s 			page 47


 1284      00000000 
 1285 0014 CE000000 		.ascii	"\316\000\000\000"
 1286 0018 69727149 		.ascii	"irqInit\000"
 1286      6E697400 
 1287 0020 00       		.ascii	"\000"
 1288 0021 00       		.ascii	"\000"
 1289 0022 00       		.ascii	"\000"
 1290 0023 00000000 		.ascii	"\000\000\000\000\000\000\000\000"
 1290      00000000 
 1291 002b D0000000 		.ascii	"\320\000\000\000"
 1292 002f 69727144 		.ascii	"irqDeinit\000"
 1292      65696E69 
 1292      7400
 1293 0039 00       		.ascii	"\000"
 1294 003a 00       		.ascii	"\000"
 1295 003b 00       		.ascii	"\000"
 1296 003c 00000000 		.ascii	"\000\000\000\000\000\000\000\000"
 1296      00000000 
 1297 0044 D2000000 		.ascii	"\322\000\000\000"
 1298 0048 5F5F706F 		.ascii	"__port_irq_epilogue\000"
 1298      72745F69 
 1298      72715F65 
 1298      70696C6F 
 1298      67756500 
 1299 005c 00       		.ascii	"\000"
 1300 005d 02       		.ascii	"\002"
 1301 005e 00       		.ascii	"\000"
 1302 005f 00000000 		.ascii	"\000\000\000\000\000\000\000\000"
 1302      00000000 
 1303 0067 D4000000 		.ascii	"\324\000\000\000"
 1304 006b 5F5F7472 		.ascii	"__trace_isr_leave\000"
 1304      6163655F 
 1304      6973725F 
 1304      6C656176 
 1304      6500
 1305 007d 00       		.ascii	"\000"
 1306 007e 02       		.ascii	"\002"
 1307 007f 00       		.ascii	"\000"
 1308 0080 00000000 		.ascii	"\000\000\000\000\000\000\000\000"
 1308      00000000 
 1309 0088 D9000000 		.ascii	"\331\000\000\000"
 1310 008c 73745F6C 		.ascii	"st_lld_serve_interrupt\000"
 1310      6C645F73 
 1310      65727665 
 1310      5F696E74 
 1310      65727275 
 1311 00a3 00       		.ascii	"\000"
 1312 00a4 02       		.ascii	"\002"
 1313 00a5 00       		.ascii	"\000"
 1314 00a6 00000000 		.ascii	"\000\000\000\000\000\000\000\000"
 1314      00000000 
 1315 00ae DB000000 		.ascii	"\333\000\000\000"
 1316 00b2 5F5F7472 		.ascii	"__trace_isr_enter\000"
 1316      6163655F 
 1316      6973725F 
 1316      656E7465 
 1316      7200
ARM GAS  /tmp/ccHDHpB6.s 			page 48


 1317 00c4 00       		.ascii	"\000"
 1318 00c5 02       		.ascii	"\002"
 1319 00c6 00       		.ascii	"\000"
 1320 00c7 00000000 		.ascii	"\000\000\000\000\000\000\000\000"
 1320      00000000 
 1321 00cf DD000000 		.ascii	"\335\000\000\000"
 1322 00d3 6E766963 		.ascii	"nvicEnableVector\000"
 1322      456E6162 
 1322      6C655665 
 1322      63746F72 
 1322      00
 1323 00e4 00       		.ascii	"\000"
 1324 00e5 02       		.ascii	"\002"
 1325 00e6 00       		.ascii	"\000"
 1326 00e7 00000000 		.ascii	"\000\000\000\000\000\000\000\000"
 1326      00000000 
 1327 00ef E2000000 		.ascii	"\342\000\000\000"
 1328 00f3 6E766963 		.ascii	"nvicDisableVector\000"
 1328      44697361 
 1328      626C6556 
 1328      6563746F 
 1328      7200
 1329 0105 00       		.ascii	"\000"
 1330 0106 02       		.ascii	"\002"
 1331 0107 00       		.ascii	"\000"
 1332 0108 00000000 		.ascii	"\000\000\000\000\000\000\000\000"
 1332      00000000 
 1333 0110 E6000000 		.ascii	"\346\000\000\000"
 1334              		.text
 1335              		.section	.gnu.lto_.ext_symtab.1fc22f5bc908b32,"e",%progbits
 1336 0000 01       		.ascii	"\001"
 1337 0001 01       		.ascii	"\001"
 1338 0002 00       		.ascii	"\000"
 1339 0003 01       		.ascii	"\001"
 1340 0004 00       		.ascii	"\000"
 1341 0005 01       		.ascii	"\001"
 1342 0006 00       		.ascii	"\000"
 1343 0007 01       		.ascii	"\001"
 1344 0008 00       		.ascii	"\000"
 1345 0009 01       		.ascii	"\001"
 1346 000a 00       		.ascii	"\000"
 1347 000b 01       		.ascii	"\001"
 1348 000c 00       		.ascii	"\000"
 1349 000d 01       		.ascii	"\001"
 1350 000e 00       		.ascii	"\000"
 1351 000f 01       		.ascii	"\001"
 1352 0010 00       		.ascii	"\000"
 1353 0011 01       		.ascii	"\001"
 1354 0012 00       		.ascii	"\000"
 1355              		.text
 1356              		.section	.gnu.lto_.opts,"e",%progbits
 1357 0000 272D666E 		.ascii	"'-fno-openmp' '-fno-openacc' '-fno-pie' '-fcf-prote"
 1357      6F2D6F70 
 1357      656E6D70 
 1357      2720272D 
 1357      666E6F2D 
 1358 0033 6374696F 		.ascii	"ction=none' '-g' '-mcpu=cortex-m7' '-mthumb' '-mflo"
ARM GAS  /tmp/ccHDHpB6.s 			page 49


 1358      6E3D6E6F 
 1358      6E652720 
 1358      272D6727 
 1358      20272D6D 
 1359 0066 61742D61 		.ascii	"at-abi=hard' '-mfpu=fpv5-d16' '-march=armv7e-m+fp.d"
 1359      62693D68 
 1359      61726427 
 1359      20272D6D 
 1359      6670753D 
 1360 0099 70272027 		.ascii	"p' '-O2' '-fomit-frame-pointer' '-falign-functions="
 1360      2D4F3227 
 1360      20272D66 
 1360      6F6D6974 
 1360      2D667261 
 1361 00cc 31362720 		.ascii	"16' '-ffunction-sections' '-fdata-sections' '-fno-c"
 1361      272D6666 
 1361      756E6374 
 1361      696F6E2D 
 1361      73656374 
 1362 00ff 6F6D6D6F 		.ascii	"ommon' '-flto' '-Xassembler' '-alms=build/lst/stm32"
 1362      6E272027 
 1362      2D666C74 
 1362      6F272027 
 1362      2D586173 
 1363 0132 5F697372 		.ascii	"_isr.lst'\000"
 1363      2E6C7374 
 1363      2700
 1364              		.text
 1365              		.comm	__gnu_lto_slim,1,1
 1366              		.ident	"GCC: (GNU Arm Embedded Toolchain 10-2020-q4-major) 10.2.1 20201103 (release)"
ARM GAS  /tmp/ccHDHpB6.s 			page 50


DEFINED SYMBOLS
                            *ABS*:0000000000000000 stm32_isr.c
     /tmp/ccHDHpB6.s:54     .gnu.debuglto_.debug_info:0000000000000000 stm32_isr.c.bbe5500d
                            *COM*:0000000000000001 __gnu_lto_slim

NO UNDEFINED SYMBOLS
